<?xml version="1.0" encoding="UTF-8"?>
<!-- Generated by org.testng.reporters.JUnitXMLReporter -->
<testsuite hostname="Arun-pc" name="Chrome" tests="81" failures="0" timestamp="10 Jun 2016 13:56:16 GMT" time="8.247" errors="0">
  <testcase name="@BeforeMethod LoginSitecore" time="0.0" classname="fotf_Testcase.AboutusPage_ContentEditor_OneItem">
    <failure type="java.lang.NullPointerException">
      <![CDATA[java.lang.NullPointerException
	at org.openqa.selenium.support.pagefactory.internal.LocatingElementHandler.invoke(LocatingElementHandler.java:51)
	at com.sun.proxy.$Proxy9.clear(Unknown Source)
	at fotf_Operations.Opr_Sitecore_AboutUs.loginSitecore(Opr_Sitecore_AboutUs.java:24)
	at fotf_Testcase.AboutusPage_ContentEditor_OneItem.LoginSitecore(AboutusPage_ContentEditor_OneItem.java:29)
... Removed 29 stack frames]]>
    </failure>
  </testcase> <!-- @BeforeMethod LoginSitecore -->
  <testcase name="@AfterMethod LogoutSitecore" time="0.0" classname="fotf_Testcase.AboutusPage_ContentEditor_OneItem">
    <skipped/>
  </testcase> <!-- @AfterMethod LogoutSitecore -->
  <testcase name="@BeforeMethod LoginSitecore" time="0.0" classname="fotf_Testcase.AboutusPage_ContentEditor_OneItem">
    <skipped/>
  </testcase> <!-- @BeforeMethod LoginSitecore -->
  <testcase name="@AfterMethod LogoutSitecore" time="0.0" classname="fotf_Testcase.AboutusPage_ContentEditor_OneItem">
    <skipped/>
  </testcase> <!-- @AfterMethod LogoutSitecore -->
  <testcase name="@BeforeMethod LoginSitecore" time="0.0" classname="fotf_Testcase.AboutusPage_ContentEditor_OneItem">
    <skipped/>
  </testcase> <!-- @BeforeMethod LoginSitecore -->
  <testcase name="@AfterMethod LogoutSitecore" time="0.0" classname="fotf_Testcase.AboutusPage_ContentEditor_OneItem">
    <skipped/>
  </testcase> <!-- @AfterMethod LogoutSitecore -->
  <testcase name="@BeforeMethod LoginSitecore" time="0.0" classname="fotf_Testcase.AboutusPage_ContentEditor_OneItem">
    <skipped/>
  </testcase> <!-- @BeforeMethod LoginSitecore -->
  <testcase name="@AfterMethod LogoutSitecore" time="0.0" classname="fotf_Testcase.AboutusPage_ContentEditor_OneItem">
    <skipped/>
  </testcase> <!-- @AfterMethod LogoutSitecore -->
  <testcase name="@BeforeMethod LoginSitecore" time="0.0" classname="fotf_Testcase.AboutusPage_ContentEditor_OneItem">
    <skipped/>
  </testcase> <!-- @BeforeMethod LoginSitecore -->
  <testcase name="@AfterMethod LogoutSitecore" time="0.0" classname="fotf_Testcase.AboutusPage_ContentEditor_OneItem">
    <skipped/>
  </testcase> <!-- @AfterMethod LogoutSitecore -->
  <testcase name="@BeforeMethod LoginSitecore" time="0.0" classname="fotf_Testcase.AboutusPage_ContentEditor_OneItem">
    <skipped/>
  </testcase> <!-- @BeforeMethod LoginSitecore -->
  <testcase name="@AfterMethod LogoutSitecore" time="0.0" classname="fotf_Testcase.AboutusPage_ContentEditor_OneItem">
    <skipped/>
  </testcase> <!-- @AfterMethod LogoutSitecore -->
  <testcase name="@BeforeMethod LoginSitecore" time="0.0" classname="fotf_Testcase.AboutusPage_ContentEditor_OneItem">
    <skipped/>
  </testcase> <!-- @BeforeMethod LoginSitecore -->
  <testcase name="@AfterMethod LogoutSitecore" time="0.0" classname="fotf_Testcase.AboutusPage_ContentEditor_OneItem">
    <skipped/>
  </testcase> <!-- @AfterMethod LogoutSitecore -->
  <testcase name="@BeforeMethod LoginSitecore" time="0.0" classname="fotf_Testcase.AboutusPage_ContentEditor_OneItem">
    <skipped/>
  </testcase> <!-- @BeforeMethod LoginSitecore -->
  <testcase name="@AfterMethod LogoutSitecore" time="0.0" classname="fotf_Testcase.AboutusPage_ContentEditor_OneItem">
    <skipped/>
  </testcase> <!-- @AfterMethod LogoutSitecore -->
  <testcase name="@BeforeMethod LoginSitecore" time="0.0" classname="fotf_Testcase.AboutusPage_ContentEditor_TwoItem">
    <failure type="org.openqa.selenium.NoSuchWindowException" message="no such window: target window already closed
from unknown error: web view not found
  (Session info: chrome=51.0.2704.84)
  (Driver info: chromedriver=2.19.346078 (6f1f0cde889532d48ce8242342d0b84f94b114a1),platform=Windows NT 6.1 SP1 x86_64) (WARNING: The server did not provide any stacktrace information)
Command duration or timeout: 5 milliseconds
Build info: version: &amp;apos;2.48.2&amp;apos;, revision: &amp;apos;41bccdd&amp;apos;, time: &amp;apos;2015-10-09 19:55:52&amp;apos;
System info: host: &amp;apos;Arun-pc&amp;apos;, ip: &amp;apos;192.2.200.122&amp;apos;, os.name: &amp;apos;Windows 7&amp;apos;, os.arch: &amp;apos;amd64&amp;apos;, os.version: &amp;apos;6.1&amp;apos;, java.version: &amp;apos;1.8.0_91&amp;apos;
Driver info: org.openqa.selenium.chrome.ChromeDriver
Capabilities [{applicationCacheEnabled=false, rotatable=false, mobileEmulationEnabled=false, chrome={userDataDir=C:\Users\Arun\AppData\Local\Temp\scoped_dir11040_28711}, takesHeapSnapshot=true, databaseEnabled=false, handlesAlerts=true, hasTouchScreen=false, version=51.0.2704.84, platform=XP, browserConnectionEnabled=false, nativeEvents=true, acceptSslCerts=true, locationContextEnabled=true, webStorageEnabled=true, browserName=chrome, takesScreenshot=true, javascriptEnabled=true, cssSelectorsEnabled=true}]
Session ID: 87aea3f272f5fa590ba3b4a4fff99f4e">
      <![CDATA[org.openqa.selenium.NoSuchWindowException: no such window: target window already closed
from unknown error: web view not found
  (Session info: chrome=51.0.2704.84)
  (Driver info: chromedriver=2.19.346078 (6f1f0cde889532d48ce8242342d0b84f94b114a1),platform=Windows NT 6.1 SP1 x86_64) (WARNING: The server did not provide any stacktrace information)
Command duration or timeout: 5 milliseconds
Build info: version: '2.48.2', revision: '41bccdd', time: '2015-10-09 19:55:52'
System info: host: 'Arun-pc', ip: '192.2.200.122', os.name: 'Windows 7', os.arch: 'amd64', os.version: '6.1', java.version: '1.8.0_91'
Driver info: org.openqa.selenium.chrome.ChromeDriver
Capabilities [{applicationCacheEnabled=false, rotatable=false, mobileEmulationEnabled=false, chrome={userDataDir=C:\Users\Arun\AppData\Local\Temp\scoped_dir11040_28711}, takesHeapSnapshot=true, databaseEnabled=false, handlesAlerts=true, hasTouchScreen=false, version=51.0.2704.84, platform=XP, browserConnectionEnabled=false, nativeEvents=true, acceptSslCerts=true, locationContextEnabled=true, webStorageEnabled=true, browserName=chrome, takesScreenshot=true, javascriptEnabled=true, cssSelectorsEnabled=true}]
Session ID: 87aea3f272f5fa590ba3b4a4fff99f4e
	at org.openqa.selenium.remote.ErrorHandler.createThrowable(ErrorHandler.java:206)
	at org.openqa.selenium.remote.ErrorHandler.throwIfResponseFailed(ErrorHandler.java:158)
	at org.openqa.selenium.remote.RemoteWebDriver.execute(RemoteWebDriver.java:647)
	at org.openqa.selenium.remote.RemoteWebDriver.get(RemoteWebDriver.java:311)
	at fotf_Testcase.AboutusPage_ContentEditor_TwoItem.LoginSitecore(AboutusPage_ContentEditor_TwoItem.java:26)
... Removed 29 stack frames]]>
    </failure>
  </testcase> <!-- @BeforeMethod LoginSitecore -->
  <testcase name="@AfterMethod LogoutSitecore" time="0.0" classname="fotf_Testcase.AboutusPage_ContentEditor_TwoItem">
    <skipped/>
  </testcase> <!-- @AfterMethod LogoutSitecore -->
  <testcase name="@BeforeMethod LoginSitecore" time="0.0" classname="fotf_Testcase.AboutusPage_ContentEditor_TwoItem">
    <skipped/>
  </testcase> <!-- @BeforeMethod LoginSitecore -->
  <testcase name="@AfterMethod LogoutSitecore" time="0.0" classname="fotf_Testcase.AboutusPage_ContentEditor_TwoItem">
    <skipped/>
  </testcase> <!-- @AfterMethod LogoutSitecore -->
  <testcase name="@BeforeMethod LoginSitecore" time="0.0" classname="fotf_Testcase.AboutusPage_ContentEditor_ThreeItem">
    <failure type="org.openqa.selenium.NoSuchWindowException" message="no such window: target window already closed
from unknown error: web view not found
  (Session info: chrome=51.0.2704.84)
  (Driver info: chromedriver=2.19.346078 (6f1f0cde889532d48ce8242342d0b84f94b114a1),platform=Windows NT 6.1 SP1 x86_64) (WARNING: The server did not provide any stacktrace information)
Command duration or timeout: 3 milliseconds
Build info: version: &amp;apos;2.48.2&amp;apos;, revision: &amp;apos;41bccdd&amp;apos;, time: &amp;apos;2015-10-09 19:55:52&amp;apos;
System info: host: &amp;apos;Arun-pc&amp;apos;, ip: &amp;apos;192.2.200.122&amp;apos;, os.name: &amp;apos;Windows 7&amp;apos;, os.arch: &amp;apos;amd64&amp;apos;, os.version: &amp;apos;6.1&amp;apos;, java.version: &amp;apos;1.8.0_91&amp;apos;
Driver info: org.openqa.selenium.chrome.ChromeDriver
Capabilities [{applicationCacheEnabled=false, rotatable=false, mobileEmulationEnabled=false, chrome={userDataDir=C:\Users\Arun\AppData\Local\Temp\scoped_dir11040_28711}, takesHeapSnapshot=true, databaseEnabled=false, handlesAlerts=true, hasTouchScreen=false, version=51.0.2704.84, platform=XP, browserConnectionEnabled=false, nativeEvents=true, acceptSslCerts=true, locationContextEnabled=true, webStorageEnabled=true, browserName=chrome, takesScreenshot=true, javascriptEnabled=true, cssSelectorsEnabled=true}]
Session ID: 87aea3f272f5fa590ba3b4a4fff99f4e">
      <![CDATA[org.openqa.selenium.NoSuchWindowException: no such window: target window already closed
from unknown error: web view not found
  (Session info: chrome=51.0.2704.84)
  (Driver info: chromedriver=2.19.346078 (6f1f0cde889532d48ce8242342d0b84f94b114a1),platform=Windows NT 6.1 SP1 x86_64) (WARNING: The server did not provide any stacktrace information)
Command duration or timeout: 3 milliseconds
Build info: version: '2.48.2', revision: '41bccdd', time: '2015-10-09 19:55:52'
System info: host: 'Arun-pc', ip: '192.2.200.122', os.name: 'Windows 7', os.arch: 'amd64', os.version: '6.1', java.version: '1.8.0_91'
Driver info: org.openqa.selenium.chrome.ChromeDriver
Capabilities [{applicationCacheEnabled=false, rotatable=false, mobileEmulationEnabled=false, chrome={userDataDir=C:\Users\Arun\AppData\Local\Temp\scoped_dir11040_28711}, takesHeapSnapshot=true, databaseEnabled=false, handlesAlerts=true, hasTouchScreen=false, version=51.0.2704.84, platform=XP, browserConnectionEnabled=false, nativeEvents=true, acceptSslCerts=true, locationContextEnabled=true, webStorageEnabled=true, browserName=chrome, takesScreenshot=true, javascriptEnabled=true, cssSelectorsEnabled=true}]
Session ID: 87aea3f272f5fa590ba3b4a4fff99f4e
	at org.openqa.selenium.remote.ErrorHandler.createThrowable(ErrorHandler.java:206)
	at org.openqa.selenium.remote.ErrorHandler.throwIfResponseFailed(ErrorHandler.java:158)
	at org.openqa.selenium.remote.RemoteWebDriver.execute(RemoteWebDriver.java:647)
	at org.openqa.selenium.remote.RemoteWebDriver.get(RemoteWebDriver.java:311)
	at fotf_Testcase.AboutusPage_ContentEditor_ThreeItem.LoginSitecore(AboutusPage_ContentEditor_ThreeItem.java:23)
... Removed 29 stack frames]]>
    </failure>
  </testcase> <!-- @BeforeMethod LoginSitecore -->
  <testcase name="@AfterMethod LogoutSitecore" time="0.0" classname="fotf_Testcase.AboutusPage_ContentEditor_ThreeItem">
    <skipped/>
  </testcase> <!-- @AfterMethod LogoutSitecore -->
  <testcase name="@BeforeMethod LoginSitecore" time="0.0" classname="fotf_Testcase.AboutusPage_ContentEditor_ThreeItem">
    <skipped/>
  </testcase> <!-- @BeforeMethod LoginSitecore -->
  <testcase name="@AfterMethod LogoutSitecore" time="0.0" classname="fotf_Testcase.AboutusPage_ContentEditor_ThreeItem">
    <skipped/>
  </testcase> <!-- @AfterMethod LogoutSitecore -->
  <testcase name="@BeforeMethod LoginSitecore" time="0.0" classname="fotf_Testcase.AboutusPage_ContentEditor_ThreeItem">
    <skipped/>
  </testcase> <!-- @BeforeMethod LoginSitecore -->
  <testcase name="@AfterMethod LogoutSitecore" time="0.0" classname="fotf_Testcase.AboutusPage_ContentEditor_ThreeItem">
    <skipped/>
  </testcase> <!-- @AfterMethod LogoutSitecore -->
  <testcase name="@BeforeMethod LoginSitecore" time="0.0" classname="fotf_Testcase.AboutusPage_ContentEditor_FourItem">
    <failure type="org.openqa.selenium.NoSuchWindowException" message="no such window: target window already closed
from unknown error: web view not found
  (Session info: chrome=51.0.2704.84)
  (Driver info: chromedriver=2.19.346078 (6f1f0cde889532d48ce8242342d0b84f94b114a1),platform=Windows NT 6.1 SP1 x86_64) (WARNING: The server did not provide any stacktrace information)
Command duration or timeout: 3 milliseconds
Build info: version: &amp;apos;2.48.2&amp;apos;, revision: &amp;apos;41bccdd&amp;apos;, time: &amp;apos;2015-10-09 19:55:52&amp;apos;
System info: host: &amp;apos;Arun-pc&amp;apos;, ip: &amp;apos;192.2.200.122&amp;apos;, os.name: &amp;apos;Windows 7&amp;apos;, os.arch: &amp;apos;amd64&amp;apos;, os.version: &amp;apos;6.1&amp;apos;, java.version: &amp;apos;1.8.0_91&amp;apos;
Driver info: org.openqa.selenium.chrome.ChromeDriver
Capabilities [{applicationCacheEnabled=false, rotatable=false, mobileEmulationEnabled=false, chrome={userDataDir=C:\Users\Arun\AppData\Local\Temp\scoped_dir11040_28711}, takesHeapSnapshot=true, databaseEnabled=false, handlesAlerts=true, hasTouchScreen=false, version=51.0.2704.84, platform=XP, browserConnectionEnabled=false, nativeEvents=true, acceptSslCerts=true, locationContextEnabled=true, webStorageEnabled=true, browserName=chrome, takesScreenshot=true, javascriptEnabled=true, cssSelectorsEnabled=true}]
Session ID: 87aea3f272f5fa590ba3b4a4fff99f4e">
      <![CDATA[org.openqa.selenium.NoSuchWindowException: no such window: target window already closed
from unknown error: web view not found
  (Session info: chrome=51.0.2704.84)
  (Driver info: chromedriver=2.19.346078 (6f1f0cde889532d48ce8242342d0b84f94b114a1),platform=Windows NT 6.1 SP1 x86_64) (WARNING: The server did not provide any stacktrace information)
Command duration or timeout: 3 milliseconds
Build info: version: '2.48.2', revision: '41bccdd', time: '2015-10-09 19:55:52'
System info: host: 'Arun-pc', ip: '192.2.200.122', os.name: 'Windows 7', os.arch: 'amd64', os.version: '6.1', java.version: '1.8.0_91'
Driver info: org.openqa.selenium.chrome.ChromeDriver
Capabilities [{applicationCacheEnabled=false, rotatable=false, mobileEmulationEnabled=false, chrome={userDataDir=C:\Users\Arun\AppData\Local\Temp\scoped_dir11040_28711}, takesHeapSnapshot=true, databaseEnabled=false, handlesAlerts=true, hasTouchScreen=false, version=51.0.2704.84, platform=XP, browserConnectionEnabled=false, nativeEvents=true, acceptSslCerts=true, locationContextEnabled=true, webStorageEnabled=true, browserName=chrome, takesScreenshot=true, javascriptEnabled=true, cssSelectorsEnabled=true}]
Session ID: 87aea3f272f5fa590ba3b4a4fff99f4e
	at org.openqa.selenium.remote.ErrorHandler.createThrowable(ErrorHandler.java:206)
	at org.openqa.selenium.remote.ErrorHandler.throwIfResponseFailed(ErrorHandler.java:158)
	at org.openqa.selenium.remote.RemoteWebDriver.execute(RemoteWebDriver.java:647)
	at org.openqa.selenium.remote.RemoteWebDriver.get(RemoteWebDriver.java:311)
	at fotf_Testcase.AboutusPage_ContentEditor_FourItem.LoginSitecore(AboutusPage_ContentEditor_FourItem.java:25)
... Removed 29 stack frames]]>
    </failure>
  </testcase> <!-- @BeforeMethod LoginSitecore -->
  <testcase name="@AfterMethod LogoutSitecore" time="0.0" classname="fotf_Testcase.AboutusPage_ContentEditor_FourItem">
    <skipped/>
  </testcase> <!-- @AfterMethod LogoutSitecore -->
  <testcase name="@BeforeMethod LoginSitecore" time="0.0" classname="fotf_Testcase.AboutusPage_ContentEditor_FourItem">
    <skipped/>
  </testcase> <!-- @BeforeMethod LoginSitecore -->
  <testcase name="@AfterMethod LogoutSitecore" time="0.0" classname="fotf_Testcase.AboutusPage_ContentEditor_FourItem">
    <skipped/>
  </testcase> <!-- @AfterMethod LogoutSitecore -->
  <testcase name="@BeforeMethod LoginSitecore" time="0.0" classname="fotf_Testcase.AboutusPage_ContentEditor_FourItem">
    <skipped/>
  </testcase> <!-- @BeforeMethod LoginSitecore -->
  <testcase name="@AfterMethod LogoutSitecore" time="0.0" classname="fotf_Testcase.AboutusPage_ContentEditor_FourItem">
    <skipped/>
  </testcase> <!-- @AfterMethod LogoutSitecore -->
  <testcase name="@BeforeMethod LoginSitecore" time="0.0" classname="fotf_Testcase.AboutusPage_ContentEditor_FourItem">
    <skipped/>
  </testcase> <!-- @BeforeMethod LoginSitecore -->
  <testcase name="@AfterMethod LogoutSitecore" time="0.0" classname="fotf_Testcase.AboutusPage_ContentEditor_FourItem">
    <skipped/>
  </testcase> <!-- @AfterMethod LogoutSitecore -->
  <testcase name="@BeforeMethod LoginSitecore" time="0.0" classname="fotf_Testcase.AboutusPage_ContentEditor_FiveItem">
    <failure type="org.openqa.selenium.NoSuchWindowException" message="no such window: target window already closed
from unknown error: web view not found
  (Session info: chrome=51.0.2704.84)
  (Driver info: chromedriver=2.19.346078 (6f1f0cde889532d48ce8242342d0b84f94b114a1),platform=Windows NT 6.1 SP1 x86_64) (WARNING: The server did not provide any stacktrace information)
Command duration or timeout: 2 milliseconds
Build info: version: &amp;apos;2.48.2&amp;apos;, revision: &amp;apos;41bccdd&amp;apos;, time: &amp;apos;2015-10-09 19:55:52&amp;apos;
System info: host: &amp;apos;Arun-pc&amp;apos;, ip: &amp;apos;192.2.200.122&amp;apos;, os.name: &amp;apos;Windows 7&amp;apos;, os.arch: &amp;apos;amd64&amp;apos;, os.version: &amp;apos;6.1&amp;apos;, java.version: &amp;apos;1.8.0_91&amp;apos;
Driver info: org.openqa.selenium.chrome.ChromeDriver
Capabilities [{applicationCacheEnabled=false, rotatable=false, mobileEmulationEnabled=false, chrome={userDataDir=C:\Users\Arun\AppData\Local\Temp\scoped_dir11040_28711}, takesHeapSnapshot=true, databaseEnabled=false, handlesAlerts=true, hasTouchScreen=false, version=51.0.2704.84, platform=XP, browserConnectionEnabled=false, nativeEvents=true, acceptSslCerts=true, locationContextEnabled=true, webStorageEnabled=true, browserName=chrome, takesScreenshot=true, javascriptEnabled=true, cssSelectorsEnabled=true}]
Session ID: 87aea3f272f5fa590ba3b4a4fff99f4e">
      <![CDATA[org.openqa.selenium.NoSuchWindowException: no such window: target window already closed
from unknown error: web view not found
  (Session info: chrome=51.0.2704.84)
  (Driver info: chromedriver=2.19.346078 (6f1f0cde889532d48ce8242342d0b84f94b114a1),platform=Windows NT 6.1 SP1 x86_64) (WARNING: The server did not provide any stacktrace information)
Command duration or timeout: 2 milliseconds
Build info: version: '2.48.2', revision: '41bccdd', time: '2015-10-09 19:55:52'
System info: host: 'Arun-pc', ip: '192.2.200.122', os.name: 'Windows 7', os.arch: 'amd64', os.version: '6.1', java.version: '1.8.0_91'
Driver info: org.openqa.selenium.chrome.ChromeDriver
Capabilities [{applicationCacheEnabled=false, rotatable=false, mobileEmulationEnabled=false, chrome={userDataDir=C:\Users\Arun\AppData\Local\Temp\scoped_dir11040_28711}, takesHeapSnapshot=true, databaseEnabled=false, handlesAlerts=true, hasTouchScreen=false, version=51.0.2704.84, platform=XP, browserConnectionEnabled=false, nativeEvents=true, acceptSslCerts=true, locationContextEnabled=true, webStorageEnabled=true, browserName=chrome, takesScreenshot=true, javascriptEnabled=true, cssSelectorsEnabled=true}]
Session ID: 87aea3f272f5fa590ba3b4a4fff99f4e
	at org.openqa.selenium.remote.ErrorHandler.createThrowable(ErrorHandler.java:206)
	at org.openqa.selenium.remote.ErrorHandler.throwIfResponseFailed(ErrorHandler.java:158)
	at org.openqa.selenium.remote.RemoteWebDriver.execute(RemoteWebDriver.java:647)
	at org.openqa.selenium.remote.RemoteWebDriver.get(RemoteWebDriver.java:311)
	at fotf_Testcase.AboutusPage_ContentEditor_FiveItem.LoginSitecore(AboutusPage_ContentEditor_FiveItem.java:23)
... Removed 29 stack frames]]>
    </failure>
  </testcase> <!-- @BeforeMethod LoginSitecore -->
  <testcase name="@AfterMethod LogoutSitecore" time="0.0" classname="fotf_Testcase.AboutusPage_ContentEditor_FiveItem">
    <skipped/>
  </testcase> <!-- @AfterMethod LogoutSitecore -->
  <testcase name="@BeforeMethod LoginSitecore" time="0.0" classname="fotf_Testcase.AboutusPage_ContentEditor_FiveItem">
    <skipped/>
  </testcase> <!-- @BeforeMethod LoginSitecore -->
  <testcase name="@AfterMethod LogoutSitecore" time="0.0" classname="fotf_Testcase.AboutusPage_ContentEditor_FiveItem">
    <skipped/>
  </testcase> <!-- @AfterMethod LogoutSitecore -->
  <testcase name="@BeforeMethod LoginSitecore" time="0.0" classname="fotf_Testcase.AboutusPage_ContentEditor_SixItem">
    <failure type="org.openqa.selenium.NoSuchWindowException" message="no such window: target window already closed
from unknown error: web view not found
  (Session info: chrome=51.0.2704.84)
  (Driver info: chromedriver=2.19.346078 (6f1f0cde889532d48ce8242342d0b84f94b114a1),platform=Windows NT 6.1 SP1 x86_64) (WARNING: The server did not provide any stacktrace information)
Command duration or timeout: 3 milliseconds
Build info: version: &amp;apos;2.48.2&amp;apos;, revision: &amp;apos;41bccdd&amp;apos;, time: &amp;apos;2015-10-09 19:55:52&amp;apos;
System info: host: &amp;apos;Arun-pc&amp;apos;, ip: &amp;apos;192.2.200.122&amp;apos;, os.name: &amp;apos;Windows 7&amp;apos;, os.arch: &amp;apos;amd64&amp;apos;, os.version: &amp;apos;6.1&amp;apos;, java.version: &amp;apos;1.8.0_91&amp;apos;
Driver info: org.openqa.selenium.chrome.ChromeDriver
Capabilities [{applicationCacheEnabled=false, rotatable=false, mobileEmulationEnabled=false, chrome={userDataDir=C:\Users\Arun\AppData\Local\Temp\scoped_dir11040_28711}, takesHeapSnapshot=true, databaseEnabled=false, handlesAlerts=true, hasTouchScreen=false, version=51.0.2704.84, platform=XP, browserConnectionEnabled=false, nativeEvents=true, acceptSslCerts=true, locationContextEnabled=true, webStorageEnabled=true, browserName=chrome, takesScreenshot=true, javascriptEnabled=true, cssSelectorsEnabled=true}]
Session ID: 87aea3f272f5fa590ba3b4a4fff99f4e">
      <![CDATA[org.openqa.selenium.NoSuchWindowException: no such window: target window already closed
from unknown error: web view not found
  (Session info: chrome=51.0.2704.84)
  (Driver info: chromedriver=2.19.346078 (6f1f0cde889532d48ce8242342d0b84f94b114a1),platform=Windows NT 6.1 SP1 x86_64) (WARNING: The server did not provide any stacktrace information)
Command duration or timeout: 3 milliseconds
Build info: version: '2.48.2', revision: '41bccdd', time: '2015-10-09 19:55:52'
System info: host: 'Arun-pc', ip: '192.2.200.122', os.name: 'Windows 7', os.arch: 'amd64', os.version: '6.1', java.version: '1.8.0_91'
Driver info: org.openqa.selenium.chrome.ChromeDriver
Capabilities [{applicationCacheEnabled=false, rotatable=false, mobileEmulationEnabled=false, chrome={userDataDir=C:\Users\Arun\AppData\Local\Temp\scoped_dir11040_28711}, takesHeapSnapshot=true, databaseEnabled=false, handlesAlerts=true, hasTouchScreen=false, version=51.0.2704.84, platform=XP, browserConnectionEnabled=false, nativeEvents=true, acceptSslCerts=true, locationContextEnabled=true, webStorageEnabled=true, browserName=chrome, takesScreenshot=true, javascriptEnabled=true, cssSelectorsEnabled=true}]
Session ID: 87aea3f272f5fa590ba3b4a4fff99f4e
	at org.openqa.selenium.remote.ErrorHandler.createThrowable(ErrorHandler.java:206)
	at org.openqa.selenium.remote.ErrorHandler.throwIfResponseFailed(ErrorHandler.java:158)
	at org.openqa.selenium.remote.RemoteWebDriver.execute(RemoteWebDriver.java:647)
	at org.openqa.selenium.remote.RemoteWebDriver.get(RemoteWebDriver.java:311)
	at fotf_Testcase.AboutusPage_ContentEditor_SixItem.LoginSitecore(AboutusPage_ContentEditor_SixItem.java:23)
... Removed 29 stack frames]]>
    </failure>
  </testcase> <!-- @BeforeMethod LoginSitecore -->
  <testcase name="@AfterMethod LogoutSitecore" time="0.0" classname="fotf_Testcase.AboutusPage_ContentEditor_SixItem">
    <skipped/>
  </testcase> <!-- @AfterMethod LogoutSitecore -->
  <testcase name="@BeforeMethod LoginSitecore" time="0.0" classname="fotf_Testcase.AboutusPage_ContentEditor_SixItem">
    <skipped/>
  </testcase> <!-- @BeforeMethod LoginSitecore -->
  <testcase name="@AfterMethod LogoutSitecore" time="0.0" classname="fotf_Testcase.AboutusPage_ContentEditor_SixItem">
    <skipped/>
  </testcase> <!-- @AfterMethod LogoutSitecore -->
  <testcase name="@BeforeMethod LoginSitecore" time="0.0" classname="fotf_Testcase.AboutusPage_ContentEditor_SixItem">
    <skipped/>
  </testcase> <!-- @BeforeMethod LoginSitecore -->
  <testcase name="@AfterMethod LogoutSitecore" time="0.0" classname="fotf_Testcase.AboutusPage_ContentEditor_SixItem">
    <skipped/>
  </testcase> <!-- @AfterMethod LogoutSitecore -->
  <testcase name="@BeforeMethod LoginSitecore" time="0.0" classname="fotf_Testcase.AboutusPage_ContentEditor_SixItem">
    <skipped/>
  </testcase> <!-- @BeforeMethod LoginSitecore -->
  <testcase name="@AfterMethod LogoutSitecore" time="0.0" classname="fotf_Testcase.AboutusPage_ContentEditor_SixItem">
    <skipped/>
  </testcase> <!-- @AfterMethod LogoutSitecore -->
  <testcase name="@BeforeMethod LoginSitecore" time="0.0" classname="fotf_Testcase.AboutusPage_ContentEditor_Header">
    <failure type="org.openqa.selenium.NoSuchWindowException" message="no such window: target window already closed
from unknown error: web view not found
  (Session info: chrome=51.0.2704.84)
  (Driver info: chromedriver=2.19.346078 (6f1f0cde889532d48ce8242342d0b84f94b114a1),platform=Windows NT 6.1 SP1 x86_64) (WARNING: The server did not provide any stacktrace information)
Command duration or timeout: 3 milliseconds
Build info: version: &amp;apos;2.48.2&amp;apos;, revision: &amp;apos;41bccdd&amp;apos;, time: &amp;apos;2015-10-09 19:55:52&amp;apos;
System info: host: &amp;apos;Arun-pc&amp;apos;, ip: &amp;apos;192.2.200.122&amp;apos;, os.name: &amp;apos;Windows 7&amp;apos;, os.arch: &amp;apos;amd64&amp;apos;, os.version: &amp;apos;6.1&amp;apos;, java.version: &amp;apos;1.8.0_91&amp;apos;
Driver info: org.openqa.selenium.chrome.ChromeDriver
Capabilities [{applicationCacheEnabled=false, rotatable=false, mobileEmulationEnabled=false, chrome={userDataDir=C:\Users\Arun\AppData\Local\Temp\scoped_dir11040_28711}, takesHeapSnapshot=true, databaseEnabled=false, handlesAlerts=true, hasTouchScreen=false, version=51.0.2704.84, platform=XP, browserConnectionEnabled=false, nativeEvents=true, acceptSslCerts=true, locationContextEnabled=true, webStorageEnabled=true, browserName=chrome, takesScreenshot=true, javascriptEnabled=true, cssSelectorsEnabled=true}]
Session ID: 87aea3f272f5fa590ba3b4a4fff99f4e">
      <![CDATA[org.openqa.selenium.NoSuchWindowException: no such window: target window already closed
from unknown error: web view not found
  (Session info: chrome=51.0.2704.84)
  (Driver info: chromedriver=2.19.346078 (6f1f0cde889532d48ce8242342d0b84f94b114a1),platform=Windows NT 6.1 SP1 x86_64) (WARNING: The server did not provide any stacktrace information)
Command duration or timeout: 3 milliseconds
Build info: version: '2.48.2', revision: '41bccdd', time: '2015-10-09 19:55:52'
System info: host: 'Arun-pc', ip: '192.2.200.122', os.name: 'Windows 7', os.arch: 'amd64', os.version: '6.1', java.version: '1.8.0_91'
Driver info: org.openqa.selenium.chrome.ChromeDriver
Capabilities [{applicationCacheEnabled=false, rotatable=false, mobileEmulationEnabled=false, chrome={userDataDir=C:\Users\Arun\AppData\Local\Temp\scoped_dir11040_28711}, takesHeapSnapshot=true, databaseEnabled=false, handlesAlerts=true, hasTouchScreen=false, version=51.0.2704.84, platform=XP, browserConnectionEnabled=false, nativeEvents=true, acceptSslCerts=true, locationContextEnabled=true, webStorageEnabled=true, browserName=chrome, takesScreenshot=true, javascriptEnabled=true, cssSelectorsEnabled=true}]
Session ID: 87aea3f272f5fa590ba3b4a4fff99f4e
	at org.openqa.selenium.remote.ErrorHandler.createThrowable(ErrorHandler.java:206)
	at org.openqa.selenium.remote.ErrorHandler.throwIfResponseFailed(ErrorHandler.java:158)
	at org.openqa.selenium.remote.RemoteWebDriver.execute(RemoteWebDriver.java:647)
	at org.openqa.selenium.remote.RemoteWebDriver.get(RemoteWebDriver.java:311)
	at fotf_Testcase.AboutusPage_ContentEditor_Header.LoginSitecore(AboutusPage_ContentEditor_Header.java:23)
... Removed 29 stack frames]]>
    </failure>
  </testcase> <!-- @BeforeMethod LoginSitecore -->
  <testcase name="@AfterMethod LogoutSitecore" time="0.0" classname="fotf_Testcase.AboutusPage_ContentEditor_Header">
    <skipped/>
  </testcase> <!-- @AfterMethod LogoutSitecore -->
  <testcase name="@BeforeMethod LoginSitecore" time="0.0" classname="fotf_Testcase.AboutusPage_ContentEditor_Header">
    <skipped/>
  </testcase> <!-- @BeforeMethod LoginSitecore -->
  <testcase name="@AfterMethod LogoutSitecore" time="0.0" classname="fotf_Testcase.AboutusPage_ContentEditor_Header">
    <skipped/>
  </testcase> <!-- @AfterMethod LogoutSitecore -->
  <testcase name="@BeforeMethod LoginSitecore" time="0.0" classname="fotf_Testcase.AboutusPage_ContentEditor_Header">
    <skipped/>
  </testcase> <!-- @BeforeMethod LoginSitecore -->
  <testcase name="@AfterMethod LogoutSitecore" time="0.0" classname="fotf_Testcase.AboutusPage_ContentEditor_Header">
    <skipped/>
  </testcase> <!-- @AfterMethod LogoutSitecore -->
  <testcase name="@BeforeMethod LoginSitecore" time="0.0" classname="fotf_Testcase.AboutusPage_ContentEditor_Header">
    <skipped/>
  </testcase> <!-- @BeforeMethod LoginSitecore -->
  <testcase name="@AfterMethod LogoutSitecore" time="0.0" classname="fotf_Testcase.AboutusPage_ContentEditor_Header">
    <skipped/>
  </testcase> <!-- @AfterMethod LogoutSitecore -->
  <testcase name="@BeforeMethod LoginSitecore" time="0.0" classname="fotf_Testcase.AboutusPage_ContentEditor_Header">
    <skipped/>
  </testcase> <!-- @BeforeMethod LoginSitecore -->
  <testcase name="@AfterMethod LogoutSitecore" time="0.0" classname="fotf_Testcase.AboutusPage_ContentEditor_Header">
    <skipped/>
  </testcase> <!-- @AfterMethod LogoutSitecore -->
  <testcase name="@BeforeMethod LoginSitecore" time="0.0" classname="fotf_Testcase.AboutusPage_ContentEditor_Article">
    <failure type="org.openqa.selenium.NoSuchWindowException" message="no such window: target window already closed
from unknown error: web view not found
  (Session info: chrome=51.0.2704.84)
  (Driver info: chromedriver=2.19.346078 (6f1f0cde889532d48ce8242342d0b84f94b114a1),platform=Windows NT 6.1 SP1 x86_64) (WARNING: The server did not provide any stacktrace information)
Command duration or timeout: 2 milliseconds
Build info: version: &amp;apos;2.48.2&amp;apos;, revision: &amp;apos;41bccdd&amp;apos;, time: &amp;apos;2015-10-09 19:55:52&amp;apos;
System info: host: &amp;apos;Arun-pc&amp;apos;, ip: &amp;apos;192.2.200.122&amp;apos;, os.name: &amp;apos;Windows 7&amp;apos;, os.arch: &amp;apos;amd64&amp;apos;, os.version: &amp;apos;6.1&amp;apos;, java.version: &amp;apos;1.8.0_91&amp;apos;
Driver info: org.openqa.selenium.chrome.ChromeDriver
Capabilities [{applicationCacheEnabled=false, rotatable=false, mobileEmulationEnabled=false, chrome={userDataDir=C:\Users\Arun\AppData\Local\Temp\scoped_dir11040_28711}, takesHeapSnapshot=true, databaseEnabled=false, handlesAlerts=true, hasTouchScreen=false, version=51.0.2704.84, platform=XP, browserConnectionEnabled=false, nativeEvents=true, acceptSslCerts=true, locationContextEnabled=true, webStorageEnabled=true, browserName=chrome, takesScreenshot=true, javascriptEnabled=true, cssSelectorsEnabled=true}]
Session ID: 87aea3f272f5fa590ba3b4a4fff99f4e">
      <![CDATA[org.openqa.selenium.NoSuchWindowException: no such window: target window already closed
from unknown error: web view not found
  (Session info: chrome=51.0.2704.84)
  (Driver info: chromedriver=2.19.346078 (6f1f0cde889532d48ce8242342d0b84f94b114a1),platform=Windows NT 6.1 SP1 x86_64) (WARNING: The server did not provide any stacktrace information)
Command duration or timeout: 2 milliseconds
Build info: version: '2.48.2', revision: '41bccdd', time: '2015-10-09 19:55:52'
System info: host: 'Arun-pc', ip: '192.2.200.122', os.name: 'Windows 7', os.arch: 'amd64', os.version: '6.1', java.version: '1.8.0_91'
Driver info: org.openqa.selenium.chrome.ChromeDriver
Capabilities [{applicationCacheEnabled=false, rotatable=false, mobileEmulationEnabled=false, chrome={userDataDir=C:\Users\Arun\AppData\Local\Temp\scoped_dir11040_28711}, takesHeapSnapshot=true, databaseEnabled=false, handlesAlerts=true, hasTouchScreen=false, version=51.0.2704.84, platform=XP, browserConnectionEnabled=false, nativeEvents=true, acceptSslCerts=true, locationContextEnabled=true, webStorageEnabled=true, browserName=chrome, takesScreenshot=true, javascriptEnabled=true, cssSelectorsEnabled=true}]
Session ID: 87aea3f272f5fa590ba3b4a4fff99f4e
	at org.openqa.selenium.remote.ErrorHandler.createThrowable(ErrorHandler.java:206)
	at org.openqa.selenium.remote.ErrorHandler.throwIfResponseFailed(ErrorHandler.java:158)
	at org.openqa.selenium.remote.RemoteWebDriver.execute(RemoteWebDriver.java:647)
	at org.openqa.selenium.remote.RemoteWebDriver.get(RemoteWebDriver.java:311)
	at fotf_Testcase.AboutusPage_ContentEditor_Article.LoginSitecore(AboutusPage_ContentEditor_Article.java:25)
... Removed 29 stack frames]]>
    </failure>
  </testcase> <!-- @BeforeMethod LoginSitecore -->
  <testcase name="@AfterMethod LogoutSitecore" time="0.0" classname="fotf_Testcase.AboutusPage_ContentEditor_Article">
    <skipped/>
  </testcase> <!-- @AfterMethod LogoutSitecore -->
  <testcase name="@BeforeMethod LoginSitecore" time="0.0" classname="fotf_Testcase.AboutusPage_ContentEditor_Article">
    <skipped/>
  </testcase> <!-- @BeforeMethod LoginSitecore -->
  <testcase name="@AfterMethod LogoutSitecore" time="0.0" classname="fotf_Testcase.AboutusPage_ContentEditor_Article">
    <skipped/>
  </testcase> <!-- @AfterMethod LogoutSitecore -->
  <testcase name="@BeforeMethod LoginSitecore" time="0.0" classname="fotf_Testcase.AboutusPage_ContentEditor_Article">
    <skipped/>
  </testcase> <!-- @BeforeMethod LoginSitecore -->
  <testcase name="@AfterMethod LogoutSitecore" time="0.0" classname="fotf_Testcase.AboutusPage_ContentEditor_Article">
    <skipped/>
  </testcase> <!-- @AfterMethod LogoutSitecore -->
  <testcase name="@BeforeMethod LoginSitecore" time="0.0" classname="fotf_Testcase.AboutusPage_ContentEditor_Showhide">
    <failure type="org.openqa.selenium.NoSuchWindowException" message="no such window: target window already closed
from unknown error: web view not found
  (Session info: chrome=51.0.2704.84)
  (Driver info: chromedriver=2.19.346078 (6f1f0cde889532d48ce8242342d0b84f94b114a1),platform=Windows NT 6.1 SP1 x86_64) (WARNING: The server did not provide any stacktrace information)
Command duration or timeout: 2 milliseconds
Build info: version: &amp;apos;2.48.2&amp;apos;, revision: &amp;apos;41bccdd&amp;apos;, time: &amp;apos;2015-10-09 19:55:52&amp;apos;
System info: host: &amp;apos;Arun-pc&amp;apos;, ip: &amp;apos;192.2.200.122&amp;apos;, os.name: &amp;apos;Windows 7&amp;apos;, os.arch: &amp;apos;amd64&amp;apos;, os.version: &amp;apos;6.1&amp;apos;, java.version: &amp;apos;1.8.0_91&amp;apos;
Driver info: org.openqa.selenium.chrome.ChromeDriver
Capabilities [{applicationCacheEnabled=false, rotatable=false, mobileEmulationEnabled=false, chrome={userDataDir=C:\Users\Arun\AppData\Local\Temp\scoped_dir11040_28711}, takesHeapSnapshot=true, databaseEnabled=false, handlesAlerts=true, hasTouchScreen=false, version=51.0.2704.84, platform=XP, browserConnectionEnabled=false, nativeEvents=true, acceptSslCerts=true, locationContextEnabled=true, webStorageEnabled=true, browserName=chrome, takesScreenshot=true, javascriptEnabled=true, cssSelectorsEnabled=true}]
Session ID: 87aea3f272f5fa590ba3b4a4fff99f4e">
      <![CDATA[org.openqa.selenium.NoSuchWindowException: no such window: target window already closed
from unknown error: web view not found
  (Session info: chrome=51.0.2704.84)
  (Driver info: chromedriver=2.19.346078 (6f1f0cde889532d48ce8242342d0b84f94b114a1),platform=Windows NT 6.1 SP1 x86_64) (WARNING: The server did not provide any stacktrace information)
Command duration or timeout: 2 milliseconds
Build info: version: '2.48.2', revision: '41bccdd', time: '2015-10-09 19:55:52'
System info: host: 'Arun-pc', ip: '192.2.200.122', os.name: 'Windows 7', os.arch: 'amd64', os.version: '6.1', java.version: '1.8.0_91'
Driver info: org.openqa.selenium.chrome.ChromeDriver
Capabilities [{applicationCacheEnabled=false, rotatable=false, mobileEmulationEnabled=false, chrome={userDataDir=C:\Users\Arun\AppData\Local\Temp\scoped_dir11040_28711}, takesHeapSnapshot=true, databaseEnabled=false, handlesAlerts=true, hasTouchScreen=false, version=51.0.2704.84, platform=XP, browserConnectionEnabled=false, nativeEvents=true, acceptSslCerts=true, locationContextEnabled=true, webStorageEnabled=true, browserName=chrome, takesScreenshot=true, javascriptEnabled=true, cssSelectorsEnabled=true}]
Session ID: 87aea3f272f5fa590ba3b4a4fff99f4e
	at org.openqa.selenium.remote.ErrorHandler.createThrowable(ErrorHandler.java:206)
	at org.openqa.selenium.remote.ErrorHandler.throwIfResponseFailed(ErrorHandler.java:158)
	at org.openqa.selenium.remote.RemoteWebDriver.execute(RemoteWebDriver.java:647)
	at org.openqa.selenium.remote.RemoteWebDriver.get(RemoteWebDriver.java:311)
	at fotf_Testcase.AboutusPage_ContentEditor_Showhide.LoginSitecore(AboutusPage_ContentEditor_Showhide.java:23)
... Removed 29 stack frames]]>
    </failure>
  </testcase> <!-- @BeforeMethod LoginSitecore -->
  <testcase name="@AfterMethod LogoutSitecore" time="0.0" classname="fotf_Testcase.AboutusPage_ContentEditor_Showhide">
    <skipped/>
  </testcase> <!-- @AfterMethod LogoutSitecore -->
  <testcase name="@BeforeMethod LoginSitecore" time="0.0" classname="fotf_Testcase.AboutusPage_ContentEditor_Showhide">
    <skipped/>
  </testcase> <!-- @BeforeMethod LoginSitecore -->
  <testcase name="@AfterMethod LogoutSitecore" time="0.0" classname="fotf_Testcase.AboutusPage_ContentEditor_Showhide">
    <skipped/>
  </testcase> <!-- @AfterMethod LogoutSitecore -->
  <testcase name="@BeforeMethod LoginSitecore" time="0.0" classname="fotf_Testcase.AboutusPage_ContentEditor_Showhide">
    <skipped/>
  </testcase> <!-- @BeforeMethod LoginSitecore -->
  <testcase name="@AfterMethod LogoutSitecore" time="0.0" classname="fotf_Testcase.AboutusPage_ContentEditor_Showhide">
    <skipped/>
  </testcase> <!-- @AfterMethod LogoutSitecore -->
  <testcase name="@BeforeMethod LoginSitecore" time="0.0" classname="fotf_Testcase.AboutusPage_ContentEditor_Timeline">
    <failure type="org.openqa.selenium.NoSuchWindowException" message="no such window: target window already closed
from unknown error: web view not found
  (Session info: chrome=51.0.2704.84)
  (Driver info: chromedriver=2.19.346078 (6f1f0cde889532d48ce8242342d0b84f94b114a1),platform=Windows NT 6.1 SP1 x86_64) (WARNING: The server did not provide any stacktrace information)
Command duration or timeout: 2 milliseconds
Build info: version: &amp;apos;2.48.2&amp;apos;, revision: &amp;apos;41bccdd&amp;apos;, time: &amp;apos;2015-10-09 19:55:52&amp;apos;
System info: host: &amp;apos;Arun-pc&amp;apos;, ip: &amp;apos;192.2.200.122&amp;apos;, os.name: &amp;apos;Windows 7&amp;apos;, os.arch: &amp;apos;amd64&amp;apos;, os.version: &amp;apos;6.1&amp;apos;, java.version: &amp;apos;1.8.0_91&amp;apos;
Driver info: org.openqa.selenium.chrome.ChromeDriver
Capabilities [{applicationCacheEnabled=false, rotatable=false, mobileEmulationEnabled=false, chrome={userDataDir=C:\Users\Arun\AppData\Local\Temp\scoped_dir11040_28711}, takesHeapSnapshot=true, databaseEnabled=false, handlesAlerts=true, hasTouchScreen=false, version=51.0.2704.84, platform=XP, browserConnectionEnabled=false, nativeEvents=true, acceptSslCerts=true, locationContextEnabled=true, webStorageEnabled=true, browserName=chrome, takesScreenshot=true, javascriptEnabled=true, cssSelectorsEnabled=true}]
Session ID: 87aea3f272f5fa590ba3b4a4fff99f4e">
      <![CDATA[org.openqa.selenium.NoSuchWindowException: no such window: target window already closed
from unknown error: web view not found
  (Session info: chrome=51.0.2704.84)
  (Driver info: chromedriver=2.19.346078 (6f1f0cde889532d48ce8242342d0b84f94b114a1),platform=Windows NT 6.1 SP1 x86_64) (WARNING: The server did not provide any stacktrace information)
Command duration or timeout: 2 milliseconds
Build info: version: '2.48.2', revision: '41bccdd', time: '2015-10-09 19:55:52'
System info: host: 'Arun-pc', ip: '192.2.200.122', os.name: 'Windows 7', os.arch: 'amd64', os.version: '6.1', java.version: '1.8.0_91'
Driver info: org.openqa.selenium.chrome.ChromeDriver
Capabilities [{applicationCacheEnabled=false, rotatable=false, mobileEmulationEnabled=false, chrome={userDataDir=C:\Users\Arun\AppData\Local\Temp\scoped_dir11040_28711}, takesHeapSnapshot=true, databaseEnabled=false, handlesAlerts=true, hasTouchScreen=false, version=51.0.2704.84, platform=XP, browserConnectionEnabled=false, nativeEvents=true, acceptSslCerts=true, locationContextEnabled=true, webStorageEnabled=true, browserName=chrome, takesScreenshot=true, javascriptEnabled=true, cssSelectorsEnabled=true}]
Session ID: 87aea3f272f5fa590ba3b4a4fff99f4e
	at org.openqa.selenium.remote.ErrorHandler.createThrowable(ErrorHandler.java:206)
	at org.openqa.selenium.remote.ErrorHandler.throwIfResponseFailed(ErrorHandler.java:158)
	at org.openqa.selenium.remote.RemoteWebDriver.execute(RemoteWebDriver.java:647)
	at org.openqa.selenium.remote.RemoteWebDriver.get(RemoteWebDriver.java:311)
	at fotf_Testcase.AboutusPage_ContentEditor_Timeline.LoginSitecore(AboutusPage_ContentEditor_Timeline.java:23)
... Removed 29 stack frames]]>
    </failure>
  </testcase> <!-- @BeforeMethod LoginSitecore -->
  <testcase name="@AfterMethod LogoutSitecore" time="0.0" classname="fotf_Testcase.AboutusPage_ContentEditor_Timeline">
    <skipped/>
  </testcase> <!-- @AfterMethod LogoutSitecore -->
  <testcase name="@BeforeMethod LoginSitecore" time="0.0" classname="fotf_Testcase.AboutusPage_ContentEditor_PageComponentHeader">
    <failure type="org.openqa.selenium.NoSuchWindowException" message="no such window: target window already closed
from unknown error: web view not found
  (Session info: chrome=51.0.2704.84)
  (Driver info: chromedriver=2.19.346078 (6f1f0cde889532d48ce8242342d0b84f94b114a1),platform=Windows NT 6.1 SP1 x86_64) (WARNING: The server did not provide any stacktrace information)
Command duration or timeout: 3 milliseconds
Build info: version: &amp;apos;2.48.2&amp;apos;, revision: &amp;apos;41bccdd&amp;apos;, time: &amp;apos;2015-10-09 19:55:52&amp;apos;
System info: host: &amp;apos;Arun-pc&amp;apos;, ip: &amp;apos;192.2.200.122&amp;apos;, os.name: &amp;apos;Windows 7&amp;apos;, os.arch: &amp;apos;amd64&amp;apos;, os.version: &amp;apos;6.1&amp;apos;, java.version: &amp;apos;1.8.0_91&amp;apos;
Driver info: org.openqa.selenium.chrome.ChromeDriver
Capabilities [{applicationCacheEnabled=false, rotatable=false, mobileEmulationEnabled=false, chrome={userDataDir=C:\Users\Arun\AppData\Local\Temp\scoped_dir11040_28711}, takesHeapSnapshot=true, databaseEnabled=false, handlesAlerts=true, hasTouchScreen=false, version=51.0.2704.84, platform=XP, browserConnectionEnabled=false, nativeEvents=true, acceptSslCerts=true, locationContextEnabled=true, webStorageEnabled=true, browserName=chrome, takesScreenshot=true, javascriptEnabled=true, cssSelectorsEnabled=true}]
Session ID: 87aea3f272f5fa590ba3b4a4fff99f4e">
      <![CDATA[org.openqa.selenium.NoSuchWindowException: no such window: target window already closed
from unknown error: web view not found
  (Session info: chrome=51.0.2704.84)
  (Driver info: chromedriver=2.19.346078 (6f1f0cde889532d48ce8242342d0b84f94b114a1),platform=Windows NT 6.1 SP1 x86_64) (WARNING: The server did not provide any stacktrace information)
Command duration or timeout: 3 milliseconds
Build info: version: '2.48.2', revision: '41bccdd', time: '2015-10-09 19:55:52'
System info: host: 'Arun-pc', ip: '192.2.200.122', os.name: 'Windows 7', os.arch: 'amd64', os.version: '6.1', java.version: '1.8.0_91'
Driver info: org.openqa.selenium.chrome.ChromeDriver
Capabilities [{applicationCacheEnabled=false, rotatable=false, mobileEmulationEnabled=false, chrome={userDataDir=C:\Users\Arun\AppData\Local\Temp\scoped_dir11040_28711}, takesHeapSnapshot=true, databaseEnabled=false, handlesAlerts=true, hasTouchScreen=false, version=51.0.2704.84, platform=XP, browserConnectionEnabled=false, nativeEvents=true, acceptSslCerts=true, locationContextEnabled=true, webStorageEnabled=true, browserName=chrome, takesScreenshot=true, javascriptEnabled=true, cssSelectorsEnabled=true}]
Session ID: 87aea3f272f5fa590ba3b4a4fff99f4e
	at org.openqa.selenium.remote.ErrorHandler.createThrowable(ErrorHandler.java:206)
	at org.openqa.selenium.remote.ErrorHandler.throwIfResponseFailed(ErrorHandler.java:158)
	at org.openqa.selenium.remote.RemoteWebDriver.execute(RemoteWebDriver.java:647)
	at org.openqa.selenium.remote.RemoteWebDriver.get(RemoteWebDriver.java:311)
	at fotf_Testcase.AboutusPage_ContentEditor_PageComponentHeader.LoginSitecore(AboutusPage_ContentEditor_PageComponentHeader.java:25)
... Removed 29 stack frames]]>
    </failure>
  </testcase> <!-- @BeforeMethod LoginSitecore -->
  <testcase name="@AfterMethod LogoutSitecore" time="0.0" classname="fotf_Testcase.AboutusPage_ContentEditor_PageComponentHeader">
    <skipped/>
  </testcase> <!-- @AfterMethod LogoutSitecore -->
  <testcase name="@BeforeMethod LoginSitecore" time="0.0" classname="fotf_Testcase.AboutusPage_ContentEditor_CustomInitiative">
    <failure type="org.openqa.selenium.NoSuchWindowException" message="no such window: target window already closed
from unknown error: web view not found
  (Session info: chrome=51.0.2704.84)
  (Driver info: chromedriver=2.19.346078 (6f1f0cde889532d48ce8242342d0b84f94b114a1),platform=Windows NT 6.1 SP1 x86_64) (WARNING: The server did not provide any stacktrace information)
Command duration or timeout: 2 milliseconds
Build info: version: &amp;apos;2.48.2&amp;apos;, revision: &amp;apos;41bccdd&amp;apos;, time: &amp;apos;2015-10-09 19:55:52&amp;apos;
System info: host: &amp;apos;Arun-pc&amp;apos;, ip: &amp;apos;192.2.200.122&amp;apos;, os.name: &amp;apos;Windows 7&amp;apos;, os.arch: &amp;apos;amd64&amp;apos;, os.version: &amp;apos;6.1&amp;apos;, java.version: &amp;apos;1.8.0_91&amp;apos;
Driver info: org.openqa.selenium.chrome.ChromeDriver
Capabilities [{applicationCacheEnabled=false, rotatable=false, mobileEmulationEnabled=false, chrome={userDataDir=C:\Users\Arun\AppData\Local\Temp\scoped_dir11040_28711}, takesHeapSnapshot=true, databaseEnabled=false, handlesAlerts=true, hasTouchScreen=false, version=51.0.2704.84, platform=XP, browserConnectionEnabled=false, nativeEvents=true, acceptSslCerts=true, locationContextEnabled=true, webStorageEnabled=true, browserName=chrome, takesScreenshot=true, javascriptEnabled=true, cssSelectorsEnabled=true}]
Session ID: 87aea3f272f5fa590ba3b4a4fff99f4e">
      <![CDATA[org.openqa.selenium.NoSuchWindowException: no such window: target window already closed
from unknown error: web view not found
  (Session info: chrome=51.0.2704.84)
  (Driver info: chromedriver=2.19.346078 (6f1f0cde889532d48ce8242342d0b84f94b114a1),platform=Windows NT 6.1 SP1 x86_64) (WARNING: The server did not provide any stacktrace information)
Command duration or timeout: 2 milliseconds
Build info: version: '2.48.2', revision: '41bccdd', time: '2015-10-09 19:55:52'
System info: host: 'Arun-pc', ip: '192.2.200.122', os.name: 'Windows 7', os.arch: 'amd64', os.version: '6.1', java.version: '1.8.0_91'
Driver info: org.openqa.selenium.chrome.ChromeDriver
Capabilities [{applicationCacheEnabled=false, rotatable=false, mobileEmulationEnabled=false, chrome={userDataDir=C:\Users\Arun\AppData\Local\Temp\scoped_dir11040_28711}, takesHeapSnapshot=true, databaseEnabled=false, handlesAlerts=true, hasTouchScreen=false, version=51.0.2704.84, platform=XP, browserConnectionEnabled=false, nativeEvents=true, acceptSslCerts=true, locationContextEnabled=true, webStorageEnabled=true, browserName=chrome, takesScreenshot=true, javascriptEnabled=true, cssSelectorsEnabled=true}]
Session ID: 87aea3f272f5fa590ba3b4a4fff99f4e
	at org.openqa.selenium.remote.ErrorHandler.createThrowable(ErrorHandler.java:206)
	at org.openqa.selenium.remote.ErrorHandler.throwIfResponseFailed(ErrorHandler.java:158)
	at org.openqa.selenium.remote.RemoteWebDriver.execute(RemoteWebDriver.java:647)
	at org.openqa.selenium.remote.RemoteWebDriver.get(RemoteWebDriver.java:311)
	at fotf_Testcase.AboutusPage_ContentEditor_CustomInitiative.LoginSitecore(AboutusPage_ContentEditor_CustomInitiative.java:27)
... Removed 29 stack frames]]>
    </failure>
  </testcase> <!-- @BeforeMethod LoginSitecore -->
  <testcase name="@AfterMethod LogoutSitecore" time="0.0" classname="fotf_Testcase.AboutusPage_ContentEditor_CustomInitiative">
    <skipped/>
  </testcase> <!-- @AfterMethod LogoutSitecore -->
  <testcase name="@BeforeMethod LoginSitecore" time="0.0" classname="fotf_Testcase.AboutusPage_ContentEditor_CustomInitiative">
    <skipped/>
  </testcase> <!-- @BeforeMethod LoginSitecore -->
  <testcase name="@AfterMethod LogoutSitecore" time="0.0" classname="fotf_Testcase.AboutusPage_ContentEditor_CustomInitiative">
    <skipped/>
  </testcase> <!-- @AfterMethod LogoutSitecore -->
  <testcase name="@BeforeMethod LoginSitecore" time="0.0" classname="fotf_Testcase.AboutusPage_ContentEditor_CustomInitiative">
    <skipped/>
  </testcase> <!-- @BeforeMethod LoginSitecore -->
  <testcase name="@AfterMethod LogoutSitecore" time="0.0" classname="fotf_Testcase.AboutusPage_ContentEditor_CustomInitiative">
    <skipped/>
  </testcase> <!-- @AfterMethod LogoutSitecore -->
  <testcase name="@BeforeMethod LoginSitecore" time="0.0" classname="fotf_Testcase.AboutusPage_ContentEditor_CustomInitiative">
    <skipped/>
  </testcase> <!-- @BeforeMethod LoginSitecore -->
  <testcase name="@AfterMethod LogoutSitecore" time="0.0" classname="fotf_Testcase.AboutusPage_ContentEditor_CustomInitiative">
    <skipped/>
  </testcase> <!-- @AfterMethod LogoutSitecore -->
  <testcase name="@BeforeMethod LoginSitecore" time="0.0" classname="fotf_Testcase.AboutusPage_PageEditor_OneItem">
    <failure type="org.openqa.selenium.NoSuchWindowException" message="no such window: target window already closed
from unknown error: web view not found
  (Session info: chrome=51.0.2704.84)
  (Driver info: chromedriver=2.19.346078 (6f1f0cde889532d48ce8242342d0b84f94b114a1),platform=Windows NT 6.1 SP1 x86_64) (WARNING: The server did not provide any stacktrace information)
Command duration or timeout: 2 milliseconds
Build info: version: &amp;apos;2.48.2&amp;apos;, revision: &amp;apos;41bccdd&amp;apos;, time: &amp;apos;2015-10-09 19:55:52&amp;apos;
System info: host: &amp;apos;Arun-pc&amp;apos;, ip: &amp;apos;192.2.200.122&amp;apos;, os.name: &amp;apos;Windows 7&amp;apos;, os.arch: &amp;apos;amd64&amp;apos;, os.version: &amp;apos;6.1&amp;apos;, java.version: &amp;apos;1.8.0_91&amp;apos;
Driver info: org.openqa.selenium.chrome.ChromeDriver
Capabilities [{applicationCacheEnabled=false, rotatable=false, mobileEmulationEnabled=false, chrome={userDataDir=C:\Users\Arun\AppData\Local\Temp\scoped_dir11040_28711}, takesHeapSnapshot=true, databaseEnabled=false, handlesAlerts=true, hasTouchScreen=false, version=51.0.2704.84, platform=XP, browserConnectionEnabled=false, nativeEvents=true, acceptSslCerts=true, locationContextEnabled=true, webStorageEnabled=true, browserName=chrome, takesScreenshot=true, javascriptEnabled=true, cssSelectorsEnabled=true}]
Session ID: 87aea3f272f5fa590ba3b4a4fff99f4e">
      <![CDATA[org.openqa.selenium.NoSuchWindowException: no such window: target window already closed
from unknown error: web view not found
  (Session info: chrome=51.0.2704.84)
  (Driver info: chromedriver=2.19.346078 (6f1f0cde889532d48ce8242342d0b84f94b114a1),platform=Windows NT 6.1 SP1 x86_64) (WARNING: The server did not provide any stacktrace information)
Command duration or timeout: 2 milliseconds
Build info: version: '2.48.2', revision: '41bccdd', time: '2015-10-09 19:55:52'
System info: host: 'Arun-pc', ip: '192.2.200.122', os.name: 'Windows 7', os.arch: 'amd64', os.version: '6.1', java.version: '1.8.0_91'
Driver info: org.openqa.selenium.chrome.ChromeDriver
Capabilities [{applicationCacheEnabled=false, rotatable=false, mobileEmulationEnabled=false, chrome={userDataDir=C:\Users\Arun\AppData\Local\Temp\scoped_dir11040_28711}, takesHeapSnapshot=true, databaseEnabled=false, handlesAlerts=true, hasTouchScreen=false, version=51.0.2704.84, platform=XP, browserConnectionEnabled=false, nativeEvents=true, acceptSslCerts=true, locationContextEnabled=true, webStorageEnabled=true, browserName=chrome, takesScreenshot=true, javascriptEnabled=true, cssSelectorsEnabled=true}]
Session ID: 87aea3f272f5fa590ba3b4a4fff99f4e
	at org.openqa.selenium.remote.ErrorHandler.createThrowable(ErrorHandler.java:206)
	at org.openqa.selenium.remote.ErrorHandler.throwIfResponseFailed(ErrorHandler.java:158)
	at org.openqa.selenium.remote.RemoteWebDriver.execute(RemoteWebDriver.java:647)
	at org.openqa.selenium.remote.RemoteWebDriver.get(RemoteWebDriver.java:311)
	at fotf_Testcase.AboutusPage_PageEditor_OneItem.LoginSitecore(AboutusPage_PageEditor_OneItem.java:21)
... Removed 29 stack frames]]>
    </failure>
  </testcase> <!-- @BeforeMethod LoginSitecore -->
  <testcase name="@AfterMethod LogoutSitecore" time="0.0" classname="fotf_Testcase.AboutusPage_PageEditor_OneItem">
    <skipped/>
  </testcase> <!-- @AfterMethod LogoutSitecore -->
  <testcase name="@BeforeMethod LoginSitecore" time="0.0" classname="fotf_Testcase.AboutusPage_PageEditor_OneItem">
    <skipped/>
  </testcase> <!-- @BeforeMethod LoginSitecore -->
  <testcase name="@AfterMethod LogoutSitecore" time="0.0" classname="fotf_Testcase.AboutusPage_PageEditor_OneItem">
    <skipped/>
  </testcase> <!-- @AfterMethod LogoutSitecore -->
  <testcase name="@BeforeMethod LoginSitecore" time="0.0" classname="fotf_Testcase.AboutusPage_PageEditor_OneItem">
    <skipped/>
  </testcase> <!-- @BeforeMethod LoginSitecore -->
  <testcase name="@AfterMethod LogoutSitecore" time="0.0" classname="fotf_Testcase.AboutusPage_PageEditor_OneItem">
    <skipped/>
  </testcase> <!-- @AfterMethod LogoutSitecore -->
  <testcase name="@BeforeMethod LoginSitecore" time="0.0" classname="fotf_Testcase.AboutusPage_PageEditor_OneItem">
    <skipped/>
  </testcase> <!-- @BeforeMethod LoginSitecore -->
  <testcase name="@AfterMethod LogoutSitecore" time="0.0" classname="fotf_Testcase.AboutusPage_PageEditor_OneItem">
    <skipped/>
  </testcase> <!-- @AfterMethod LogoutSitecore -->
  <testcase name="@BeforeMethod LoginSitecore" time="0.0" classname="fotf_Testcase.AboutusPage_PageEditor_OneItem">
    <skipped/>
  </testcase> <!-- @BeforeMethod LoginSitecore -->
  <testcase name="@AfterMethod LogoutSitecore" time="0.0" classname="fotf_Testcase.AboutusPage_PageEditor_OneItem">
    <skipped/>
  </testcase> <!-- @AfterMethod LogoutSitecore -->
  <testcase name="@BeforeMethod LoginSitecore" time="0.0" classname="fotf_Testcase.AboutusPage_PageEditor_OneItem">
    <skipped/>
  </testcase> <!-- @BeforeMethod LoginSitecore -->
  <testcase name="@AfterMethod LogoutSitecore" time="0.0" classname="fotf_Testcase.AboutusPage_PageEditor_OneItem">
    <skipped/>
  </testcase> <!-- @AfterMethod LogoutSitecore -->
  <testcase name="@BeforeMethod LoginSitecore" time="0.0" classname="fotf_Testcase.AboutusPage_PageEditor_OneItem">
    <skipped/>
  </testcase> <!-- @BeforeMethod LoginSitecore -->
  <testcase name="@AfterMethod LogoutSitecore" time="0.0" classname="fotf_Testcase.AboutusPage_PageEditor_OneItem">
    <skipped/>
  </testcase> <!-- @AfterMethod LogoutSitecore -->
  <testcase name="@BeforeMethod LoginSitecore" time="0.0" classname="fotf_Testcase.AboutusPage_PageEditor_OneItem">
    <skipped/>
  </testcase> <!-- @BeforeMethod LoginSitecore -->
  <testcase name="@AfterMethod LogoutSitecore" time="0.0" classname="fotf_Testcase.AboutusPage_PageEditor_OneItem">
    <skipped/>
  </testcase> <!-- @AfterMethod LogoutSitecore -->
  <testcase name="@BeforeMethod LoginSitecore" time="0.0" classname="fotf_Testcase.AboutusPage_PageEditor_TwoItem">
    <failure type="org.openqa.selenium.NoSuchWindowException" message="no such window: target window already closed
from unknown error: web view not found
  (Session info: chrome=51.0.2704.84)
  (Driver info: chromedriver=2.19.346078 (6f1f0cde889532d48ce8242342d0b84f94b114a1),platform=Windows NT 6.1 SP1 x86_64) (WARNING: The server did not provide any stacktrace information)
Command duration or timeout: 3 milliseconds
Build info: version: &amp;apos;2.48.2&amp;apos;, revision: &amp;apos;41bccdd&amp;apos;, time: &amp;apos;2015-10-09 19:55:52&amp;apos;
System info: host: &amp;apos;Arun-pc&amp;apos;, ip: &amp;apos;192.2.200.122&amp;apos;, os.name: &amp;apos;Windows 7&amp;apos;, os.arch: &amp;apos;amd64&amp;apos;, os.version: &amp;apos;6.1&amp;apos;, java.version: &amp;apos;1.8.0_91&amp;apos;
Driver info: org.openqa.selenium.chrome.ChromeDriver
Capabilities [{applicationCacheEnabled=false, rotatable=false, mobileEmulationEnabled=false, chrome={userDataDir=C:\Users\Arun\AppData\Local\Temp\scoped_dir11040_28711}, takesHeapSnapshot=true, databaseEnabled=false, handlesAlerts=true, hasTouchScreen=false, version=51.0.2704.84, platform=XP, browserConnectionEnabled=false, nativeEvents=true, acceptSslCerts=true, locationContextEnabled=true, webStorageEnabled=true, browserName=chrome, takesScreenshot=true, javascriptEnabled=true, cssSelectorsEnabled=true}]
Session ID: 87aea3f272f5fa590ba3b4a4fff99f4e">
      <![CDATA[org.openqa.selenium.NoSuchWindowException: no such window: target window already closed
from unknown error: web view not found
  (Session info: chrome=51.0.2704.84)
  (Driver info: chromedriver=2.19.346078 (6f1f0cde889532d48ce8242342d0b84f94b114a1),platform=Windows NT 6.1 SP1 x86_64) (WARNING: The server did not provide any stacktrace information)
Command duration or timeout: 3 milliseconds
Build info: version: '2.48.2', revision: '41bccdd', time: '2015-10-09 19:55:52'
System info: host: 'Arun-pc', ip: '192.2.200.122', os.name: 'Windows 7', os.arch: 'amd64', os.version: '6.1', java.version: '1.8.0_91'
Driver info: org.openqa.selenium.chrome.ChromeDriver
Capabilities [{applicationCacheEnabled=false, rotatable=false, mobileEmulationEnabled=false, chrome={userDataDir=C:\Users\Arun\AppData\Local\Temp\scoped_dir11040_28711}, takesHeapSnapshot=true, databaseEnabled=false, handlesAlerts=true, hasTouchScreen=false, version=51.0.2704.84, platform=XP, browserConnectionEnabled=false, nativeEvents=true, acceptSslCerts=true, locationContextEnabled=true, webStorageEnabled=true, browserName=chrome, takesScreenshot=true, javascriptEnabled=true, cssSelectorsEnabled=true}]
Session ID: 87aea3f272f5fa590ba3b4a4fff99f4e
	at org.openqa.selenium.remote.ErrorHandler.createThrowable(ErrorHandler.java:206)
	at org.openqa.selenium.remote.ErrorHandler.throwIfResponseFailed(ErrorHandler.java:158)
	at org.openqa.selenium.remote.RemoteWebDriver.execute(RemoteWebDriver.java:647)
	at org.openqa.selenium.remote.RemoteWebDriver.get(RemoteWebDriver.java:311)
	at fotf_Testcase.AboutusPage_PageEditor_TwoItem.LoginSitecore(AboutusPage_PageEditor_TwoItem.java:21)
... Removed 29 stack frames]]>
    </failure>
  </testcase> <!-- @BeforeMethod LoginSitecore -->
  <testcase name="@AfterMethod LogoutSitecore" time="0.0" classname="fotf_Testcase.AboutusPage_PageEditor_TwoItem">
    <skipped/>
  </testcase> <!-- @AfterMethod LogoutSitecore -->
  <testcase name="@BeforeMethod LoginSitecore" time="0.0" classname="fotf_Testcase.AboutusPage_PageEditor_TwoItem">
    <skipped/>
  </testcase> <!-- @BeforeMethod LoginSitecore -->
  <testcase name="@AfterMethod LogoutSitecore" time="0.0" classname="fotf_Testcase.AboutusPage_PageEditor_TwoItem">
    <skipped/>
  </testcase> <!-- @AfterMethod LogoutSitecore -->
  <testcase name="@BeforeMethod LoginSitecore" time="0.0" classname="fotf_Testcase.AboutusPage_PageEditor_ThreeItem">
    <failure type="org.openqa.selenium.NoSuchWindowException" message="no such window: target window already closed
from unknown error: web view not found
  (Session info: chrome=51.0.2704.84)
  (Driver info: chromedriver=2.19.346078 (6f1f0cde889532d48ce8242342d0b84f94b114a1),platform=Windows NT 6.1 SP1 x86_64) (WARNING: The server did not provide any stacktrace information)
Command duration or timeout: 2 milliseconds
Build info: version: &amp;apos;2.48.2&amp;apos;, revision: &amp;apos;41bccdd&amp;apos;, time: &amp;apos;2015-10-09 19:55:52&amp;apos;
System info: host: &amp;apos;Arun-pc&amp;apos;, ip: &amp;apos;192.2.200.122&amp;apos;, os.name: &amp;apos;Windows 7&amp;apos;, os.arch: &amp;apos;amd64&amp;apos;, os.version: &amp;apos;6.1&amp;apos;, java.version: &amp;apos;1.8.0_91&amp;apos;
Driver info: org.openqa.selenium.chrome.ChromeDriver
Capabilities [{applicationCacheEnabled=false, rotatable=false, mobileEmulationEnabled=false, chrome={userDataDir=C:\Users\Arun\AppData\Local\Temp\scoped_dir11040_28711}, takesHeapSnapshot=true, databaseEnabled=false, handlesAlerts=true, hasTouchScreen=false, version=51.0.2704.84, platform=XP, browserConnectionEnabled=false, nativeEvents=true, acceptSslCerts=true, locationContextEnabled=true, webStorageEnabled=true, browserName=chrome, takesScreenshot=true, javascriptEnabled=true, cssSelectorsEnabled=true}]
Session ID: 87aea3f272f5fa590ba3b4a4fff99f4e">
      <![CDATA[org.openqa.selenium.NoSuchWindowException: no such window: target window already closed
from unknown error: web view not found
  (Session info: chrome=51.0.2704.84)
  (Driver info: chromedriver=2.19.346078 (6f1f0cde889532d48ce8242342d0b84f94b114a1),platform=Windows NT 6.1 SP1 x86_64) (WARNING: The server did not provide any stacktrace information)
Command duration or timeout: 2 milliseconds
Build info: version: '2.48.2', revision: '41bccdd', time: '2015-10-09 19:55:52'
System info: host: 'Arun-pc', ip: '192.2.200.122', os.name: 'Windows 7', os.arch: 'amd64', os.version: '6.1', java.version: '1.8.0_91'
Driver info: org.openqa.selenium.chrome.ChromeDriver
Capabilities [{applicationCacheEnabled=false, rotatable=false, mobileEmulationEnabled=false, chrome={userDataDir=C:\Users\Arun\AppData\Local\Temp\scoped_dir11040_28711}, takesHeapSnapshot=true, databaseEnabled=false, handlesAlerts=true, hasTouchScreen=false, version=51.0.2704.84, platform=XP, browserConnectionEnabled=false, nativeEvents=true, acceptSslCerts=true, locationContextEnabled=true, webStorageEnabled=true, browserName=chrome, takesScreenshot=true, javascriptEnabled=true, cssSelectorsEnabled=true}]
Session ID: 87aea3f272f5fa590ba3b4a4fff99f4e
	at org.openqa.selenium.remote.ErrorHandler.createThrowable(ErrorHandler.java:206)
	at org.openqa.selenium.remote.ErrorHandler.throwIfResponseFailed(ErrorHandler.java:158)
	at org.openqa.selenium.remote.RemoteWebDriver.execute(RemoteWebDriver.java:647)
	at org.openqa.selenium.remote.RemoteWebDriver.get(RemoteWebDriver.java:311)
	at fotf_Testcase.AboutusPage_PageEditor_ThreeItem.LoginSitecore(AboutusPage_PageEditor_ThreeItem.java:21)
... Removed 29 stack frames]]>
    </failure>
  </testcase> <!-- @BeforeMethod LoginSitecore -->
  <testcase name="@AfterMethod LogoutSitecore" time="0.0" classname="fotf_Testcase.AboutusPage_PageEditor_ThreeItem">
    <skipped/>
  </testcase> <!-- @AfterMethod LogoutSitecore -->
  <testcase name="@BeforeMethod LoginSitecore" time="0.0" classname="fotf_Testcase.AboutusPage_PageEditor_ThreeItem">
    <skipped/>
  </testcase> <!-- @BeforeMethod LoginSitecore -->
  <testcase name="@AfterMethod LogoutSitecore" time="0.0" classname="fotf_Testcase.AboutusPage_PageEditor_ThreeItem">
    <skipped/>
  </testcase> <!-- @AfterMethod LogoutSitecore -->
  <testcase name="@BeforeMethod LoginSitecore" time="0.0" classname="fotf_Testcase.AboutusPage_PageEditor_ThreeItem">
    <skipped/>
  </testcase> <!-- @BeforeMethod LoginSitecore -->
  <testcase name="@AfterMethod LogoutSitecore" time="0.0" classname="fotf_Testcase.AboutusPage_PageEditor_ThreeItem">
    <skipped/>
  </testcase> <!-- @AfterMethod LogoutSitecore -->
  <testcase name="@BeforeMethod LoginSitecore" time="0.0" classname="fotf_Testcase.AboutusPage_PageEditor_FourItem">
    <failure type="org.openqa.selenium.NoSuchWindowException" message="no such window: target window already closed
from unknown error: web view not found
  (Session info: chrome=51.0.2704.84)
  (Driver info: chromedriver=2.19.346078 (6f1f0cde889532d48ce8242342d0b84f94b114a1),platform=Windows NT 6.1 SP1 x86_64) (WARNING: The server did not provide any stacktrace information)
Command duration or timeout: 2 milliseconds
Build info: version: &amp;apos;2.48.2&amp;apos;, revision: &amp;apos;41bccdd&amp;apos;, time: &amp;apos;2015-10-09 19:55:52&amp;apos;
System info: host: &amp;apos;Arun-pc&amp;apos;, ip: &amp;apos;192.2.200.122&amp;apos;, os.name: &amp;apos;Windows 7&amp;apos;, os.arch: &amp;apos;amd64&amp;apos;, os.version: &amp;apos;6.1&amp;apos;, java.version: &amp;apos;1.8.0_91&amp;apos;
Driver info: org.openqa.selenium.chrome.ChromeDriver
Capabilities [{applicationCacheEnabled=false, rotatable=false, mobileEmulationEnabled=false, chrome={userDataDir=C:\Users\Arun\AppData\Local\Temp\scoped_dir11040_28711}, takesHeapSnapshot=true, databaseEnabled=false, handlesAlerts=true, hasTouchScreen=false, version=51.0.2704.84, platform=XP, browserConnectionEnabled=false, nativeEvents=true, acceptSslCerts=true, locationContextEnabled=true, webStorageEnabled=true, browserName=chrome, takesScreenshot=true, javascriptEnabled=true, cssSelectorsEnabled=true}]
Session ID: 87aea3f272f5fa590ba3b4a4fff99f4e">
      <![CDATA[org.openqa.selenium.NoSuchWindowException: no such window: target window already closed
from unknown error: web view not found
  (Session info: chrome=51.0.2704.84)
  (Driver info: chromedriver=2.19.346078 (6f1f0cde889532d48ce8242342d0b84f94b114a1),platform=Windows NT 6.1 SP1 x86_64) (WARNING: The server did not provide any stacktrace information)
Command duration or timeout: 2 milliseconds
Build info: version: '2.48.2', revision: '41bccdd', time: '2015-10-09 19:55:52'
System info: host: 'Arun-pc', ip: '192.2.200.122', os.name: 'Windows 7', os.arch: 'amd64', os.version: '6.1', java.version: '1.8.0_91'
Driver info: org.openqa.selenium.chrome.ChromeDriver
Capabilities [{applicationCacheEnabled=false, rotatable=false, mobileEmulationEnabled=false, chrome={userDataDir=C:\Users\Arun\AppData\Local\Temp\scoped_dir11040_28711}, takesHeapSnapshot=true, databaseEnabled=false, handlesAlerts=true, hasTouchScreen=false, version=51.0.2704.84, platform=XP, browserConnectionEnabled=false, nativeEvents=true, acceptSslCerts=true, locationContextEnabled=true, webStorageEnabled=true, browserName=chrome, takesScreenshot=true, javascriptEnabled=true, cssSelectorsEnabled=true}]
Session ID: 87aea3f272f5fa590ba3b4a4fff99f4e
	at org.openqa.selenium.remote.ErrorHandler.createThrowable(ErrorHandler.java:206)
	at org.openqa.selenium.remote.ErrorHandler.throwIfResponseFailed(ErrorHandler.java:158)
	at org.openqa.selenium.remote.RemoteWebDriver.execute(RemoteWebDriver.java:647)
	at org.openqa.selenium.remote.RemoteWebDriver.get(RemoteWebDriver.java:311)
	at fotf_Testcase.AboutusPage_PageEditor_FourItem.LoginSitecore(AboutusPage_PageEditor_FourItem.java:21)
... Removed 29 stack frames]]>
    </failure>
  </testcase> <!-- @BeforeMethod LoginSitecore -->
  <testcase name="@AfterMethod LogoutSitecore" time="0.0" classname="fotf_Testcase.AboutusPage_PageEditor_FourItem">
    <skipped/>
  </testcase> <!-- @AfterMethod LogoutSitecore -->
  <testcase name="@BeforeMethod LoginSitecore" time="0.0" classname="fotf_Testcase.AboutusPage_PageEditor_FourItem">
    <skipped/>
  </testcase> <!-- @BeforeMethod LoginSitecore -->
  <testcase name="@AfterMethod LogoutSitecore" time="0.0" classname="fotf_Testcase.AboutusPage_PageEditor_FourItem">
    <skipped/>
  </testcase> <!-- @AfterMethod LogoutSitecore -->
  <testcase name="@BeforeMethod LoginSitecore" time="0.0" classname="fotf_Testcase.AboutusPage_PageEditor_FourItem">
    <skipped/>
  </testcase> <!-- @BeforeMethod LoginSitecore -->
  <testcase name="@AfterMethod LogoutSitecore" time="0.0" classname="fotf_Testcase.AboutusPage_PageEditor_FourItem">
    <skipped/>
  </testcase> <!-- @AfterMethod LogoutSitecore -->
  <testcase name="@BeforeMethod LoginSitecore" time="0.0" classname="fotf_Testcase.AboutusPage_PageEditor_FourItem">
    <skipped/>
  </testcase> <!-- @BeforeMethod LoginSitecore -->
  <testcase name="@AfterMethod LogoutSitecore" time="0.0" classname="fotf_Testcase.AboutusPage_PageEditor_FourItem">
    <skipped/>
  </testcase> <!-- @AfterMethod LogoutSitecore -->
  <testcase name="@BeforeMethod LoginSitecore" time="0.0" classname="fotf_Testcase.AboutusPage_PageEditor_FiveItem">
    <failure type="org.openqa.selenium.NoSuchWindowException" message="no such window: target window already closed
from unknown error: web view not found
  (Session info: chrome=51.0.2704.84)
  (Driver info: chromedriver=2.19.346078 (6f1f0cde889532d48ce8242342d0b84f94b114a1),platform=Windows NT 6.1 SP1 x86_64) (WARNING: The server did not provide any stacktrace information)
Command duration or timeout: 3 milliseconds
Build info: version: &amp;apos;2.48.2&amp;apos;, revision: &amp;apos;41bccdd&amp;apos;, time: &amp;apos;2015-10-09 19:55:52&amp;apos;
System info: host: &amp;apos;Arun-pc&amp;apos;, ip: &amp;apos;192.2.200.122&amp;apos;, os.name: &amp;apos;Windows 7&amp;apos;, os.arch: &amp;apos;amd64&amp;apos;, os.version: &amp;apos;6.1&amp;apos;, java.version: &amp;apos;1.8.0_91&amp;apos;
Driver info: org.openqa.selenium.chrome.ChromeDriver
Capabilities [{applicationCacheEnabled=false, rotatable=false, mobileEmulationEnabled=false, chrome={userDataDir=C:\Users\Arun\AppData\Local\Temp\scoped_dir11040_28711}, takesHeapSnapshot=true, databaseEnabled=false, handlesAlerts=true, hasTouchScreen=false, version=51.0.2704.84, platform=XP, browserConnectionEnabled=false, nativeEvents=true, acceptSslCerts=true, locationContextEnabled=true, webStorageEnabled=true, browserName=chrome, takesScreenshot=true, javascriptEnabled=true, cssSelectorsEnabled=true}]
Session ID: 87aea3f272f5fa590ba3b4a4fff99f4e">
      <![CDATA[org.openqa.selenium.NoSuchWindowException: no such window: target window already closed
from unknown error: web view not found
  (Session info: chrome=51.0.2704.84)
  (Driver info: chromedriver=2.19.346078 (6f1f0cde889532d48ce8242342d0b84f94b114a1),platform=Windows NT 6.1 SP1 x86_64) (WARNING: The server did not provide any stacktrace information)
Command duration or timeout: 3 milliseconds
Build info: version: '2.48.2', revision: '41bccdd', time: '2015-10-09 19:55:52'
System info: host: 'Arun-pc', ip: '192.2.200.122', os.name: 'Windows 7', os.arch: 'amd64', os.version: '6.1', java.version: '1.8.0_91'
Driver info: org.openqa.selenium.chrome.ChromeDriver
Capabilities [{applicationCacheEnabled=false, rotatable=false, mobileEmulationEnabled=false, chrome={userDataDir=C:\Users\Arun\AppData\Local\Temp\scoped_dir11040_28711}, takesHeapSnapshot=true, databaseEnabled=false, handlesAlerts=true, hasTouchScreen=false, version=51.0.2704.84, platform=XP, browserConnectionEnabled=false, nativeEvents=true, acceptSslCerts=true, locationContextEnabled=true, webStorageEnabled=true, browserName=chrome, takesScreenshot=true, javascriptEnabled=true, cssSelectorsEnabled=true}]
Session ID: 87aea3f272f5fa590ba3b4a4fff99f4e
	at org.openqa.selenium.remote.ErrorHandler.createThrowable(ErrorHandler.java:206)
	at org.openqa.selenium.remote.ErrorHandler.throwIfResponseFailed(ErrorHandler.java:158)
	at org.openqa.selenium.remote.RemoteWebDriver.execute(RemoteWebDriver.java:647)
	at org.openqa.selenium.remote.RemoteWebDriver.get(RemoteWebDriver.java:311)
	at fotf_Testcase.AboutusPage_PageEditor_FiveItem.LoginSitecore(AboutusPage_PageEditor_FiveItem.java:21)
... Removed 29 stack frames]]>
    </failure>
  </testcase> <!-- @BeforeMethod LoginSitecore -->
  <testcase name="@AfterMethod LogoutSitecore" time="0.0" classname="fotf_Testcase.AboutusPage_PageEditor_FiveItem">
    <skipped/>
  </testcase> <!-- @AfterMethod LogoutSitecore -->
  <testcase name="@BeforeMethod LoginSitecore" time="0.0" classname="fotf_Testcase.AboutusPage_PageEditor_FiveItem">
    <skipped/>
  </testcase> <!-- @BeforeMethod LoginSitecore -->
  <testcase name="@AfterMethod LogoutSitecore" time="0.0" classname="fotf_Testcase.AboutusPage_PageEditor_FiveItem">
    <skipped/>
  </testcase> <!-- @AfterMethod LogoutSitecore -->
  <testcase name="@BeforeMethod LoginSitecore" time="0.0" classname="fotf_Testcase.AboutusPage_PageEditor_SixItem">
    <failure type="org.openqa.selenium.NoSuchWindowException" message="no such window: target window already closed
from unknown error: web view not found
  (Session info: chrome=51.0.2704.84)
  (Driver info: chromedriver=2.19.346078 (6f1f0cde889532d48ce8242342d0b84f94b114a1),platform=Windows NT 6.1 SP1 x86_64) (WARNING: The server did not provide any stacktrace information)
Command duration or timeout: 3 milliseconds
Build info: version: &amp;apos;2.48.2&amp;apos;, revision: &amp;apos;41bccdd&amp;apos;, time: &amp;apos;2015-10-09 19:55:52&amp;apos;
System info: host: &amp;apos;Arun-pc&amp;apos;, ip: &amp;apos;192.2.200.122&amp;apos;, os.name: &amp;apos;Windows 7&amp;apos;, os.arch: &amp;apos;amd64&amp;apos;, os.version: &amp;apos;6.1&amp;apos;, java.version: &amp;apos;1.8.0_91&amp;apos;
Driver info: org.openqa.selenium.chrome.ChromeDriver
Capabilities [{applicationCacheEnabled=false, rotatable=false, mobileEmulationEnabled=false, chrome={userDataDir=C:\Users\Arun\AppData\Local\Temp\scoped_dir11040_28711}, takesHeapSnapshot=true, databaseEnabled=false, handlesAlerts=true, hasTouchScreen=false, version=51.0.2704.84, platform=XP, browserConnectionEnabled=false, nativeEvents=true, acceptSslCerts=true, locationContextEnabled=true, webStorageEnabled=true, browserName=chrome, takesScreenshot=true, javascriptEnabled=true, cssSelectorsEnabled=true}]
Session ID: 87aea3f272f5fa590ba3b4a4fff99f4e">
      <![CDATA[org.openqa.selenium.NoSuchWindowException: no such window: target window already closed
from unknown error: web view not found
  (Session info: chrome=51.0.2704.84)
  (Driver info: chromedriver=2.19.346078 (6f1f0cde889532d48ce8242342d0b84f94b114a1),platform=Windows NT 6.1 SP1 x86_64) (WARNING: The server did not provide any stacktrace information)
Command duration or timeout: 3 milliseconds
Build info: version: '2.48.2', revision: '41bccdd', time: '2015-10-09 19:55:52'
System info: host: 'Arun-pc', ip: '192.2.200.122', os.name: 'Windows 7', os.arch: 'amd64', os.version: '6.1', java.version: '1.8.0_91'
Driver info: org.openqa.selenium.chrome.ChromeDriver
Capabilities [{applicationCacheEnabled=false, rotatable=false, mobileEmulationEnabled=false, chrome={userDataDir=C:\Users\Arun\AppData\Local\Temp\scoped_dir11040_28711}, takesHeapSnapshot=true, databaseEnabled=false, handlesAlerts=true, hasTouchScreen=false, version=51.0.2704.84, platform=XP, browserConnectionEnabled=false, nativeEvents=true, acceptSslCerts=true, locationContextEnabled=true, webStorageEnabled=true, browserName=chrome, takesScreenshot=true, javascriptEnabled=true, cssSelectorsEnabled=true}]
Session ID: 87aea3f272f5fa590ba3b4a4fff99f4e
	at org.openqa.selenium.remote.ErrorHandler.createThrowable(ErrorHandler.java:206)
	at org.openqa.selenium.remote.ErrorHandler.throwIfResponseFailed(ErrorHandler.java:158)
	at org.openqa.selenium.remote.RemoteWebDriver.execute(RemoteWebDriver.java:647)
	at org.openqa.selenium.remote.RemoteWebDriver.get(RemoteWebDriver.java:311)
	at fotf_Testcase.AboutusPage_PageEditor_SixItem.LoginSitecore(AboutusPage_PageEditor_SixItem.java:21)
... Removed 28 stack frames]]>
    </failure>
  </testcase> <!-- @BeforeMethod LoginSitecore -->
  <testcase name="@AfterMethod LogoutSitecore" time="0.0" classname="fotf_Testcase.AboutusPage_PageEditor_SixItem">
    <skipped/>
  </testcase> <!-- @AfterMethod LogoutSitecore -->
  <testcase name="@BeforeMethod LoginSitecore" time="0.0" classname="fotf_Testcase.AboutusPage_PageEditor_SixItem">
    <skipped/>
  </testcase> <!-- @BeforeMethod LoginSitecore -->
  <testcase name="@AfterMethod LogoutSitecore" time="0.0" classname="fotf_Testcase.AboutusPage_PageEditor_SixItem">
    <skipped/>
  </testcase> <!-- @AfterMethod LogoutSitecore -->
  <testcase name="@BeforeMethod LoginSitecore" time="0.0" classname="fotf_Testcase.AboutusPage_PageEditor_SixItem">
    <skipped/>
  </testcase> <!-- @BeforeMethod LoginSitecore -->
  <testcase name="@AfterMethod LogoutSitecore" time="0.0" classname="fotf_Testcase.AboutusPage_PageEditor_SixItem">
    <skipped/>
  </testcase> <!-- @AfterMethod LogoutSitecore -->
  <testcase name="@BeforeMethod LoginSitecore" time="0.0" classname="fotf_Testcase.AboutusPage_PageEditor_SixItem">
    <skipped/>
  </testcase> <!-- @BeforeMethod LoginSitecore -->
  <testcase name="@AfterMethod LogoutSitecore" time="0.0" classname="fotf_Testcase.AboutusPage_PageEditor_SixItem">
    <skipped/>
  </testcase> <!-- @AfterMethod LogoutSitecore -->
  <testcase name="@BeforeMethod LoginSitecore" time="0.0" classname="fotf_Testcase.AboutusPage_PageEditor_Header">
    <failure type="org.openqa.selenium.NoSuchWindowException" message="no such window: target window already closed
from unknown error: web view not found
  (Session info: chrome=51.0.2704.84)
  (Driver info: chromedriver=2.19.346078 (6f1f0cde889532d48ce8242342d0b84f94b114a1),platform=Windows NT 6.1 SP1 x86_64) (WARNING: The server did not provide any stacktrace information)
Command duration or timeout: 2 milliseconds
Build info: version: &amp;apos;2.48.2&amp;apos;, revision: &amp;apos;41bccdd&amp;apos;, time: &amp;apos;2015-10-09 19:55:52&amp;apos;
System info: host: &amp;apos;Arun-pc&amp;apos;, ip: &amp;apos;192.2.200.122&amp;apos;, os.name: &amp;apos;Windows 7&amp;apos;, os.arch: &amp;apos;amd64&amp;apos;, os.version: &amp;apos;6.1&amp;apos;, java.version: &amp;apos;1.8.0_91&amp;apos;
Driver info: org.openqa.selenium.chrome.ChromeDriver
Capabilities [{applicationCacheEnabled=false, rotatable=false, mobileEmulationEnabled=false, chrome={userDataDir=C:\Users\Arun\AppData\Local\Temp\scoped_dir11040_28711}, takesHeapSnapshot=true, databaseEnabled=false, handlesAlerts=true, hasTouchScreen=false, version=51.0.2704.84, platform=XP, browserConnectionEnabled=false, nativeEvents=true, acceptSslCerts=true, locationContextEnabled=true, webStorageEnabled=true, browserName=chrome, takesScreenshot=true, javascriptEnabled=true, cssSelectorsEnabled=true}]
Session ID: 87aea3f272f5fa590ba3b4a4fff99f4e">
      <![CDATA[org.openqa.selenium.NoSuchWindowException: no such window: target window already closed
from unknown error: web view not found
  (Session info: chrome=51.0.2704.84)
  (Driver info: chromedriver=2.19.346078 (6f1f0cde889532d48ce8242342d0b84f94b114a1),platform=Windows NT 6.1 SP1 x86_64) (WARNING: The server did not provide any stacktrace information)
Command duration or timeout: 2 milliseconds
Build info: version: '2.48.2', revision: '41bccdd', time: '2015-10-09 19:55:52'
System info: host: 'Arun-pc', ip: '192.2.200.122', os.name: 'Windows 7', os.arch: 'amd64', os.version: '6.1', java.version: '1.8.0_91'
Driver info: org.openqa.selenium.chrome.ChromeDriver
Capabilities [{applicationCacheEnabled=false, rotatable=false, mobileEmulationEnabled=false, chrome={userDataDir=C:\Users\Arun\AppData\Local\Temp\scoped_dir11040_28711}, takesHeapSnapshot=true, databaseEnabled=false, handlesAlerts=true, hasTouchScreen=false, version=51.0.2704.84, platform=XP, browserConnectionEnabled=false, nativeEvents=true, acceptSslCerts=true, locationContextEnabled=true, webStorageEnabled=true, browserName=chrome, takesScreenshot=true, javascriptEnabled=true, cssSelectorsEnabled=true}]
Session ID: 87aea3f272f5fa590ba3b4a4fff99f4e
	at org.openqa.selenium.remote.ErrorHandler.createThrowable(ErrorHandler.java:206)
	at org.openqa.selenium.remote.ErrorHandler.throwIfResponseFailed(ErrorHandler.java:158)
	at org.openqa.selenium.remote.RemoteWebDriver.execute(RemoteWebDriver.java:647)
	at org.openqa.selenium.remote.RemoteWebDriver.get(RemoteWebDriver.java:311)
	at fotf_Testcase.AboutusPage_PageEditor_Header.LoginSitecore(AboutusPage_PageEditor_Header.java:21)
... Removed 28 stack frames]]>
    </failure>
  </testcase> <!-- @BeforeMethod LoginSitecore -->
  <testcase name="@AfterMethod LogoutSitecore" time="0.0" classname="fotf_Testcase.AboutusPage_PageEditor_Header">
    <skipped/>
  </testcase> <!-- @AfterMethod LogoutSitecore -->
  <testcase name="@BeforeMethod LoginSitecore" time="0.0" classname="fotf_Testcase.AboutusPage_PageEditor_Header">
    <skipped/>
  </testcase> <!-- @BeforeMethod LoginSitecore -->
  <testcase name="@AfterMethod LogoutSitecore" time="0.0" classname="fotf_Testcase.AboutusPage_PageEditor_Header">
    <skipped/>
  </testcase> <!-- @AfterMethod LogoutSitecore -->
  <testcase name="@BeforeMethod LoginSitecore" time="0.0" classname="fotf_Testcase.AboutusPage_PageEditor_Header">
    <skipped/>
  </testcase> <!-- @BeforeMethod LoginSitecore -->
  <testcase name="@AfterMethod LogoutSitecore" time="0.0" classname="fotf_Testcase.AboutusPage_PageEditor_Header">
    <skipped/>
  </testcase> <!-- @AfterMethod LogoutSitecore -->
  <testcase name="@BeforeMethod LoginSitecore" time="0.0" classname="fotf_Testcase.AboutusPage_PageEditor_Header">
    <skipped/>
  </testcase> <!-- @BeforeMethod LoginSitecore -->
  <testcase name="@AfterMethod LogoutSitecore" time="0.0" classname="fotf_Testcase.AboutusPage_PageEditor_Header">
    <skipped/>
  </testcase> <!-- @AfterMethod LogoutSitecore -->
  <testcase name="@BeforeMethod LoginSitecore" time="0.0" classname="fotf_Testcase.AboutusPage_PageEditor_Header">
    <skipped/>
  </testcase> <!-- @BeforeMethod LoginSitecore -->
  <testcase name="@AfterMethod LogoutSitecore" time="0.0" classname="fotf_Testcase.AboutusPage_PageEditor_Header">
    <skipped/>
  </testcase> <!-- @AfterMethod LogoutSitecore -->
  <testcase name="@BeforeMethod LoginSitecore" time="0.0" classname="fotf_Testcase.AboutusPage_PageEditor_Article">
    <failure type="org.openqa.selenium.NoSuchWindowException" message="no such window: target window already closed
from unknown error: web view not found
  (Session info: chrome=51.0.2704.84)
  (Driver info: chromedriver=2.19.346078 (6f1f0cde889532d48ce8242342d0b84f94b114a1),platform=Windows NT 6.1 SP1 x86_64) (WARNING: The server did not provide any stacktrace information)
Command duration or timeout: 2 milliseconds
Build info: version: &amp;apos;2.48.2&amp;apos;, revision: &amp;apos;41bccdd&amp;apos;, time: &amp;apos;2015-10-09 19:55:52&amp;apos;
System info: host: &amp;apos;Arun-pc&amp;apos;, ip: &amp;apos;192.2.200.122&amp;apos;, os.name: &amp;apos;Windows 7&amp;apos;, os.arch: &amp;apos;amd64&amp;apos;, os.version: &amp;apos;6.1&amp;apos;, java.version: &amp;apos;1.8.0_91&amp;apos;
Driver info: org.openqa.selenium.chrome.ChromeDriver
Capabilities [{applicationCacheEnabled=false, rotatable=false, mobileEmulationEnabled=false, chrome={userDataDir=C:\Users\Arun\AppData\Local\Temp\scoped_dir11040_28711}, takesHeapSnapshot=true, databaseEnabled=false, handlesAlerts=true, hasTouchScreen=false, version=51.0.2704.84, platform=XP, browserConnectionEnabled=false, nativeEvents=true, acceptSslCerts=true, locationContextEnabled=true, webStorageEnabled=true, browserName=chrome, takesScreenshot=true, javascriptEnabled=true, cssSelectorsEnabled=true}]
Session ID: 87aea3f272f5fa590ba3b4a4fff99f4e">
      <![CDATA[org.openqa.selenium.NoSuchWindowException: no such window: target window already closed
from unknown error: web view not found
  (Session info: chrome=51.0.2704.84)
  (Driver info: chromedriver=2.19.346078 (6f1f0cde889532d48ce8242342d0b84f94b114a1),platform=Windows NT 6.1 SP1 x86_64) (WARNING: The server did not provide any stacktrace information)
Command duration or timeout: 2 milliseconds
Build info: version: '2.48.2', revision: '41bccdd', time: '2015-10-09 19:55:52'
System info: host: 'Arun-pc', ip: '192.2.200.122', os.name: 'Windows 7', os.arch: 'amd64', os.version: '6.1', java.version: '1.8.0_91'
Driver info: org.openqa.selenium.chrome.ChromeDriver
Capabilities [{applicationCacheEnabled=false, rotatable=false, mobileEmulationEnabled=false, chrome={userDataDir=C:\Users\Arun\AppData\Local\Temp\scoped_dir11040_28711}, takesHeapSnapshot=true, databaseEnabled=false, handlesAlerts=true, hasTouchScreen=false, version=51.0.2704.84, platform=XP, browserConnectionEnabled=false, nativeEvents=true, acceptSslCerts=true, locationContextEnabled=true, webStorageEnabled=true, browserName=chrome, takesScreenshot=true, javascriptEnabled=true, cssSelectorsEnabled=true}]
Session ID: 87aea3f272f5fa590ba3b4a4fff99f4e
	at org.openqa.selenium.remote.ErrorHandler.createThrowable(ErrorHandler.java:206)
	at org.openqa.selenium.remote.ErrorHandler.throwIfResponseFailed(ErrorHandler.java:158)
	at org.openqa.selenium.remote.RemoteWebDriver.execute(RemoteWebDriver.java:647)
	at org.openqa.selenium.remote.RemoteWebDriver.get(RemoteWebDriver.java:311)
	at fotf_Testcase.AboutusPage_PageEditor_Article.LoginSitecore(AboutusPage_PageEditor_Article.java:21)
... Removed 28 stack frames]]>
    </failure>
  </testcase> <!-- @BeforeMethod LoginSitecore -->
  <testcase name="@AfterMethod LogoutSitecore" time="0.0" classname="fotf_Testcase.AboutusPage_PageEditor_Article">
    <skipped/>
  </testcase> <!-- @AfterMethod LogoutSitecore -->
  <testcase name="@BeforeMethod LoginSitecore" time="0.0" classname="fotf_Testcase.AboutusPage_PageEditor_Article">
    <skipped/>
  </testcase> <!-- @BeforeMethod LoginSitecore -->
  <testcase name="@AfterMethod LogoutSitecore" time="0.0" classname="fotf_Testcase.AboutusPage_PageEditor_Article">
    <skipped/>
  </testcase> <!-- @AfterMethod LogoutSitecore -->
  <testcase name="@BeforeMethod LoginSitecore" time="0.0" classname="fotf_Testcase.AboutusPage_PageEditor_Article">
    <skipped/>
  </testcase> <!-- @BeforeMethod LoginSitecore -->
  <testcase name="@AfterMethod LogoutSitecore" time="0.0" classname="fotf_Testcase.AboutusPage_PageEditor_Article">
    <skipped/>
  </testcase> <!-- @AfterMethod LogoutSitecore -->
  <testcase name="@BeforeMethod LoginSitecore" time="0.0" classname="fotf_Testcase.AboutusPage_PageEditor_Article">
    <skipped/>
  </testcase> <!-- @BeforeMethod LoginSitecore -->
  <testcase name="@AfterMethod LogoutSitecore" time="0.0" classname="fotf_Testcase.AboutusPage_PageEditor_Article">
    <skipped/>
  </testcase> <!-- @AfterMethod LogoutSitecore -->
  <testcase name="@BeforeMethod LoginSitecore" time="0.0" classname="fotf_Testcase.AboutusPage_PageEditor_Showhide">
    <failure type="org.openqa.selenium.NoSuchWindowException" message="no such window: target window already closed
from unknown error: web view not found
  (Session info: chrome=51.0.2704.84)
  (Driver info: chromedriver=2.19.346078 (6f1f0cde889532d48ce8242342d0b84f94b114a1),platform=Windows NT 6.1 SP1 x86_64) (WARNING: The server did not provide any stacktrace information)
Command duration or timeout: 2 milliseconds
Build info: version: &amp;apos;2.48.2&amp;apos;, revision: &amp;apos;41bccdd&amp;apos;, time: &amp;apos;2015-10-09 19:55:52&amp;apos;
System info: host: &amp;apos;Arun-pc&amp;apos;, ip: &amp;apos;192.2.200.122&amp;apos;, os.name: &amp;apos;Windows 7&amp;apos;, os.arch: &amp;apos;amd64&amp;apos;, os.version: &amp;apos;6.1&amp;apos;, java.version: &amp;apos;1.8.0_91&amp;apos;
Driver info: org.openqa.selenium.chrome.ChromeDriver
Capabilities [{applicationCacheEnabled=false, rotatable=false, mobileEmulationEnabled=false, chrome={userDataDir=C:\Users\Arun\AppData\Local\Temp\scoped_dir11040_28711}, takesHeapSnapshot=true, databaseEnabled=false, handlesAlerts=true, hasTouchScreen=false, version=51.0.2704.84, platform=XP, browserConnectionEnabled=false, nativeEvents=true, acceptSslCerts=true, locationContextEnabled=true, webStorageEnabled=true, browserName=chrome, takesScreenshot=true, javascriptEnabled=true, cssSelectorsEnabled=true}]
Session ID: 87aea3f272f5fa590ba3b4a4fff99f4e">
      <![CDATA[org.openqa.selenium.NoSuchWindowException: no such window: target window already closed
from unknown error: web view not found
  (Session info: chrome=51.0.2704.84)
  (Driver info: chromedriver=2.19.346078 (6f1f0cde889532d48ce8242342d0b84f94b114a1),platform=Windows NT 6.1 SP1 x86_64) (WARNING: The server did not provide any stacktrace information)
Command duration or timeout: 2 milliseconds
Build info: version: '2.48.2', revision: '41bccdd', time: '2015-10-09 19:55:52'
System info: host: 'Arun-pc', ip: '192.2.200.122', os.name: 'Windows 7', os.arch: 'amd64', os.version: '6.1', java.version: '1.8.0_91'
Driver info: org.openqa.selenium.chrome.ChromeDriver
Capabilities [{applicationCacheEnabled=false, rotatable=false, mobileEmulationEnabled=false, chrome={userDataDir=C:\Users\Arun\AppData\Local\Temp\scoped_dir11040_28711}, takesHeapSnapshot=true, databaseEnabled=false, handlesAlerts=true, hasTouchScreen=false, version=51.0.2704.84, platform=XP, browserConnectionEnabled=false, nativeEvents=true, acceptSslCerts=true, locationContextEnabled=true, webStorageEnabled=true, browserName=chrome, takesScreenshot=true, javascriptEnabled=true, cssSelectorsEnabled=true}]
Session ID: 87aea3f272f5fa590ba3b4a4fff99f4e
	at org.openqa.selenium.remote.ErrorHandler.createThrowable(ErrorHandler.java:206)
	at org.openqa.selenium.remote.ErrorHandler.throwIfResponseFailed(ErrorHandler.java:158)
	at org.openqa.selenium.remote.RemoteWebDriver.execute(RemoteWebDriver.java:647)
	at org.openqa.selenium.remote.RemoteWebDriver.get(RemoteWebDriver.java:311)
	at fotf_Testcase.AboutusPage_PageEditor_Showhide.LoginSitecore(AboutusPage_PageEditor_Showhide.java:21)
... Removed 28 stack frames]]>
    </failure>
  </testcase> <!-- @BeforeMethod LoginSitecore -->
  <testcase name="@AfterMethod LogoutSitecore" time="0.0" classname="fotf_Testcase.AboutusPage_PageEditor_Showhide">
    <skipped/>
  </testcase> <!-- @AfterMethod LogoutSitecore -->
  <testcase name="@BeforeMethod LoginSitecore" time="0.0" classname="fotf_Testcase.AboutusPage_PageEditor_Showhide">
    <skipped/>
  </testcase> <!-- @BeforeMethod LoginSitecore -->
  <testcase name="@AfterMethod LogoutSitecore" time="0.0" classname="fotf_Testcase.AboutusPage_PageEditor_Showhide">
    <skipped/>
  </testcase> <!-- @AfterMethod LogoutSitecore -->
  <testcase name="@BeforeMethod LoginSitecore" time="0.0" classname="fotf_Testcase.AboutusPage_PageEditor_Showhide">
    <skipped/>
  </testcase> <!-- @BeforeMethod LoginSitecore -->
  <testcase name="@AfterMethod LogoutSitecore" time="0.0" classname="fotf_Testcase.AboutusPage_PageEditor_Showhide">
    <skipped/>
  </testcase> <!-- @AfterMethod LogoutSitecore -->
  <testcase name="@BeforeMethod LoginSitecore" time="0.0" classname="fotf_Testcase.AboutusPage_PageEditor_Timeline">
    <failure type="org.openqa.selenium.NoSuchWindowException" message="no such window: target window already closed
from unknown error: web view not found
  (Session info: chrome=51.0.2704.84)
  (Driver info: chromedriver=2.19.346078 (6f1f0cde889532d48ce8242342d0b84f94b114a1),platform=Windows NT 6.1 SP1 x86_64) (WARNING: The server did not provide any stacktrace information)
Command duration or timeout: 3 milliseconds
Build info: version: &amp;apos;2.48.2&amp;apos;, revision: &amp;apos;41bccdd&amp;apos;, time: &amp;apos;2015-10-09 19:55:52&amp;apos;
System info: host: &amp;apos;Arun-pc&amp;apos;, ip: &amp;apos;192.2.200.122&amp;apos;, os.name: &amp;apos;Windows 7&amp;apos;, os.arch: &amp;apos;amd64&amp;apos;, os.version: &amp;apos;6.1&amp;apos;, java.version: &amp;apos;1.8.0_91&amp;apos;
Driver info: org.openqa.selenium.chrome.ChromeDriver
Capabilities [{applicationCacheEnabled=false, rotatable=false, mobileEmulationEnabled=false, chrome={userDataDir=C:\Users\Arun\AppData\Local\Temp\scoped_dir11040_28711}, takesHeapSnapshot=true, databaseEnabled=false, handlesAlerts=true, hasTouchScreen=false, version=51.0.2704.84, platform=XP, browserConnectionEnabled=false, nativeEvents=true, acceptSslCerts=true, locationContextEnabled=true, webStorageEnabled=true, browserName=chrome, takesScreenshot=true, javascriptEnabled=true, cssSelectorsEnabled=true}]
Session ID: 87aea3f272f5fa590ba3b4a4fff99f4e">
      <![CDATA[org.openqa.selenium.NoSuchWindowException: no such window: target window already closed
from unknown error: web view not found
  (Session info: chrome=51.0.2704.84)
  (Driver info: chromedriver=2.19.346078 (6f1f0cde889532d48ce8242342d0b84f94b114a1),platform=Windows NT 6.1 SP1 x86_64) (WARNING: The server did not provide any stacktrace information)
Command duration or timeout: 3 milliseconds
Build info: version: '2.48.2', revision: '41bccdd', time: '2015-10-09 19:55:52'
System info: host: 'Arun-pc', ip: '192.2.200.122', os.name: 'Windows 7', os.arch: 'amd64', os.version: '6.1', java.version: '1.8.0_91'
Driver info: org.openqa.selenium.chrome.ChromeDriver
Capabilities [{applicationCacheEnabled=false, rotatable=false, mobileEmulationEnabled=false, chrome={userDataDir=C:\Users\Arun\AppData\Local\Temp\scoped_dir11040_28711}, takesHeapSnapshot=true, databaseEnabled=false, handlesAlerts=true, hasTouchScreen=false, version=51.0.2704.84, platform=XP, browserConnectionEnabled=false, nativeEvents=true, acceptSslCerts=true, locationContextEnabled=true, webStorageEnabled=true, browserName=chrome, takesScreenshot=true, javascriptEnabled=true, cssSelectorsEnabled=true}]
Session ID: 87aea3f272f5fa590ba3b4a4fff99f4e
	at org.openqa.selenium.remote.ErrorHandler.createThrowable(ErrorHandler.java:206)
	at org.openqa.selenium.remote.ErrorHandler.throwIfResponseFailed(ErrorHandler.java:158)
	at org.openqa.selenium.remote.RemoteWebDriver.execute(RemoteWebDriver.java:647)
	at org.openqa.selenium.remote.RemoteWebDriver.get(RemoteWebDriver.java:311)
	at fotf_Testcase.AboutusPage_PageEditor_Timeline.LoginSitecore(AboutusPage_PageEditor_Timeline.java:21)
... Removed 28 stack frames]]>
    </failure>
  </testcase> <!-- @BeforeMethod LoginSitecore -->
  <testcase name="@AfterMethod LogoutSitecore" time="0.0" classname="fotf_Testcase.AboutusPage_PageEditor_Timeline">
    <skipped/>
  </testcase> <!-- @AfterMethod LogoutSitecore -->
  <testcase name="@BeforeMethod LoginSitecore" time="0.0" classname="fotf_Testcase.AboutusPage_PageEditor_PageComponentHeader">
    <failure type="org.openqa.selenium.NoSuchWindowException" message="no such window: target window already closed
from unknown error: web view not found
  (Session info: chrome=51.0.2704.84)
  (Driver info: chromedriver=2.19.346078 (6f1f0cde889532d48ce8242342d0b84f94b114a1),platform=Windows NT 6.1 SP1 x86_64) (WARNING: The server did not provide any stacktrace information)
Command duration or timeout: 2 milliseconds
Build info: version: &amp;apos;2.48.2&amp;apos;, revision: &amp;apos;41bccdd&amp;apos;, time: &amp;apos;2015-10-09 19:55:52&amp;apos;
System info: host: &amp;apos;Arun-pc&amp;apos;, ip: &amp;apos;192.2.200.122&amp;apos;, os.name: &amp;apos;Windows 7&amp;apos;, os.arch: &amp;apos;amd64&amp;apos;, os.version: &amp;apos;6.1&amp;apos;, java.version: &amp;apos;1.8.0_91&amp;apos;
Driver info: org.openqa.selenium.chrome.ChromeDriver
Capabilities [{applicationCacheEnabled=false, rotatable=false, mobileEmulationEnabled=false, chrome={userDataDir=C:\Users\Arun\AppData\Local\Temp\scoped_dir11040_28711}, takesHeapSnapshot=true, databaseEnabled=false, handlesAlerts=true, hasTouchScreen=false, version=51.0.2704.84, platform=XP, browserConnectionEnabled=false, nativeEvents=true, acceptSslCerts=true, locationContextEnabled=true, webStorageEnabled=true, browserName=chrome, takesScreenshot=true, javascriptEnabled=true, cssSelectorsEnabled=true}]
Session ID: 87aea3f272f5fa590ba3b4a4fff99f4e">
      <![CDATA[org.openqa.selenium.NoSuchWindowException: no such window: target window already closed
from unknown error: web view not found
  (Session info: chrome=51.0.2704.84)
  (Driver info: chromedriver=2.19.346078 (6f1f0cde889532d48ce8242342d0b84f94b114a1),platform=Windows NT 6.1 SP1 x86_64) (WARNING: The server did not provide any stacktrace information)
Command duration or timeout: 2 milliseconds
Build info: version: '2.48.2', revision: '41bccdd', time: '2015-10-09 19:55:52'
System info: host: 'Arun-pc', ip: '192.2.200.122', os.name: 'Windows 7', os.arch: 'amd64', os.version: '6.1', java.version: '1.8.0_91'
Driver info: org.openqa.selenium.chrome.ChromeDriver
Capabilities [{applicationCacheEnabled=false, rotatable=false, mobileEmulationEnabled=false, chrome={userDataDir=C:\Users\Arun\AppData\Local\Temp\scoped_dir11040_28711}, takesHeapSnapshot=true, databaseEnabled=false, handlesAlerts=true, hasTouchScreen=false, version=51.0.2704.84, platform=XP, browserConnectionEnabled=false, nativeEvents=true, acceptSslCerts=true, locationContextEnabled=true, webStorageEnabled=true, browserName=chrome, takesScreenshot=true, javascriptEnabled=true, cssSelectorsEnabled=true}]
Session ID: 87aea3f272f5fa590ba3b4a4fff99f4e
	at org.openqa.selenium.remote.ErrorHandler.createThrowable(ErrorHandler.java:206)
	at org.openqa.selenium.remote.ErrorHandler.throwIfResponseFailed(ErrorHandler.java:158)
	at org.openqa.selenium.remote.RemoteWebDriver.execute(RemoteWebDriver.java:647)
	at org.openqa.selenium.remote.RemoteWebDriver.get(RemoteWebDriver.java:311)
	at fotf_Testcase.AboutusPage_PageEditor_PageComponentHeader.LoginSitecore(AboutusPage_PageEditor_PageComponentHeader.java:25)
... Removed 28 stack frames]]>
    </failure>
  </testcase> <!-- @BeforeMethod LoginSitecore -->
  <testcase name="@AfterMethod LogoutSitecore" time="0.0" classname="fotf_Testcase.AboutusPage_PageEditor_PageComponentHeader">
    <skipped/>
  </testcase> <!-- @AfterMethod LogoutSitecore -->
  <testcase name="@BeforeMethod LoginSitecore" time="0.0" classname="fotf_Testcase.AboutusPage_PageEditor_CustomInitiative">
    <failure type="org.openqa.selenium.NoSuchWindowException" message="no such window: target window already closed
from unknown error: web view not found
  (Session info: chrome=51.0.2704.84)
  (Driver info: chromedriver=2.19.346078 (6f1f0cde889532d48ce8242342d0b84f94b114a1),platform=Windows NT 6.1 SP1 x86_64) (WARNING: The server did not provide any stacktrace information)
Command duration or timeout: 2 milliseconds
Build info: version: &amp;apos;2.48.2&amp;apos;, revision: &amp;apos;41bccdd&amp;apos;, time: &amp;apos;2015-10-09 19:55:52&amp;apos;
System info: host: &amp;apos;Arun-pc&amp;apos;, ip: &amp;apos;192.2.200.122&amp;apos;, os.name: &amp;apos;Windows 7&amp;apos;, os.arch: &amp;apos;amd64&amp;apos;, os.version: &amp;apos;6.1&amp;apos;, java.version: &amp;apos;1.8.0_91&amp;apos;
Driver info: org.openqa.selenium.chrome.ChromeDriver
Capabilities [{applicationCacheEnabled=false, rotatable=false, mobileEmulationEnabled=false, chrome={userDataDir=C:\Users\Arun\AppData\Local\Temp\scoped_dir11040_28711}, takesHeapSnapshot=true, databaseEnabled=false, handlesAlerts=true, hasTouchScreen=false, version=51.0.2704.84, platform=XP, browserConnectionEnabled=false, nativeEvents=true, acceptSslCerts=true, locationContextEnabled=true, webStorageEnabled=true, browserName=chrome, takesScreenshot=true, javascriptEnabled=true, cssSelectorsEnabled=true}]
Session ID: 87aea3f272f5fa590ba3b4a4fff99f4e">
      <![CDATA[org.openqa.selenium.NoSuchWindowException: no such window: target window already closed
from unknown error: web view not found
  (Session info: chrome=51.0.2704.84)
  (Driver info: chromedriver=2.19.346078 (6f1f0cde889532d48ce8242342d0b84f94b114a1),platform=Windows NT 6.1 SP1 x86_64) (WARNING: The server did not provide any stacktrace information)
Command duration or timeout: 2 milliseconds
Build info: version: '2.48.2', revision: '41bccdd', time: '2015-10-09 19:55:52'
System info: host: 'Arun-pc', ip: '192.2.200.122', os.name: 'Windows 7', os.arch: 'amd64', os.version: '6.1', java.version: '1.8.0_91'
Driver info: org.openqa.selenium.chrome.ChromeDriver
Capabilities [{applicationCacheEnabled=false, rotatable=false, mobileEmulationEnabled=false, chrome={userDataDir=C:\Users\Arun\AppData\Local\Temp\scoped_dir11040_28711}, takesHeapSnapshot=true, databaseEnabled=false, handlesAlerts=true, hasTouchScreen=false, version=51.0.2704.84, platform=XP, browserConnectionEnabled=false, nativeEvents=true, acceptSslCerts=true, locationContextEnabled=true, webStorageEnabled=true, browserName=chrome, takesScreenshot=true, javascriptEnabled=true, cssSelectorsEnabled=true}]
Session ID: 87aea3f272f5fa590ba3b4a4fff99f4e
	at org.openqa.selenium.remote.ErrorHandler.createThrowable(ErrorHandler.java:206)
	at org.openqa.selenium.remote.ErrorHandler.throwIfResponseFailed(ErrorHandler.java:158)
	at org.openqa.selenium.remote.RemoteWebDriver.execute(RemoteWebDriver.java:647)
	at org.openqa.selenium.remote.RemoteWebDriver.get(RemoteWebDriver.java:311)
	at fotf_Testcase.AboutusPage_PageEditor_CustomInitiative.LoginSitecore(AboutusPage_PageEditor_CustomInitiative.java:27)
... Removed 28 stack frames]]>
    </failure>
  </testcase> <!-- @BeforeMethod LoginSitecore -->
  <testcase name="@AfterMethod LogoutSitecore" time="0.0" classname="fotf_Testcase.AboutusPage_PageEditor_CustomInitiative">
    <skipped/>
  </testcase> <!-- @AfterMethod LogoutSitecore -->
  <testcase name="@BeforeMethod LoginSitecore" time="0.0" classname="fotf_Testcase.AboutusPage_PageEditor_CustomInitiative">
    <skipped/>
  </testcase> <!-- @BeforeMethod LoginSitecore -->
  <testcase name="@AfterMethod LogoutSitecore" time="0.0" classname="fotf_Testcase.AboutusPage_PageEditor_CustomInitiative">
    <skipped/>
  </testcase> <!-- @AfterMethod LogoutSitecore -->
  <testcase name="@BeforeMethod LoginSitecore" time="0.0" classname="fotf_Testcase.AboutusPage_PageEditor_CustomInitiative">
    <skipped/>
  </testcase> <!-- @BeforeMethod LoginSitecore -->
  <testcase name="@AfterMethod LogoutSitecore" time="0.0" classname="fotf_Testcase.AboutusPage_PageEditor_CustomInitiative">
    <skipped/>
  </testcase> <!-- @AfterMethod LogoutSitecore -->
  <testcase name="@BeforeMethod LoginSitecore" time="0.0" classname="fotf_Testcase.AboutusPage_PageEditor_CustomInitiative">
    <skipped/>
  </testcase> <!-- @BeforeMethod LoginSitecore -->
  <testcase name="@AfterMethod LogoutSitecore" time="0.0" classname="fotf_Testcase.AboutusPage_PageEditor_CustomInitiative">
    <skipped/>
  </testcase> <!-- @AfterMethod LogoutSitecore -->
  <testcase name="@AfterTest closeDriver" time="0.0" classname="fotf_Testcase.AboutusPage_ContentEditor_OneItem">
    <skipped/>
  </testcase> <!-- @AfterTest closeDriver -->
  <testcase name="AboutUs_ImageOnRight" time="0.0" classname="fotf_Testcase.AboutusPage_ContentEditor_OneItem">
    <skipped/>
  </testcase> <!-- AboutUs_ImageOnRight -->
  <testcase name="AboutUs_ImageOnLeft" time="0.0" classname="fotf_Testcase.AboutusPage_ContentEditor_OneItem">
    <skipped/>
  </testcase> <!-- AboutUs_ImageOnLeft -->
  <testcase name="AboutUs_ButtonOnRight" time="0.001" classname="fotf_Testcase.AboutusPage_ContentEditor_OneItem">
    <skipped/>
  </testcase> <!-- AboutUs_ButtonOnRight -->
  <testcase name="AboutUs_ButtonOnLeft" time="0.0" classname="fotf_Testcase.AboutusPage_ContentEditor_OneItem">
    <skipped/>
  </testcase> <!-- AboutUs_ButtonOnLeft -->
  <testcase name="AboutUs_ButtonOnBottom" time="0.0" classname="fotf_Testcase.AboutusPage_ContentEditor_OneItem">
    <skipped/>
  </testcase> <!-- AboutUs_ButtonOnBottom -->
  <testcase name="AboutUs_LeftAlignedImageListItems" time="0.0" classname="fotf_Testcase.AboutusPage_ContentEditor_OneItem">
    <skipped/>
  </testcase> <!-- AboutUs_LeftAlignedImageListItems -->
  <testcase name="AboutUs_RightAlignedImageListItems" time="0.0" classname="fotf_Testcase.AboutusPage_ContentEditor_OneItem">
    <skipped/>
  </testcase> <!-- AboutUs_RightAlignedImageListItems -->
  <testcase name="AboutUs_IFrameOnRightAlignedImageListItems" time="0.0" classname="fotf_Testcase.AboutusPage_ContentEditor_OneItem">
    <skipped/>
  </testcase> <!-- AboutUs_IFrameOnRightAlignedImageListItems -->
  <testcase name="AboutUs_TwoItemsSideBySide" time="0.0" classname="fotf_Testcase.AboutusPage_ContentEditor_TwoItem">
    <skipped/>
  </testcase> <!-- AboutUs_TwoItemsSideBySide -->
  <testcase name="AboutUs_TwoItemsSideBySideCentered" time="0.0" classname="fotf_Testcase.AboutusPage_ContentEditor_TwoItem">
    <skipped/>
  </testcase> <!-- AboutUs_TwoItemsSideBySideCentered -->
  <testcase name="AboutUs_ThreeItemsThreeColumns" time="0.0" classname="fotf_Testcase.AboutusPage_ContentEditor_ThreeItem">
    <skipped/>
  </testcase> <!-- AboutUs_ThreeItemsThreeColumns -->
  <testcase name="AboutUs_ThreeItemsStackedImageLeft" time="0.0" classname="fotf_Testcase.AboutusPage_ContentEditor_ThreeItem">
    <skipped/>
  </testcase> <!-- AboutUs_ThreeItemsStackedImageLeft -->
  <testcase name="AboutUs_ThreeItemsThreeColumnsLinksOverlaid" time="0.0" classname="fotf_Testcase.AboutusPage_ContentEditor_ThreeItem">
    <skipped/>
  </testcase> <!-- AboutUs_ThreeItemsThreeColumnsLinksOverlaid -->
  <testcase name="AboutUs_FourItemsFourColumnsRectangle" time="0.0" classname="fotf_Testcase.AboutusPage_ContentEditor_FourItem">
    <skipped/>
  </testcase> <!-- AboutUs_FourItemsFourColumnsRectangle -->
  <testcase name="AboutUs_FourItemsWithInset" time="0.0" classname="fotf_Testcase.AboutusPage_ContentEditor_FourItem">
    <skipped/>
  </testcase> <!-- AboutUs_FourItemsWithInset -->
  <testcase name="AboutUs_FourItemsTwoColumns" time="0.0" classname="fotf_Testcase.AboutusPage_ContentEditor_FourItem">
    <skipped/>
  </testcase> <!-- AboutUs_FourItemsTwoColumns -->
  <testcase name="AboutUs_FourItemsFourColumnsSquare" time="0.0" classname="fotf_Testcase.AboutusPage_ContentEditor_FourItem">
    <skipped/>
  </testcase> <!-- AboutUs_FourItemsFourColumnsSquare -->
  <testcase name="AboutUs_FiveItemsFiveColumn" time="0.0" classname="fotf_Testcase.AboutusPage_ContentEditor_FiveItem">
    <skipped/>
  </testcase> <!-- AboutUs_FiveItemsFiveColumn -->
  <testcase name="AboutUs_FiveItems2x3" time="0.0" classname="fotf_Testcase.AboutusPage_ContentEditor_FiveItem">
    <skipped/>
  </testcase> <!-- AboutUs_FiveItems2x3 -->
  <testcase name="AboutUs_SixItemsThreeColumns" time="0.0" classname="fotf_Testcase.AboutusPage_ContentEditor_SixItem">
    <skipped/>
  </testcase> <!-- AboutUs_SixItemsThreeColumns -->
  <testcase name="AboutUs_SixItemsSixColumns" time="0.0" classname="fotf_Testcase.AboutusPage_ContentEditor_SixItem">
    <skipped/>
  </testcase> <!-- AboutUs_SixItemsSixColumns -->
  <testcase name="AboutUs_SixItemsSixColumnsWithText" time="0.0" classname="fotf_Testcase.AboutusPage_ContentEditor_SixItem">
    <skipped/>
  </testcase> <!-- AboutUs_SixItemsSixColumnsWithText -->
  <testcase name="AboutUs_SixItemsTwoColumns" time="0.0" classname="fotf_Testcase.AboutusPage_ContentEditor_SixItem">
    <skipped/>
  </testcase> <!-- AboutUs_SixItemsTwoColumns -->
  <testcase name="AboutUs_HeaderImageOnLeft" time="0.0" classname="fotf_Testcase.AboutusPage_ContentEditor_Header">
    <skipped/>
  </testcase> <!-- AboutUs_HeaderImageOnLeft -->
  <testcase name="AboutUs_HeaderImageOnRight" time="0.0" classname="fotf_Testcase.AboutusPage_ContentEditor_Header">
    <skipped/>
  </testcase> <!-- AboutUs_HeaderImageOnRight -->
  <testcase name="AboutUs_HeaderImageOnTop" time="0.0" classname="fotf_Testcase.AboutusPage_ContentEditor_Header">
    <skipped/>
  </testcase> <!-- AboutUs_HeaderImageOnTop -->
  <testcase name="AboutUs_HeaderVideoOnRight" time="0.0" classname="fotf_Testcase.AboutusPage_ContentEditor_Header">
    <skipped/>
  </testcase> <!-- AboutUs_HeaderVideoOnRight -->
  <testcase name="AboutUs_HeaderImageCarousel" time="0.0" classname="fotf_Testcase.AboutusPage_ContentEditor_Header">
    <skipped/>
  </testcase> <!-- AboutUs_HeaderImageCarousel -->
  <testcase name="AboutUs_Article" time="0.0" classname="fotf_Testcase.AboutusPage_ContentEditor_Article">
    <skipped/>
  </testcase> <!-- AboutUs_Article -->
  <testcase name="AboutUs_ArticlePublicationDate" time="0.0" classname="fotf_Testcase.AboutusPage_ContentEditor_Article">
    <skipped/>
  </testcase> <!-- AboutUs_ArticlePublicationDate -->
  <testcase name="AboutUs_ArticleIsFeatured" time="0.0" classname="fotf_Testcase.AboutusPage_ContentEditor_Article">
    <skipped/>
  </testcase> <!-- AboutUs_ArticleIsFeatured -->
  <testcase name="AboutUs_ShowHideImageLeft" time="0.0" classname="fotf_Testcase.AboutusPage_ContentEditor_Showhide">
    <skipped/>
  </testcase> <!-- AboutUs_ShowHideImageLeft -->
  <testcase name="AboutUs_ShowHideBasic" time="0.0" classname="fotf_Testcase.AboutusPage_ContentEditor_Showhide">
    <skipped/>
  </testcase> <!-- AboutUs_ShowHideBasic -->
  <testcase name="AboutUs_ShowHideBasicGroupByyear_Article" time="0.0" classname="fotf_Testcase.AboutusPage_ContentEditor_Showhide">
    <skipped/>
  </testcase> <!-- AboutUs_ShowHideBasicGroupByyear_Article -->
  <testcase name="AboutUs_TimeLine" time="0.0" classname="fotf_Testcase.AboutusPage_ContentEditor_Timeline">
    <skipped/>
  </testcase> <!-- AboutUs_TimeLine -->
  <testcase name="AboutUs_PageComponentHeader" time="0.0" classname="fotf_Testcase.AboutusPage_ContentEditor_PageComponentHeader">
    <skipped/>
  </testcase> <!-- AboutUs_PageComponentHeader -->
  <testcase name="Initiative_LeftHeroImage" time="0.0" classname="fotf_Testcase.AboutusPage_ContentEditor_CustomInitiative">
    <skipped/>
  </testcase> <!-- Initiative_LeftHeroImage -->
  <testcase name="Initiative_RightHeroImage" time="0.0" classname="fotf_Testcase.AboutusPage_ContentEditor_CustomInitiative">
    <skipped/>
  </testcase> <!-- Initiative_RightHeroImage -->
  <testcase name="Initiative_LeftHeroVideo" time="0.0" classname="fotf_Testcase.AboutusPage_ContentEditor_CustomInitiative">
    <skipped/>
  </testcase> <!-- Initiative_LeftHeroVideo -->
  <testcase name="Initiative_RightHeroVideo" time="0.0" classname="fotf_Testcase.AboutusPage_ContentEditor_CustomInitiative">
    <skipped/>
  </testcase> <!-- Initiative_RightHeroVideo -->
  <testcase name="AboutUs_ImageOnRight" time="0.0" classname="fotf_Testcase.AboutusPage_PageEditor_OneItem">
    <skipped/>
  </testcase> <!-- AboutUs_ImageOnRight -->
  <testcase name="AboutUs_ImageOnLeft" time="0.0" classname="fotf_Testcase.AboutusPage_PageEditor_OneItem">
    <skipped/>
  </testcase> <!-- AboutUs_ImageOnLeft -->
  <testcase name="AboutUs_ButtonOnRight" time="0.0" classname="fotf_Testcase.AboutusPage_PageEditor_OneItem">
    <skipped/>
  </testcase> <!-- AboutUs_ButtonOnRight -->
  <testcase name="AboutUs_ButtonOnLeft" time="0.0" classname="fotf_Testcase.AboutusPage_PageEditor_OneItem">
    <skipped/>
  </testcase> <!-- AboutUs_ButtonOnLeft -->
  <testcase name="AboutUs_ButtonOnBottom" time="0.0" classname="fotf_Testcase.AboutusPage_PageEditor_OneItem">
    <skipped/>
  </testcase> <!-- AboutUs_ButtonOnBottom -->
  <testcase name="AboutUs_LeftAlignedImageListItems" time="0.0" classname="fotf_Testcase.AboutusPage_PageEditor_OneItem">
    <skipped/>
  </testcase> <!-- AboutUs_LeftAlignedImageListItems -->
  <testcase name="AboutUs_RightAlignedImageListItems" time="0.0" classname="fotf_Testcase.AboutusPage_PageEditor_OneItem">
    <skipped/>
  </testcase> <!-- AboutUs_RightAlignedImageListItems -->
  <testcase name="AboutUs_IFrameOnRightAlignedImageListItems" time="0.0" classname="fotf_Testcase.AboutusPage_PageEditor_OneItem">
    <skipped/>
  </testcase> <!-- AboutUs_IFrameOnRightAlignedImageListItems -->
  <testcase name="AboutUs_TwoItemsSideBySide" time="0.0" classname="fotf_Testcase.AboutusPage_PageEditor_TwoItem">
    <skipped/>
  </testcase> <!-- AboutUs_TwoItemsSideBySide -->
  <testcase name="AboutUs_TwoItemsSideBySideCentered" time="0.0" classname="fotf_Testcase.AboutusPage_PageEditor_TwoItem">
    <skipped/>
  </testcase> <!-- AboutUs_TwoItemsSideBySideCentered -->
  <testcase name="AboutUs_ThreeItemsThreeColumns" time="0.0" classname="fotf_Testcase.AboutusPage_PageEditor_ThreeItem">
    <skipped/>
  </testcase> <!-- AboutUs_ThreeItemsThreeColumns -->
  <testcase name="AboutUs_ThreeItemsStackedImageLeft" time="0.0" classname="fotf_Testcase.AboutusPage_PageEditor_ThreeItem">
    <skipped/>
  </testcase> <!-- AboutUs_ThreeItemsStackedImageLeft -->
  <testcase name="AboutUs_ThreeItemsThreeColumnsLinksOverlaid" time="0.0" classname="fotf_Testcase.AboutusPage_PageEditor_ThreeItem">
    <skipped/>
  </testcase> <!-- AboutUs_ThreeItemsThreeColumnsLinksOverlaid -->
  <testcase name="AboutUs_FourItemsFourColumnsRectangle" time="0.0" classname="fotf_Testcase.AboutusPage_PageEditor_FourItem">
    <skipped/>
  </testcase> <!-- AboutUs_FourItemsFourColumnsRectangle -->
  <testcase name="AboutUs_FourItemsWithInset" time="0.0" classname="fotf_Testcase.AboutusPage_PageEditor_FourItem">
    <skipped/>
  </testcase> <!-- AboutUs_FourItemsWithInset -->
  <testcase name="AboutUs_FourItemsTwoColumns" time="0.0" classname="fotf_Testcase.AboutusPage_PageEditor_FourItem">
    <skipped/>
  </testcase> <!-- AboutUs_FourItemsTwoColumns -->
  <testcase name="AboutUs_FourItemsFourColumnsSquare" time="0.0" classname="fotf_Testcase.AboutusPage_PageEditor_FourItem">
    <skipped/>
  </testcase> <!-- AboutUs_FourItemsFourColumnsSquare -->
  <testcase name="AboutUs_FiveItemsFiveColumn" time="0.0" classname="fotf_Testcase.AboutusPage_PageEditor_FiveItem">
    <skipped/>
  </testcase> <!-- AboutUs_FiveItemsFiveColumn -->
  <testcase name="AboutUs_FiveItems2x3" time="0.0" classname="fotf_Testcase.AboutusPage_PageEditor_FiveItem">
    <skipped/>
  </testcase> <!-- AboutUs_FiveItems2x3 -->
  <testcase name="AboutUs_SixItemsThreeColumns" time="0.0" classname="fotf_Testcase.AboutusPage_PageEditor_SixItem">
    <skipped/>
  </testcase> <!-- AboutUs_SixItemsThreeColumns -->
  <testcase name="AboutUs_SixItemsSixColumns" time="0.0" classname="fotf_Testcase.AboutusPage_PageEditor_SixItem">
    <skipped/>
  </testcase> <!-- AboutUs_SixItemsSixColumns -->
  <testcase name="AboutUs_SixItemsSixColumnsWithText" time="0.0" classname="fotf_Testcase.AboutusPage_PageEditor_SixItem">
    <skipped/>
  </testcase> <!-- AboutUs_SixItemsSixColumnsWithText -->
  <testcase name="AboutUs_SixItemsTwoColumns" time="0.0" classname="fotf_Testcase.AboutusPage_PageEditor_SixItem">
    <skipped/>
  </testcase> <!-- AboutUs_SixItemsTwoColumns -->
  <testcase name="AboutUs_HeaderImageOnLeft" time="0.0" classname="fotf_Testcase.AboutusPage_PageEditor_Header">
    <skipped/>
  </testcase> <!-- AboutUs_HeaderImageOnLeft -->
  <testcase name="AboutUs_HeaderImageOnRight" time="0.0" classname="fotf_Testcase.AboutusPage_PageEditor_Header">
    <skipped/>
  </testcase> <!-- AboutUs_HeaderImageOnRight -->
  <testcase name="AboutUs_HeaderImageOnTop" time="0.0" classname="fotf_Testcase.AboutusPage_PageEditor_Header">
    <skipped/>
  </testcase> <!-- AboutUs_HeaderImageOnTop -->
  <testcase name="AboutUs_HeaderVideoOnRight" time="0.0" classname="fotf_Testcase.AboutusPage_PageEditor_Header">
    <skipped/>
  </testcase> <!-- AboutUs_HeaderVideoOnRight -->
  <testcase name="AboutUs_HeaderImageCarousel" time="0.001" classname="fotf_Testcase.AboutusPage_PageEditor_Header">
    <skipped/>
  </testcase> <!-- AboutUs_HeaderImageCarousel -->
  <testcase name="AboutUs_Article" time="0.0" classname="fotf_Testcase.AboutusPage_PageEditor_Article">
    <skipped/>
  </testcase> <!-- AboutUs_Article -->
  <testcase name="AboutUs_ArticlePublicationDate" time="0.0" classname="fotf_Testcase.AboutusPage_PageEditor_Article">
    <skipped/>
  </testcase> <!-- AboutUs_ArticlePublicationDate -->
  <testcase name="AboutUs_MergeArticleAndArticle" time="0.0" classname="fotf_Testcase.AboutusPage_PageEditor_Article">
    <skipped/>
  </testcase> <!-- AboutUs_MergeArticleAndArticle -->
  <testcase name="AboutUs_ArticleIsFeatured" time="0.0" classname="fotf_Testcase.AboutusPage_PageEditor_Article">
    <skipped/>
  </testcase> <!-- AboutUs_ArticleIsFeatured -->
  <testcase name="AboutUs_ShowHideImageLeft" time="0.0" classname="fotf_Testcase.AboutusPage_PageEditor_Showhide">
    <skipped/>
  </testcase> <!-- AboutUs_ShowHideImageLeft -->
  <testcase name="AboutUs_ShowHideBasic" time="0.0" classname="fotf_Testcase.AboutusPage_PageEditor_Showhide">
    <skipped/>
  </testcase> <!-- AboutUs_ShowHideBasic -->
  <testcase name="AboutUs_ShowHideBasicGroupByyear_Article" time="0.0" classname="fotf_Testcase.AboutusPage_PageEditor_Showhide">
    <skipped/>
  </testcase> <!-- AboutUs_ShowHideBasicGroupByyear_Article -->
  <testcase name="AboutUs_TimeLine" time="0.0" classname="fotf_Testcase.AboutusPage_PageEditor_Timeline">
    <skipped/>
  </testcase> <!-- AboutUs_TimeLine -->
  <testcase name="AboutUs_PageComponentHeader" time="0.0" classname="fotf_Testcase.AboutusPage_PageEditor_PageComponentHeader">
    <skipped/>
  </testcase> <!-- AboutUs_PageComponentHeader -->
  <testcase name="Initiative_LeftHeroImage" time="0.0" classname="fotf_Testcase.AboutusPage_PageEditor_CustomInitiative">
    <skipped/>
  </testcase> <!-- Initiative_LeftHeroImage -->
  <testcase name="Initiative_RightHeroImage" time="0.0" classname="fotf_Testcase.AboutusPage_PageEditor_CustomInitiative">
    <skipped/>
  </testcase> <!-- Initiative_RightHeroImage -->
  <testcase name="Initiative_LeftHeroVideo" time="0.0" classname="fotf_Testcase.AboutusPage_PageEditor_CustomInitiative">
    <skipped/>
  </testcase> <!-- Initiative_LeftHeroVideo -->
  <testcase name="Initiative_RightHeroVideo" time="0.0" classname="fotf_Testcase.AboutusPage_PageEditor_CustomInitiative">
    <skipped/>
  </testcase> <!-- Initiative_RightHeroVideo -->
</testsuite> <!-- Chrome -->
