<html>
<head>
<title>TestNG:  Chrome</title>
<link href="../testng.css" rel="stylesheet" type="text/css" />
<link href="../my-testng.css" rel="stylesheet" type="text/css" />

<style type="text/css">
.log { display: none;} 
.stack-trace { display: none;} 
</style>
<script type="text/javascript">
<!--
function flip(e) {
  current = e.style.display;
  if (current == 'block') {
    e.style.display = 'none';
    return 0;
  }
  else {
    e.style.display = 'block';
    return 1;
  }
}

function toggleBox(szDivId, elem, msg1, msg2)
{
  var res = -1;  if (document.getElementById) {
    res = flip(document.getElementById(szDivId));
  }
  else if (document.all) {
    // this is the way old msie versions work
    res = flip(document.all[szDivId]);
  }
  if(elem) {
    if(res == 0) elem.innerHTML = msg1; else elem.innerHTML = msg2;
  }

}

function toggleAllBoxes() {
  if (document.getElementsByTagName) {
    d = document.getElementsByTagName('div');
    for (i = 0; i < d.length; i++) {
      if (d[i].className == 'log') {
        flip(d[i]);
      }
    }
  }
}

// -->
</script>

</head>
<body>
<h2 align='center'>Chrome</h2><table border='1' align="center">
<tr>
<td>Tests passed/Failed/Skipped:</td><td>0/0/81</td>
</tr><tr>
<td>Started on:</td><td>Fri Jun 10 19:26:08 IST 2016</td>
</tr>
<tr><td>Total time:</td><td>8 seconds (8247 ms)</td>
</tr><tr>
<td>Included groups:</td><td></td>
</tr><tr>
<td>Excluded groups:</td><td></td>
</tr>
</table><p/>
<small><i>(Hover the method name to see the test class name)</i></small><p/>
<table width='100%' border='1' class='invocation-failed'>
<tr><td colspan='4' align='center'><b>FAILED CONFIGURATIONS</b></td></tr>
<tr><td><b>Test method</b></td>
<td width="30%"><b>Exception</b></td>
<td width="10%"><b>Time (seconds)</b></td>
<td><b>Instance</b></td>
</tr>
<tr>
<td title='fotf_Testcase.AboutusPage_ContentEditor_OneItem.LoginSitecore()'><b>LoginSitecore</b><br>Test class: fotf_Testcase.AboutusPage_ContentEditor_OneItem</td>
<td><div><pre>java.lang.NullPointerException
	at org.openqa.selenium.support.pagefactory.internal.LocatingElementHandler.invoke(LocatingElementHandler.java:51)
	at com.sun.proxy.$Proxy9.clear(Unknown Source)
	at fotf_Operations.Opr_Sitecore_AboutUs.loginSitecore(Opr_Sitecore_AboutUs.java:24)
	at fotf_Testcase.AboutusPage_ContentEditor_OneItem.LoginSitecore(AboutusPage_ContentEditor_OneItem.java:29)
... Removed 29 stack frames</pre></div><a href='#' onClick='toggleBox("stack-trace1428475041", this, "Click to show all stack frames", "Click to hide stack frames")'>Click to show all stack frames</a>
<div class='stack-trace' id='stack-trace1428475041'><pre>java.lang.NullPointerException
	at sun.reflect.NativeMethodAccessorImpl.invoke0(Native Method)
	at sun.reflect.NativeMethodAccessorImpl.invoke(Unknown Source)
	at sun.reflect.DelegatingMethodAccessorImpl.invoke(Unknown Source)
	at java.lang.reflect.Method.invoke(Unknown Source)
	at org.openqa.selenium.support.pagefactory.internal.LocatingElementHandler.invoke(LocatingElementHandler.java:51)
	at com.sun.proxy.$Proxy9.clear(Unknown Source)
	at fotf_Operations.Opr_Sitecore_AboutUs.loginSitecore(Opr_Sitecore_AboutUs.java:24)
	at fotf_Testcase.AboutusPage_ContentEditor_OneItem.LoginSitecore(AboutusPage_ContentEditor_OneItem.java:29)
	at sun.reflect.NativeMethodAccessorImpl.invoke0(Native Method)
	at sun.reflect.NativeMethodAccessorImpl.invoke(Unknown Source)
	at sun.reflect.DelegatingMethodAccessorImpl.invoke(Unknown Source)
	at java.lang.reflect.Method.invoke(Unknown Source)
	at org.testng.internal.MethodInvocationHelper.invokeMethod(MethodInvocationHelper.java:85)
	at org.testng.internal.Invoker.invokeConfigurationMethod(Invoker.java:510)
	at org.testng.internal.Invoker.invokeConfigurations(Invoker.java:211)
	at org.testng.internal.Invoker.invokeMethod(Invoker.java:585)
	at org.testng.internal.Invoker.invokeTestMethod(Invoker.java:821)
	at org.testng.internal.Invoker.invokeTestMethods(Invoker.java:1131)
	at org.testng.internal.TestMethodWorker.invokeTestMethods(TestMethodWorker.java:124)
	at org.testng.internal.TestMethodWorker.run(TestMethodWorker.java:108)
	at org.testng.TestRunner.privateRun(TestRunner.java:773)
	at org.testng.TestRunner.run(TestRunner.java:623)
	at org.testng.SuiteRunner.runTest(SuiteRunner.java:357)
	at org.testng.SuiteRunner.runSequentially(SuiteRunner.java:352)
	at org.testng.SuiteRunner.privateRun(SuiteRunner.java:310)
	at org.testng.SuiteRunner.run(SuiteRunner.java:259)
	at org.testng.SuiteRunnerWorker.runSuite(SuiteRunnerWorker.java:52)
	at org.testng.SuiteRunnerWorker.run(SuiteRunnerWorker.java:86)
	at org.testng.TestNG.runSuitesSequentially(TestNG.java:1185)
	at org.testng.TestNG.runSuitesLocally(TestNG.java:1110)
	at org.testng.TestNG.run(TestNG.java:1018)
	at org.testng.TestNG.privateMain(TestNG.java:1325)
	at org.testng.TestNG.main(TestNG.java:1294)
</pre></div></td>
<td>0</td>
<td>fotf_Testcase.AboutusPage_ContentEditor_OneItem@79698539</td></tr>
<tr>
<td title='fotf_Testcase.AboutusPage_ContentEditor_TwoItem.LoginSitecore()'><b>LoginSitecore</b><br>Test class: fotf_Testcase.AboutusPage_ContentEditor_TwoItem</td>
<td><div><pre>org.openqa.selenium.NoSuchWindowException: no such window: target window already closed
from unknown error: web view not found
  (Session info: chrome=51.0.2704.84)
  (Driver info: chromedriver=2.19.346078 (6f1f0cde889532d48ce8242342d0b84f94b114a1),platform=Windows NT 6.1 SP1 x86_64) (WARNING: The server did not provide any stacktrace information)
Command duration or timeout: 5 milliseconds
Build info: version: &apos;2.48.2&apos;, revision: &apos;41bccdd&apos;, time: &apos;2015-10-09 19:55:52&apos;
System info: host: &apos;Arun-pc&apos;, ip: &apos;192.2.200.122&apos;, os.name: &apos;Windows 7&apos;, os.arch: &apos;amd64&apos;, os.version: &apos;6.1&apos;, java.version: &apos;1.8.0_91&apos;
Driver info: org.openqa.selenium.chrome.ChromeDriver
Capabilities [{applicationCacheEnabled=false, rotatable=false, mobileEmulationEnabled=false, chrome={userDataDir=C:\Users\Arun\AppData\Local\Temp\scoped_dir11040_28711}, takesHeapSnapshot=true, databaseEnabled=false, handlesAlerts=true, hasTouchScreen=false, version=51.0.2704.84, platform=XP, browserConnectionEnabled=false, nativeEvents=true, acceptSslCerts=true, locationContextEnabled=true, webStorageEnabled=true, browserName=chrome, takesScreenshot=true, javascriptEnabled=true, cssSelectorsEnabled=true}]
Session ID: 87aea3f272f5fa590ba3b4a4fff99f4e
	at org.openqa.selenium.remote.ErrorHandler.createThrowable(ErrorHandler.java:206)
	at org.openqa.selenium.remote.ErrorHandler.throwIfResponseFailed(ErrorHandler.java:158)
	at org.openqa.selenium.remote.RemoteWebDriver.execute(RemoteWebDriver.java:647)
	at org.openqa.selenium.remote.RemoteWebDriver.get(RemoteWebDriver.java:311)
	at fotf_Testcase.AboutusPage_ContentEditor_TwoItem.LoginSitecore(AboutusPage_ContentEditor_TwoItem.java:26)
... Removed 29 stack frames</pre></div><a href='#' onClick='toggleBox("stack-trace1894601438", this, "Click to show all stack frames", "Click to hide stack frames")'>Click to show all stack frames</a>
<div class='stack-trace' id='stack-trace1894601438'><pre>org.openqa.selenium.NoSuchWindowException: no such window: target window already closed
from unknown error: web view not found
  (Session info: chrome=51.0.2704.84)
  (Driver info: chromedriver=2.19.346078 (6f1f0cde889532d48ce8242342d0b84f94b114a1),platform=Windows NT 6.1 SP1 x86_64) (WARNING: The server did not provide any stacktrace information)
Command duration or timeout: 5 milliseconds
Build info: version: &apos;2.48.2&apos;, revision: &apos;41bccdd&apos;, time: &apos;2015-10-09 19:55:52&apos;
System info: host: &apos;Arun-pc&apos;, ip: &apos;192.2.200.122&apos;, os.name: &apos;Windows 7&apos;, os.arch: &apos;amd64&apos;, os.version: &apos;6.1&apos;, java.version: &apos;1.8.0_91&apos;
Driver info: org.openqa.selenium.chrome.ChromeDriver
Capabilities [{applicationCacheEnabled=false, rotatable=false, mobileEmulationEnabled=false, chrome={userDataDir=C:\Users\Arun\AppData\Local\Temp\scoped_dir11040_28711}, takesHeapSnapshot=true, databaseEnabled=false, handlesAlerts=true, hasTouchScreen=false, version=51.0.2704.84, platform=XP, browserConnectionEnabled=false, nativeEvents=true, acceptSslCerts=true, locationContextEnabled=true, webStorageEnabled=true, browserName=chrome, takesScreenshot=true, javascriptEnabled=true, cssSelectorsEnabled=true}]
Session ID: 87aea3f272f5fa590ba3b4a4fff99f4e
	at sun.reflect.NativeConstructorAccessorImpl.newInstance0(Native Method)
	at sun.reflect.NativeConstructorAccessorImpl.newInstance(Unknown Source)
	at sun.reflect.DelegatingConstructorAccessorImpl.newInstance(Unknown Source)
	at java.lang.reflect.Constructor.newInstance(Unknown Source)
	at org.openqa.selenium.remote.ErrorHandler.createThrowable(ErrorHandler.java:206)
	at org.openqa.selenium.remote.ErrorHandler.throwIfResponseFailed(ErrorHandler.java:158)
	at org.openqa.selenium.remote.RemoteWebDriver.execute(RemoteWebDriver.java:647)
	at org.openqa.selenium.remote.RemoteWebDriver.get(RemoteWebDriver.java:311)
	at fotf_Testcase.AboutusPage_ContentEditor_TwoItem.LoginSitecore(AboutusPage_ContentEditor_TwoItem.java:26)
	at sun.reflect.NativeMethodAccessorImpl.invoke0(Native Method)
	at sun.reflect.NativeMethodAccessorImpl.invoke(Unknown Source)
	at sun.reflect.DelegatingMethodAccessorImpl.invoke(Unknown Source)
	at java.lang.reflect.Method.invoke(Unknown Source)
	at org.testng.internal.MethodInvocationHelper.invokeMethod(MethodInvocationHelper.java:85)
	at org.testng.internal.Invoker.invokeConfigurationMethod(Invoker.java:510)
	at org.testng.internal.Invoker.invokeConfigurations(Invoker.java:211)
	at org.testng.internal.Invoker.invokeMethod(Invoker.java:585)
	at org.testng.internal.Invoker.invokeTestMethod(Invoker.java:821)
	at org.testng.internal.Invoker.invokeTestMethods(Invoker.java:1131)
	at org.testng.internal.TestMethodWorker.invokeTestMethods(TestMethodWorker.java:124)
	at org.testng.internal.TestMethodWorker.run(TestMethodWorker.java:108)
	at org.testng.TestRunner.privateRun(TestRunner.java:773)
	at org.testng.TestRunner.run(TestRunner.java:623)
	at org.testng.SuiteRunner.runTest(SuiteRunner.java:357)
	at org.testng.SuiteRunner.runSequentially(SuiteRunner.java:352)
	at org.testng.SuiteRunner.privateRun(SuiteRunner.java:310)
	at org.testng.SuiteRunner.run(SuiteRunner.java:259)
	at org.testng.SuiteRunnerWorker.runSuite(SuiteRunnerWorker.java:52)
	at org.testng.SuiteRunnerWorker.run(SuiteRunnerWorker.java:86)
	at org.testng.TestNG.runSuitesSequentially(TestNG.java:1185)
	at org.testng.TestNG.runSuitesLocally(TestNG.java:1110)
	at org.testng.TestNG.run(TestNG.java:1018)
	at org.testng.TestNG.privateMain(TestNG.java:1325)
	at org.testng.TestNG.main(TestNG.java:1294)
</pre></div></td>
<td>0</td>
<td>fotf_Testcase.AboutusPage_ContentEditor_TwoItem@180bc464</td></tr>
<tr>
<td title='fotf_Testcase.AboutusPage_ContentEditor_ThreeItem.LoginSitecore()'><b>LoginSitecore</b><br>Test class: fotf_Testcase.AboutusPage_ContentEditor_ThreeItem</td>
<td><div><pre>org.openqa.selenium.NoSuchWindowException: no such window: target window already closed
from unknown error: web view not found
  (Session info: chrome=51.0.2704.84)
  (Driver info: chromedriver=2.19.346078 (6f1f0cde889532d48ce8242342d0b84f94b114a1),platform=Windows NT 6.1 SP1 x86_64) (WARNING: The server did not provide any stacktrace information)
Command duration or timeout: 3 milliseconds
Build info: version: &apos;2.48.2&apos;, revision: &apos;41bccdd&apos;, time: &apos;2015-10-09 19:55:52&apos;
System info: host: &apos;Arun-pc&apos;, ip: &apos;192.2.200.122&apos;, os.name: &apos;Windows 7&apos;, os.arch: &apos;amd64&apos;, os.version: &apos;6.1&apos;, java.version: &apos;1.8.0_91&apos;
Driver info: org.openqa.selenium.chrome.ChromeDriver
Capabilities [{applicationCacheEnabled=false, rotatable=false, mobileEmulationEnabled=false, chrome={userDataDir=C:\Users\Arun\AppData\Local\Temp\scoped_dir11040_28711}, takesHeapSnapshot=true, databaseEnabled=false, handlesAlerts=true, hasTouchScreen=false, version=51.0.2704.84, platform=XP, browserConnectionEnabled=false, nativeEvents=true, acceptSslCerts=true, locationContextEnabled=true, webStorageEnabled=true, browserName=chrome, takesScreenshot=true, javascriptEnabled=true, cssSelectorsEnabled=true}]
Session ID: 87aea3f272f5fa590ba3b4a4fff99f4e
	at org.openqa.selenium.remote.ErrorHandler.createThrowable(ErrorHandler.java:206)
	at org.openqa.selenium.remote.ErrorHandler.throwIfResponseFailed(ErrorHandler.java:158)
	at org.openqa.selenium.remote.RemoteWebDriver.execute(RemoteWebDriver.java:647)
	at org.openqa.selenium.remote.RemoteWebDriver.get(RemoteWebDriver.java:311)
	at fotf_Testcase.AboutusPage_ContentEditor_ThreeItem.LoginSitecore(AboutusPage_ContentEditor_ThreeItem.java:23)
... Removed 29 stack frames</pre></div><a href='#' onClick='toggleBox("stack-trace271800170", this, "Click to show all stack frames", "Click to hide stack frames")'>Click to show all stack frames</a>
<div class='stack-trace' id='stack-trace271800170'><pre>org.openqa.selenium.NoSuchWindowException: no such window: target window already closed
from unknown error: web view not found
  (Session info: chrome=51.0.2704.84)
  (Driver info: chromedriver=2.19.346078 (6f1f0cde889532d48ce8242342d0b84f94b114a1),platform=Windows NT 6.1 SP1 x86_64) (WARNING: The server did not provide any stacktrace information)
Command duration or timeout: 3 milliseconds
Build info: version: &apos;2.48.2&apos;, revision: &apos;41bccdd&apos;, time: &apos;2015-10-09 19:55:52&apos;
System info: host: &apos;Arun-pc&apos;, ip: &apos;192.2.200.122&apos;, os.name: &apos;Windows 7&apos;, os.arch: &apos;amd64&apos;, os.version: &apos;6.1&apos;, java.version: &apos;1.8.0_91&apos;
Driver info: org.openqa.selenium.chrome.ChromeDriver
Capabilities [{applicationCacheEnabled=false, rotatable=false, mobileEmulationEnabled=false, chrome={userDataDir=C:\Users\Arun\AppData\Local\Temp\scoped_dir11040_28711}, takesHeapSnapshot=true, databaseEnabled=false, handlesAlerts=true, hasTouchScreen=false, version=51.0.2704.84, platform=XP, browserConnectionEnabled=false, nativeEvents=true, acceptSslCerts=true, locationContextEnabled=true, webStorageEnabled=true, browserName=chrome, takesScreenshot=true, javascriptEnabled=true, cssSelectorsEnabled=true}]
Session ID: 87aea3f272f5fa590ba3b4a4fff99f4e
	at sun.reflect.NativeConstructorAccessorImpl.newInstance0(Native Method)
	at sun.reflect.NativeConstructorAccessorImpl.newInstance(Unknown Source)
	at sun.reflect.DelegatingConstructorAccessorImpl.newInstance(Unknown Source)
	at java.lang.reflect.Constructor.newInstance(Unknown Source)
	at org.openqa.selenium.remote.ErrorHandler.createThrowable(ErrorHandler.java:206)
	at org.openqa.selenium.remote.ErrorHandler.throwIfResponseFailed(ErrorHandler.java:158)
	at org.openqa.selenium.remote.RemoteWebDriver.execute(RemoteWebDriver.java:647)
	at org.openqa.selenium.remote.RemoteWebDriver.get(RemoteWebDriver.java:311)
	at fotf_Testcase.AboutusPage_ContentEditor_ThreeItem.LoginSitecore(AboutusPage_ContentEditor_ThreeItem.java:23)
	at sun.reflect.NativeMethodAccessorImpl.invoke0(Native Method)
	at sun.reflect.NativeMethodAccessorImpl.invoke(Unknown Source)
	at sun.reflect.DelegatingMethodAccessorImpl.invoke(Unknown Source)
	at java.lang.reflect.Method.invoke(Unknown Source)
	at org.testng.internal.MethodInvocationHelper.invokeMethod(MethodInvocationHelper.java:85)
	at org.testng.internal.Invoker.invokeConfigurationMethod(Invoker.java:510)
	at org.testng.internal.Invoker.invokeConfigurations(Invoker.java:211)
	at org.testng.internal.Invoker.invokeMethod(Invoker.java:585)
	at org.testng.internal.Invoker.invokeTestMethod(Invoker.java:821)
	at org.testng.internal.Invoker.invokeTestMethods(Invoker.java:1131)
	at org.testng.internal.TestMethodWorker.invokeTestMethods(TestMethodWorker.java:124)
	at org.testng.internal.TestMethodWorker.run(TestMethodWorker.java:108)
	at org.testng.TestRunner.privateRun(TestRunner.java:773)
	at org.testng.TestRunner.run(TestRunner.java:623)
	at org.testng.SuiteRunner.runTest(SuiteRunner.java:357)
	at org.testng.SuiteRunner.runSequentially(SuiteRunner.java:352)
	at org.testng.SuiteRunner.privateRun(SuiteRunner.java:310)
	at org.testng.SuiteRunner.run(SuiteRunner.java:259)
	at org.testng.SuiteRunnerWorker.runSuite(SuiteRunnerWorker.java:52)
	at org.testng.SuiteRunnerWorker.run(SuiteRunnerWorker.java:86)
	at org.testng.TestNG.runSuitesSequentially(TestNG.java:1185)
	at org.testng.TestNG.runSuitesLocally(TestNG.java:1110)
	at org.testng.TestNG.run(TestNG.java:1018)
	at org.testng.TestNG.privateMain(TestNG.java:1325)
	at org.testng.TestNG.main(TestNG.java:1294)
</pre></div></td>
<td>0</td>
<td>fotf_Testcase.AboutusPage_ContentEditor_ThreeItem@1324409e</td></tr>
<tr>
<td title='fotf_Testcase.AboutusPage_ContentEditor_FourItem.LoginSitecore()'><b>LoginSitecore</b><br>Test class: fotf_Testcase.AboutusPage_ContentEditor_FourItem</td>
<td><div><pre>org.openqa.selenium.NoSuchWindowException: no such window: target window already closed
from unknown error: web view not found
  (Session info: chrome=51.0.2704.84)
  (Driver info: chromedriver=2.19.346078 (6f1f0cde889532d48ce8242342d0b84f94b114a1),platform=Windows NT 6.1 SP1 x86_64) (WARNING: The server did not provide any stacktrace information)
Command duration or timeout: 3 milliseconds
Build info: version: &apos;2.48.2&apos;, revision: &apos;41bccdd&apos;, time: &apos;2015-10-09 19:55:52&apos;
System info: host: &apos;Arun-pc&apos;, ip: &apos;192.2.200.122&apos;, os.name: &apos;Windows 7&apos;, os.arch: &apos;amd64&apos;, os.version: &apos;6.1&apos;, java.version: &apos;1.8.0_91&apos;
Driver info: org.openqa.selenium.chrome.ChromeDriver
Capabilities [{applicationCacheEnabled=false, rotatable=false, mobileEmulationEnabled=false, chrome={userDataDir=C:\Users\Arun\AppData\Local\Temp\scoped_dir11040_28711}, takesHeapSnapshot=true, databaseEnabled=false, handlesAlerts=true, hasTouchScreen=false, version=51.0.2704.84, platform=XP, browserConnectionEnabled=false, nativeEvents=true, acceptSslCerts=true, locationContextEnabled=true, webStorageEnabled=true, browserName=chrome, takesScreenshot=true, javascriptEnabled=true, cssSelectorsEnabled=true}]
Session ID: 87aea3f272f5fa590ba3b4a4fff99f4e
	at org.openqa.selenium.remote.ErrorHandler.createThrowable(ErrorHandler.java:206)
	at org.openqa.selenium.remote.ErrorHandler.throwIfResponseFailed(ErrorHandler.java:158)
	at org.openqa.selenium.remote.RemoteWebDriver.execute(RemoteWebDriver.java:647)
	at org.openqa.selenium.remote.RemoteWebDriver.get(RemoteWebDriver.java:311)
	at fotf_Testcase.AboutusPage_ContentEditor_FourItem.LoginSitecore(AboutusPage_ContentEditor_FourItem.java:25)
... Removed 29 stack frames</pre></div><a href='#' onClick='toggleBox("stack-trace1835073088", this, "Click to show all stack frames", "Click to hide stack frames")'>Click to show all stack frames</a>
<div class='stack-trace' id='stack-trace1835073088'><pre>org.openqa.selenium.NoSuchWindowException: no such window: target window already closed
from unknown error: web view not found
  (Session info: chrome=51.0.2704.84)
  (Driver info: chromedriver=2.19.346078 (6f1f0cde889532d48ce8242342d0b84f94b114a1),platform=Windows NT 6.1 SP1 x86_64) (WARNING: The server did not provide any stacktrace information)
Command duration or timeout: 3 milliseconds
Build info: version: &apos;2.48.2&apos;, revision: &apos;41bccdd&apos;, time: &apos;2015-10-09 19:55:52&apos;
System info: host: &apos;Arun-pc&apos;, ip: &apos;192.2.200.122&apos;, os.name: &apos;Windows 7&apos;, os.arch: &apos;amd64&apos;, os.version: &apos;6.1&apos;, java.version: &apos;1.8.0_91&apos;
Driver info: org.openqa.selenium.chrome.ChromeDriver
Capabilities [{applicationCacheEnabled=false, rotatable=false, mobileEmulationEnabled=false, chrome={userDataDir=C:\Users\Arun\AppData\Local\Temp\scoped_dir11040_28711}, takesHeapSnapshot=true, databaseEnabled=false, handlesAlerts=true, hasTouchScreen=false, version=51.0.2704.84, platform=XP, browserConnectionEnabled=false, nativeEvents=true, acceptSslCerts=true, locationContextEnabled=true, webStorageEnabled=true, browserName=chrome, takesScreenshot=true, javascriptEnabled=true, cssSelectorsEnabled=true}]
Session ID: 87aea3f272f5fa590ba3b4a4fff99f4e
	at sun.reflect.NativeConstructorAccessorImpl.newInstance0(Native Method)
	at sun.reflect.NativeConstructorAccessorImpl.newInstance(Unknown Source)
	at sun.reflect.DelegatingConstructorAccessorImpl.newInstance(Unknown Source)
	at java.lang.reflect.Constructor.newInstance(Unknown Source)
	at org.openqa.selenium.remote.ErrorHandler.createThrowable(ErrorHandler.java:206)
	at org.openqa.selenium.remote.ErrorHandler.throwIfResponseFailed(ErrorHandler.java:158)
	at org.openqa.selenium.remote.RemoteWebDriver.execute(RemoteWebDriver.java:647)
	at org.openqa.selenium.remote.RemoteWebDriver.get(RemoteWebDriver.java:311)
	at fotf_Testcase.AboutusPage_ContentEditor_FourItem.LoginSitecore(AboutusPage_ContentEditor_FourItem.java:25)
	at sun.reflect.NativeMethodAccessorImpl.invoke0(Native Method)
	at sun.reflect.NativeMethodAccessorImpl.invoke(Unknown Source)
	at sun.reflect.DelegatingMethodAccessorImpl.invoke(Unknown Source)
	at java.lang.reflect.Method.invoke(Unknown Source)
	at org.testng.internal.MethodInvocationHelper.invokeMethod(MethodInvocationHelper.java:85)
	at org.testng.internal.Invoker.invokeConfigurationMethod(Invoker.java:510)
	at org.testng.internal.Invoker.invokeConfigurations(Invoker.java:211)
	at org.testng.internal.Invoker.invokeMethod(Invoker.java:585)
	at org.testng.internal.Invoker.invokeTestMethod(Invoker.java:821)
	at org.testng.internal.Invoker.invokeTestMethods(Invoker.java:1131)
	at org.testng.internal.TestMethodWorker.invokeTestMethods(TestMethodWorker.java:124)
	at org.testng.internal.TestMethodWorker.run(TestMethodWorker.java:108)
	at org.testng.TestRunner.privateRun(TestRunner.java:773)
	at org.testng.TestRunner.run(TestRunner.java:623)
	at org.testng.SuiteRunner.runTest(SuiteRunner.java:357)
	at org.testng.SuiteRunner.runSequentially(SuiteRunner.java:352)
	at org.testng.SuiteRunner.privateRun(SuiteRunner.java:310)
	at org.testng.SuiteRunner.run(SuiteRunner.java:259)
	at org.testng.SuiteRunnerWorker.runSuite(SuiteRunnerWorker.java:52)
	at org.testng.SuiteRunnerWorker.run(SuiteRunnerWorker.java:86)
	at org.testng.TestNG.runSuitesSequentially(TestNG.java:1185)
	at org.testng.TestNG.runSuitesLocally(TestNG.java:1110)
	at org.testng.TestNG.run(TestNG.java:1018)
	at org.testng.TestNG.privateMain(TestNG.java:1325)
	at org.testng.TestNG.main(TestNG.java:1294)
</pre></div></td>
<td>0</td>
<td>fotf_Testcase.AboutusPage_ContentEditor_FourItem@2c6a3f77</td></tr>
<tr>
<td title='fotf_Testcase.AboutusPage_ContentEditor_FiveItem.LoginSitecore()'><b>LoginSitecore</b><br>Test class: fotf_Testcase.AboutusPage_ContentEditor_FiveItem</td>
<td><div><pre>org.openqa.selenium.NoSuchWindowException: no such window: target window already closed
from unknown error: web view not found
  (Session info: chrome=51.0.2704.84)
  (Driver info: chromedriver=2.19.346078 (6f1f0cde889532d48ce8242342d0b84f94b114a1),platform=Windows NT 6.1 SP1 x86_64) (WARNING: The server did not provide any stacktrace information)
Command duration or timeout: 2 milliseconds
Build info: version: &apos;2.48.2&apos;, revision: &apos;41bccdd&apos;, time: &apos;2015-10-09 19:55:52&apos;
System info: host: &apos;Arun-pc&apos;, ip: &apos;192.2.200.122&apos;, os.name: &apos;Windows 7&apos;, os.arch: &apos;amd64&apos;, os.version: &apos;6.1&apos;, java.version: &apos;1.8.0_91&apos;
Driver info: org.openqa.selenium.chrome.ChromeDriver
Capabilities [{applicationCacheEnabled=false, rotatable=false, mobileEmulationEnabled=false, chrome={userDataDir=C:\Users\Arun\AppData\Local\Temp\scoped_dir11040_28711}, takesHeapSnapshot=true, databaseEnabled=false, handlesAlerts=true, hasTouchScreen=false, version=51.0.2704.84, platform=XP, browserConnectionEnabled=false, nativeEvents=true, acceptSslCerts=true, locationContextEnabled=true, webStorageEnabled=true, browserName=chrome, takesScreenshot=true, javascriptEnabled=true, cssSelectorsEnabled=true}]
Session ID: 87aea3f272f5fa590ba3b4a4fff99f4e
	at org.openqa.selenium.remote.ErrorHandler.createThrowable(ErrorHandler.java:206)
	at org.openqa.selenium.remote.ErrorHandler.throwIfResponseFailed(ErrorHandler.java:158)
	at org.openqa.selenium.remote.RemoteWebDriver.execute(RemoteWebDriver.java:647)
	at org.openqa.selenium.remote.RemoteWebDriver.get(RemoteWebDriver.java:311)
	at fotf_Testcase.AboutusPage_ContentEditor_FiveItem.LoginSitecore(AboutusPage_ContentEditor_FiveItem.java:23)
... Removed 29 stack frames</pre></div><a href='#' onClick='toggleBox("stack-trace272678513", this, "Click to show all stack frames", "Click to hide stack frames")'>Click to show all stack frames</a>
<div class='stack-trace' id='stack-trace272678513'><pre>org.openqa.selenium.NoSuchWindowException: no such window: target window already closed
from unknown error: web view not found
  (Session info: chrome=51.0.2704.84)
  (Driver info: chromedriver=2.19.346078 (6f1f0cde889532d48ce8242342d0b84f94b114a1),platform=Windows NT 6.1 SP1 x86_64) (WARNING: The server did not provide any stacktrace information)
Command duration or timeout: 2 milliseconds
Build info: version: &apos;2.48.2&apos;, revision: &apos;41bccdd&apos;, time: &apos;2015-10-09 19:55:52&apos;
System info: host: &apos;Arun-pc&apos;, ip: &apos;192.2.200.122&apos;, os.name: &apos;Windows 7&apos;, os.arch: &apos;amd64&apos;, os.version: &apos;6.1&apos;, java.version: &apos;1.8.0_91&apos;
Driver info: org.openqa.selenium.chrome.ChromeDriver
Capabilities [{applicationCacheEnabled=false, rotatable=false, mobileEmulationEnabled=false, chrome={userDataDir=C:\Users\Arun\AppData\Local\Temp\scoped_dir11040_28711}, takesHeapSnapshot=true, databaseEnabled=false, handlesAlerts=true, hasTouchScreen=false, version=51.0.2704.84, platform=XP, browserConnectionEnabled=false, nativeEvents=true, acceptSslCerts=true, locationContextEnabled=true, webStorageEnabled=true, browserName=chrome, takesScreenshot=true, javascriptEnabled=true, cssSelectorsEnabled=true}]
Session ID: 87aea3f272f5fa590ba3b4a4fff99f4e
	at sun.reflect.NativeConstructorAccessorImpl.newInstance0(Native Method)
	at sun.reflect.NativeConstructorAccessorImpl.newInstance(Unknown Source)
	at sun.reflect.DelegatingConstructorAccessorImpl.newInstance(Unknown Source)
	at java.lang.reflect.Constructor.newInstance(Unknown Source)
	at org.openqa.selenium.remote.ErrorHandler.createThrowable(ErrorHandler.java:206)
	at org.openqa.selenium.remote.ErrorHandler.throwIfResponseFailed(ErrorHandler.java:158)
	at org.openqa.selenium.remote.RemoteWebDriver.execute(RemoteWebDriver.java:647)
	at org.openqa.selenium.remote.RemoteWebDriver.get(RemoteWebDriver.java:311)
	at fotf_Testcase.AboutusPage_ContentEditor_FiveItem.LoginSitecore(AboutusPage_ContentEditor_FiveItem.java:23)
	at sun.reflect.NativeMethodAccessorImpl.invoke0(Native Method)
	at sun.reflect.NativeMethodAccessorImpl.invoke(Unknown Source)
	at sun.reflect.DelegatingMethodAccessorImpl.invoke(Unknown Source)
	at java.lang.reflect.Method.invoke(Unknown Source)
	at org.testng.internal.MethodInvocationHelper.invokeMethod(MethodInvocationHelper.java:85)
	at org.testng.internal.Invoker.invokeConfigurationMethod(Invoker.java:510)
	at org.testng.internal.Invoker.invokeConfigurations(Invoker.java:211)
	at org.testng.internal.Invoker.invokeMethod(Invoker.java:585)
	at org.testng.internal.Invoker.invokeTestMethod(Invoker.java:821)
	at org.testng.internal.Invoker.invokeTestMethods(Invoker.java:1131)
	at org.testng.internal.TestMethodWorker.invokeTestMethods(TestMethodWorker.java:124)
	at org.testng.internal.TestMethodWorker.run(TestMethodWorker.java:108)
	at org.testng.TestRunner.privateRun(TestRunner.java:773)
	at org.testng.TestRunner.run(TestRunner.java:623)
	at org.testng.SuiteRunner.runTest(SuiteRunner.java:357)
	at org.testng.SuiteRunner.runSequentially(SuiteRunner.java:352)
	at org.testng.SuiteRunner.privateRun(SuiteRunner.java:310)
	at org.testng.SuiteRunner.run(SuiteRunner.java:259)
	at org.testng.SuiteRunnerWorker.runSuite(SuiteRunnerWorker.java:52)
	at org.testng.SuiteRunnerWorker.run(SuiteRunnerWorker.java:86)
	at org.testng.TestNG.runSuitesSequentially(TestNG.java:1185)
	at org.testng.TestNG.runSuitesLocally(TestNG.java:1110)
	at org.testng.TestNG.run(TestNG.java:1018)
	at org.testng.TestNG.privateMain(TestNG.java:1325)
	at org.testng.TestNG.main(TestNG.java:1294)
</pre></div></td>
<td>0</td>
<td>fotf_Testcase.AboutusPage_ContentEditor_FiveItem@246ae04d</td></tr>
<tr>
<td title='fotf_Testcase.AboutusPage_ContentEditor_SixItem.LoginSitecore()'><b>LoginSitecore</b><br>Test class: fotf_Testcase.AboutusPage_ContentEditor_SixItem</td>
<td><div><pre>org.openqa.selenium.NoSuchWindowException: no such window: target window already closed
from unknown error: web view not found
  (Session info: chrome=51.0.2704.84)
  (Driver info: chromedriver=2.19.346078 (6f1f0cde889532d48ce8242342d0b84f94b114a1),platform=Windows NT 6.1 SP1 x86_64) (WARNING: The server did not provide any stacktrace information)
Command duration or timeout: 3 milliseconds
Build info: version: &apos;2.48.2&apos;, revision: &apos;41bccdd&apos;, time: &apos;2015-10-09 19:55:52&apos;
System info: host: &apos;Arun-pc&apos;, ip: &apos;192.2.200.122&apos;, os.name: &apos;Windows 7&apos;, os.arch: &apos;amd64&apos;, os.version: &apos;6.1&apos;, java.version: &apos;1.8.0_91&apos;
Driver info: org.openqa.selenium.chrome.ChromeDriver
Capabilities [{applicationCacheEnabled=false, rotatable=false, mobileEmulationEnabled=false, chrome={userDataDir=C:\Users\Arun\AppData\Local\Temp\scoped_dir11040_28711}, takesHeapSnapshot=true, databaseEnabled=false, handlesAlerts=true, hasTouchScreen=false, version=51.0.2704.84, platform=XP, browserConnectionEnabled=false, nativeEvents=true, acceptSslCerts=true, locationContextEnabled=true, webStorageEnabled=true, browserName=chrome, takesScreenshot=true, javascriptEnabled=true, cssSelectorsEnabled=true}]
Session ID: 87aea3f272f5fa590ba3b4a4fff99f4e
	at org.openqa.selenium.remote.ErrorHandler.createThrowable(ErrorHandler.java:206)
	at org.openqa.selenium.remote.ErrorHandler.throwIfResponseFailed(ErrorHandler.java:158)
	at org.openqa.selenium.remote.RemoteWebDriver.execute(RemoteWebDriver.java:647)
	at org.openqa.selenium.remote.RemoteWebDriver.get(RemoteWebDriver.java:311)
	at fotf_Testcase.AboutusPage_ContentEditor_SixItem.LoginSitecore(AboutusPage_ContentEditor_SixItem.java:23)
... Removed 29 stack frames</pre></div><a href='#' onClick='toggleBox("stack-trace810267739", this, "Click to show all stack frames", "Click to hide stack frames")'>Click to show all stack frames</a>
<div class='stack-trace' id='stack-trace810267739'><pre>org.openqa.selenium.NoSuchWindowException: no such window: target window already closed
from unknown error: web view not found
  (Session info: chrome=51.0.2704.84)
  (Driver info: chromedriver=2.19.346078 (6f1f0cde889532d48ce8242342d0b84f94b114a1),platform=Windows NT 6.1 SP1 x86_64) (WARNING: The server did not provide any stacktrace information)
Command duration or timeout: 3 milliseconds
Build info: version: &apos;2.48.2&apos;, revision: &apos;41bccdd&apos;, time: &apos;2015-10-09 19:55:52&apos;
System info: host: &apos;Arun-pc&apos;, ip: &apos;192.2.200.122&apos;, os.name: &apos;Windows 7&apos;, os.arch: &apos;amd64&apos;, os.version: &apos;6.1&apos;, java.version: &apos;1.8.0_91&apos;
Driver info: org.openqa.selenium.chrome.ChromeDriver
Capabilities [{applicationCacheEnabled=false, rotatable=false, mobileEmulationEnabled=false, chrome={userDataDir=C:\Users\Arun\AppData\Local\Temp\scoped_dir11040_28711}, takesHeapSnapshot=true, databaseEnabled=false, handlesAlerts=true, hasTouchScreen=false, version=51.0.2704.84, platform=XP, browserConnectionEnabled=false, nativeEvents=true, acceptSslCerts=true, locationContextEnabled=true, webStorageEnabled=true, browserName=chrome, takesScreenshot=true, javascriptEnabled=true, cssSelectorsEnabled=true}]
Session ID: 87aea3f272f5fa590ba3b4a4fff99f4e
	at sun.reflect.NativeConstructorAccessorImpl.newInstance0(Native Method)
	at sun.reflect.NativeConstructorAccessorImpl.newInstance(Unknown Source)
	at sun.reflect.DelegatingConstructorAccessorImpl.newInstance(Unknown Source)
	at java.lang.reflect.Constructor.newInstance(Unknown Source)
	at org.openqa.selenium.remote.ErrorHandler.createThrowable(ErrorHandler.java:206)
	at org.openqa.selenium.remote.ErrorHandler.throwIfResponseFailed(ErrorHandler.java:158)
	at org.openqa.selenium.remote.RemoteWebDriver.execute(RemoteWebDriver.java:647)
	at org.openqa.selenium.remote.RemoteWebDriver.get(RemoteWebDriver.java:311)
	at fotf_Testcase.AboutusPage_ContentEditor_SixItem.LoginSitecore(AboutusPage_ContentEditor_SixItem.java:23)
	at sun.reflect.NativeMethodAccessorImpl.invoke0(Native Method)
	at sun.reflect.NativeMethodAccessorImpl.invoke(Unknown Source)
	at sun.reflect.DelegatingMethodAccessorImpl.invoke(Unknown Source)
	at java.lang.reflect.Method.invoke(Unknown Source)
	at org.testng.internal.MethodInvocationHelper.invokeMethod(MethodInvocationHelper.java:85)
	at org.testng.internal.Invoker.invokeConfigurationMethod(Invoker.java:510)
	at org.testng.internal.Invoker.invokeConfigurations(Invoker.java:211)
	at org.testng.internal.Invoker.invokeMethod(Invoker.java:585)
	at org.testng.internal.Invoker.invokeTestMethod(Invoker.java:821)
	at org.testng.internal.Invoker.invokeTestMethods(Invoker.java:1131)
	at org.testng.internal.TestMethodWorker.invokeTestMethods(TestMethodWorker.java:124)
	at org.testng.internal.TestMethodWorker.run(TestMethodWorker.java:108)
	at org.testng.TestRunner.privateRun(TestRunner.java:773)
	at org.testng.TestRunner.run(TestRunner.java:623)
	at org.testng.SuiteRunner.runTest(SuiteRunner.java:357)
	at org.testng.SuiteRunner.runSequentially(SuiteRunner.java:352)
	at org.testng.SuiteRunner.privateRun(SuiteRunner.java:310)
	at org.testng.SuiteRunner.run(SuiteRunner.java:259)
	at org.testng.SuiteRunnerWorker.runSuite(SuiteRunnerWorker.java:52)
	at org.testng.SuiteRunnerWorker.run(SuiteRunnerWorker.java:86)
	at org.testng.TestNG.runSuitesSequentially(TestNG.java:1185)
	at org.testng.TestNG.runSuitesLocally(TestNG.java:1110)
	at org.testng.TestNG.run(TestNG.java:1018)
	at org.testng.TestNG.privateMain(TestNG.java:1325)
	at org.testng.TestNG.main(TestNG.java:1294)
</pre></div></td>
<td>0</td>
<td>fotf_Testcase.AboutusPage_ContentEditor_SixItem@62043840</td></tr>
<tr>
<td title='fotf_Testcase.AboutusPage_ContentEditor_Header.LoginSitecore()'><b>LoginSitecore</b><br>Test class: fotf_Testcase.AboutusPage_ContentEditor_Header</td>
<td><div><pre>org.openqa.selenium.NoSuchWindowException: no such window: target window already closed
from unknown error: web view not found
  (Session info: chrome=51.0.2704.84)
  (Driver info: chromedriver=2.19.346078 (6f1f0cde889532d48ce8242342d0b84f94b114a1),platform=Windows NT 6.1 SP1 x86_64) (WARNING: The server did not provide any stacktrace information)
Command duration or timeout: 3 milliseconds
Build info: version: &apos;2.48.2&apos;, revision: &apos;41bccdd&apos;, time: &apos;2015-10-09 19:55:52&apos;
System info: host: &apos;Arun-pc&apos;, ip: &apos;192.2.200.122&apos;, os.name: &apos;Windows 7&apos;, os.arch: &apos;amd64&apos;, os.version: &apos;6.1&apos;, java.version: &apos;1.8.0_91&apos;
Driver info: org.openqa.selenium.chrome.ChromeDriver
Capabilities [{applicationCacheEnabled=false, rotatable=false, mobileEmulationEnabled=false, chrome={userDataDir=C:\Users\Arun\AppData\Local\Temp\scoped_dir11040_28711}, takesHeapSnapshot=true, databaseEnabled=false, handlesAlerts=true, hasTouchScreen=false, version=51.0.2704.84, platform=XP, browserConnectionEnabled=false, nativeEvents=true, acceptSslCerts=true, locationContextEnabled=true, webStorageEnabled=true, browserName=chrome, takesScreenshot=true, javascriptEnabled=true, cssSelectorsEnabled=true}]
Session ID: 87aea3f272f5fa590ba3b4a4fff99f4e
	at org.openqa.selenium.remote.ErrorHandler.createThrowable(ErrorHandler.java:206)
	at org.openqa.selenium.remote.ErrorHandler.throwIfResponseFailed(ErrorHandler.java:158)
	at org.openqa.selenium.remote.RemoteWebDriver.execute(RemoteWebDriver.java:647)
	at org.openqa.selenium.remote.RemoteWebDriver.get(RemoteWebDriver.java:311)
	at fotf_Testcase.AboutusPage_ContentEditor_Header.LoginSitecore(AboutusPage_ContentEditor_Header.java:23)
... Removed 29 stack frames</pre></div><a href='#' onClick='toggleBox("stack-trace1721246982", this, "Click to show all stack frames", "Click to hide stack frames")'>Click to show all stack frames</a>
<div class='stack-trace' id='stack-trace1721246982'><pre>org.openqa.selenium.NoSuchWindowException: no such window: target window already closed
from unknown error: web view not found
  (Session info: chrome=51.0.2704.84)
  (Driver info: chromedriver=2.19.346078 (6f1f0cde889532d48ce8242342d0b84f94b114a1),platform=Windows NT 6.1 SP1 x86_64) (WARNING: The server did not provide any stacktrace information)
Command duration or timeout: 3 milliseconds
Build info: version: &apos;2.48.2&apos;, revision: &apos;41bccdd&apos;, time: &apos;2015-10-09 19:55:52&apos;
System info: host: &apos;Arun-pc&apos;, ip: &apos;192.2.200.122&apos;, os.name: &apos;Windows 7&apos;, os.arch: &apos;amd64&apos;, os.version: &apos;6.1&apos;, java.version: &apos;1.8.0_91&apos;
Driver info: org.openqa.selenium.chrome.ChromeDriver
Capabilities [{applicationCacheEnabled=false, rotatable=false, mobileEmulationEnabled=false, chrome={userDataDir=C:\Users\Arun\AppData\Local\Temp\scoped_dir11040_28711}, takesHeapSnapshot=true, databaseEnabled=false, handlesAlerts=true, hasTouchScreen=false, version=51.0.2704.84, platform=XP, browserConnectionEnabled=false, nativeEvents=true, acceptSslCerts=true, locationContextEnabled=true, webStorageEnabled=true, browserName=chrome, takesScreenshot=true, javascriptEnabled=true, cssSelectorsEnabled=true}]
Session ID: 87aea3f272f5fa590ba3b4a4fff99f4e
	at sun.reflect.NativeConstructorAccessorImpl.newInstance0(Native Method)
	at sun.reflect.NativeConstructorAccessorImpl.newInstance(Unknown Source)
	at sun.reflect.DelegatingConstructorAccessorImpl.newInstance(Unknown Source)
	at java.lang.reflect.Constructor.newInstance(Unknown Source)
	at org.openqa.selenium.remote.ErrorHandler.createThrowable(ErrorHandler.java:206)
	at org.openqa.selenium.remote.ErrorHandler.throwIfResponseFailed(ErrorHandler.java:158)
	at org.openqa.selenium.remote.RemoteWebDriver.execute(RemoteWebDriver.java:647)
	at org.openqa.selenium.remote.RemoteWebDriver.get(RemoteWebDriver.java:311)
	at fotf_Testcase.AboutusPage_ContentEditor_Header.LoginSitecore(AboutusPage_ContentEditor_Header.java:23)
	at sun.reflect.NativeMethodAccessorImpl.invoke0(Native Method)
	at sun.reflect.NativeMethodAccessorImpl.invoke(Unknown Source)
	at sun.reflect.DelegatingMethodAccessorImpl.invoke(Unknown Source)
	at java.lang.reflect.Method.invoke(Unknown Source)
	at org.testng.internal.MethodInvocationHelper.invokeMethod(MethodInvocationHelper.java:85)
	at org.testng.internal.Invoker.invokeConfigurationMethod(Invoker.java:510)
	at org.testng.internal.Invoker.invokeConfigurations(Invoker.java:211)
	at org.testng.internal.Invoker.invokeMethod(Invoker.java:585)
	at org.testng.internal.Invoker.invokeTestMethod(Invoker.java:821)
	at org.testng.internal.Invoker.invokeTestMethods(Invoker.java:1131)
	at org.testng.internal.TestMethodWorker.invokeTestMethods(TestMethodWorker.java:124)
	at org.testng.internal.TestMethodWorker.run(TestMethodWorker.java:108)
	at org.testng.TestRunner.privateRun(TestRunner.java:773)
	at org.testng.TestRunner.run(TestRunner.java:623)
	at org.testng.SuiteRunner.runTest(SuiteRunner.java:357)
	at org.testng.SuiteRunner.runSequentially(SuiteRunner.java:352)
	at org.testng.SuiteRunner.privateRun(SuiteRunner.java:310)
	at org.testng.SuiteRunner.run(SuiteRunner.java:259)
	at org.testng.SuiteRunnerWorker.runSuite(SuiteRunnerWorker.java:52)
	at org.testng.SuiteRunnerWorker.run(SuiteRunnerWorker.java:86)
	at org.testng.TestNG.runSuitesSequentially(TestNG.java:1185)
	at org.testng.TestNG.runSuitesLocally(TestNG.java:1110)
	at org.testng.TestNG.run(TestNG.java:1018)
	at org.testng.TestNG.privateMain(TestNG.java:1325)
	at org.testng.TestNG.main(TestNG.java:1294)
</pre></div></td>
<td>0</td>
<td>fotf_Testcase.AboutusPage_ContentEditor_Header@5315b42e</td></tr>
<tr>
<td title='fotf_Testcase.AboutusPage_ContentEditor_Article.LoginSitecore()'><b>LoginSitecore</b><br>Test class: fotf_Testcase.AboutusPage_ContentEditor_Article</td>
<td><div><pre>org.openqa.selenium.NoSuchWindowException: no such window: target window already closed
from unknown error: web view not found
  (Session info: chrome=51.0.2704.84)
  (Driver info: chromedriver=2.19.346078 (6f1f0cde889532d48ce8242342d0b84f94b114a1),platform=Windows NT 6.1 SP1 x86_64) (WARNING: The server did not provide any stacktrace information)
Command duration or timeout: 2 milliseconds
Build info: version: &apos;2.48.2&apos;, revision: &apos;41bccdd&apos;, time: &apos;2015-10-09 19:55:52&apos;
System info: host: &apos;Arun-pc&apos;, ip: &apos;192.2.200.122&apos;, os.name: &apos;Windows 7&apos;, os.arch: &apos;amd64&apos;, os.version: &apos;6.1&apos;, java.version: &apos;1.8.0_91&apos;
Driver info: org.openqa.selenium.chrome.ChromeDriver
Capabilities [{applicationCacheEnabled=false, rotatable=false, mobileEmulationEnabled=false, chrome={userDataDir=C:\Users\Arun\AppData\Local\Temp\scoped_dir11040_28711}, takesHeapSnapshot=true, databaseEnabled=false, handlesAlerts=true, hasTouchScreen=false, version=51.0.2704.84, platform=XP, browserConnectionEnabled=false, nativeEvents=true, acceptSslCerts=true, locationContextEnabled=true, webStorageEnabled=true, browserName=chrome, takesScreenshot=true, javascriptEnabled=true, cssSelectorsEnabled=true}]
Session ID: 87aea3f272f5fa590ba3b4a4fff99f4e
	at org.openqa.selenium.remote.ErrorHandler.createThrowable(ErrorHandler.java:206)
	at org.openqa.selenium.remote.ErrorHandler.throwIfResponseFailed(ErrorHandler.java:158)
	at org.openqa.selenium.remote.RemoteWebDriver.execute(RemoteWebDriver.java:647)
	at org.openqa.selenium.remote.RemoteWebDriver.get(RemoteWebDriver.java:311)
	at fotf_Testcase.AboutusPage_ContentEditor_Article.LoginSitecore(AboutusPage_ContentEditor_Article.java:25)
... Removed 29 stack frames</pre></div><a href='#' onClick='toggleBox("stack-trace1732238286", this, "Click to show all stack frames", "Click to hide stack frames")'>Click to show all stack frames</a>
<div class='stack-trace' id='stack-trace1732238286'><pre>org.openqa.selenium.NoSuchWindowException: no such window: target window already closed
from unknown error: web view not found
  (Session info: chrome=51.0.2704.84)
  (Driver info: chromedriver=2.19.346078 (6f1f0cde889532d48ce8242342d0b84f94b114a1),platform=Windows NT 6.1 SP1 x86_64) (WARNING: The server did not provide any stacktrace information)
Command duration or timeout: 2 milliseconds
Build info: version: &apos;2.48.2&apos;, revision: &apos;41bccdd&apos;, time: &apos;2015-10-09 19:55:52&apos;
System info: host: &apos;Arun-pc&apos;, ip: &apos;192.2.200.122&apos;, os.name: &apos;Windows 7&apos;, os.arch: &apos;amd64&apos;, os.version: &apos;6.1&apos;, java.version: &apos;1.8.0_91&apos;
Driver info: org.openqa.selenium.chrome.ChromeDriver
Capabilities [{applicationCacheEnabled=false, rotatable=false, mobileEmulationEnabled=false, chrome={userDataDir=C:\Users\Arun\AppData\Local\Temp\scoped_dir11040_28711}, takesHeapSnapshot=true, databaseEnabled=false, handlesAlerts=true, hasTouchScreen=false, version=51.0.2704.84, platform=XP, browserConnectionEnabled=false, nativeEvents=true, acceptSslCerts=true, locationContextEnabled=true, webStorageEnabled=true, browserName=chrome, takesScreenshot=true, javascriptEnabled=true, cssSelectorsEnabled=true}]
Session ID: 87aea3f272f5fa590ba3b4a4fff99f4e
	at sun.reflect.NativeConstructorAccessorImpl.newInstance0(Native Method)
	at sun.reflect.NativeConstructorAccessorImpl.newInstance(Unknown Source)
	at sun.reflect.DelegatingConstructorAccessorImpl.newInstance(Unknown Source)
	at java.lang.reflect.Constructor.newInstance(Unknown Source)
	at org.openqa.selenium.remote.ErrorHandler.createThrowable(ErrorHandler.java:206)
	at org.openqa.selenium.remote.ErrorHandler.throwIfResponseFailed(ErrorHandler.java:158)
	at org.openqa.selenium.remote.RemoteWebDriver.execute(RemoteWebDriver.java:647)
	at org.openqa.selenium.remote.RemoteWebDriver.get(RemoteWebDriver.java:311)
	at fotf_Testcase.AboutusPage_ContentEditor_Article.LoginSitecore(AboutusPage_ContentEditor_Article.java:25)
	at sun.reflect.NativeMethodAccessorImpl.invoke0(Native Method)
	at sun.reflect.NativeMethodAccessorImpl.invoke(Unknown Source)
	at sun.reflect.DelegatingMethodAccessorImpl.invoke(Unknown Source)
	at java.lang.reflect.Method.invoke(Unknown Source)
	at org.testng.internal.MethodInvocationHelper.invokeMethod(MethodInvocationHelper.java:85)
	at org.testng.internal.Invoker.invokeConfigurationMethod(Invoker.java:510)
	at org.testng.internal.Invoker.invokeConfigurations(Invoker.java:211)
	at org.testng.internal.Invoker.invokeMethod(Invoker.java:585)
	at org.testng.internal.Invoker.invokeTestMethod(Invoker.java:821)
	at org.testng.internal.Invoker.invokeTestMethods(Invoker.java:1131)
	at org.testng.internal.TestMethodWorker.invokeTestMethods(TestMethodWorker.java:124)
	at org.testng.internal.TestMethodWorker.run(TestMethodWorker.java:108)
	at org.testng.TestRunner.privateRun(TestRunner.java:773)
	at org.testng.TestRunner.run(TestRunner.java:623)
	at org.testng.SuiteRunner.runTest(SuiteRunner.java:357)
	at org.testng.SuiteRunner.runSequentially(SuiteRunner.java:352)
	at org.testng.SuiteRunner.privateRun(SuiteRunner.java:310)
	at org.testng.SuiteRunner.run(SuiteRunner.java:259)
	at org.testng.SuiteRunnerWorker.runSuite(SuiteRunnerWorker.java:52)
	at org.testng.SuiteRunnerWorker.run(SuiteRunnerWorker.java:86)
	at org.testng.TestNG.runSuitesSequentially(TestNG.java:1185)
	at org.testng.TestNG.runSuitesLocally(TestNG.java:1110)
	at org.testng.TestNG.run(TestNG.java:1018)
	at org.testng.TestNG.privateMain(TestNG.java:1325)
	at org.testng.TestNG.main(TestNG.java:1294)
</pre></div></td>
<td>0</td>
<td>fotf_Testcase.AboutusPage_ContentEditor_Article@2ef9b8bc</td></tr>
<tr>
<td title='fotf_Testcase.AboutusPage_ContentEditor_Showhide.LoginSitecore()'><b>LoginSitecore</b><br>Test class: fotf_Testcase.AboutusPage_ContentEditor_Showhide</td>
<td><div><pre>org.openqa.selenium.NoSuchWindowException: no such window: target window already closed
from unknown error: web view not found
  (Session info: chrome=51.0.2704.84)
  (Driver info: chromedriver=2.19.346078 (6f1f0cde889532d48ce8242342d0b84f94b114a1),platform=Windows NT 6.1 SP1 x86_64) (WARNING: The server did not provide any stacktrace information)
Command duration or timeout: 2 milliseconds
Build info: version: &apos;2.48.2&apos;, revision: &apos;41bccdd&apos;, time: &apos;2015-10-09 19:55:52&apos;
System info: host: &apos;Arun-pc&apos;, ip: &apos;192.2.200.122&apos;, os.name: &apos;Windows 7&apos;, os.arch: &apos;amd64&apos;, os.version: &apos;6.1&apos;, java.version: &apos;1.8.0_91&apos;
Driver info: org.openqa.selenium.chrome.ChromeDriver
Capabilities [{applicationCacheEnabled=false, rotatable=false, mobileEmulationEnabled=false, chrome={userDataDir=C:\Users\Arun\AppData\Local\Temp\scoped_dir11040_28711}, takesHeapSnapshot=true, databaseEnabled=false, handlesAlerts=true, hasTouchScreen=false, version=51.0.2704.84, platform=XP, browserConnectionEnabled=false, nativeEvents=true, acceptSslCerts=true, locationContextEnabled=true, webStorageEnabled=true, browserName=chrome, takesScreenshot=true, javascriptEnabled=true, cssSelectorsEnabled=true}]
Session ID: 87aea3f272f5fa590ba3b4a4fff99f4e
	at org.openqa.selenium.remote.ErrorHandler.createThrowable(ErrorHandler.java:206)
	at org.openqa.selenium.remote.ErrorHandler.throwIfResponseFailed(ErrorHandler.java:158)
	at org.openqa.selenium.remote.RemoteWebDriver.execute(RemoteWebDriver.java:647)
	at org.openqa.selenium.remote.RemoteWebDriver.get(RemoteWebDriver.java:311)
	at fotf_Testcase.AboutusPage_ContentEditor_Showhide.LoginSitecore(AboutusPage_ContentEditor_Showhide.java:23)
... Removed 29 stack frames</pre></div><a href='#' onClick='toggleBox("stack-trace246273275", this, "Click to show all stack frames", "Click to hide stack frames")'>Click to show all stack frames</a>
<div class='stack-trace' id='stack-trace246273275'><pre>org.openqa.selenium.NoSuchWindowException: no such window: target window already closed
from unknown error: web view not found
  (Session info: chrome=51.0.2704.84)
  (Driver info: chromedriver=2.19.346078 (6f1f0cde889532d48ce8242342d0b84f94b114a1),platform=Windows NT 6.1 SP1 x86_64) (WARNING: The server did not provide any stacktrace information)
Command duration or timeout: 2 milliseconds
Build info: version: &apos;2.48.2&apos;, revision: &apos;41bccdd&apos;, time: &apos;2015-10-09 19:55:52&apos;
System info: host: &apos;Arun-pc&apos;, ip: &apos;192.2.200.122&apos;, os.name: &apos;Windows 7&apos;, os.arch: &apos;amd64&apos;, os.version: &apos;6.1&apos;, java.version: &apos;1.8.0_91&apos;
Driver info: org.openqa.selenium.chrome.ChromeDriver
Capabilities [{applicationCacheEnabled=false, rotatable=false, mobileEmulationEnabled=false, chrome={userDataDir=C:\Users\Arun\AppData\Local\Temp\scoped_dir11040_28711}, takesHeapSnapshot=true, databaseEnabled=false, handlesAlerts=true, hasTouchScreen=false, version=51.0.2704.84, platform=XP, browserConnectionEnabled=false, nativeEvents=true, acceptSslCerts=true, locationContextEnabled=true, webStorageEnabled=true, browserName=chrome, takesScreenshot=true, javascriptEnabled=true, cssSelectorsEnabled=true}]
Session ID: 87aea3f272f5fa590ba3b4a4fff99f4e
	at sun.reflect.NativeConstructorAccessorImpl.newInstance0(Native Method)
	at sun.reflect.NativeConstructorAccessorImpl.newInstance(Unknown Source)
	at sun.reflect.DelegatingConstructorAccessorImpl.newInstance(Unknown Source)
	at java.lang.reflect.Constructor.newInstance(Unknown Source)
	at org.openqa.selenium.remote.ErrorHandler.createThrowable(ErrorHandler.java:206)
	at org.openqa.selenium.remote.ErrorHandler.throwIfResponseFailed(ErrorHandler.java:158)
	at org.openqa.selenium.remote.RemoteWebDriver.execute(RemoteWebDriver.java:647)
	at org.openqa.selenium.remote.RemoteWebDriver.get(RemoteWebDriver.java:311)
	at fotf_Testcase.AboutusPage_ContentEditor_Showhide.LoginSitecore(AboutusPage_ContentEditor_Showhide.java:23)
	at sun.reflect.NativeMethodAccessorImpl.invoke0(Native Method)
	at sun.reflect.NativeMethodAccessorImpl.invoke(Unknown Source)
	at sun.reflect.DelegatingMethodAccessorImpl.invoke(Unknown Source)
	at java.lang.reflect.Method.invoke(Unknown Source)
	at org.testng.internal.MethodInvocationHelper.invokeMethod(MethodInvocationHelper.java:85)
	at org.testng.internal.Invoker.invokeConfigurationMethod(Invoker.java:510)
	at org.testng.internal.Invoker.invokeConfigurations(Invoker.java:211)
	at org.testng.internal.Invoker.invokeMethod(Invoker.java:585)
	at org.testng.internal.Invoker.invokeTestMethod(Invoker.java:821)
	at org.testng.internal.Invoker.invokeTestMethods(Invoker.java:1131)
	at org.testng.internal.TestMethodWorker.invokeTestMethods(TestMethodWorker.java:124)
	at org.testng.internal.TestMethodWorker.run(TestMethodWorker.java:108)
	at org.testng.TestRunner.privateRun(TestRunner.java:773)
	at org.testng.TestRunner.run(TestRunner.java:623)
	at org.testng.SuiteRunner.runTest(SuiteRunner.java:357)
	at org.testng.SuiteRunner.runSequentially(SuiteRunner.java:352)
	at org.testng.SuiteRunner.privateRun(SuiteRunner.java:310)
	at org.testng.SuiteRunner.run(SuiteRunner.java:259)
	at org.testng.SuiteRunnerWorker.runSuite(SuiteRunnerWorker.java:52)
	at org.testng.SuiteRunnerWorker.run(SuiteRunnerWorker.java:86)
	at org.testng.TestNG.runSuitesSequentially(TestNG.java:1185)
	at org.testng.TestNG.runSuitesLocally(TestNG.java:1110)
	at org.testng.TestNG.run(TestNG.java:1018)
	at org.testng.TestNG.privateMain(TestNG.java:1325)
	at org.testng.TestNG.main(TestNG.java:1294)
</pre></div></td>
<td>0</td>
<td>fotf_Testcase.AboutusPage_ContentEditor_Showhide@5d624da6</td></tr>
<tr>
<td title='fotf_Testcase.AboutusPage_ContentEditor_Timeline.LoginSitecore()'><b>LoginSitecore</b><br>Test class: fotf_Testcase.AboutusPage_ContentEditor_Timeline</td>
<td><div><pre>org.openqa.selenium.NoSuchWindowException: no such window: target window already closed
from unknown error: web view not found
  (Session info: chrome=51.0.2704.84)
  (Driver info: chromedriver=2.19.346078 (6f1f0cde889532d48ce8242342d0b84f94b114a1),platform=Windows NT 6.1 SP1 x86_64) (WARNING: The server did not provide any stacktrace information)
Command duration or timeout: 2 milliseconds
Build info: version: &apos;2.48.2&apos;, revision: &apos;41bccdd&apos;, time: &apos;2015-10-09 19:55:52&apos;
System info: host: &apos;Arun-pc&apos;, ip: &apos;192.2.200.122&apos;, os.name: &apos;Windows 7&apos;, os.arch: &apos;amd64&apos;, os.version: &apos;6.1&apos;, java.version: &apos;1.8.0_91&apos;
Driver info: org.openqa.selenium.chrome.ChromeDriver
Capabilities [{applicationCacheEnabled=false, rotatable=false, mobileEmulationEnabled=false, chrome={userDataDir=C:\Users\Arun\AppData\Local\Temp\scoped_dir11040_28711}, takesHeapSnapshot=true, databaseEnabled=false, handlesAlerts=true, hasTouchScreen=false, version=51.0.2704.84, platform=XP, browserConnectionEnabled=false, nativeEvents=true, acceptSslCerts=true, locationContextEnabled=true, webStorageEnabled=true, browserName=chrome, takesScreenshot=true, javascriptEnabled=true, cssSelectorsEnabled=true}]
Session ID: 87aea3f272f5fa590ba3b4a4fff99f4e
	at org.openqa.selenium.remote.ErrorHandler.createThrowable(ErrorHandler.java:206)
	at org.openqa.selenium.remote.ErrorHandler.throwIfResponseFailed(ErrorHandler.java:158)
	at org.openqa.selenium.remote.RemoteWebDriver.execute(RemoteWebDriver.java:647)
	at org.openqa.selenium.remote.RemoteWebDriver.get(RemoteWebDriver.java:311)
	at fotf_Testcase.AboutusPage_ContentEditor_Timeline.LoginSitecore(AboutusPage_ContentEditor_Timeline.java:23)
... Removed 29 stack frames</pre></div><a href='#' onClick='toggleBox("stack-trace987249254", this, "Click to show all stack frames", "Click to hide stack frames")'>Click to show all stack frames</a>
<div class='stack-trace' id='stack-trace987249254'><pre>org.openqa.selenium.NoSuchWindowException: no such window: target window already closed
from unknown error: web view not found
  (Session info: chrome=51.0.2704.84)
  (Driver info: chromedriver=2.19.346078 (6f1f0cde889532d48ce8242342d0b84f94b114a1),platform=Windows NT 6.1 SP1 x86_64) (WARNING: The server did not provide any stacktrace information)
Command duration or timeout: 2 milliseconds
Build info: version: &apos;2.48.2&apos;, revision: &apos;41bccdd&apos;, time: &apos;2015-10-09 19:55:52&apos;
System info: host: &apos;Arun-pc&apos;, ip: &apos;192.2.200.122&apos;, os.name: &apos;Windows 7&apos;, os.arch: &apos;amd64&apos;, os.version: &apos;6.1&apos;, java.version: &apos;1.8.0_91&apos;
Driver info: org.openqa.selenium.chrome.ChromeDriver
Capabilities [{applicationCacheEnabled=false, rotatable=false, mobileEmulationEnabled=false, chrome={userDataDir=C:\Users\Arun\AppData\Local\Temp\scoped_dir11040_28711}, takesHeapSnapshot=true, databaseEnabled=false, handlesAlerts=true, hasTouchScreen=false, version=51.0.2704.84, platform=XP, browserConnectionEnabled=false, nativeEvents=true, acceptSslCerts=true, locationContextEnabled=true, webStorageEnabled=true, browserName=chrome, takesScreenshot=true, javascriptEnabled=true, cssSelectorsEnabled=true}]
Session ID: 87aea3f272f5fa590ba3b4a4fff99f4e
	at sun.reflect.NativeConstructorAccessorImpl.newInstance0(Native Method)
	at sun.reflect.NativeConstructorAccessorImpl.newInstance(Unknown Source)
	at sun.reflect.DelegatingConstructorAccessorImpl.newInstance(Unknown Source)
	at java.lang.reflect.Constructor.newInstance(Unknown Source)
	at org.openqa.selenium.remote.ErrorHandler.createThrowable(ErrorHandler.java:206)
	at org.openqa.selenium.remote.ErrorHandler.throwIfResponseFailed(ErrorHandler.java:158)
	at org.openqa.selenium.remote.RemoteWebDriver.execute(RemoteWebDriver.java:647)
	at org.openqa.selenium.remote.RemoteWebDriver.get(RemoteWebDriver.java:311)
	at fotf_Testcase.AboutusPage_ContentEditor_Timeline.LoginSitecore(AboutusPage_ContentEditor_Timeline.java:23)
	at sun.reflect.NativeMethodAccessorImpl.invoke0(Native Method)
	at sun.reflect.NativeMethodAccessorImpl.invoke(Unknown Source)
	at sun.reflect.DelegatingMethodAccessorImpl.invoke(Unknown Source)
	at java.lang.reflect.Method.invoke(Unknown Source)
	at org.testng.internal.MethodInvocationHelper.invokeMethod(MethodInvocationHelper.java:85)
	at org.testng.internal.Invoker.invokeConfigurationMethod(Invoker.java:510)
	at org.testng.internal.Invoker.invokeConfigurations(Invoker.java:211)
	at org.testng.internal.Invoker.invokeMethod(Invoker.java:585)
	at org.testng.internal.Invoker.invokeTestMethod(Invoker.java:821)
	at org.testng.internal.Invoker.invokeTestMethods(Invoker.java:1131)
	at org.testng.internal.TestMethodWorker.invokeTestMethods(TestMethodWorker.java:124)
	at org.testng.internal.TestMethodWorker.run(TestMethodWorker.java:108)
	at org.testng.TestRunner.privateRun(TestRunner.java:773)
	at org.testng.TestRunner.run(TestRunner.java:623)
	at org.testng.SuiteRunner.runTest(SuiteRunner.java:357)
	at org.testng.SuiteRunner.runSequentially(SuiteRunner.java:352)
	at org.testng.SuiteRunner.privateRun(SuiteRunner.java:310)
	at org.testng.SuiteRunner.run(SuiteRunner.java:259)
	at org.testng.SuiteRunnerWorker.runSuite(SuiteRunnerWorker.java:52)
	at org.testng.SuiteRunnerWorker.run(SuiteRunnerWorker.java:86)
	at org.testng.TestNG.runSuitesSequentially(TestNG.java:1185)
	at org.testng.TestNG.runSuitesLocally(TestNG.java:1110)
	at org.testng.TestNG.run(TestNG.java:1018)
	at org.testng.TestNG.privateMain(TestNG.java:1325)
	at org.testng.TestNG.main(TestNG.java:1294)
</pre></div></td>
<td>0</td>
<td>fotf_Testcase.AboutusPage_ContentEditor_Timeline@1e67b872</td></tr>
<tr>
<td title='fotf_Testcase.AboutusPage_ContentEditor_PageComponentHeader.LoginSitecore()'><b>LoginSitecore</b><br>Test class: fotf_Testcase.AboutusPage_ContentEditor_PageComponentHeader</td>
<td><div><pre>org.openqa.selenium.NoSuchWindowException: no such window: target window already closed
from unknown error: web view not found
  (Session info: chrome=51.0.2704.84)
  (Driver info: chromedriver=2.19.346078 (6f1f0cde889532d48ce8242342d0b84f94b114a1),platform=Windows NT 6.1 SP1 x86_64) (WARNING: The server did not provide any stacktrace information)
Command duration or timeout: 3 milliseconds
Build info: version: &apos;2.48.2&apos;, revision: &apos;41bccdd&apos;, time: &apos;2015-10-09 19:55:52&apos;
System info: host: &apos;Arun-pc&apos;, ip: &apos;192.2.200.122&apos;, os.name: &apos;Windows 7&apos;, os.arch: &apos;amd64&apos;, os.version: &apos;6.1&apos;, java.version: &apos;1.8.0_91&apos;
Driver info: org.openqa.selenium.chrome.ChromeDriver
Capabilities [{applicationCacheEnabled=false, rotatable=false, mobileEmulationEnabled=false, chrome={userDataDir=C:\Users\Arun\AppData\Local\Temp\scoped_dir11040_28711}, takesHeapSnapshot=true, databaseEnabled=false, handlesAlerts=true, hasTouchScreen=false, version=51.0.2704.84, platform=XP, browserConnectionEnabled=false, nativeEvents=true, acceptSslCerts=true, locationContextEnabled=true, webStorageEnabled=true, browserName=chrome, takesScreenshot=true, javascriptEnabled=true, cssSelectorsEnabled=true}]
Session ID: 87aea3f272f5fa590ba3b4a4fff99f4e
	at org.openqa.selenium.remote.ErrorHandler.createThrowable(ErrorHandler.java:206)
	at org.openqa.selenium.remote.ErrorHandler.throwIfResponseFailed(ErrorHandler.java:158)
	at org.openqa.selenium.remote.RemoteWebDriver.execute(RemoteWebDriver.java:647)
	at org.openqa.selenium.remote.RemoteWebDriver.get(RemoteWebDriver.java:311)
	at fotf_Testcase.AboutusPage_ContentEditor_PageComponentHeader.LoginSitecore(AboutusPage_ContentEditor_PageComponentHeader.java:25)
... Removed 29 stack frames</pre></div><a href='#' onClick='toggleBox("stack-trace363023858", this, "Click to show all stack frames", "Click to hide stack frames")'>Click to show all stack frames</a>
<div class='stack-trace' id='stack-trace363023858'><pre>org.openqa.selenium.NoSuchWindowException: no such window: target window already closed
from unknown error: web view not found
  (Session info: chrome=51.0.2704.84)
  (Driver info: chromedriver=2.19.346078 (6f1f0cde889532d48ce8242342d0b84f94b114a1),platform=Windows NT 6.1 SP1 x86_64) (WARNING: The server did not provide any stacktrace information)
Command duration or timeout: 3 milliseconds
Build info: version: &apos;2.48.2&apos;, revision: &apos;41bccdd&apos;, time: &apos;2015-10-09 19:55:52&apos;
System info: host: &apos;Arun-pc&apos;, ip: &apos;192.2.200.122&apos;, os.name: &apos;Windows 7&apos;, os.arch: &apos;amd64&apos;, os.version: &apos;6.1&apos;, java.version: &apos;1.8.0_91&apos;
Driver info: org.openqa.selenium.chrome.ChromeDriver
Capabilities [{applicationCacheEnabled=false, rotatable=false, mobileEmulationEnabled=false, chrome={userDataDir=C:\Users\Arun\AppData\Local\Temp\scoped_dir11040_28711}, takesHeapSnapshot=true, databaseEnabled=false, handlesAlerts=true, hasTouchScreen=false, version=51.0.2704.84, platform=XP, browserConnectionEnabled=false, nativeEvents=true, acceptSslCerts=true, locationContextEnabled=true, webStorageEnabled=true, browserName=chrome, takesScreenshot=true, javascriptEnabled=true, cssSelectorsEnabled=true}]
Session ID: 87aea3f272f5fa590ba3b4a4fff99f4e
	at sun.reflect.NativeConstructorAccessorImpl.newInstance0(Native Method)
	at sun.reflect.NativeConstructorAccessorImpl.newInstance(Unknown Source)
	at sun.reflect.DelegatingConstructorAccessorImpl.newInstance(Unknown Source)
	at java.lang.reflect.Constructor.newInstance(Unknown Source)
	at org.openqa.selenium.remote.ErrorHandler.createThrowable(ErrorHandler.java:206)
	at org.openqa.selenium.remote.ErrorHandler.throwIfResponseFailed(ErrorHandler.java:158)
	at org.openqa.selenium.remote.RemoteWebDriver.execute(RemoteWebDriver.java:647)
	at org.openqa.selenium.remote.RemoteWebDriver.get(RemoteWebDriver.java:311)
	at fotf_Testcase.AboutusPage_ContentEditor_PageComponentHeader.LoginSitecore(AboutusPage_ContentEditor_PageComponentHeader.java:25)
	at sun.reflect.NativeMethodAccessorImpl.invoke0(Native Method)
	at sun.reflect.NativeMethodAccessorImpl.invoke(Unknown Source)
	at sun.reflect.DelegatingMethodAccessorImpl.invoke(Unknown Source)
	at java.lang.reflect.Method.invoke(Unknown Source)
	at org.testng.internal.MethodInvocationHelper.invokeMethod(MethodInvocationHelper.java:85)
	at org.testng.internal.Invoker.invokeConfigurationMethod(Invoker.java:510)
	at org.testng.internal.Invoker.invokeConfigurations(Invoker.java:211)
	at org.testng.internal.Invoker.invokeMethod(Invoker.java:585)
	at org.testng.internal.Invoker.invokeTestMethod(Invoker.java:821)
	at org.testng.internal.Invoker.invokeTestMethods(Invoker.java:1131)
	at org.testng.internal.TestMethodWorker.invokeTestMethods(TestMethodWorker.java:124)
	at org.testng.internal.TestMethodWorker.run(TestMethodWorker.java:108)
	at org.testng.TestRunner.privateRun(TestRunner.java:773)
	at org.testng.TestRunner.run(TestRunner.java:623)
	at org.testng.SuiteRunner.runTest(SuiteRunner.java:357)
	at org.testng.SuiteRunner.runSequentially(SuiteRunner.java:352)
	at org.testng.SuiteRunner.privateRun(SuiteRunner.java:310)
	at org.testng.SuiteRunner.run(SuiteRunner.java:259)
	at org.testng.SuiteRunnerWorker.runSuite(SuiteRunnerWorker.java:52)
	at org.testng.SuiteRunnerWorker.run(SuiteRunnerWorker.java:86)
	at org.testng.TestNG.runSuitesSequentially(TestNG.java:1185)
	at org.testng.TestNG.runSuitesLocally(TestNG.java:1110)
	at org.testng.TestNG.run(TestNG.java:1018)
	at org.testng.TestNG.privateMain(TestNG.java:1325)
	at org.testng.TestNG.main(TestNG.java:1294)
</pre></div></td>
<td>0</td>
<td>fotf_Testcase.AboutusPage_ContentEditor_PageComponentHeader@60addb54</td></tr>
<tr>
<td title='fotf_Testcase.AboutusPage_ContentEditor_CustomInitiative.LoginSitecore()'><b>LoginSitecore</b><br>Test class: fotf_Testcase.AboutusPage_ContentEditor_CustomInitiative</td>
<td><div><pre>org.openqa.selenium.NoSuchWindowException: no such window: target window already closed
from unknown error: web view not found
  (Session info: chrome=51.0.2704.84)
  (Driver info: chromedriver=2.19.346078 (6f1f0cde889532d48ce8242342d0b84f94b114a1),platform=Windows NT 6.1 SP1 x86_64) (WARNING: The server did not provide any stacktrace information)
Command duration or timeout: 2 milliseconds
Build info: version: &apos;2.48.2&apos;, revision: &apos;41bccdd&apos;, time: &apos;2015-10-09 19:55:52&apos;
System info: host: &apos;Arun-pc&apos;, ip: &apos;192.2.200.122&apos;, os.name: &apos;Windows 7&apos;, os.arch: &apos;amd64&apos;, os.version: &apos;6.1&apos;, java.version: &apos;1.8.0_91&apos;
Driver info: org.openqa.selenium.chrome.ChromeDriver
Capabilities [{applicationCacheEnabled=false, rotatable=false, mobileEmulationEnabled=false, chrome={userDataDir=C:\Users\Arun\AppData\Local\Temp\scoped_dir11040_28711}, takesHeapSnapshot=true, databaseEnabled=false, handlesAlerts=true, hasTouchScreen=false, version=51.0.2704.84, platform=XP, browserConnectionEnabled=false, nativeEvents=true, acceptSslCerts=true, locationContextEnabled=true, webStorageEnabled=true, browserName=chrome, takesScreenshot=true, javascriptEnabled=true, cssSelectorsEnabled=true}]
Session ID: 87aea3f272f5fa590ba3b4a4fff99f4e
	at org.openqa.selenium.remote.ErrorHandler.createThrowable(ErrorHandler.java:206)
	at org.openqa.selenium.remote.ErrorHandler.throwIfResponseFailed(ErrorHandler.java:158)
	at org.openqa.selenium.remote.RemoteWebDriver.execute(RemoteWebDriver.java:647)
	at org.openqa.selenium.remote.RemoteWebDriver.get(RemoteWebDriver.java:311)
	at fotf_Testcase.AboutusPage_ContentEditor_CustomInitiative.LoginSitecore(AboutusPage_ContentEditor_CustomInitiative.java:27)
... Removed 29 stack frames</pre></div><a href='#' onClick='toggleBox("stack-trace1222768327", this, "Click to show all stack frames", "Click to hide stack frames")'>Click to show all stack frames</a>
<div class='stack-trace' id='stack-trace1222768327'><pre>org.openqa.selenium.NoSuchWindowException: no such window: target window already closed
from unknown error: web view not found
  (Session info: chrome=51.0.2704.84)
  (Driver info: chromedriver=2.19.346078 (6f1f0cde889532d48ce8242342d0b84f94b114a1),platform=Windows NT 6.1 SP1 x86_64) (WARNING: The server did not provide any stacktrace information)
Command duration or timeout: 2 milliseconds
Build info: version: &apos;2.48.2&apos;, revision: &apos;41bccdd&apos;, time: &apos;2015-10-09 19:55:52&apos;
System info: host: &apos;Arun-pc&apos;, ip: &apos;192.2.200.122&apos;, os.name: &apos;Windows 7&apos;, os.arch: &apos;amd64&apos;, os.version: &apos;6.1&apos;, java.version: &apos;1.8.0_91&apos;
Driver info: org.openqa.selenium.chrome.ChromeDriver
Capabilities [{applicationCacheEnabled=false, rotatable=false, mobileEmulationEnabled=false, chrome={userDataDir=C:\Users\Arun\AppData\Local\Temp\scoped_dir11040_28711}, takesHeapSnapshot=true, databaseEnabled=false, handlesAlerts=true, hasTouchScreen=false, version=51.0.2704.84, platform=XP, browserConnectionEnabled=false, nativeEvents=true, acceptSslCerts=true, locationContextEnabled=true, webStorageEnabled=true, browserName=chrome, takesScreenshot=true, javascriptEnabled=true, cssSelectorsEnabled=true}]
Session ID: 87aea3f272f5fa590ba3b4a4fff99f4e
	at sun.reflect.NativeConstructorAccessorImpl.newInstance0(Native Method)
	at sun.reflect.NativeConstructorAccessorImpl.newInstance(Unknown Source)
	at sun.reflect.DelegatingConstructorAccessorImpl.newInstance(Unknown Source)
	at java.lang.reflect.Constructor.newInstance(Unknown Source)
	at org.openqa.selenium.remote.ErrorHandler.createThrowable(ErrorHandler.java:206)
	at org.openqa.selenium.remote.ErrorHandler.throwIfResponseFailed(ErrorHandler.java:158)
	at org.openqa.selenium.remote.RemoteWebDriver.execute(RemoteWebDriver.java:647)
	at org.openqa.selenium.remote.RemoteWebDriver.get(RemoteWebDriver.java:311)
	at fotf_Testcase.AboutusPage_ContentEditor_CustomInitiative.LoginSitecore(AboutusPage_ContentEditor_CustomInitiative.java:27)
	at sun.reflect.NativeMethodAccessorImpl.invoke0(Native Method)
	at sun.reflect.NativeMethodAccessorImpl.invoke(Unknown Source)
	at sun.reflect.DelegatingMethodAccessorImpl.invoke(Unknown Source)
	at java.lang.reflect.Method.invoke(Unknown Source)
	at org.testng.internal.MethodInvocationHelper.invokeMethod(MethodInvocationHelper.java:85)
	at org.testng.internal.Invoker.invokeConfigurationMethod(Invoker.java:510)
	at org.testng.internal.Invoker.invokeConfigurations(Invoker.java:211)
	at org.testng.internal.Invoker.invokeMethod(Invoker.java:585)
	at org.testng.internal.Invoker.invokeTestMethod(Invoker.java:821)
	at org.testng.internal.Invoker.invokeTestMethods(Invoker.java:1131)
	at org.testng.internal.TestMethodWorker.invokeTestMethods(TestMethodWorker.java:124)
	at org.testng.internal.TestMethodWorker.run(TestMethodWorker.java:108)
	at org.testng.TestRunner.privateRun(TestRunner.java:773)
	at org.testng.TestRunner.run(TestRunner.java:623)
	at org.testng.SuiteRunner.runTest(SuiteRunner.java:357)
	at org.testng.SuiteRunner.runSequentially(SuiteRunner.java:352)
	at org.testng.SuiteRunner.privateRun(SuiteRunner.java:310)
	at org.testng.SuiteRunner.run(SuiteRunner.java:259)
	at org.testng.SuiteRunnerWorker.runSuite(SuiteRunnerWorker.java:52)
	at org.testng.SuiteRunnerWorker.run(SuiteRunnerWorker.java:86)
	at org.testng.TestNG.runSuitesSequentially(TestNG.java:1185)
	at org.testng.TestNG.runSuitesLocally(TestNG.java:1110)
	at org.testng.TestNG.run(TestNG.java:1018)
	at org.testng.TestNG.privateMain(TestNG.java:1325)
	at org.testng.TestNG.main(TestNG.java:1294)
</pre></div></td>
<td>0</td>
<td>fotf_Testcase.AboutusPage_ContentEditor_CustomInitiative@3f2a3a5</td></tr>
<tr>
<td title='fotf_Testcase.AboutusPage_PageEditor_OneItem.LoginSitecore()'><b>LoginSitecore</b><br>Test class: fotf_Testcase.AboutusPage_PageEditor_OneItem</td>
<td><div><pre>org.openqa.selenium.NoSuchWindowException: no such window: target window already closed
from unknown error: web view not found
  (Session info: chrome=51.0.2704.84)
  (Driver info: chromedriver=2.19.346078 (6f1f0cde889532d48ce8242342d0b84f94b114a1),platform=Windows NT 6.1 SP1 x86_64) (WARNING: The server did not provide any stacktrace information)
Command duration or timeout: 2 milliseconds
Build info: version: &apos;2.48.2&apos;, revision: &apos;41bccdd&apos;, time: &apos;2015-10-09 19:55:52&apos;
System info: host: &apos;Arun-pc&apos;, ip: &apos;192.2.200.122&apos;, os.name: &apos;Windows 7&apos;, os.arch: &apos;amd64&apos;, os.version: &apos;6.1&apos;, java.version: &apos;1.8.0_91&apos;
Driver info: org.openqa.selenium.chrome.ChromeDriver
Capabilities [{applicationCacheEnabled=false, rotatable=false, mobileEmulationEnabled=false, chrome={userDataDir=C:\Users\Arun\AppData\Local\Temp\scoped_dir11040_28711}, takesHeapSnapshot=true, databaseEnabled=false, handlesAlerts=true, hasTouchScreen=false, version=51.0.2704.84, platform=XP, browserConnectionEnabled=false, nativeEvents=true, acceptSslCerts=true, locationContextEnabled=true, webStorageEnabled=true, browserName=chrome, takesScreenshot=true, javascriptEnabled=true, cssSelectorsEnabled=true}]
Session ID: 87aea3f272f5fa590ba3b4a4fff99f4e
	at org.openqa.selenium.remote.ErrorHandler.createThrowable(ErrorHandler.java:206)
	at org.openqa.selenium.remote.ErrorHandler.throwIfResponseFailed(ErrorHandler.java:158)
	at org.openqa.selenium.remote.RemoteWebDriver.execute(RemoteWebDriver.java:647)
	at org.openqa.selenium.remote.RemoteWebDriver.get(RemoteWebDriver.java:311)
	at fotf_Testcase.AboutusPage_PageEditor_OneItem.LoginSitecore(AboutusPage_PageEditor_OneItem.java:21)
... Removed 29 stack frames</pre></div><a href='#' onClick='toggleBox("stack-trace1551446957", this, "Click to show all stack frames", "Click to hide stack frames")'>Click to show all stack frames</a>
<div class='stack-trace' id='stack-trace1551446957'><pre>org.openqa.selenium.NoSuchWindowException: no such window: target window already closed
from unknown error: web view not found
  (Session info: chrome=51.0.2704.84)
  (Driver info: chromedriver=2.19.346078 (6f1f0cde889532d48ce8242342d0b84f94b114a1),platform=Windows NT 6.1 SP1 x86_64) (WARNING: The server did not provide any stacktrace information)
Command duration or timeout: 2 milliseconds
Build info: version: &apos;2.48.2&apos;, revision: &apos;41bccdd&apos;, time: &apos;2015-10-09 19:55:52&apos;
System info: host: &apos;Arun-pc&apos;, ip: &apos;192.2.200.122&apos;, os.name: &apos;Windows 7&apos;, os.arch: &apos;amd64&apos;, os.version: &apos;6.1&apos;, java.version: &apos;1.8.0_91&apos;
Driver info: org.openqa.selenium.chrome.ChromeDriver
Capabilities [{applicationCacheEnabled=false, rotatable=false, mobileEmulationEnabled=false, chrome={userDataDir=C:\Users\Arun\AppData\Local\Temp\scoped_dir11040_28711}, takesHeapSnapshot=true, databaseEnabled=false, handlesAlerts=true, hasTouchScreen=false, version=51.0.2704.84, platform=XP, browserConnectionEnabled=false, nativeEvents=true, acceptSslCerts=true, locationContextEnabled=true, webStorageEnabled=true, browserName=chrome, takesScreenshot=true, javascriptEnabled=true, cssSelectorsEnabled=true}]
Session ID: 87aea3f272f5fa590ba3b4a4fff99f4e
	at sun.reflect.NativeConstructorAccessorImpl.newInstance0(Native Method)
	at sun.reflect.NativeConstructorAccessorImpl.newInstance(Unknown Source)
	at sun.reflect.DelegatingConstructorAccessorImpl.newInstance(Unknown Source)
	at java.lang.reflect.Constructor.newInstance(Unknown Source)
	at org.openqa.selenium.remote.ErrorHandler.createThrowable(ErrorHandler.java:206)
	at org.openqa.selenium.remote.ErrorHandler.throwIfResponseFailed(ErrorHandler.java:158)
	at org.openqa.selenium.remote.RemoteWebDriver.execute(RemoteWebDriver.java:647)
	at org.openqa.selenium.remote.RemoteWebDriver.get(RemoteWebDriver.java:311)
	at fotf_Testcase.AboutusPage_PageEditor_OneItem.LoginSitecore(AboutusPage_PageEditor_OneItem.java:21)
	at sun.reflect.NativeMethodAccessorImpl.invoke0(Native Method)
	at sun.reflect.NativeMethodAccessorImpl.invoke(Unknown Source)
	at sun.reflect.DelegatingMethodAccessorImpl.invoke(Unknown Source)
	at java.lang.reflect.Method.invoke(Unknown Source)
	at org.testng.internal.MethodInvocationHelper.invokeMethod(MethodInvocationHelper.java:85)
	at org.testng.internal.Invoker.invokeConfigurationMethod(Invoker.java:510)
	at org.testng.internal.Invoker.invokeConfigurations(Invoker.java:211)
	at org.testng.internal.Invoker.invokeMethod(Invoker.java:585)
	at org.testng.internal.Invoker.invokeTestMethod(Invoker.java:821)
	at org.testng.internal.Invoker.invokeTestMethods(Invoker.java:1131)
	at org.testng.internal.TestMethodWorker.invokeTestMethods(TestMethodWorker.java:124)
	at org.testng.internal.TestMethodWorker.run(TestMethodWorker.java:108)
	at org.testng.TestRunner.privateRun(TestRunner.java:773)
	at org.testng.TestRunner.run(TestRunner.java:623)
	at org.testng.SuiteRunner.runTest(SuiteRunner.java:357)
	at org.testng.SuiteRunner.runSequentially(SuiteRunner.java:352)
	at org.testng.SuiteRunner.privateRun(SuiteRunner.java:310)
	at org.testng.SuiteRunner.run(SuiteRunner.java:259)
	at org.testng.SuiteRunnerWorker.runSuite(SuiteRunnerWorker.java:52)
	at org.testng.SuiteRunnerWorker.run(SuiteRunnerWorker.java:86)
	at org.testng.TestNG.runSuitesSequentially(TestNG.java:1185)
	at org.testng.TestNG.runSuitesLocally(TestNG.java:1110)
	at org.testng.TestNG.run(TestNG.java:1018)
	at org.testng.TestNG.privateMain(TestNG.java:1325)
	at org.testng.TestNG.main(TestNG.java:1294)
</pre></div></td>
<td>0</td>
<td>fotf_Testcase.AboutusPage_PageEditor_OneItem@4cb2c100</td></tr>
<tr>
<td title='fotf_Testcase.AboutusPage_PageEditor_TwoItem.LoginSitecore()'><b>LoginSitecore</b><br>Test class: fotf_Testcase.AboutusPage_PageEditor_TwoItem</td>
<td><div><pre>org.openqa.selenium.NoSuchWindowException: no such window: target window already closed
from unknown error: web view not found
  (Session info: chrome=51.0.2704.84)
  (Driver info: chromedriver=2.19.346078 (6f1f0cde889532d48ce8242342d0b84f94b114a1),platform=Windows NT 6.1 SP1 x86_64) (WARNING: The server did not provide any stacktrace information)
Command duration or timeout: 3 milliseconds
Build info: version: &apos;2.48.2&apos;, revision: &apos;41bccdd&apos;, time: &apos;2015-10-09 19:55:52&apos;
System info: host: &apos;Arun-pc&apos;, ip: &apos;192.2.200.122&apos;, os.name: &apos;Windows 7&apos;, os.arch: &apos;amd64&apos;, os.version: &apos;6.1&apos;, java.version: &apos;1.8.0_91&apos;
Driver info: org.openqa.selenium.chrome.ChromeDriver
Capabilities [{applicationCacheEnabled=false, rotatable=false, mobileEmulationEnabled=false, chrome={userDataDir=C:\Users\Arun\AppData\Local\Temp\scoped_dir11040_28711}, takesHeapSnapshot=true, databaseEnabled=false, handlesAlerts=true, hasTouchScreen=false, version=51.0.2704.84, platform=XP, browserConnectionEnabled=false, nativeEvents=true, acceptSslCerts=true, locationContextEnabled=true, webStorageEnabled=true, browserName=chrome, takesScreenshot=true, javascriptEnabled=true, cssSelectorsEnabled=true}]
Session ID: 87aea3f272f5fa590ba3b4a4fff99f4e
	at org.openqa.selenium.remote.ErrorHandler.createThrowable(ErrorHandler.java:206)
	at org.openqa.selenium.remote.ErrorHandler.throwIfResponseFailed(ErrorHandler.java:158)
	at org.openqa.selenium.remote.RemoteWebDriver.execute(RemoteWebDriver.java:647)
	at org.openqa.selenium.remote.RemoteWebDriver.get(RemoteWebDriver.java:311)
	at fotf_Testcase.AboutusPage_PageEditor_TwoItem.LoginSitecore(AboutusPage_PageEditor_TwoItem.java:21)
... Removed 29 stack frames</pre></div><a href='#' onClick='toggleBox("stack-trace2068598972", this, "Click to show all stack frames", "Click to hide stack frames")'>Click to show all stack frames</a>
<div class='stack-trace' id='stack-trace2068598972'><pre>org.openqa.selenium.NoSuchWindowException: no such window: target window already closed
from unknown error: web view not found
  (Session info: chrome=51.0.2704.84)
  (Driver info: chromedriver=2.19.346078 (6f1f0cde889532d48ce8242342d0b84f94b114a1),platform=Windows NT 6.1 SP1 x86_64) (WARNING: The server did not provide any stacktrace information)
Command duration or timeout: 3 milliseconds
Build info: version: &apos;2.48.2&apos;, revision: &apos;41bccdd&apos;, time: &apos;2015-10-09 19:55:52&apos;
System info: host: &apos;Arun-pc&apos;, ip: &apos;192.2.200.122&apos;, os.name: &apos;Windows 7&apos;, os.arch: &apos;amd64&apos;, os.version: &apos;6.1&apos;, java.version: &apos;1.8.0_91&apos;
Driver info: org.openqa.selenium.chrome.ChromeDriver
Capabilities [{applicationCacheEnabled=false, rotatable=false, mobileEmulationEnabled=false, chrome={userDataDir=C:\Users\Arun\AppData\Local\Temp\scoped_dir11040_28711}, takesHeapSnapshot=true, databaseEnabled=false, handlesAlerts=true, hasTouchScreen=false, version=51.0.2704.84, platform=XP, browserConnectionEnabled=false, nativeEvents=true, acceptSslCerts=true, locationContextEnabled=true, webStorageEnabled=true, browserName=chrome, takesScreenshot=true, javascriptEnabled=true, cssSelectorsEnabled=true}]
Session ID: 87aea3f272f5fa590ba3b4a4fff99f4e
	at sun.reflect.NativeConstructorAccessorImpl.newInstance0(Native Method)
	at sun.reflect.NativeConstructorAccessorImpl.newInstance(Unknown Source)
	at sun.reflect.DelegatingConstructorAccessorImpl.newInstance(Unknown Source)
	at java.lang.reflect.Constructor.newInstance(Unknown Source)
	at org.openqa.selenium.remote.ErrorHandler.createThrowable(ErrorHandler.java:206)
	at org.openqa.selenium.remote.ErrorHandler.throwIfResponseFailed(ErrorHandler.java:158)
	at org.openqa.selenium.remote.RemoteWebDriver.execute(RemoteWebDriver.java:647)
	at org.openqa.selenium.remote.RemoteWebDriver.get(RemoteWebDriver.java:311)
	at fotf_Testcase.AboutusPage_PageEditor_TwoItem.LoginSitecore(AboutusPage_PageEditor_TwoItem.java:21)
	at sun.reflect.NativeMethodAccessorImpl.invoke0(Native Method)
	at sun.reflect.NativeMethodAccessorImpl.invoke(Unknown Source)
	at sun.reflect.DelegatingMethodAccessorImpl.invoke(Unknown Source)
	at java.lang.reflect.Method.invoke(Unknown Source)
	at org.testng.internal.MethodInvocationHelper.invokeMethod(MethodInvocationHelper.java:85)
	at org.testng.internal.Invoker.invokeConfigurationMethod(Invoker.java:510)
	at org.testng.internal.Invoker.invokeConfigurations(Invoker.java:211)
	at org.testng.internal.Invoker.invokeMethod(Invoker.java:585)
	at org.testng.internal.Invoker.invokeTestMethod(Invoker.java:821)
	at org.testng.internal.Invoker.invokeTestMethods(Invoker.java:1131)
	at org.testng.internal.TestMethodWorker.invokeTestMethods(TestMethodWorker.java:124)
	at org.testng.internal.TestMethodWorker.run(TestMethodWorker.java:108)
	at org.testng.TestRunner.privateRun(TestRunner.java:773)
	at org.testng.TestRunner.run(TestRunner.java:623)
	at org.testng.SuiteRunner.runTest(SuiteRunner.java:357)
	at org.testng.SuiteRunner.runSequentially(SuiteRunner.java:352)
	at org.testng.SuiteRunner.privateRun(SuiteRunner.java:310)
	at org.testng.SuiteRunner.run(SuiteRunner.java:259)
	at org.testng.SuiteRunnerWorker.runSuite(SuiteRunnerWorker.java:52)
	at org.testng.SuiteRunnerWorker.run(SuiteRunnerWorker.java:86)
	at org.testng.TestNG.runSuitesSequentially(TestNG.java:1185)
	at org.testng.TestNG.runSuitesLocally(TestNG.java:1110)
	at org.testng.TestNG.run(TestNG.java:1018)
	at org.testng.TestNG.privateMain(TestNG.java:1325)
	at org.testng.TestNG.main(TestNG.java:1294)
</pre></div></td>
<td>0</td>
<td>fotf_Testcase.AboutusPage_PageEditor_TwoItem@6fb554cc</td></tr>
<tr>
<td title='fotf_Testcase.AboutusPage_PageEditor_ThreeItem.LoginSitecore()'><b>LoginSitecore</b><br>Test class: fotf_Testcase.AboutusPage_PageEditor_ThreeItem</td>
<td><div><pre>org.openqa.selenium.NoSuchWindowException: no such window: target window already closed
from unknown error: web view not found
  (Session info: chrome=51.0.2704.84)
  (Driver info: chromedriver=2.19.346078 (6f1f0cde889532d48ce8242342d0b84f94b114a1),platform=Windows NT 6.1 SP1 x86_64) (WARNING: The server did not provide any stacktrace information)
Command duration or timeout: 2 milliseconds
Build info: version: &apos;2.48.2&apos;, revision: &apos;41bccdd&apos;, time: &apos;2015-10-09 19:55:52&apos;
System info: host: &apos;Arun-pc&apos;, ip: &apos;192.2.200.122&apos;, os.name: &apos;Windows 7&apos;, os.arch: &apos;amd64&apos;, os.version: &apos;6.1&apos;, java.version: &apos;1.8.0_91&apos;
Driver info: org.openqa.selenium.chrome.ChromeDriver
Capabilities [{applicationCacheEnabled=false, rotatable=false, mobileEmulationEnabled=false, chrome={userDataDir=C:\Users\Arun\AppData\Local\Temp\scoped_dir11040_28711}, takesHeapSnapshot=true, databaseEnabled=false, handlesAlerts=true, hasTouchScreen=false, version=51.0.2704.84, platform=XP, browserConnectionEnabled=false, nativeEvents=true, acceptSslCerts=true, locationContextEnabled=true, webStorageEnabled=true, browserName=chrome, takesScreenshot=true, javascriptEnabled=true, cssSelectorsEnabled=true}]
Session ID: 87aea3f272f5fa590ba3b4a4fff99f4e
	at org.openqa.selenium.remote.ErrorHandler.createThrowable(ErrorHandler.java:206)
	at org.openqa.selenium.remote.ErrorHandler.throwIfResponseFailed(ErrorHandler.java:158)
	at org.openqa.selenium.remote.RemoteWebDriver.execute(RemoteWebDriver.java:647)
	at org.openqa.selenium.remote.RemoteWebDriver.get(RemoteWebDriver.java:311)
	at fotf_Testcase.AboutusPage_PageEditor_ThreeItem.LoginSitecore(AboutusPage_PageEditor_ThreeItem.java:21)
... Removed 29 stack frames</pre></div><a href='#' onClick='toggleBox("stack-trace2053996178", this, "Click to show all stack frames", "Click to hide stack frames")'>Click to show all stack frames</a>
<div class='stack-trace' id='stack-trace2053996178'><pre>org.openqa.selenium.NoSuchWindowException: no such window: target window already closed
from unknown error: web view not found
  (Session info: chrome=51.0.2704.84)
  (Driver info: chromedriver=2.19.346078 (6f1f0cde889532d48ce8242342d0b84f94b114a1),platform=Windows NT 6.1 SP1 x86_64) (WARNING: The server did not provide any stacktrace information)
Command duration or timeout: 2 milliseconds
Build info: version: &apos;2.48.2&apos;, revision: &apos;41bccdd&apos;, time: &apos;2015-10-09 19:55:52&apos;
System info: host: &apos;Arun-pc&apos;, ip: &apos;192.2.200.122&apos;, os.name: &apos;Windows 7&apos;, os.arch: &apos;amd64&apos;, os.version: &apos;6.1&apos;, java.version: &apos;1.8.0_91&apos;
Driver info: org.openqa.selenium.chrome.ChromeDriver
Capabilities [{applicationCacheEnabled=false, rotatable=false, mobileEmulationEnabled=false, chrome={userDataDir=C:\Users\Arun\AppData\Local\Temp\scoped_dir11040_28711}, takesHeapSnapshot=true, databaseEnabled=false, handlesAlerts=true, hasTouchScreen=false, version=51.0.2704.84, platform=XP, browserConnectionEnabled=false, nativeEvents=true, acceptSslCerts=true, locationContextEnabled=true, webStorageEnabled=true, browserName=chrome, takesScreenshot=true, javascriptEnabled=true, cssSelectorsEnabled=true}]
Session ID: 87aea3f272f5fa590ba3b4a4fff99f4e
	at sun.reflect.NativeConstructorAccessorImpl.newInstance0(Native Method)
	at sun.reflect.NativeConstructorAccessorImpl.newInstance(Unknown Source)
	at sun.reflect.DelegatingConstructorAccessorImpl.newInstance(Unknown Source)
	at java.lang.reflect.Constructor.newInstance(Unknown Source)
	at org.openqa.selenium.remote.ErrorHandler.createThrowable(ErrorHandler.java:206)
	at org.openqa.selenium.remote.ErrorHandler.throwIfResponseFailed(ErrorHandler.java:158)
	at org.openqa.selenium.remote.RemoteWebDriver.execute(RemoteWebDriver.java:647)
	at org.openqa.selenium.remote.RemoteWebDriver.get(RemoteWebDriver.java:311)
	at fotf_Testcase.AboutusPage_PageEditor_ThreeItem.LoginSitecore(AboutusPage_PageEditor_ThreeItem.java:21)
	at sun.reflect.NativeMethodAccessorImpl.invoke0(Native Method)
	at sun.reflect.NativeMethodAccessorImpl.invoke(Unknown Source)
	at sun.reflect.DelegatingMethodAccessorImpl.invoke(Unknown Source)
	at java.lang.reflect.Method.invoke(Unknown Source)
	at org.testng.internal.MethodInvocationHelper.invokeMethod(MethodInvocationHelper.java:85)
	at org.testng.internal.Invoker.invokeConfigurationMethod(Invoker.java:510)
	at org.testng.internal.Invoker.invokeConfigurations(Invoker.java:211)
	at org.testng.internal.Invoker.invokeMethod(Invoker.java:585)
	at org.testng.internal.Invoker.invokeTestMethod(Invoker.java:821)
	at org.testng.internal.Invoker.invokeTestMethods(Invoker.java:1131)
	at org.testng.internal.TestMethodWorker.invokeTestMethods(TestMethodWorker.java:124)
	at org.testng.internal.TestMethodWorker.run(TestMethodWorker.java:108)
	at org.testng.TestRunner.privateRun(TestRunner.java:773)
	at org.testng.TestRunner.run(TestRunner.java:623)
	at org.testng.SuiteRunner.runTest(SuiteRunner.java:357)
	at org.testng.SuiteRunner.runSequentially(SuiteRunner.java:352)
	at org.testng.SuiteRunner.privateRun(SuiteRunner.java:310)
	at org.testng.SuiteRunner.run(SuiteRunner.java:259)
	at org.testng.SuiteRunnerWorker.runSuite(SuiteRunnerWorker.java:52)
	at org.testng.SuiteRunnerWorker.run(SuiteRunnerWorker.java:86)
	at org.testng.TestNG.runSuitesSequentially(TestNG.java:1185)
	at org.testng.TestNG.runSuitesLocally(TestNG.java:1110)
	at org.testng.TestNG.run(TestNG.java:1018)
	at org.testng.TestNG.privateMain(TestNG.java:1325)
	at org.testng.TestNG.main(TestNG.java:1294)
</pre></div></td>
<td>0</td>
<td>fotf_Testcase.AboutusPage_PageEditor_ThreeItem@614c5515</td></tr>
<tr>
<td title='fotf_Testcase.AboutusPage_PageEditor_FourItem.LoginSitecore()'><b>LoginSitecore</b><br>Test class: fotf_Testcase.AboutusPage_PageEditor_FourItem</td>
<td><div><pre>org.openqa.selenium.NoSuchWindowException: no such window: target window already closed
from unknown error: web view not found
  (Session info: chrome=51.0.2704.84)
  (Driver info: chromedriver=2.19.346078 (6f1f0cde889532d48ce8242342d0b84f94b114a1),platform=Windows NT 6.1 SP1 x86_64) (WARNING: The server did not provide any stacktrace information)
Command duration or timeout: 2 milliseconds
Build info: version: &apos;2.48.2&apos;, revision: &apos;41bccdd&apos;, time: &apos;2015-10-09 19:55:52&apos;
System info: host: &apos;Arun-pc&apos;, ip: &apos;192.2.200.122&apos;, os.name: &apos;Windows 7&apos;, os.arch: &apos;amd64&apos;, os.version: &apos;6.1&apos;, java.version: &apos;1.8.0_91&apos;
Driver info: org.openqa.selenium.chrome.ChromeDriver
Capabilities [{applicationCacheEnabled=false, rotatable=false, mobileEmulationEnabled=false, chrome={userDataDir=C:\Users\Arun\AppData\Local\Temp\scoped_dir11040_28711}, takesHeapSnapshot=true, databaseEnabled=false, handlesAlerts=true, hasTouchScreen=false, version=51.0.2704.84, platform=XP, browserConnectionEnabled=false, nativeEvents=true, acceptSslCerts=true, locationContextEnabled=true, webStorageEnabled=true, browserName=chrome, takesScreenshot=true, javascriptEnabled=true, cssSelectorsEnabled=true}]
Session ID: 87aea3f272f5fa590ba3b4a4fff99f4e
	at org.openqa.selenium.remote.ErrorHandler.createThrowable(ErrorHandler.java:206)
	at org.openqa.selenium.remote.ErrorHandler.throwIfResponseFailed(ErrorHandler.java:158)
	at org.openqa.selenium.remote.RemoteWebDriver.execute(RemoteWebDriver.java:647)
	at org.openqa.selenium.remote.RemoteWebDriver.get(RemoteWebDriver.java:311)
	at fotf_Testcase.AboutusPage_PageEditor_FourItem.LoginSitecore(AboutusPage_PageEditor_FourItem.java:21)
... Removed 29 stack frames</pre></div><a href='#' onClick='toggleBox("stack-trace603305436", this, "Click to show all stack frames", "Click to hide stack frames")'>Click to show all stack frames</a>
<div class='stack-trace' id='stack-trace603305436'><pre>org.openqa.selenium.NoSuchWindowException: no such window: target window already closed
from unknown error: web view not found
  (Session info: chrome=51.0.2704.84)
  (Driver info: chromedriver=2.19.346078 (6f1f0cde889532d48ce8242342d0b84f94b114a1),platform=Windows NT 6.1 SP1 x86_64) (WARNING: The server did not provide any stacktrace information)
Command duration or timeout: 2 milliseconds
Build info: version: &apos;2.48.2&apos;, revision: &apos;41bccdd&apos;, time: &apos;2015-10-09 19:55:52&apos;
System info: host: &apos;Arun-pc&apos;, ip: &apos;192.2.200.122&apos;, os.name: &apos;Windows 7&apos;, os.arch: &apos;amd64&apos;, os.version: &apos;6.1&apos;, java.version: &apos;1.8.0_91&apos;
Driver info: org.openqa.selenium.chrome.ChromeDriver
Capabilities [{applicationCacheEnabled=false, rotatable=false, mobileEmulationEnabled=false, chrome={userDataDir=C:\Users\Arun\AppData\Local\Temp\scoped_dir11040_28711}, takesHeapSnapshot=true, databaseEnabled=false, handlesAlerts=true, hasTouchScreen=false, version=51.0.2704.84, platform=XP, browserConnectionEnabled=false, nativeEvents=true, acceptSslCerts=true, locationContextEnabled=true, webStorageEnabled=true, browserName=chrome, takesScreenshot=true, javascriptEnabled=true, cssSelectorsEnabled=true}]
Session ID: 87aea3f272f5fa590ba3b4a4fff99f4e
	at sun.reflect.NativeConstructorAccessorImpl.newInstance0(Native Method)
	at sun.reflect.NativeConstructorAccessorImpl.newInstance(Unknown Source)
	at sun.reflect.DelegatingConstructorAccessorImpl.newInstance(Unknown Source)
	at java.lang.reflect.Constructor.newInstance(Unknown Source)
	at org.openqa.selenium.remote.ErrorHandler.createThrowable(ErrorHandler.java:206)
	at org.openqa.selenium.remote.ErrorHandler.throwIfResponseFailed(ErrorHandler.java:158)
	at org.openqa.selenium.remote.RemoteWebDriver.execute(RemoteWebDriver.java:647)
	at org.openqa.selenium.remote.RemoteWebDriver.get(RemoteWebDriver.java:311)
	at fotf_Testcase.AboutusPage_PageEditor_FourItem.LoginSitecore(AboutusPage_PageEditor_FourItem.java:21)
	at sun.reflect.NativeMethodAccessorImpl.invoke0(Native Method)
	at sun.reflect.NativeMethodAccessorImpl.invoke(Unknown Source)
	at sun.reflect.DelegatingMethodAccessorImpl.invoke(Unknown Source)
	at java.lang.reflect.Method.invoke(Unknown Source)
	at org.testng.internal.MethodInvocationHelper.invokeMethod(MethodInvocationHelper.java:85)
	at org.testng.internal.Invoker.invokeConfigurationMethod(Invoker.java:510)
	at org.testng.internal.Invoker.invokeConfigurations(Invoker.java:211)
	at org.testng.internal.Invoker.invokeMethod(Invoker.java:585)
	at org.testng.internal.Invoker.invokeTestMethod(Invoker.java:821)
	at org.testng.internal.Invoker.invokeTestMethods(Invoker.java:1131)
	at org.testng.internal.TestMethodWorker.invokeTestMethods(TestMethodWorker.java:124)
	at org.testng.internal.TestMethodWorker.run(TestMethodWorker.java:108)
	at org.testng.TestRunner.privateRun(TestRunner.java:773)
	at org.testng.TestRunner.run(TestRunner.java:623)
	at org.testng.SuiteRunner.runTest(SuiteRunner.java:357)
	at org.testng.SuiteRunner.runSequentially(SuiteRunner.java:352)
	at org.testng.SuiteRunner.privateRun(SuiteRunner.java:310)
	at org.testng.SuiteRunner.run(SuiteRunner.java:259)
	at org.testng.SuiteRunnerWorker.runSuite(SuiteRunnerWorker.java:52)
	at org.testng.SuiteRunnerWorker.run(SuiteRunnerWorker.java:86)
	at org.testng.TestNG.runSuitesSequentially(TestNG.java:1185)
	at org.testng.TestNG.runSuitesLocally(TestNG.java:1110)
	at org.testng.TestNG.run(TestNG.java:1018)
	at org.testng.TestNG.privateMain(TestNG.java:1325)
	at org.testng.TestNG.main(TestNG.java:1294)
</pre></div></td>
<td>0</td>
<td>fotf_Testcase.AboutusPage_PageEditor_FourItem@77b52d12</td></tr>
<tr>
<td title='fotf_Testcase.AboutusPage_PageEditor_FiveItem.LoginSitecore()'><b>LoginSitecore</b><br>Test class: fotf_Testcase.AboutusPage_PageEditor_FiveItem</td>
<td><div><pre>org.openqa.selenium.NoSuchWindowException: no such window: target window already closed
from unknown error: web view not found
  (Session info: chrome=51.0.2704.84)
  (Driver info: chromedriver=2.19.346078 (6f1f0cde889532d48ce8242342d0b84f94b114a1),platform=Windows NT 6.1 SP1 x86_64) (WARNING: The server did not provide any stacktrace information)
Command duration or timeout: 3 milliseconds
Build info: version: &apos;2.48.2&apos;, revision: &apos;41bccdd&apos;, time: &apos;2015-10-09 19:55:52&apos;
System info: host: &apos;Arun-pc&apos;, ip: &apos;192.2.200.122&apos;, os.name: &apos;Windows 7&apos;, os.arch: &apos;amd64&apos;, os.version: &apos;6.1&apos;, java.version: &apos;1.8.0_91&apos;
Driver info: org.openqa.selenium.chrome.ChromeDriver
Capabilities [{applicationCacheEnabled=false, rotatable=false, mobileEmulationEnabled=false, chrome={userDataDir=C:\Users\Arun\AppData\Local\Temp\scoped_dir11040_28711}, takesHeapSnapshot=true, databaseEnabled=false, handlesAlerts=true, hasTouchScreen=false, version=51.0.2704.84, platform=XP, browserConnectionEnabled=false, nativeEvents=true, acceptSslCerts=true, locationContextEnabled=true, webStorageEnabled=true, browserName=chrome, takesScreenshot=true, javascriptEnabled=true, cssSelectorsEnabled=true}]
Session ID: 87aea3f272f5fa590ba3b4a4fff99f4e
	at org.openqa.selenium.remote.ErrorHandler.createThrowable(ErrorHandler.java:206)
	at org.openqa.selenium.remote.ErrorHandler.throwIfResponseFailed(ErrorHandler.java:158)
	at org.openqa.selenium.remote.RemoteWebDriver.execute(RemoteWebDriver.java:647)
	at org.openqa.selenium.remote.RemoteWebDriver.get(RemoteWebDriver.java:311)
	at fotf_Testcase.AboutusPage_PageEditor_FiveItem.LoginSitecore(AboutusPage_PageEditor_FiveItem.java:21)
... Removed 29 stack frames</pre></div><a href='#' onClick='toggleBox("stack-trace1326393666", this, "Click to show all stack frames", "Click to hide stack frames")'>Click to show all stack frames</a>
<div class='stack-trace' id='stack-trace1326393666'><pre>org.openqa.selenium.NoSuchWindowException: no such window: target window already closed
from unknown error: web view not found
  (Session info: chrome=51.0.2704.84)
  (Driver info: chromedriver=2.19.346078 (6f1f0cde889532d48ce8242342d0b84f94b114a1),platform=Windows NT 6.1 SP1 x86_64) (WARNING: The server did not provide any stacktrace information)
Command duration or timeout: 3 milliseconds
Build info: version: &apos;2.48.2&apos;, revision: &apos;41bccdd&apos;, time: &apos;2015-10-09 19:55:52&apos;
System info: host: &apos;Arun-pc&apos;, ip: &apos;192.2.200.122&apos;, os.name: &apos;Windows 7&apos;, os.arch: &apos;amd64&apos;, os.version: &apos;6.1&apos;, java.version: &apos;1.8.0_91&apos;
Driver info: org.openqa.selenium.chrome.ChromeDriver
Capabilities [{applicationCacheEnabled=false, rotatable=false, mobileEmulationEnabled=false, chrome={userDataDir=C:\Users\Arun\AppData\Local\Temp\scoped_dir11040_28711}, takesHeapSnapshot=true, databaseEnabled=false, handlesAlerts=true, hasTouchScreen=false, version=51.0.2704.84, platform=XP, browserConnectionEnabled=false, nativeEvents=true, acceptSslCerts=true, locationContextEnabled=true, webStorageEnabled=true, browserName=chrome, takesScreenshot=true, javascriptEnabled=true, cssSelectorsEnabled=true}]
Session ID: 87aea3f272f5fa590ba3b4a4fff99f4e
	at sun.reflect.NativeConstructorAccessorImpl.newInstance0(Native Method)
	at sun.reflect.NativeConstructorAccessorImpl.newInstance(Unknown Source)
	at sun.reflect.DelegatingConstructorAccessorImpl.newInstance(Unknown Source)
	at java.lang.reflect.Constructor.newInstance(Unknown Source)
	at org.openqa.selenium.remote.ErrorHandler.createThrowable(ErrorHandler.java:206)
	at org.openqa.selenium.remote.ErrorHandler.throwIfResponseFailed(ErrorHandler.java:158)
	at org.openqa.selenium.remote.RemoteWebDriver.execute(RemoteWebDriver.java:647)
	at org.openqa.selenium.remote.RemoteWebDriver.get(RemoteWebDriver.java:311)
	at fotf_Testcase.AboutusPage_PageEditor_FiveItem.LoginSitecore(AboutusPage_PageEditor_FiveItem.java:21)
	at sun.reflect.NativeMethodAccessorImpl.invoke0(Native Method)
	at sun.reflect.NativeMethodAccessorImpl.invoke(Unknown Source)
	at sun.reflect.DelegatingMethodAccessorImpl.invoke(Unknown Source)
	at java.lang.reflect.Method.invoke(Unknown Source)
	at org.testng.internal.MethodInvocationHelper.invokeMethod(MethodInvocationHelper.java:85)
	at org.testng.internal.Invoker.invokeConfigurationMethod(Invoker.java:510)
	at org.testng.internal.Invoker.invokeConfigurations(Invoker.java:211)
	at org.testng.internal.Invoker.invokeMethod(Invoker.java:585)
	at org.testng.internal.Invoker.invokeTestMethod(Invoker.java:821)
	at org.testng.internal.Invoker.invokeTestMethods(Invoker.java:1131)
	at org.testng.internal.TestMethodWorker.invokeTestMethods(TestMethodWorker.java:124)
	at org.testng.internal.TestMethodWorker.run(TestMethodWorker.java:108)
	at org.testng.TestRunner.privateRun(TestRunner.java:773)
	at org.testng.TestRunner.run(TestRunner.java:623)
	at org.testng.SuiteRunner.runTest(SuiteRunner.java:357)
	at org.testng.SuiteRunner.runSequentially(SuiteRunner.java:352)
	at org.testng.SuiteRunner.privateRun(SuiteRunner.java:310)
	at org.testng.SuiteRunner.run(SuiteRunner.java:259)
	at org.testng.SuiteRunnerWorker.runSuite(SuiteRunnerWorker.java:52)
	at org.testng.SuiteRunnerWorker.run(SuiteRunnerWorker.java:86)
	at org.testng.TestNG.runSuitesSequentially(TestNG.java:1185)
	at org.testng.TestNG.runSuitesLocally(TestNG.java:1110)
	at org.testng.TestNG.run(TestNG.java:1018)
	at org.testng.TestNG.privateMain(TestNG.java:1325)
	at org.testng.TestNG.main(TestNG.java:1294)
</pre></div></td>
<td>0</td>
<td>fotf_Testcase.AboutusPage_PageEditor_FiveItem@2d554825</td></tr>
<tr>
<td title='fotf_Testcase.AboutusPage_PageEditor_SixItem.LoginSitecore()'><b>LoginSitecore</b><br>Test class: fotf_Testcase.AboutusPage_PageEditor_SixItem</td>
<td><div><pre>org.openqa.selenium.NoSuchWindowException: no such window: target window already closed
from unknown error: web view not found
  (Session info: chrome=51.0.2704.84)
  (Driver info: chromedriver=2.19.346078 (6f1f0cde889532d48ce8242342d0b84f94b114a1),platform=Windows NT 6.1 SP1 x86_64) (WARNING: The server did not provide any stacktrace information)
Command duration or timeout: 3 milliseconds
Build info: version: &apos;2.48.2&apos;, revision: &apos;41bccdd&apos;, time: &apos;2015-10-09 19:55:52&apos;
System info: host: &apos;Arun-pc&apos;, ip: &apos;192.2.200.122&apos;, os.name: &apos;Windows 7&apos;, os.arch: &apos;amd64&apos;, os.version: &apos;6.1&apos;, java.version: &apos;1.8.0_91&apos;
Driver info: org.openqa.selenium.chrome.ChromeDriver
Capabilities [{applicationCacheEnabled=false, rotatable=false, mobileEmulationEnabled=false, chrome={userDataDir=C:\Users\Arun\AppData\Local\Temp\scoped_dir11040_28711}, takesHeapSnapshot=true, databaseEnabled=false, handlesAlerts=true, hasTouchScreen=false, version=51.0.2704.84, platform=XP, browserConnectionEnabled=false, nativeEvents=true, acceptSslCerts=true, locationContextEnabled=true, webStorageEnabled=true, browserName=chrome, takesScreenshot=true, javascriptEnabled=true, cssSelectorsEnabled=true}]
Session ID: 87aea3f272f5fa590ba3b4a4fff99f4e
	at org.openqa.selenium.remote.ErrorHandler.createThrowable(ErrorHandler.java:206)
	at org.openqa.selenium.remote.ErrorHandler.throwIfResponseFailed(ErrorHandler.java:158)
	at org.openqa.selenium.remote.RemoteWebDriver.execute(RemoteWebDriver.java:647)
	at org.openqa.selenium.remote.RemoteWebDriver.get(RemoteWebDriver.java:311)
	at fotf_Testcase.AboutusPage_PageEditor_SixItem.LoginSitecore(AboutusPage_PageEditor_SixItem.java:21)
... Removed 28 stack frames</pre></div><a href='#' onClick='toggleBox("stack-trace684566052", this, "Click to show all stack frames", "Click to hide stack frames")'>Click to show all stack frames</a>
<div class='stack-trace' id='stack-trace684566052'><pre>org.openqa.selenium.NoSuchWindowException: no such window: target window already closed
from unknown error: web view not found
  (Session info: chrome=51.0.2704.84)
  (Driver info: chromedriver=2.19.346078 (6f1f0cde889532d48ce8242342d0b84f94b114a1),platform=Windows NT 6.1 SP1 x86_64) (WARNING: The server did not provide any stacktrace information)
Command duration or timeout: 3 milliseconds
Build info: version: &apos;2.48.2&apos;, revision: &apos;41bccdd&apos;, time: &apos;2015-10-09 19:55:52&apos;
System info: host: &apos;Arun-pc&apos;, ip: &apos;192.2.200.122&apos;, os.name: &apos;Windows 7&apos;, os.arch: &apos;amd64&apos;, os.version: &apos;6.1&apos;, java.version: &apos;1.8.0_91&apos;
Driver info: org.openqa.selenium.chrome.ChromeDriver
Capabilities [{applicationCacheEnabled=false, rotatable=false, mobileEmulationEnabled=false, chrome={userDataDir=C:\Users\Arun\AppData\Local\Temp\scoped_dir11040_28711}, takesHeapSnapshot=true, databaseEnabled=false, handlesAlerts=true, hasTouchScreen=false, version=51.0.2704.84, platform=XP, browserConnectionEnabled=false, nativeEvents=true, acceptSslCerts=true, locationContextEnabled=true, webStorageEnabled=true, browserName=chrome, takesScreenshot=true, javascriptEnabled=true, cssSelectorsEnabled=true}]
Session ID: 87aea3f272f5fa590ba3b4a4fff99f4e
	at sun.reflect.GeneratedConstructorAccessor14.newInstance(Unknown Source)
	at sun.reflect.DelegatingConstructorAccessorImpl.newInstance(Unknown Source)
	at java.lang.reflect.Constructor.newInstance(Unknown Source)
	at org.openqa.selenium.remote.ErrorHandler.createThrowable(ErrorHandler.java:206)
	at org.openqa.selenium.remote.ErrorHandler.throwIfResponseFailed(ErrorHandler.java:158)
	at org.openqa.selenium.remote.RemoteWebDriver.execute(RemoteWebDriver.java:647)
	at org.openqa.selenium.remote.RemoteWebDriver.get(RemoteWebDriver.java:311)
	at fotf_Testcase.AboutusPage_PageEditor_SixItem.LoginSitecore(AboutusPage_PageEditor_SixItem.java:21)
	at sun.reflect.NativeMethodAccessorImpl.invoke0(Native Method)
	at sun.reflect.NativeMethodAccessorImpl.invoke(Unknown Source)
	at sun.reflect.DelegatingMethodAccessorImpl.invoke(Unknown Source)
	at java.lang.reflect.Method.invoke(Unknown Source)
	at org.testng.internal.MethodInvocationHelper.invokeMethod(MethodInvocationHelper.java:85)
	at org.testng.internal.Invoker.invokeConfigurationMethod(Invoker.java:510)
	at org.testng.internal.Invoker.invokeConfigurations(Invoker.java:211)
	at org.testng.internal.Invoker.invokeMethod(Invoker.java:585)
	at org.testng.internal.Invoker.invokeTestMethod(Invoker.java:821)
	at org.testng.internal.Invoker.invokeTestMethods(Invoker.java:1131)
	at org.testng.internal.TestMethodWorker.invokeTestMethods(TestMethodWorker.java:124)
	at org.testng.internal.TestMethodWorker.run(TestMethodWorker.java:108)
	at org.testng.TestRunner.privateRun(TestRunner.java:773)
	at org.testng.TestRunner.run(TestRunner.java:623)
	at org.testng.SuiteRunner.runTest(SuiteRunner.java:357)
	at org.testng.SuiteRunner.runSequentially(SuiteRunner.java:352)
	at org.testng.SuiteRunner.privateRun(SuiteRunner.java:310)
	at org.testng.SuiteRunner.run(SuiteRunner.java:259)
	at org.testng.SuiteRunnerWorker.runSuite(SuiteRunnerWorker.java:52)
	at org.testng.SuiteRunnerWorker.run(SuiteRunnerWorker.java:86)
	at org.testng.TestNG.runSuitesSequentially(TestNG.java:1185)
	at org.testng.TestNG.runSuitesLocally(TestNG.java:1110)
	at org.testng.TestNG.run(TestNG.java:1018)
	at org.testng.TestNG.privateMain(TestNG.java:1325)
	at org.testng.TestNG.main(TestNG.java:1294)
</pre></div></td>
<td>0</td>
<td>fotf_Testcase.AboutusPage_PageEditor_SixItem@68837a77</td></tr>
<tr>
<td title='fotf_Testcase.AboutusPage_PageEditor_Header.LoginSitecore()'><b>LoginSitecore</b><br>Test class: fotf_Testcase.AboutusPage_PageEditor_Header</td>
<td><div><pre>org.openqa.selenium.NoSuchWindowException: no such window: target window already closed
from unknown error: web view not found
  (Session info: chrome=51.0.2704.84)
  (Driver info: chromedriver=2.19.346078 (6f1f0cde889532d48ce8242342d0b84f94b114a1),platform=Windows NT 6.1 SP1 x86_64) (WARNING: The server did not provide any stacktrace information)
Command duration or timeout: 2 milliseconds
Build info: version: &apos;2.48.2&apos;, revision: &apos;41bccdd&apos;, time: &apos;2015-10-09 19:55:52&apos;
System info: host: &apos;Arun-pc&apos;, ip: &apos;192.2.200.122&apos;, os.name: &apos;Windows 7&apos;, os.arch: &apos;amd64&apos;, os.version: &apos;6.1&apos;, java.version: &apos;1.8.0_91&apos;
Driver info: org.openqa.selenium.chrome.ChromeDriver
Capabilities [{applicationCacheEnabled=false, rotatable=false, mobileEmulationEnabled=false, chrome={userDataDir=C:\Users\Arun\AppData\Local\Temp\scoped_dir11040_28711}, takesHeapSnapshot=true, databaseEnabled=false, handlesAlerts=true, hasTouchScreen=false, version=51.0.2704.84, platform=XP, browserConnectionEnabled=false, nativeEvents=true, acceptSslCerts=true, locationContextEnabled=true, webStorageEnabled=true, browserName=chrome, takesScreenshot=true, javascriptEnabled=true, cssSelectorsEnabled=true}]
Session ID: 87aea3f272f5fa590ba3b4a4fff99f4e
	at org.openqa.selenium.remote.ErrorHandler.createThrowable(ErrorHandler.java:206)
	at org.openqa.selenium.remote.ErrorHandler.throwIfResponseFailed(ErrorHandler.java:158)
	at org.openqa.selenium.remote.RemoteWebDriver.execute(RemoteWebDriver.java:647)
	at org.openqa.selenium.remote.RemoteWebDriver.get(RemoteWebDriver.java:311)
	at fotf_Testcase.AboutusPage_PageEditor_Header.LoginSitecore(AboutusPage_PageEditor_Header.java:21)
... Removed 28 stack frames</pre></div><a href='#' onClick='toggleBox("stack-trace1304589447", this, "Click to show all stack frames", "Click to hide stack frames")'>Click to show all stack frames</a>
<div class='stack-trace' id='stack-trace1304589447'><pre>org.openqa.selenium.NoSuchWindowException: no such window: target window already closed
from unknown error: web view not found
  (Session info: chrome=51.0.2704.84)
  (Driver info: chromedriver=2.19.346078 (6f1f0cde889532d48ce8242342d0b84f94b114a1),platform=Windows NT 6.1 SP1 x86_64) (WARNING: The server did not provide any stacktrace information)
Command duration or timeout: 2 milliseconds
Build info: version: &apos;2.48.2&apos;, revision: &apos;41bccdd&apos;, time: &apos;2015-10-09 19:55:52&apos;
System info: host: &apos;Arun-pc&apos;, ip: &apos;192.2.200.122&apos;, os.name: &apos;Windows 7&apos;, os.arch: &apos;amd64&apos;, os.version: &apos;6.1&apos;, java.version: &apos;1.8.0_91&apos;
Driver info: org.openqa.selenium.chrome.ChromeDriver
Capabilities [{applicationCacheEnabled=false, rotatable=false, mobileEmulationEnabled=false, chrome={userDataDir=C:\Users\Arun\AppData\Local\Temp\scoped_dir11040_28711}, takesHeapSnapshot=true, databaseEnabled=false, handlesAlerts=true, hasTouchScreen=false, version=51.0.2704.84, platform=XP, browserConnectionEnabled=false, nativeEvents=true, acceptSslCerts=true, locationContextEnabled=true, webStorageEnabled=true, browserName=chrome, takesScreenshot=true, javascriptEnabled=true, cssSelectorsEnabled=true}]
Session ID: 87aea3f272f5fa590ba3b4a4fff99f4e
	at sun.reflect.GeneratedConstructorAccessor14.newInstance(Unknown Source)
	at sun.reflect.DelegatingConstructorAccessorImpl.newInstance(Unknown Source)
	at java.lang.reflect.Constructor.newInstance(Unknown Source)
	at org.openqa.selenium.remote.ErrorHandler.createThrowable(ErrorHandler.java:206)
	at org.openqa.selenium.remote.ErrorHandler.throwIfResponseFailed(ErrorHandler.java:158)
	at org.openqa.selenium.remote.RemoteWebDriver.execute(RemoteWebDriver.java:647)
	at org.openqa.selenium.remote.RemoteWebDriver.get(RemoteWebDriver.java:311)
	at fotf_Testcase.AboutusPage_PageEditor_Header.LoginSitecore(AboutusPage_PageEditor_Header.java:21)
	at sun.reflect.NativeMethodAccessorImpl.invoke0(Native Method)
	at sun.reflect.NativeMethodAccessorImpl.invoke(Unknown Source)
	at sun.reflect.DelegatingMethodAccessorImpl.invoke(Unknown Source)
	at java.lang.reflect.Method.invoke(Unknown Source)
	at org.testng.internal.MethodInvocationHelper.invokeMethod(MethodInvocationHelper.java:85)
	at org.testng.internal.Invoker.invokeConfigurationMethod(Invoker.java:510)
	at org.testng.internal.Invoker.invokeConfigurations(Invoker.java:211)
	at org.testng.internal.Invoker.invokeMethod(Invoker.java:585)
	at org.testng.internal.Invoker.invokeTestMethod(Invoker.java:821)
	at org.testng.internal.Invoker.invokeTestMethods(Invoker.java:1131)
	at org.testng.internal.TestMethodWorker.invokeTestMethods(TestMethodWorker.java:124)
	at org.testng.internal.TestMethodWorker.run(TestMethodWorker.java:108)
	at org.testng.TestRunner.privateRun(TestRunner.java:773)
	at org.testng.TestRunner.run(TestRunner.java:623)
	at org.testng.SuiteRunner.runTest(SuiteRunner.java:357)
	at org.testng.SuiteRunner.runSequentially(SuiteRunner.java:352)
	at org.testng.SuiteRunner.privateRun(SuiteRunner.java:310)
	at org.testng.SuiteRunner.run(SuiteRunner.java:259)
	at org.testng.SuiteRunnerWorker.runSuite(SuiteRunnerWorker.java:52)
	at org.testng.SuiteRunnerWorker.run(SuiteRunnerWorker.java:86)
	at org.testng.TestNG.runSuitesSequentially(TestNG.java:1185)
	at org.testng.TestNG.runSuitesLocally(TestNG.java:1110)
	at org.testng.TestNG.run(TestNG.java:1018)
	at org.testng.TestNG.privateMain(TestNG.java:1325)
	at org.testng.TestNG.main(TestNG.java:1294)
</pre></div></td>
<td>0</td>
<td>fotf_Testcase.AboutusPage_PageEditor_Header@6be46e8f</td></tr>
<tr>
<td title='fotf_Testcase.AboutusPage_PageEditor_Article.LoginSitecore()'><b>LoginSitecore</b><br>Test class: fotf_Testcase.AboutusPage_PageEditor_Article</td>
<td><div><pre>org.openqa.selenium.NoSuchWindowException: no such window: target window already closed
from unknown error: web view not found
  (Session info: chrome=51.0.2704.84)
  (Driver info: chromedriver=2.19.346078 (6f1f0cde889532d48ce8242342d0b84f94b114a1),platform=Windows NT 6.1 SP1 x86_64) (WARNING: The server did not provide any stacktrace information)
Command duration or timeout: 2 milliseconds
Build info: version: &apos;2.48.2&apos;, revision: &apos;41bccdd&apos;, time: &apos;2015-10-09 19:55:52&apos;
System info: host: &apos;Arun-pc&apos;, ip: &apos;192.2.200.122&apos;, os.name: &apos;Windows 7&apos;, os.arch: &apos;amd64&apos;, os.version: &apos;6.1&apos;, java.version: &apos;1.8.0_91&apos;
Driver info: org.openqa.selenium.chrome.ChromeDriver
Capabilities [{applicationCacheEnabled=false, rotatable=false, mobileEmulationEnabled=false, chrome={userDataDir=C:\Users\Arun\AppData\Local\Temp\scoped_dir11040_28711}, takesHeapSnapshot=true, databaseEnabled=false, handlesAlerts=true, hasTouchScreen=false, version=51.0.2704.84, platform=XP, browserConnectionEnabled=false, nativeEvents=true, acceptSslCerts=true, locationContextEnabled=true, webStorageEnabled=true, browserName=chrome, takesScreenshot=true, javascriptEnabled=true, cssSelectorsEnabled=true}]
Session ID: 87aea3f272f5fa590ba3b4a4fff99f4e
	at org.openqa.selenium.remote.ErrorHandler.createThrowable(ErrorHandler.java:206)
	at org.openqa.selenium.remote.ErrorHandler.throwIfResponseFailed(ErrorHandler.java:158)
	at org.openqa.selenium.remote.RemoteWebDriver.execute(RemoteWebDriver.java:647)
	at org.openqa.selenium.remote.RemoteWebDriver.get(RemoteWebDriver.java:311)
	at fotf_Testcase.AboutusPage_PageEditor_Article.LoginSitecore(AboutusPage_PageEditor_Article.java:21)
... Removed 28 stack frames</pre></div><a href='#' onClick='toggleBox("stack-trace107915280", this, "Click to show all stack frames", "Click to hide stack frames")'>Click to show all stack frames</a>
<div class='stack-trace' id='stack-trace107915280'><pre>org.openqa.selenium.NoSuchWindowException: no such window: target window already closed
from unknown error: web view not found
  (Session info: chrome=51.0.2704.84)
  (Driver info: chromedriver=2.19.346078 (6f1f0cde889532d48ce8242342d0b84f94b114a1),platform=Windows NT 6.1 SP1 x86_64) (WARNING: The server did not provide any stacktrace information)
Command duration or timeout: 2 milliseconds
Build info: version: &apos;2.48.2&apos;, revision: &apos;41bccdd&apos;, time: &apos;2015-10-09 19:55:52&apos;
System info: host: &apos;Arun-pc&apos;, ip: &apos;192.2.200.122&apos;, os.name: &apos;Windows 7&apos;, os.arch: &apos;amd64&apos;, os.version: &apos;6.1&apos;, java.version: &apos;1.8.0_91&apos;
Driver info: org.openqa.selenium.chrome.ChromeDriver
Capabilities [{applicationCacheEnabled=false, rotatable=false, mobileEmulationEnabled=false, chrome={userDataDir=C:\Users\Arun\AppData\Local\Temp\scoped_dir11040_28711}, takesHeapSnapshot=true, databaseEnabled=false, handlesAlerts=true, hasTouchScreen=false, version=51.0.2704.84, platform=XP, browserConnectionEnabled=false, nativeEvents=true, acceptSslCerts=true, locationContextEnabled=true, webStorageEnabled=true, browserName=chrome, takesScreenshot=true, javascriptEnabled=true, cssSelectorsEnabled=true}]
Session ID: 87aea3f272f5fa590ba3b4a4fff99f4e
	at sun.reflect.GeneratedConstructorAccessor14.newInstance(Unknown Source)
	at sun.reflect.DelegatingConstructorAccessorImpl.newInstance(Unknown Source)
	at java.lang.reflect.Constructor.newInstance(Unknown Source)
	at org.openqa.selenium.remote.ErrorHandler.createThrowable(ErrorHandler.java:206)
	at org.openqa.selenium.remote.ErrorHandler.throwIfResponseFailed(ErrorHandler.java:158)
	at org.openqa.selenium.remote.RemoteWebDriver.execute(RemoteWebDriver.java:647)
	at org.openqa.selenium.remote.RemoteWebDriver.get(RemoteWebDriver.java:311)
	at fotf_Testcase.AboutusPage_PageEditor_Article.LoginSitecore(AboutusPage_PageEditor_Article.java:21)
	at sun.reflect.NativeMethodAccessorImpl.invoke0(Native Method)
	at sun.reflect.NativeMethodAccessorImpl.invoke(Unknown Source)
	at sun.reflect.DelegatingMethodAccessorImpl.invoke(Unknown Source)
	at java.lang.reflect.Method.invoke(Unknown Source)
	at org.testng.internal.MethodInvocationHelper.invokeMethod(MethodInvocationHelper.java:85)
	at org.testng.internal.Invoker.invokeConfigurationMethod(Invoker.java:510)
	at org.testng.internal.Invoker.invokeConfigurations(Invoker.java:211)
	at org.testng.internal.Invoker.invokeMethod(Invoker.java:585)
	at org.testng.internal.Invoker.invokeTestMethod(Invoker.java:821)
	at org.testng.internal.Invoker.invokeTestMethods(Invoker.java:1131)
	at org.testng.internal.TestMethodWorker.invokeTestMethods(TestMethodWorker.java:124)
	at org.testng.internal.TestMethodWorker.run(TestMethodWorker.java:108)
	at org.testng.TestRunner.privateRun(TestRunner.java:773)
	at org.testng.TestRunner.run(TestRunner.java:623)
	at org.testng.SuiteRunner.runTest(SuiteRunner.java:357)
	at org.testng.SuiteRunner.runSequentially(SuiteRunner.java:352)
	at org.testng.SuiteRunner.privateRun(SuiteRunner.java:310)
	at org.testng.SuiteRunner.run(SuiteRunner.java:259)
	at org.testng.SuiteRunnerWorker.runSuite(SuiteRunnerWorker.java:52)
	at org.testng.SuiteRunnerWorker.run(SuiteRunnerWorker.java:86)
	at org.testng.TestNG.runSuitesSequentially(TestNG.java:1185)
	at org.testng.TestNG.runSuitesLocally(TestNG.java:1110)
	at org.testng.TestNG.run(TestNG.java:1018)
	at org.testng.TestNG.privateMain(TestNG.java:1325)
	at org.testng.TestNG.main(TestNG.java:1294)
</pre></div></td>
<td>0</td>
<td>fotf_Testcase.AboutusPage_PageEditor_Article@3567135c</td></tr>
<tr>
<td title='fotf_Testcase.AboutusPage_PageEditor_Showhide.LoginSitecore()'><b>LoginSitecore</b><br>Test class: fotf_Testcase.AboutusPage_PageEditor_Showhide</td>
<td><div><pre>org.openqa.selenium.NoSuchWindowException: no such window: target window already closed
from unknown error: web view not found
  (Session info: chrome=51.0.2704.84)
  (Driver info: chromedriver=2.19.346078 (6f1f0cde889532d48ce8242342d0b84f94b114a1),platform=Windows NT 6.1 SP1 x86_64) (WARNING: The server did not provide any stacktrace information)
Command duration or timeout: 2 milliseconds
Build info: version: &apos;2.48.2&apos;, revision: &apos;41bccdd&apos;, time: &apos;2015-10-09 19:55:52&apos;
System info: host: &apos;Arun-pc&apos;, ip: &apos;192.2.200.122&apos;, os.name: &apos;Windows 7&apos;, os.arch: &apos;amd64&apos;, os.version: &apos;6.1&apos;, java.version: &apos;1.8.0_91&apos;
Driver info: org.openqa.selenium.chrome.ChromeDriver
Capabilities [{applicationCacheEnabled=false, rotatable=false, mobileEmulationEnabled=false, chrome={userDataDir=C:\Users\Arun\AppData\Local\Temp\scoped_dir11040_28711}, takesHeapSnapshot=true, databaseEnabled=false, handlesAlerts=true, hasTouchScreen=false, version=51.0.2704.84, platform=XP, browserConnectionEnabled=false, nativeEvents=true, acceptSslCerts=true, locationContextEnabled=true, webStorageEnabled=true, browserName=chrome, takesScreenshot=true, javascriptEnabled=true, cssSelectorsEnabled=true}]
Session ID: 87aea3f272f5fa590ba3b4a4fff99f4e
	at org.openqa.selenium.remote.ErrorHandler.createThrowable(ErrorHandler.java:206)
	at org.openqa.selenium.remote.ErrorHandler.throwIfResponseFailed(ErrorHandler.java:158)
	at org.openqa.selenium.remote.RemoteWebDriver.execute(RemoteWebDriver.java:647)
	at org.openqa.selenium.remote.RemoteWebDriver.get(RemoteWebDriver.java:311)
	at fotf_Testcase.AboutusPage_PageEditor_Showhide.LoginSitecore(AboutusPage_PageEditor_Showhide.java:21)
... Removed 28 stack frames</pre></div><a href='#' onClick='toggleBox("stack-trace459718907", this, "Click to show all stack frames", "Click to hide stack frames")'>Click to show all stack frames</a>
<div class='stack-trace' id='stack-trace459718907'><pre>org.openqa.selenium.NoSuchWindowException: no such window: target window already closed
from unknown error: web view not found
  (Session info: chrome=51.0.2704.84)
  (Driver info: chromedriver=2.19.346078 (6f1f0cde889532d48ce8242342d0b84f94b114a1),platform=Windows NT 6.1 SP1 x86_64) (WARNING: The server did not provide any stacktrace information)
Command duration or timeout: 2 milliseconds
Build info: version: &apos;2.48.2&apos;, revision: &apos;41bccdd&apos;, time: &apos;2015-10-09 19:55:52&apos;
System info: host: &apos;Arun-pc&apos;, ip: &apos;192.2.200.122&apos;, os.name: &apos;Windows 7&apos;, os.arch: &apos;amd64&apos;, os.version: &apos;6.1&apos;, java.version: &apos;1.8.0_91&apos;
Driver info: org.openqa.selenium.chrome.ChromeDriver
Capabilities [{applicationCacheEnabled=false, rotatable=false, mobileEmulationEnabled=false, chrome={userDataDir=C:\Users\Arun\AppData\Local\Temp\scoped_dir11040_28711}, takesHeapSnapshot=true, databaseEnabled=false, handlesAlerts=true, hasTouchScreen=false, version=51.0.2704.84, platform=XP, browserConnectionEnabled=false, nativeEvents=true, acceptSslCerts=true, locationContextEnabled=true, webStorageEnabled=true, browserName=chrome, takesScreenshot=true, javascriptEnabled=true, cssSelectorsEnabled=true}]
Session ID: 87aea3f272f5fa590ba3b4a4fff99f4e
	at sun.reflect.GeneratedConstructorAccessor14.newInstance(Unknown Source)
	at sun.reflect.DelegatingConstructorAccessorImpl.newInstance(Unknown Source)
	at java.lang.reflect.Constructor.newInstance(Unknown Source)
	at org.openqa.selenium.remote.ErrorHandler.createThrowable(ErrorHandler.java:206)
	at org.openqa.selenium.remote.ErrorHandler.throwIfResponseFailed(ErrorHandler.java:158)
	at org.openqa.selenium.remote.RemoteWebDriver.execute(RemoteWebDriver.java:647)
	at org.openqa.selenium.remote.RemoteWebDriver.get(RemoteWebDriver.java:311)
	at fotf_Testcase.AboutusPage_PageEditor_Showhide.LoginSitecore(AboutusPage_PageEditor_Showhide.java:21)
	at sun.reflect.NativeMethodAccessorImpl.invoke0(Native Method)
	at sun.reflect.NativeMethodAccessorImpl.invoke(Unknown Source)
	at sun.reflect.DelegatingMethodAccessorImpl.invoke(Unknown Source)
	at java.lang.reflect.Method.invoke(Unknown Source)
	at org.testng.internal.MethodInvocationHelper.invokeMethod(MethodInvocationHelper.java:85)
	at org.testng.internal.Invoker.invokeConfigurationMethod(Invoker.java:510)
	at org.testng.internal.Invoker.invokeConfigurations(Invoker.java:211)
	at org.testng.internal.Invoker.invokeMethod(Invoker.java:585)
	at org.testng.internal.Invoker.invokeTestMethod(Invoker.java:821)
	at org.testng.internal.Invoker.invokeTestMethods(Invoker.java:1131)
	at org.testng.internal.TestMethodWorker.invokeTestMethods(TestMethodWorker.java:124)
	at org.testng.internal.TestMethodWorker.run(TestMethodWorker.java:108)
	at org.testng.TestRunner.privateRun(TestRunner.java:773)
	at org.testng.TestRunner.run(TestRunner.java:623)
	at org.testng.SuiteRunner.runTest(SuiteRunner.java:357)
	at org.testng.SuiteRunner.runSequentially(SuiteRunner.java:352)
	at org.testng.SuiteRunner.privateRun(SuiteRunner.java:310)
	at org.testng.SuiteRunner.run(SuiteRunner.java:259)
	at org.testng.SuiteRunnerWorker.runSuite(SuiteRunnerWorker.java:52)
	at org.testng.SuiteRunnerWorker.run(SuiteRunnerWorker.java:86)
	at org.testng.TestNG.runSuitesSequentially(TestNG.java:1185)
	at org.testng.TestNG.runSuitesLocally(TestNG.java:1110)
	at org.testng.TestNG.run(TestNG.java:1018)
	at org.testng.TestNG.privateMain(TestNG.java:1325)
	at org.testng.TestNG.main(TestNG.java:1294)
</pre></div></td>
<td>0</td>
<td>fotf_Testcase.AboutusPage_PageEditor_Showhide@327471b5</td></tr>
<tr>
<td title='fotf_Testcase.AboutusPage_PageEditor_Timeline.LoginSitecore()'><b>LoginSitecore</b><br>Test class: fotf_Testcase.AboutusPage_PageEditor_Timeline</td>
<td><div><pre>org.openqa.selenium.NoSuchWindowException: no such window: target window already closed
from unknown error: web view not found
  (Session info: chrome=51.0.2704.84)
  (Driver info: chromedriver=2.19.346078 (6f1f0cde889532d48ce8242342d0b84f94b114a1),platform=Windows NT 6.1 SP1 x86_64) (WARNING: The server did not provide any stacktrace information)
Command duration or timeout: 3 milliseconds
Build info: version: &apos;2.48.2&apos;, revision: &apos;41bccdd&apos;, time: &apos;2015-10-09 19:55:52&apos;
System info: host: &apos;Arun-pc&apos;, ip: &apos;192.2.200.122&apos;, os.name: &apos;Windows 7&apos;, os.arch: &apos;amd64&apos;, os.version: &apos;6.1&apos;, java.version: &apos;1.8.0_91&apos;
Driver info: org.openqa.selenium.chrome.ChromeDriver
Capabilities [{applicationCacheEnabled=false, rotatable=false, mobileEmulationEnabled=false, chrome={userDataDir=C:\Users\Arun\AppData\Local\Temp\scoped_dir11040_28711}, takesHeapSnapshot=true, databaseEnabled=false, handlesAlerts=true, hasTouchScreen=false, version=51.0.2704.84, platform=XP, browserConnectionEnabled=false, nativeEvents=true, acceptSslCerts=true, locationContextEnabled=true, webStorageEnabled=true, browserName=chrome, takesScreenshot=true, javascriptEnabled=true, cssSelectorsEnabled=true}]
Session ID: 87aea3f272f5fa590ba3b4a4fff99f4e
	at org.openqa.selenium.remote.ErrorHandler.createThrowable(ErrorHandler.java:206)
	at org.openqa.selenium.remote.ErrorHandler.throwIfResponseFailed(ErrorHandler.java:158)
	at org.openqa.selenium.remote.RemoteWebDriver.execute(RemoteWebDriver.java:647)
	at org.openqa.selenium.remote.RemoteWebDriver.get(RemoteWebDriver.java:311)
	at fotf_Testcase.AboutusPage_PageEditor_Timeline.LoginSitecore(AboutusPage_PageEditor_Timeline.java:21)
... Removed 28 stack frames</pre></div><a href='#' onClick='toggleBox("stack-trace596910004", this, "Click to show all stack frames", "Click to hide stack frames")'>Click to show all stack frames</a>
<div class='stack-trace' id='stack-trace596910004'><pre>org.openqa.selenium.NoSuchWindowException: no such window: target window already closed
from unknown error: web view not found
  (Session info: chrome=51.0.2704.84)
  (Driver info: chromedriver=2.19.346078 (6f1f0cde889532d48ce8242342d0b84f94b114a1),platform=Windows NT 6.1 SP1 x86_64) (WARNING: The server did not provide any stacktrace information)
Command duration or timeout: 3 milliseconds
Build info: version: &apos;2.48.2&apos;, revision: &apos;41bccdd&apos;, time: &apos;2015-10-09 19:55:52&apos;
System info: host: &apos;Arun-pc&apos;, ip: &apos;192.2.200.122&apos;, os.name: &apos;Windows 7&apos;, os.arch: &apos;amd64&apos;, os.version: &apos;6.1&apos;, java.version: &apos;1.8.0_91&apos;
Driver info: org.openqa.selenium.chrome.ChromeDriver
Capabilities [{applicationCacheEnabled=false, rotatable=false, mobileEmulationEnabled=false, chrome={userDataDir=C:\Users\Arun\AppData\Local\Temp\scoped_dir11040_28711}, takesHeapSnapshot=true, databaseEnabled=false, handlesAlerts=true, hasTouchScreen=false, version=51.0.2704.84, platform=XP, browserConnectionEnabled=false, nativeEvents=true, acceptSslCerts=true, locationContextEnabled=true, webStorageEnabled=true, browserName=chrome, takesScreenshot=true, javascriptEnabled=true, cssSelectorsEnabled=true}]
Session ID: 87aea3f272f5fa590ba3b4a4fff99f4e
	at sun.reflect.GeneratedConstructorAccessor14.newInstance(Unknown Source)
	at sun.reflect.DelegatingConstructorAccessorImpl.newInstance(Unknown Source)
	at java.lang.reflect.Constructor.newInstance(Unknown Source)
	at org.openqa.selenium.remote.ErrorHandler.createThrowable(ErrorHandler.java:206)
	at org.openqa.selenium.remote.ErrorHandler.throwIfResponseFailed(ErrorHandler.java:158)
	at org.openqa.selenium.remote.RemoteWebDriver.execute(RemoteWebDriver.java:647)
	at org.openqa.selenium.remote.RemoteWebDriver.get(RemoteWebDriver.java:311)
	at fotf_Testcase.AboutusPage_PageEditor_Timeline.LoginSitecore(AboutusPage_PageEditor_Timeline.java:21)
	at sun.reflect.NativeMethodAccessorImpl.invoke0(Native Method)
	at sun.reflect.NativeMethodAccessorImpl.invoke(Unknown Source)
	at sun.reflect.DelegatingMethodAccessorImpl.invoke(Unknown Source)
	at java.lang.reflect.Method.invoke(Unknown Source)
	at org.testng.internal.MethodInvocationHelper.invokeMethod(MethodInvocationHelper.java:85)
	at org.testng.internal.Invoker.invokeConfigurationMethod(Invoker.java:510)
	at org.testng.internal.Invoker.invokeConfigurations(Invoker.java:211)
	at org.testng.internal.Invoker.invokeMethod(Invoker.java:585)
	at org.testng.internal.Invoker.invokeTestMethod(Invoker.java:821)
	at org.testng.internal.Invoker.invokeTestMethods(Invoker.java:1131)
	at org.testng.internal.TestMethodWorker.invokeTestMethods(TestMethodWorker.java:124)
	at org.testng.internal.TestMethodWorker.run(TestMethodWorker.java:108)
	at org.testng.TestRunner.privateRun(TestRunner.java:773)
	at org.testng.TestRunner.run(TestRunner.java:623)
	at org.testng.SuiteRunner.runTest(SuiteRunner.java:357)
	at org.testng.SuiteRunner.runSequentially(SuiteRunner.java:352)
	at org.testng.SuiteRunner.privateRun(SuiteRunner.java:310)
	at org.testng.SuiteRunner.run(SuiteRunner.java:259)
	at org.testng.SuiteRunnerWorker.runSuite(SuiteRunnerWorker.java:52)
	at org.testng.SuiteRunnerWorker.run(SuiteRunnerWorker.java:86)
	at org.testng.TestNG.runSuitesSequentially(TestNG.java:1185)
	at org.testng.TestNG.runSuitesLocally(TestNG.java:1110)
	at org.testng.TestNG.run(TestNG.java:1018)
	at org.testng.TestNG.privateMain(TestNG.java:1325)
	at org.testng.TestNG.main(TestNG.java:1294)
</pre></div></td>
<td>0</td>
<td>fotf_Testcase.AboutusPage_PageEditor_Timeline@4157f54e</td></tr>
<tr>
<td title='fotf_Testcase.AboutusPage_PageEditor_PageComponentHeader.LoginSitecore()'><b>LoginSitecore</b><br>Test class: fotf_Testcase.AboutusPage_PageEditor_PageComponentHeader</td>
<td><div><pre>org.openqa.selenium.NoSuchWindowException: no such window: target window already closed
from unknown error: web view not found
  (Session info: chrome=51.0.2704.84)
  (Driver info: chromedriver=2.19.346078 (6f1f0cde889532d48ce8242342d0b84f94b114a1),platform=Windows NT 6.1 SP1 x86_64) (WARNING: The server did not provide any stacktrace information)
Command duration or timeout: 2 milliseconds
Build info: version: &apos;2.48.2&apos;, revision: &apos;41bccdd&apos;, time: &apos;2015-10-09 19:55:52&apos;
System info: host: &apos;Arun-pc&apos;, ip: &apos;192.2.200.122&apos;, os.name: &apos;Windows 7&apos;, os.arch: &apos;amd64&apos;, os.version: &apos;6.1&apos;, java.version: &apos;1.8.0_91&apos;
Driver info: org.openqa.selenium.chrome.ChromeDriver
Capabilities [{applicationCacheEnabled=false, rotatable=false, mobileEmulationEnabled=false, chrome={userDataDir=C:\Users\Arun\AppData\Local\Temp\scoped_dir11040_28711}, takesHeapSnapshot=true, databaseEnabled=false, handlesAlerts=true, hasTouchScreen=false, version=51.0.2704.84, platform=XP, browserConnectionEnabled=false, nativeEvents=true, acceptSslCerts=true, locationContextEnabled=true, webStorageEnabled=true, browserName=chrome, takesScreenshot=true, javascriptEnabled=true, cssSelectorsEnabled=true}]
Session ID: 87aea3f272f5fa590ba3b4a4fff99f4e
	at org.openqa.selenium.remote.ErrorHandler.createThrowable(ErrorHandler.java:206)
	at org.openqa.selenium.remote.ErrorHandler.throwIfResponseFailed(ErrorHandler.java:158)
	at org.openqa.selenium.remote.RemoteWebDriver.execute(RemoteWebDriver.java:647)
	at org.openqa.selenium.remote.RemoteWebDriver.get(RemoteWebDriver.java:311)
	at fotf_Testcase.AboutusPage_PageEditor_PageComponentHeader.LoginSitecore(AboutusPage_PageEditor_PageComponentHeader.java:25)
... Removed 28 stack frames</pre></div><a href='#' onClick='toggleBox("stack-trace1593458942", this, "Click to show all stack frames", "Click to hide stack frames")'>Click to show all stack frames</a>
<div class='stack-trace' id='stack-trace1593458942'><pre>org.openqa.selenium.NoSuchWindowException: no such window: target window already closed
from unknown error: web view not found
  (Session info: chrome=51.0.2704.84)
  (Driver info: chromedriver=2.19.346078 (6f1f0cde889532d48ce8242342d0b84f94b114a1),platform=Windows NT 6.1 SP1 x86_64) (WARNING: The server did not provide any stacktrace information)
Command duration or timeout: 2 milliseconds
Build info: version: &apos;2.48.2&apos;, revision: &apos;41bccdd&apos;, time: &apos;2015-10-09 19:55:52&apos;
System info: host: &apos;Arun-pc&apos;, ip: &apos;192.2.200.122&apos;, os.name: &apos;Windows 7&apos;, os.arch: &apos;amd64&apos;, os.version: &apos;6.1&apos;, java.version: &apos;1.8.0_91&apos;
Driver info: org.openqa.selenium.chrome.ChromeDriver
Capabilities [{applicationCacheEnabled=false, rotatable=false, mobileEmulationEnabled=false, chrome={userDataDir=C:\Users\Arun\AppData\Local\Temp\scoped_dir11040_28711}, takesHeapSnapshot=true, databaseEnabled=false, handlesAlerts=true, hasTouchScreen=false, version=51.0.2704.84, platform=XP, browserConnectionEnabled=false, nativeEvents=true, acceptSslCerts=true, locationContextEnabled=true, webStorageEnabled=true, browserName=chrome, takesScreenshot=true, javascriptEnabled=true, cssSelectorsEnabled=true}]
Session ID: 87aea3f272f5fa590ba3b4a4fff99f4e
	at sun.reflect.GeneratedConstructorAccessor14.newInstance(Unknown Source)
	at sun.reflect.DelegatingConstructorAccessorImpl.newInstance(Unknown Source)
	at java.lang.reflect.Constructor.newInstance(Unknown Source)
	at org.openqa.selenium.remote.ErrorHandler.createThrowable(ErrorHandler.java:206)
	at org.openqa.selenium.remote.ErrorHandler.throwIfResponseFailed(ErrorHandler.java:158)
	at org.openqa.selenium.remote.RemoteWebDriver.execute(RemoteWebDriver.java:647)
	at org.openqa.selenium.remote.RemoteWebDriver.get(RemoteWebDriver.java:311)
	at fotf_Testcase.AboutusPage_PageEditor_PageComponentHeader.LoginSitecore(AboutusPage_PageEditor_PageComponentHeader.java:25)
	at sun.reflect.NativeMethodAccessorImpl.invoke0(Native Method)
	at sun.reflect.NativeMethodAccessorImpl.invoke(Unknown Source)
	at sun.reflect.DelegatingMethodAccessorImpl.invoke(Unknown Source)
	at java.lang.reflect.Method.invoke(Unknown Source)
	at org.testng.internal.MethodInvocationHelper.invokeMethod(MethodInvocationHelper.java:85)
	at org.testng.internal.Invoker.invokeConfigurationMethod(Invoker.java:510)
	at org.testng.internal.Invoker.invokeConfigurations(Invoker.java:211)
	at org.testng.internal.Invoker.invokeMethod(Invoker.java:585)
	at org.testng.internal.Invoker.invokeTestMethod(Invoker.java:821)
	at org.testng.internal.Invoker.invokeTestMethods(Invoker.java:1131)
	at org.testng.internal.TestMethodWorker.invokeTestMethods(TestMethodWorker.java:124)
	at org.testng.internal.TestMethodWorker.run(TestMethodWorker.java:108)
	at org.testng.TestRunner.privateRun(TestRunner.java:773)
	at org.testng.TestRunner.run(TestRunner.java:623)
	at org.testng.SuiteRunner.runTest(SuiteRunner.java:357)
	at org.testng.SuiteRunner.runSequentially(SuiteRunner.java:352)
	at org.testng.SuiteRunner.privateRun(SuiteRunner.java:310)
	at org.testng.SuiteRunner.run(SuiteRunner.java:259)
	at org.testng.SuiteRunnerWorker.runSuite(SuiteRunnerWorker.java:52)
	at org.testng.SuiteRunnerWorker.run(SuiteRunnerWorker.java:86)
	at org.testng.TestNG.runSuitesSequentially(TestNG.java:1185)
	at org.testng.TestNG.runSuitesLocally(TestNG.java:1110)
	at org.testng.TestNG.run(TestNG.java:1018)
	at org.testng.TestNG.privateMain(TestNG.java:1325)
	at org.testng.TestNG.main(TestNG.java:1294)
</pre></div></td>
<td>0</td>
<td>fotf_Testcase.AboutusPage_PageEditor_PageComponentHeader@90f6bfd</td></tr>
<tr>
<td title='fotf_Testcase.AboutusPage_PageEditor_CustomInitiative.LoginSitecore()'><b>LoginSitecore</b><br>Test class: fotf_Testcase.AboutusPage_PageEditor_CustomInitiative</td>
<td><div><pre>org.openqa.selenium.NoSuchWindowException: no such window: target window already closed
from unknown error: web view not found
  (Session info: chrome=51.0.2704.84)
  (Driver info: chromedriver=2.19.346078 (6f1f0cde889532d48ce8242342d0b84f94b114a1),platform=Windows NT 6.1 SP1 x86_64) (WARNING: The server did not provide any stacktrace information)
Command duration or timeout: 2 milliseconds
Build info: version: &apos;2.48.2&apos;, revision: &apos;41bccdd&apos;, time: &apos;2015-10-09 19:55:52&apos;
System info: host: &apos;Arun-pc&apos;, ip: &apos;192.2.200.122&apos;, os.name: &apos;Windows 7&apos;, os.arch: &apos;amd64&apos;, os.version: &apos;6.1&apos;, java.version: &apos;1.8.0_91&apos;
Driver info: org.openqa.selenium.chrome.ChromeDriver
Capabilities [{applicationCacheEnabled=false, rotatable=false, mobileEmulationEnabled=false, chrome={userDataDir=C:\Users\Arun\AppData\Local\Temp\scoped_dir11040_28711}, takesHeapSnapshot=true, databaseEnabled=false, handlesAlerts=true, hasTouchScreen=false, version=51.0.2704.84, platform=XP, browserConnectionEnabled=false, nativeEvents=true, acceptSslCerts=true, locationContextEnabled=true, webStorageEnabled=true, browserName=chrome, takesScreenshot=true, javascriptEnabled=true, cssSelectorsEnabled=true}]
Session ID: 87aea3f272f5fa590ba3b4a4fff99f4e
	at org.openqa.selenium.remote.ErrorHandler.createThrowable(ErrorHandler.java:206)
	at org.openqa.selenium.remote.ErrorHandler.throwIfResponseFailed(ErrorHandler.java:158)
	at org.openqa.selenium.remote.RemoteWebDriver.execute(RemoteWebDriver.java:647)
	at org.openqa.selenium.remote.RemoteWebDriver.get(RemoteWebDriver.java:311)
	at fotf_Testcase.AboutusPage_PageEditor_CustomInitiative.LoginSitecore(AboutusPage_PageEditor_CustomInitiative.java:27)
... Removed 28 stack frames</pre></div><a href='#' onClick='toggleBox("stack-trace1237912220", this, "Click to show all stack frames", "Click to hide stack frames")'>Click to show all stack frames</a>
<div class='stack-trace' id='stack-trace1237912220'><pre>org.openqa.selenium.NoSuchWindowException: no such window: target window already closed
from unknown error: web view not found
  (Session info: chrome=51.0.2704.84)
  (Driver info: chromedriver=2.19.346078 (6f1f0cde889532d48ce8242342d0b84f94b114a1),platform=Windows NT 6.1 SP1 x86_64) (WARNING: The server did not provide any stacktrace information)
Command duration or timeout: 2 milliseconds
Build info: version: &apos;2.48.2&apos;, revision: &apos;41bccdd&apos;, time: &apos;2015-10-09 19:55:52&apos;
System info: host: &apos;Arun-pc&apos;, ip: &apos;192.2.200.122&apos;, os.name: &apos;Windows 7&apos;, os.arch: &apos;amd64&apos;, os.version: &apos;6.1&apos;, java.version: &apos;1.8.0_91&apos;
Driver info: org.openqa.selenium.chrome.ChromeDriver
Capabilities [{applicationCacheEnabled=false, rotatable=false, mobileEmulationEnabled=false, chrome={userDataDir=C:\Users\Arun\AppData\Local\Temp\scoped_dir11040_28711}, takesHeapSnapshot=true, databaseEnabled=false, handlesAlerts=true, hasTouchScreen=false, version=51.0.2704.84, platform=XP, browserConnectionEnabled=false, nativeEvents=true, acceptSslCerts=true, locationContextEnabled=true, webStorageEnabled=true, browserName=chrome, takesScreenshot=true, javascriptEnabled=true, cssSelectorsEnabled=true}]
Session ID: 87aea3f272f5fa590ba3b4a4fff99f4e
	at sun.reflect.GeneratedConstructorAccessor14.newInstance(Unknown Source)
	at sun.reflect.DelegatingConstructorAccessorImpl.newInstance(Unknown Source)
	at java.lang.reflect.Constructor.newInstance(Unknown Source)
	at org.openqa.selenium.remote.ErrorHandler.createThrowable(ErrorHandler.java:206)
	at org.openqa.selenium.remote.ErrorHandler.throwIfResponseFailed(ErrorHandler.java:158)
	at org.openqa.selenium.remote.RemoteWebDriver.execute(RemoteWebDriver.java:647)
	at org.openqa.selenium.remote.RemoteWebDriver.get(RemoteWebDriver.java:311)
	at fotf_Testcase.AboutusPage_PageEditor_CustomInitiative.LoginSitecore(AboutusPage_PageEditor_CustomInitiative.java:27)
	at sun.reflect.NativeMethodAccessorImpl.invoke0(Native Method)
	at sun.reflect.NativeMethodAccessorImpl.invoke(Unknown Source)
	at sun.reflect.DelegatingMethodAccessorImpl.invoke(Unknown Source)
	at java.lang.reflect.Method.invoke(Unknown Source)
	at org.testng.internal.MethodInvocationHelper.invokeMethod(MethodInvocationHelper.java:85)
	at org.testng.internal.Invoker.invokeConfigurationMethod(Invoker.java:510)
	at org.testng.internal.Invoker.invokeConfigurations(Invoker.java:211)
	at org.testng.internal.Invoker.invokeMethod(Invoker.java:585)
	at org.testng.internal.Invoker.invokeTestMethod(Invoker.java:821)
	at org.testng.internal.Invoker.invokeTestMethods(Invoker.java:1131)
	at org.testng.internal.TestMethodWorker.invokeTestMethods(TestMethodWorker.java:124)
	at org.testng.internal.TestMethodWorker.run(TestMethodWorker.java:108)
	at org.testng.TestRunner.privateRun(TestRunner.java:773)
	at org.testng.TestRunner.run(TestRunner.java:623)
	at org.testng.SuiteRunner.runTest(SuiteRunner.java:357)
	at org.testng.SuiteRunner.runSequentially(SuiteRunner.java:352)
	at org.testng.SuiteRunner.privateRun(SuiteRunner.java:310)
	at org.testng.SuiteRunner.run(SuiteRunner.java:259)
	at org.testng.SuiteRunnerWorker.runSuite(SuiteRunnerWorker.java:52)
	at org.testng.SuiteRunnerWorker.run(SuiteRunnerWorker.java:86)
	at org.testng.TestNG.runSuitesSequentially(TestNG.java:1185)
	at org.testng.TestNG.runSuitesLocally(TestNG.java:1110)
	at org.testng.TestNG.run(TestNG.java:1018)
	at org.testng.TestNG.privateMain(TestNG.java:1325)
	at org.testng.TestNG.main(TestNG.java:1294)
</pre></div></td>
<td>0</td>
<td>fotf_Testcase.AboutusPage_PageEditor_CustomInitiative@47f6473</td></tr>
</table><p>
<table width='100%' border='1' class='invocation-skipped'>
<tr><td colspan='4' align='center'><b>SKIPPED CONFIGURATIONS</b></td></tr>
<tr><td><b>Test method</b></td>
<td width="30%"><b>Exception</b></td>
<td width="10%"><b>Time (seconds)</b></td>
<td><b>Instance</b></td>
</tr>
<tr>
<td title='fotf_Testcase.AboutusPage_ContentEditor_OneItem.LoginSitecore()'><b>LoginSitecore</b><br>Test class: fotf_Testcase.AboutusPage_ContentEditor_OneItem</td>
<td></td>
<td>0</td>
<td>fotf_Testcase.AboutusPage_ContentEditor_OneItem@79698539</td></tr>
<tr>
<td title='fotf_Testcase.AboutusPage_ContentEditor_OneItem.LoginSitecore()'><b>LoginSitecore</b><br>Test class: fotf_Testcase.AboutusPage_ContentEditor_OneItem</td>
<td></td>
<td>0</td>
<td>fotf_Testcase.AboutusPage_ContentEditor_OneItem@79698539</td></tr>
<tr>
<td title='fotf_Testcase.AboutusPage_ContentEditor_OneItem.LoginSitecore()'><b>LoginSitecore</b><br>Test class: fotf_Testcase.AboutusPage_ContentEditor_OneItem</td>
<td></td>
<td>0</td>
<td>fotf_Testcase.AboutusPage_ContentEditor_OneItem@79698539</td></tr>
<tr>
<td title='fotf_Testcase.AboutusPage_ContentEditor_OneItem.LoginSitecore()'><b>LoginSitecore</b><br>Test class: fotf_Testcase.AboutusPage_ContentEditor_OneItem</td>
<td></td>
<td>0</td>
<td>fotf_Testcase.AboutusPage_ContentEditor_OneItem@79698539</td></tr>
<tr>
<td title='fotf_Testcase.AboutusPage_ContentEditor_OneItem.LoginSitecore()'><b>LoginSitecore</b><br>Test class: fotf_Testcase.AboutusPage_ContentEditor_OneItem</td>
<td></td>
<td>0</td>
<td>fotf_Testcase.AboutusPage_ContentEditor_OneItem@79698539</td></tr>
<tr>
<td title='fotf_Testcase.AboutusPage_ContentEditor_OneItem.LoginSitecore()'><b>LoginSitecore</b><br>Test class: fotf_Testcase.AboutusPage_ContentEditor_OneItem</td>
<td></td>
<td>0</td>
<td>fotf_Testcase.AboutusPage_ContentEditor_OneItem@79698539</td></tr>
<tr>
<td title='fotf_Testcase.AboutusPage_ContentEditor_OneItem.LoginSitecore()'><b>LoginSitecore</b><br>Test class: fotf_Testcase.AboutusPage_ContentEditor_OneItem</td>
<td></td>
<td>0</td>
<td>fotf_Testcase.AboutusPage_ContentEditor_OneItem@79698539</td></tr>
<tr>
<td title='fotf_Testcase.AboutusPage_ContentEditor_TwoItem.LoginSitecore()'><b>LoginSitecore</b><br>Test class: fotf_Testcase.AboutusPage_ContentEditor_TwoItem</td>
<td></td>
<td>0</td>
<td>fotf_Testcase.AboutusPage_ContentEditor_TwoItem@180bc464</td></tr>
<tr>
<td title='fotf_Testcase.AboutusPage_ContentEditor_ThreeItem.LoginSitecore()'><b>LoginSitecore</b><br>Test class: fotf_Testcase.AboutusPage_ContentEditor_ThreeItem</td>
<td></td>
<td>0</td>
<td>fotf_Testcase.AboutusPage_ContentEditor_ThreeItem@1324409e</td></tr>
<tr>
<td title='fotf_Testcase.AboutusPage_ContentEditor_ThreeItem.LoginSitecore()'><b>LoginSitecore</b><br>Test class: fotf_Testcase.AboutusPage_ContentEditor_ThreeItem</td>
<td></td>
<td>0</td>
<td>fotf_Testcase.AboutusPage_ContentEditor_ThreeItem@1324409e</td></tr>
<tr>
<td title='fotf_Testcase.AboutusPage_ContentEditor_FourItem.LoginSitecore()'><b>LoginSitecore</b><br>Test class: fotf_Testcase.AboutusPage_ContentEditor_FourItem</td>
<td></td>
<td>0</td>
<td>fotf_Testcase.AboutusPage_ContentEditor_FourItem@2c6a3f77</td></tr>
<tr>
<td title='fotf_Testcase.AboutusPage_ContentEditor_FourItem.LoginSitecore()'><b>LoginSitecore</b><br>Test class: fotf_Testcase.AboutusPage_ContentEditor_FourItem</td>
<td></td>
<td>0</td>
<td>fotf_Testcase.AboutusPage_ContentEditor_FourItem@2c6a3f77</td></tr>
<tr>
<td title='fotf_Testcase.AboutusPage_ContentEditor_FourItem.LoginSitecore()'><b>LoginSitecore</b><br>Test class: fotf_Testcase.AboutusPage_ContentEditor_FourItem</td>
<td></td>
<td>0</td>
<td>fotf_Testcase.AboutusPage_ContentEditor_FourItem@2c6a3f77</td></tr>
<tr>
<td title='fotf_Testcase.AboutusPage_ContentEditor_FiveItem.LoginSitecore()'><b>LoginSitecore</b><br>Test class: fotf_Testcase.AboutusPage_ContentEditor_FiveItem</td>
<td></td>
<td>0</td>
<td>fotf_Testcase.AboutusPage_ContentEditor_FiveItem@246ae04d</td></tr>
<tr>
<td title='fotf_Testcase.AboutusPage_ContentEditor_SixItem.LoginSitecore()'><b>LoginSitecore</b><br>Test class: fotf_Testcase.AboutusPage_ContentEditor_SixItem</td>
<td></td>
<td>0</td>
<td>fotf_Testcase.AboutusPage_ContentEditor_SixItem@62043840</td></tr>
<tr>
<td title='fotf_Testcase.AboutusPage_ContentEditor_SixItem.LoginSitecore()'><b>LoginSitecore</b><br>Test class: fotf_Testcase.AboutusPage_ContentEditor_SixItem</td>
<td></td>
<td>0</td>
<td>fotf_Testcase.AboutusPage_ContentEditor_SixItem@62043840</td></tr>
<tr>
<td title='fotf_Testcase.AboutusPage_ContentEditor_SixItem.LoginSitecore()'><b>LoginSitecore</b><br>Test class: fotf_Testcase.AboutusPage_ContentEditor_SixItem</td>
<td></td>
<td>0</td>
<td>fotf_Testcase.AboutusPage_ContentEditor_SixItem@62043840</td></tr>
<tr>
<td title='fotf_Testcase.AboutusPage_ContentEditor_Header.LoginSitecore()'><b>LoginSitecore</b><br>Test class: fotf_Testcase.AboutusPage_ContentEditor_Header</td>
<td></td>
<td>0</td>
<td>fotf_Testcase.AboutusPage_ContentEditor_Header@5315b42e</td></tr>
<tr>
<td title='fotf_Testcase.AboutusPage_ContentEditor_Header.LoginSitecore()'><b>LoginSitecore</b><br>Test class: fotf_Testcase.AboutusPage_ContentEditor_Header</td>
<td></td>
<td>0</td>
<td>fotf_Testcase.AboutusPage_ContentEditor_Header@5315b42e</td></tr>
<tr>
<td title='fotf_Testcase.AboutusPage_ContentEditor_Header.LoginSitecore()'><b>LoginSitecore</b><br>Test class: fotf_Testcase.AboutusPage_ContentEditor_Header</td>
<td></td>
<td>0</td>
<td>fotf_Testcase.AboutusPage_ContentEditor_Header@5315b42e</td></tr>
<tr>
<td title='fotf_Testcase.AboutusPage_ContentEditor_Header.LoginSitecore()'><b>LoginSitecore</b><br>Test class: fotf_Testcase.AboutusPage_ContentEditor_Header</td>
<td></td>
<td>0</td>
<td>fotf_Testcase.AboutusPage_ContentEditor_Header@5315b42e</td></tr>
<tr>
<td title='fotf_Testcase.AboutusPage_ContentEditor_Article.LoginSitecore()'><b>LoginSitecore</b><br>Test class: fotf_Testcase.AboutusPage_ContentEditor_Article</td>
<td></td>
<td>0</td>
<td>fotf_Testcase.AboutusPage_ContentEditor_Article@2ef9b8bc</td></tr>
<tr>
<td title='fotf_Testcase.AboutusPage_ContentEditor_Article.LoginSitecore()'><b>LoginSitecore</b><br>Test class: fotf_Testcase.AboutusPage_ContentEditor_Article</td>
<td></td>
<td>0</td>
<td>fotf_Testcase.AboutusPage_ContentEditor_Article@2ef9b8bc</td></tr>
<tr>
<td title='fotf_Testcase.AboutusPage_ContentEditor_Showhide.LoginSitecore()'><b>LoginSitecore</b><br>Test class: fotf_Testcase.AboutusPage_ContentEditor_Showhide</td>
<td></td>
<td>0</td>
<td>fotf_Testcase.AboutusPage_ContentEditor_Showhide@5d624da6</td></tr>
<tr>
<td title='fotf_Testcase.AboutusPage_ContentEditor_Showhide.LoginSitecore()'><b>LoginSitecore</b><br>Test class: fotf_Testcase.AboutusPage_ContentEditor_Showhide</td>
<td></td>
<td>0</td>
<td>fotf_Testcase.AboutusPage_ContentEditor_Showhide@5d624da6</td></tr>
<tr>
<td title='fotf_Testcase.AboutusPage_ContentEditor_CustomInitiative.LoginSitecore()'><b>LoginSitecore</b><br>Test class: fotf_Testcase.AboutusPage_ContentEditor_CustomInitiative</td>
<td></td>
<td>0</td>
<td>fotf_Testcase.AboutusPage_ContentEditor_CustomInitiative@3f2a3a5</td></tr>
<tr>
<td title='fotf_Testcase.AboutusPage_ContentEditor_CustomInitiative.LoginSitecore()'><b>LoginSitecore</b><br>Test class: fotf_Testcase.AboutusPage_ContentEditor_CustomInitiative</td>
<td></td>
<td>0</td>
<td>fotf_Testcase.AboutusPage_ContentEditor_CustomInitiative@3f2a3a5</td></tr>
<tr>
<td title='fotf_Testcase.AboutusPage_ContentEditor_CustomInitiative.LoginSitecore()'><b>LoginSitecore</b><br>Test class: fotf_Testcase.AboutusPage_ContentEditor_CustomInitiative</td>
<td></td>
<td>0</td>
<td>fotf_Testcase.AboutusPage_ContentEditor_CustomInitiative@3f2a3a5</td></tr>
<tr>
<td title='fotf_Testcase.AboutusPage_PageEditor_OneItem.LoginSitecore()'><b>LoginSitecore</b><br>Test class: fotf_Testcase.AboutusPage_PageEditor_OneItem</td>
<td></td>
<td>0</td>
<td>fotf_Testcase.AboutusPage_PageEditor_OneItem@4cb2c100</td></tr>
<tr>
<td title='fotf_Testcase.AboutusPage_PageEditor_OneItem.LoginSitecore()'><b>LoginSitecore</b><br>Test class: fotf_Testcase.AboutusPage_PageEditor_OneItem</td>
<td></td>
<td>0</td>
<td>fotf_Testcase.AboutusPage_PageEditor_OneItem@4cb2c100</td></tr>
<tr>
<td title='fotf_Testcase.AboutusPage_PageEditor_OneItem.LoginSitecore()'><b>LoginSitecore</b><br>Test class: fotf_Testcase.AboutusPage_PageEditor_OneItem</td>
<td></td>
<td>0</td>
<td>fotf_Testcase.AboutusPage_PageEditor_OneItem@4cb2c100</td></tr>
<tr>
<td title='fotf_Testcase.AboutusPage_PageEditor_OneItem.LoginSitecore()'><b>LoginSitecore</b><br>Test class: fotf_Testcase.AboutusPage_PageEditor_OneItem</td>
<td></td>
<td>0</td>
<td>fotf_Testcase.AboutusPage_PageEditor_OneItem@4cb2c100</td></tr>
<tr>
<td title='fotf_Testcase.AboutusPage_PageEditor_OneItem.LoginSitecore()'><b>LoginSitecore</b><br>Test class: fotf_Testcase.AboutusPage_PageEditor_OneItem</td>
<td></td>
<td>0</td>
<td>fotf_Testcase.AboutusPage_PageEditor_OneItem@4cb2c100</td></tr>
<tr>
<td title='fotf_Testcase.AboutusPage_PageEditor_OneItem.LoginSitecore()'><b>LoginSitecore</b><br>Test class: fotf_Testcase.AboutusPage_PageEditor_OneItem</td>
<td></td>
<td>0</td>
<td>fotf_Testcase.AboutusPage_PageEditor_OneItem@4cb2c100</td></tr>
<tr>
<td title='fotf_Testcase.AboutusPage_PageEditor_OneItem.LoginSitecore()'><b>LoginSitecore</b><br>Test class: fotf_Testcase.AboutusPage_PageEditor_OneItem</td>
<td></td>
<td>0</td>
<td>fotf_Testcase.AboutusPage_PageEditor_OneItem@4cb2c100</td></tr>
<tr>
<td title='fotf_Testcase.AboutusPage_PageEditor_TwoItem.LoginSitecore()'><b>LoginSitecore</b><br>Test class: fotf_Testcase.AboutusPage_PageEditor_TwoItem</td>
<td></td>
<td>0</td>
<td>fotf_Testcase.AboutusPage_PageEditor_TwoItem@6fb554cc</td></tr>
<tr>
<td title='fotf_Testcase.AboutusPage_PageEditor_ThreeItem.LoginSitecore()'><b>LoginSitecore</b><br>Test class: fotf_Testcase.AboutusPage_PageEditor_ThreeItem</td>
<td></td>
<td>0</td>
<td>fotf_Testcase.AboutusPage_PageEditor_ThreeItem@614c5515</td></tr>
<tr>
<td title='fotf_Testcase.AboutusPage_PageEditor_ThreeItem.LoginSitecore()'><b>LoginSitecore</b><br>Test class: fotf_Testcase.AboutusPage_PageEditor_ThreeItem</td>
<td></td>
<td>0</td>
<td>fotf_Testcase.AboutusPage_PageEditor_ThreeItem@614c5515</td></tr>
<tr>
<td title='fotf_Testcase.AboutusPage_PageEditor_FourItem.LoginSitecore()'><b>LoginSitecore</b><br>Test class: fotf_Testcase.AboutusPage_PageEditor_FourItem</td>
<td></td>
<td>0</td>
<td>fotf_Testcase.AboutusPage_PageEditor_FourItem@77b52d12</td></tr>
<tr>
<td title='fotf_Testcase.AboutusPage_PageEditor_FourItem.LoginSitecore()'><b>LoginSitecore</b><br>Test class: fotf_Testcase.AboutusPage_PageEditor_FourItem</td>
<td></td>
<td>0</td>
<td>fotf_Testcase.AboutusPage_PageEditor_FourItem@77b52d12</td></tr>
<tr>
<td title='fotf_Testcase.AboutusPage_PageEditor_FourItem.LoginSitecore()'><b>LoginSitecore</b><br>Test class: fotf_Testcase.AboutusPage_PageEditor_FourItem</td>
<td></td>
<td>0</td>
<td>fotf_Testcase.AboutusPage_PageEditor_FourItem@77b52d12</td></tr>
<tr>
<td title='fotf_Testcase.AboutusPage_PageEditor_FiveItem.LoginSitecore()'><b>LoginSitecore</b><br>Test class: fotf_Testcase.AboutusPage_PageEditor_FiveItem</td>
<td></td>
<td>0</td>
<td>fotf_Testcase.AboutusPage_PageEditor_FiveItem@2d554825</td></tr>
<tr>
<td title='fotf_Testcase.AboutusPage_PageEditor_SixItem.LoginSitecore()'><b>LoginSitecore</b><br>Test class: fotf_Testcase.AboutusPage_PageEditor_SixItem</td>
<td></td>
<td>0</td>
<td>fotf_Testcase.AboutusPage_PageEditor_SixItem@68837a77</td></tr>
<tr>
<td title='fotf_Testcase.AboutusPage_PageEditor_SixItem.LoginSitecore()'><b>LoginSitecore</b><br>Test class: fotf_Testcase.AboutusPage_PageEditor_SixItem</td>
<td></td>
<td>0</td>
<td>fotf_Testcase.AboutusPage_PageEditor_SixItem@68837a77</td></tr>
<tr>
<td title='fotf_Testcase.AboutusPage_PageEditor_SixItem.LoginSitecore()'><b>LoginSitecore</b><br>Test class: fotf_Testcase.AboutusPage_PageEditor_SixItem</td>
<td></td>
<td>0</td>
<td>fotf_Testcase.AboutusPage_PageEditor_SixItem@68837a77</td></tr>
<tr>
<td title='fotf_Testcase.AboutusPage_PageEditor_Header.LoginSitecore()'><b>LoginSitecore</b><br>Test class: fotf_Testcase.AboutusPage_PageEditor_Header</td>
<td></td>
<td>0</td>
<td>fotf_Testcase.AboutusPage_PageEditor_Header@6be46e8f</td></tr>
<tr>
<td title='fotf_Testcase.AboutusPage_PageEditor_Header.LoginSitecore()'><b>LoginSitecore</b><br>Test class: fotf_Testcase.AboutusPage_PageEditor_Header</td>
<td></td>
<td>0</td>
<td>fotf_Testcase.AboutusPage_PageEditor_Header@6be46e8f</td></tr>
<tr>
<td title='fotf_Testcase.AboutusPage_PageEditor_Header.LoginSitecore()'><b>LoginSitecore</b><br>Test class: fotf_Testcase.AboutusPage_PageEditor_Header</td>
<td></td>
<td>0</td>
<td>fotf_Testcase.AboutusPage_PageEditor_Header@6be46e8f</td></tr>
<tr>
<td title='fotf_Testcase.AboutusPage_PageEditor_Header.LoginSitecore()'><b>LoginSitecore</b><br>Test class: fotf_Testcase.AboutusPage_PageEditor_Header</td>
<td></td>
<td>0</td>
<td>fotf_Testcase.AboutusPage_PageEditor_Header@6be46e8f</td></tr>
<tr>
<td title='fotf_Testcase.AboutusPage_PageEditor_Article.LoginSitecore()'><b>LoginSitecore</b><br>Test class: fotf_Testcase.AboutusPage_PageEditor_Article</td>
<td></td>
<td>0</td>
<td>fotf_Testcase.AboutusPage_PageEditor_Article@3567135c</td></tr>
<tr>
<td title='fotf_Testcase.AboutusPage_PageEditor_Article.LoginSitecore()'><b>LoginSitecore</b><br>Test class: fotf_Testcase.AboutusPage_PageEditor_Article</td>
<td></td>
<td>0</td>
<td>fotf_Testcase.AboutusPage_PageEditor_Article@3567135c</td></tr>
<tr>
<td title='fotf_Testcase.AboutusPage_PageEditor_Article.LoginSitecore()'><b>LoginSitecore</b><br>Test class: fotf_Testcase.AboutusPage_PageEditor_Article</td>
<td></td>
<td>0</td>
<td>fotf_Testcase.AboutusPage_PageEditor_Article@3567135c</td></tr>
<tr>
<td title='fotf_Testcase.AboutusPage_PageEditor_Showhide.LoginSitecore()'><b>LoginSitecore</b><br>Test class: fotf_Testcase.AboutusPage_PageEditor_Showhide</td>
<td></td>
<td>0</td>
<td>fotf_Testcase.AboutusPage_PageEditor_Showhide@327471b5</td></tr>
<tr>
<td title='fotf_Testcase.AboutusPage_PageEditor_Showhide.LoginSitecore()'><b>LoginSitecore</b><br>Test class: fotf_Testcase.AboutusPage_PageEditor_Showhide</td>
<td></td>
<td>0</td>
<td>fotf_Testcase.AboutusPage_PageEditor_Showhide@327471b5</td></tr>
<tr>
<td title='fotf_Testcase.AboutusPage_PageEditor_CustomInitiative.LoginSitecore()'><b>LoginSitecore</b><br>Test class: fotf_Testcase.AboutusPage_PageEditor_CustomInitiative</td>
<td></td>
<td>0</td>
<td>fotf_Testcase.AboutusPage_PageEditor_CustomInitiative@47f6473</td></tr>
<tr>
<td title='fotf_Testcase.AboutusPage_PageEditor_CustomInitiative.LoginSitecore()'><b>LoginSitecore</b><br>Test class: fotf_Testcase.AboutusPage_PageEditor_CustomInitiative</td>
<td></td>
<td>0</td>
<td>fotf_Testcase.AboutusPage_PageEditor_CustomInitiative@47f6473</td></tr>
<tr>
<td title='fotf_Testcase.AboutusPage_PageEditor_CustomInitiative.LoginSitecore()'><b>LoginSitecore</b><br>Test class: fotf_Testcase.AboutusPage_PageEditor_CustomInitiative</td>
<td></td>
<td>0</td>
<td>fotf_Testcase.AboutusPage_PageEditor_CustomInitiative@47f6473</td></tr>
<tr>
<td title='fotf_Testcase.AboutusPage_ContentEditor_OneItem.LogoutSitecore()'><b>LogoutSitecore</b><br>Test class: fotf_Testcase.AboutusPage_ContentEditor_OneItem</td>
<td></td>
<td>0</td>
<td>fotf_Testcase.AboutusPage_ContentEditor_OneItem@79698539</td></tr>
<tr>
<td title='fotf_Testcase.AboutusPage_ContentEditor_OneItem.LogoutSitecore()'><b>LogoutSitecore</b><br>Test class: fotf_Testcase.AboutusPage_ContentEditor_OneItem</td>
<td></td>
<td>0</td>
<td>fotf_Testcase.AboutusPage_ContentEditor_OneItem@79698539</td></tr>
<tr>
<td title='fotf_Testcase.AboutusPage_ContentEditor_OneItem.LogoutSitecore()'><b>LogoutSitecore</b><br>Test class: fotf_Testcase.AboutusPage_ContentEditor_OneItem</td>
<td></td>
<td>0</td>
<td>fotf_Testcase.AboutusPage_ContentEditor_OneItem@79698539</td></tr>
<tr>
<td title='fotf_Testcase.AboutusPage_ContentEditor_OneItem.LogoutSitecore()'><b>LogoutSitecore</b><br>Test class: fotf_Testcase.AboutusPage_ContentEditor_OneItem</td>
<td></td>
<td>0</td>
<td>fotf_Testcase.AboutusPage_ContentEditor_OneItem@79698539</td></tr>
<tr>
<td title='fotf_Testcase.AboutusPage_ContentEditor_OneItem.LogoutSitecore()'><b>LogoutSitecore</b><br>Test class: fotf_Testcase.AboutusPage_ContentEditor_OneItem</td>
<td></td>
<td>0</td>
<td>fotf_Testcase.AboutusPage_ContentEditor_OneItem@79698539</td></tr>
<tr>
<td title='fotf_Testcase.AboutusPage_ContentEditor_OneItem.LogoutSitecore()'><b>LogoutSitecore</b><br>Test class: fotf_Testcase.AboutusPage_ContentEditor_OneItem</td>
<td></td>
<td>0</td>
<td>fotf_Testcase.AboutusPage_ContentEditor_OneItem@79698539</td></tr>
<tr>
<td title='fotf_Testcase.AboutusPage_ContentEditor_OneItem.LogoutSitecore()'><b>LogoutSitecore</b><br>Test class: fotf_Testcase.AboutusPage_ContentEditor_OneItem</td>
<td></td>
<td>0</td>
<td>fotf_Testcase.AboutusPage_ContentEditor_OneItem@79698539</td></tr>
<tr>
<td title='fotf_Testcase.AboutusPage_ContentEditor_OneItem.LogoutSitecore()'><b>LogoutSitecore</b><br>Test class: fotf_Testcase.AboutusPage_ContentEditor_OneItem</td>
<td></td>
<td>0</td>
<td>fotf_Testcase.AboutusPage_ContentEditor_OneItem@79698539</td></tr>
<tr>
<td title='fotf_Testcase.AboutusPage_ContentEditor_TwoItem.LogoutSitecore()'><b>LogoutSitecore</b><br>Test class: fotf_Testcase.AboutusPage_ContentEditor_TwoItem</td>
<td></td>
<td>0</td>
<td>fotf_Testcase.AboutusPage_ContentEditor_TwoItem@180bc464</td></tr>
<tr>
<td title='fotf_Testcase.AboutusPage_ContentEditor_TwoItem.LogoutSitecore()'><b>LogoutSitecore</b><br>Test class: fotf_Testcase.AboutusPage_ContentEditor_TwoItem</td>
<td></td>
<td>0</td>
<td>fotf_Testcase.AboutusPage_ContentEditor_TwoItem@180bc464</td></tr>
<tr>
<td title='fotf_Testcase.AboutusPage_ContentEditor_ThreeItem.LogoutSitecore()'><b>LogoutSitecore</b><br>Test class: fotf_Testcase.AboutusPage_ContentEditor_ThreeItem</td>
<td></td>
<td>0</td>
<td>fotf_Testcase.AboutusPage_ContentEditor_ThreeItem@1324409e</td></tr>
<tr>
<td title='fotf_Testcase.AboutusPage_ContentEditor_ThreeItem.LogoutSitecore()'><b>LogoutSitecore</b><br>Test class: fotf_Testcase.AboutusPage_ContentEditor_ThreeItem</td>
<td></td>
<td>0</td>
<td>fotf_Testcase.AboutusPage_ContentEditor_ThreeItem@1324409e</td></tr>
<tr>
<td title='fotf_Testcase.AboutusPage_ContentEditor_ThreeItem.LogoutSitecore()'><b>LogoutSitecore</b><br>Test class: fotf_Testcase.AboutusPage_ContentEditor_ThreeItem</td>
<td></td>
<td>0</td>
<td>fotf_Testcase.AboutusPage_ContentEditor_ThreeItem@1324409e</td></tr>
<tr>
<td title='fotf_Testcase.AboutusPage_ContentEditor_FourItem.LogoutSitecore()'><b>LogoutSitecore</b><br>Test class: fotf_Testcase.AboutusPage_ContentEditor_FourItem</td>
<td></td>
<td>0</td>
<td>fotf_Testcase.AboutusPage_ContentEditor_FourItem@2c6a3f77</td></tr>
<tr>
<td title='fotf_Testcase.AboutusPage_ContentEditor_FourItem.LogoutSitecore()'><b>LogoutSitecore</b><br>Test class: fotf_Testcase.AboutusPage_ContentEditor_FourItem</td>
<td></td>
<td>0</td>
<td>fotf_Testcase.AboutusPage_ContentEditor_FourItem@2c6a3f77</td></tr>
<tr>
<td title='fotf_Testcase.AboutusPage_ContentEditor_FourItem.LogoutSitecore()'><b>LogoutSitecore</b><br>Test class: fotf_Testcase.AboutusPage_ContentEditor_FourItem</td>
<td></td>
<td>0</td>
<td>fotf_Testcase.AboutusPage_ContentEditor_FourItem@2c6a3f77</td></tr>
<tr>
<td title='fotf_Testcase.AboutusPage_ContentEditor_FourItem.LogoutSitecore()'><b>LogoutSitecore</b><br>Test class: fotf_Testcase.AboutusPage_ContentEditor_FourItem</td>
<td></td>
<td>0</td>
<td>fotf_Testcase.AboutusPage_ContentEditor_FourItem@2c6a3f77</td></tr>
<tr>
<td title='fotf_Testcase.AboutusPage_ContentEditor_FiveItem.LogoutSitecore()'><b>LogoutSitecore</b><br>Test class: fotf_Testcase.AboutusPage_ContentEditor_FiveItem</td>
<td></td>
<td>0</td>
<td>fotf_Testcase.AboutusPage_ContentEditor_FiveItem@246ae04d</td></tr>
<tr>
<td title='fotf_Testcase.AboutusPage_ContentEditor_FiveItem.LogoutSitecore()'><b>LogoutSitecore</b><br>Test class: fotf_Testcase.AboutusPage_ContentEditor_FiveItem</td>
<td></td>
<td>0</td>
<td>fotf_Testcase.AboutusPage_ContentEditor_FiveItem@246ae04d</td></tr>
<tr>
<td title='fotf_Testcase.AboutusPage_ContentEditor_SixItem.LogoutSitecore()'><b>LogoutSitecore</b><br>Test class: fotf_Testcase.AboutusPage_ContentEditor_SixItem</td>
<td></td>
<td>0</td>
<td>fotf_Testcase.AboutusPage_ContentEditor_SixItem@62043840</td></tr>
<tr>
<td title='fotf_Testcase.AboutusPage_ContentEditor_SixItem.LogoutSitecore()'><b>LogoutSitecore</b><br>Test class: fotf_Testcase.AboutusPage_ContentEditor_SixItem</td>
<td></td>
<td>0</td>
<td>fotf_Testcase.AboutusPage_ContentEditor_SixItem@62043840</td></tr>
<tr>
<td title='fotf_Testcase.AboutusPage_ContentEditor_SixItem.LogoutSitecore()'><b>LogoutSitecore</b><br>Test class: fotf_Testcase.AboutusPage_ContentEditor_SixItem</td>
<td></td>
<td>0</td>
<td>fotf_Testcase.AboutusPage_ContentEditor_SixItem@62043840</td></tr>
<tr>
<td title='fotf_Testcase.AboutusPage_ContentEditor_SixItem.LogoutSitecore()'><b>LogoutSitecore</b><br>Test class: fotf_Testcase.AboutusPage_ContentEditor_SixItem</td>
<td></td>
<td>0</td>
<td>fotf_Testcase.AboutusPage_ContentEditor_SixItem@62043840</td></tr>
<tr>
<td title='fotf_Testcase.AboutusPage_ContentEditor_Header.LogoutSitecore()'><b>LogoutSitecore</b><br>Test class: fotf_Testcase.AboutusPage_ContentEditor_Header</td>
<td></td>
<td>0</td>
<td>fotf_Testcase.AboutusPage_ContentEditor_Header@5315b42e</td></tr>
<tr>
<td title='fotf_Testcase.AboutusPage_ContentEditor_Header.LogoutSitecore()'><b>LogoutSitecore</b><br>Test class: fotf_Testcase.AboutusPage_ContentEditor_Header</td>
<td></td>
<td>0</td>
<td>fotf_Testcase.AboutusPage_ContentEditor_Header@5315b42e</td></tr>
<tr>
<td title='fotf_Testcase.AboutusPage_ContentEditor_Header.LogoutSitecore()'><b>LogoutSitecore</b><br>Test class: fotf_Testcase.AboutusPage_ContentEditor_Header</td>
<td></td>
<td>0</td>
<td>fotf_Testcase.AboutusPage_ContentEditor_Header@5315b42e</td></tr>
<tr>
<td title='fotf_Testcase.AboutusPage_ContentEditor_Header.LogoutSitecore()'><b>LogoutSitecore</b><br>Test class: fotf_Testcase.AboutusPage_ContentEditor_Header</td>
<td></td>
<td>0</td>
<td>fotf_Testcase.AboutusPage_ContentEditor_Header@5315b42e</td></tr>
<tr>
<td title='fotf_Testcase.AboutusPage_ContentEditor_Header.LogoutSitecore()'><b>LogoutSitecore</b><br>Test class: fotf_Testcase.AboutusPage_ContentEditor_Header</td>
<td></td>
<td>0</td>
<td>fotf_Testcase.AboutusPage_ContentEditor_Header@5315b42e</td></tr>
<tr>
<td title='fotf_Testcase.AboutusPage_ContentEditor_Article.LogoutSitecore()'><b>LogoutSitecore</b><br>Test class: fotf_Testcase.AboutusPage_ContentEditor_Article</td>
<td></td>
<td>0</td>
<td>fotf_Testcase.AboutusPage_ContentEditor_Article@2ef9b8bc</td></tr>
<tr>
<td title='fotf_Testcase.AboutusPage_ContentEditor_Article.LogoutSitecore()'><b>LogoutSitecore</b><br>Test class: fotf_Testcase.AboutusPage_ContentEditor_Article</td>
<td></td>
<td>0</td>
<td>fotf_Testcase.AboutusPage_ContentEditor_Article@2ef9b8bc</td></tr>
<tr>
<td title='fotf_Testcase.AboutusPage_ContentEditor_Article.LogoutSitecore()'><b>LogoutSitecore</b><br>Test class: fotf_Testcase.AboutusPage_ContentEditor_Article</td>
<td></td>
<td>0</td>
<td>fotf_Testcase.AboutusPage_ContentEditor_Article@2ef9b8bc</td></tr>
<tr>
<td title='fotf_Testcase.AboutusPage_ContentEditor_Showhide.LogoutSitecore()'><b>LogoutSitecore</b><br>Test class: fotf_Testcase.AboutusPage_ContentEditor_Showhide</td>
<td></td>
<td>0</td>
<td>fotf_Testcase.AboutusPage_ContentEditor_Showhide@5d624da6</td></tr>
<tr>
<td title='fotf_Testcase.AboutusPage_ContentEditor_Showhide.LogoutSitecore()'><b>LogoutSitecore</b><br>Test class: fotf_Testcase.AboutusPage_ContentEditor_Showhide</td>
<td></td>
<td>0</td>
<td>fotf_Testcase.AboutusPage_ContentEditor_Showhide@5d624da6</td></tr>
<tr>
<td title='fotf_Testcase.AboutusPage_ContentEditor_Showhide.LogoutSitecore()'><b>LogoutSitecore</b><br>Test class: fotf_Testcase.AboutusPage_ContentEditor_Showhide</td>
<td></td>
<td>0</td>
<td>fotf_Testcase.AboutusPage_ContentEditor_Showhide@5d624da6</td></tr>
<tr>
<td title='fotf_Testcase.AboutusPage_ContentEditor_Timeline.LogoutSitecore()'><b>LogoutSitecore</b><br>Test class: fotf_Testcase.AboutusPage_ContentEditor_Timeline</td>
<td></td>
<td>0</td>
<td>fotf_Testcase.AboutusPage_ContentEditor_Timeline@1e67b872</td></tr>
<tr>
<td title='fotf_Testcase.AboutusPage_ContentEditor_PageComponentHeader.LogoutSitecore()'><b>LogoutSitecore</b><br>Test class: fotf_Testcase.AboutusPage_ContentEditor_PageComponentHeader</td>
<td></td>
<td>0</td>
<td>fotf_Testcase.AboutusPage_ContentEditor_PageComponentHeader@60addb54</td></tr>
<tr>
<td title='fotf_Testcase.AboutusPage_ContentEditor_CustomInitiative.LogoutSitecore()'><b>LogoutSitecore</b><br>Test class: fotf_Testcase.AboutusPage_ContentEditor_CustomInitiative</td>
<td></td>
<td>0</td>
<td>fotf_Testcase.AboutusPage_ContentEditor_CustomInitiative@3f2a3a5</td></tr>
<tr>
<td title='fotf_Testcase.AboutusPage_ContentEditor_CustomInitiative.LogoutSitecore()'><b>LogoutSitecore</b><br>Test class: fotf_Testcase.AboutusPage_ContentEditor_CustomInitiative</td>
<td></td>
<td>0</td>
<td>fotf_Testcase.AboutusPage_ContentEditor_CustomInitiative@3f2a3a5</td></tr>
<tr>
<td title='fotf_Testcase.AboutusPage_ContentEditor_CustomInitiative.LogoutSitecore()'><b>LogoutSitecore</b><br>Test class: fotf_Testcase.AboutusPage_ContentEditor_CustomInitiative</td>
<td></td>
<td>0</td>
<td>fotf_Testcase.AboutusPage_ContentEditor_CustomInitiative@3f2a3a5</td></tr>
<tr>
<td title='fotf_Testcase.AboutusPage_ContentEditor_CustomInitiative.LogoutSitecore()'><b>LogoutSitecore</b><br>Test class: fotf_Testcase.AboutusPage_ContentEditor_CustomInitiative</td>
<td></td>
<td>0</td>
<td>fotf_Testcase.AboutusPage_ContentEditor_CustomInitiative@3f2a3a5</td></tr>
<tr>
<td title='fotf_Testcase.AboutusPage_PageEditor_OneItem.LogoutSitecore()'><b>LogoutSitecore</b><br>Test class: fotf_Testcase.AboutusPage_PageEditor_OneItem</td>
<td></td>
<td>0</td>
<td>fotf_Testcase.AboutusPage_PageEditor_OneItem@4cb2c100</td></tr>
<tr>
<td title='fotf_Testcase.AboutusPage_PageEditor_OneItem.LogoutSitecore()'><b>LogoutSitecore</b><br>Test class: fotf_Testcase.AboutusPage_PageEditor_OneItem</td>
<td></td>
<td>0</td>
<td>fotf_Testcase.AboutusPage_PageEditor_OneItem@4cb2c100</td></tr>
<tr>
<td title='fotf_Testcase.AboutusPage_PageEditor_OneItem.LogoutSitecore()'><b>LogoutSitecore</b><br>Test class: fotf_Testcase.AboutusPage_PageEditor_OneItem</td>
<td></td>
<td>0</td>
<td>fotf_Testcase.AboutusPage_PageEditor_OneItem@4cb2c100</td></tr>
<tr>
<td title='fotf_Testcase.AboutusPage_PageEditor_OneItem.LogoutSitecore()'><b>LogoutSitecore</b><br>Test class: fotf_Testcase.AboutusPage_PageEditor_OneItem</td>
<td></td>
<td>0</td>
<td>fotf_Testcase.AboutusPage_PageEditor_OneItem@4cb2c100</td></tr>
<tr>
<td title='fotf_Testcase.AboutusPage_PageEditor_OneItem.LogoutSitecore()'><b>LogoutSitecore</b><br>Test class: fotf_Testcase.AboutusPage_PageEditor_OneItem</td>
<td></td>
<td>0</td>
<td>fotf_Testcase.AboutusPage_PageEditor_OneItem@4cb2c100</td></tr>
<tr>
<td title='fotf_Testcase.AboutusPage_PageEditor_OneItem.LogoutSitecore()'><b>LogoutSitecore</b><br>Test class: fotf_Testcase.AboutusPage_PageEditor_OneItem</td>
<td></td>
<td>0</td>
<td>fotf_Testcase.AboutusPage_PageEditor_OneItem@4cb2c100</td></tr>
<tr>
<td title='fotf_Testcase.AboutusPage_PageEditor_OneItem.LogoutSitecore()'><b>LogoutSitecore</b><br>Test class: fotf_Testcase.AboutusPage_PageEditor_OneItem</td>
<td></td>
<td>0</td>
<td>fotf_Testcase.AboutusPage_PageEditor_OneItem@4cb2c100</td></tr>
<tr>
<td title='fotf_Testcase.AboutusPage_PageEditor_OneItem.LogoutSitecore()'><b>LogoutSitecore</b><br>Test class: fotf_Testcase.AboutusPage_PageEditor_OneItem</td>
<td></td>
<td>0</td>
<td>fotf_Testcase.AboutusPage_PageEditor_OneItem@4cb2c100</td></tr>
<tr>
<td title='fotf_Testcase.AboutusPage_PageEditor_TwoItem.LogoutSitecore()'><b>LogoutSitecore</b><br>Test class: fotf_Testcase.AboutusPage_PageEditor_TwoItem</td>
<td></td>
<td>0</td>
<td>fotf_Testcase.AboutusPage_PageEditor_TwoItem@6fb554cc</td></tr>
<tr>
<td title='fotf_Testcase.AboutusPage_PageEditor_TwoItem.LogoutSitecore()'><b>LogoutSitecore</b><br>Test class: fotf_Testcase.AboutusPage_PageEditor_TwoItem</td>
<td></td>
<td>0</td>
<td>fotf_Testcase.AboutusPage_PageEditor_TwoItem@6fb554cc</td></tr>
<tr>
<td title='fotf_Testcase.AboutusPage_PageEditor_ThreeItem.LogoutSitecore()'><b>LogoutSitecore</b><br>Test class: fotf_Testcase.AboutusPage_PageEditor_ThreeItem</td>
<td></td>
<td>0</td>
<td>fotf_Testcase.AboutusPage_PageEditor_ThreeItem@614c5515</td></tr>
<tr>
<td title='fotf_Testcase.AboutusPage_PageEditor_ThreeItem.LogoutSitecore()'><b>LogoutSitecore</b><br>Test class: fotf_Testcase.AboutusPage_PageEditor_ThreeItem</td>
<td></td>
<td>0</td>
<td>fotf_Testcase.AboutusPage_PageEditor_ThreeItem@614c5515</td></tr>
<tr>
<td title='fotf_Testcase.AboutusPage_PageEditor_ThreeItem.LogoutSitecore()'><b>LogoutSitecore</b><br>Test class: fotf_Testcase.AboutusPage_PageEditor_ThreeItem</td>
<td></td>
<td>0</td>
<td>fotf_Testcase.AboutusPage_PageEditor_ThreeItem@614c5515</td></tr>
<tr>
<td title='fotf_Testcase.AboutusPage_PageEditor_FourItem.LogoutSitecore()'><b>LogoutSitecore</b><br>Test class: fotf_Testcase.AboutusPage_PageEditor_FourItem</td>
<td></td>
<td>0</td>
<td>fotf_Testcase.AboutusPage_PageEditor_FourItem@77b52d12</td></tr>
<tr>
<td title='fotf_Testcase.AboutusPage_PageEditor_FourItem.LogoutSitecore()'><b>LogoutSitecore</b><br>Test class: fotf_Testcase.AboutusPage_PageEditor_FourItem</td>
<td></td>
<td>0</td>
<td>fotf_Testcase.AboutusPage_PageEditor_FourItem@77b52d12</td></tr>
<tr>
<td title='fotf_Testcase.AboutusPage_PageEditor_FourItem.LogoutSitecore()'><b>LogoutSitecore</b><br>Test class: fotf_Testcase.AboutusPage_PageEditor_FourItem</td>
<td></td>
<td>0</td>
<td>fotf_Testcase.AboutusPage_PageEditor_FourItem@77b52d12</td></tr>
<tr>
<td title='fotf_Testcase.AboutusPage_PageEditor_FourItem.LogoutSitecore()'><b>LogoutSitecore</b><br>Test class: fotf_Testcase.AboutusPage_PageEditor_FourItem</td>
<td></td>
<td>0</td>
<td>fotf_Testcase.AboutusPage_PageEditor_FourItem@77b52d12</td></tr>
<tr>
<td title='fotf_Testcase.AboutusPage_PageEditor_FiveItem.LogoutSitecore()'><b>LogoutSitecore</b><br>Test class: fotf_Testcase.AboutusPage_PageEditor_FiveItem</td>
<td></td>
<td>0</td>
<td>fotf_Testcase.AboutusPage_PageEditor_FiveItem@2d554825</td></tr>
<tr>
<td title='fotf_Testcase.AboutusPage_PageEditor_FiveItem.LogoutSitecore()'><b>LogoutSitecore</b><br>Test class: fotf_Testcase.AboutusPage_PageEditor_FiveItem</td>
<td></td>
<td>0</td>
<td>fotf_Testcase.AboutusPage_PageEditor_FiveItem@2d554825</td></tr>
<tr>
<td title='fotf_Testcase.AboutusPage_PageEditor_SixItem.LogoutSitecore()'><b>LogoutSitecore</b><br>Test class: fotf_Testcase.AboutusPage_PageEditor_SixItem</td>
<td></td>
<td>0</td>
<td>fotf_Testcase.AboutusPage_PageEditor_SixItem@68837a77</td></tr>
<tr>
<td title='fotf_Testcase.AboutusPage_PageEditor_SixItem.LogoutSitecore()'><b>LogoutSitecore</b><br>Test class: fotf_Testcase.AboutusPage_PageEditor_SixItem</td>
<td></td>
<td>0</td>
<td>fotf_Testcase.AboutusPage_PageEditor_SixItem@68837a77</td></tr>
<tr>
<td title='fotf_Testcase.AboutusPage_PageEditor_SixItem.LogoutSitecore()'><b>LogoutSitecore</b><br>Test class: fotf_Testcase.AboutusPage_PageEditor_SixItem</td>
<td></td>
<td>0</td>
<td>fotf_Testcase.AboutusPage_PageEditor_SixItem@68837a77</td></tr>
<tr>
<td title='fotf_Testcase.AboutusPage_PageEditor_SixItem.LogoutSitecore()'><b>LogoutSitecore</b><br>Test class: fotf_Testcase.AboutusPage_PageEditor_SixItem</td>
<td></td>
<td>0</td>
<td>fotf_Testcase.AboutusPage_PageEditor_SixItem@68837a77</td></tr>
<tr>
<td title='fotf_Testcase.AboutusPage_PageEditor_Header.LogoutSitecore()'><b>LogoutSitecore</b><br>Test class: fotf_Testcase.AboutusPage_PageEditor_Header</td>
<td></td>
<td>0</td>
<td>fotf_Testcase.AboutusPage_PageEditor_Header@6be46e8f</td></tr>
<tr>
<td title='fotf_Testcase.AboutusPage_PageEditor_Header.LogoutSitecore()'><b>LogoutSitecore</b><br>Test class: fotf_Testcase.AboutusPage_PageEditor_Header</td>
<td></td>
<td>0</td>
<td>fotf_Testcase.AboutusPage_PageEditor_Header@6be46e8f</td></tr>
<tr>
<td title='fotf_Testcase.AboutusPage_PageEditor_Header.LogoutSitecore()'><b>LogoutSitecore</b><br>Test class: fotf_Testcase.AboutusPage_PageEditor_Header</td>
<td></td>
<td>0</td>
<td>fotf_Testcase.AboutusPage_PageEditor_Header@6be46e8f</td></tr>
<tr>
<td title='fotf_Testcase.AboutusPage_PageEditor_Header.LogoutSitecore()'><b>LogoutSitecore</b><br>Test class: fotf_Testcase.AboutusPage_PageEditor_Header</td>
<td></td>
<td>0</td>
<td>fotf_Testcase.AboutusPage_PageEditor_Header@6be46e8f</td></tr>
<tr>
<td title='fotf_Testcase.AboutusPage_PageEditor_Header.LogoutSitecore()'><b>LogoutSitecore</b><br>Test class: fotf_Testcase.AboutusPage_PageEditor_Header</td>
<td></td>
<td>0</td>
<td>fotf_Testcase.AboutusPage_PageEditor_Header@6be46e8f</td></tr>
<tr>
<td title='fotf_Testcase.AboutusPage_PageEditor_Article.LogoutSitecore()'><b>LogoutSitecore</b><br>Test class: fotf_Testcase.AboutusPage_PageEditor_Article</td>
<td></td>
<td>0</td>
<td>fotf_Testcase.AboutusPage_PageEditor_Article@3567135c</td></tr>
<tr>
<td title='fotf_Testcase.AboutusPage_PageEditor_Article.LogoutSitecore()'><b>LogoutSitecore</b><br>Test class: fotf_Testcase.AboutusPage_PageEditor_Article</td>
<td></td>
<td>0</td>
<td>fotf_Testcase.AboutusPage_PageEditor_Article@3567135c</td></tr>
<tr>
<td title='fotf_Testcase.AboutusPage_PageEditor_Article.LogoutSitecore()'><b>LogoutSitecore</b><br>Test class: fotf_Testcase.AboutusPage_PageEditor_Article</td>
<td></td>
<td>0</td>
<td>fotf_Testcase.AboutusPage_PageEditor_Article@3567135c</td></tr>
<tr>
<td title='fotf_Testcase.AboutusPage_PageEditor_Article.LogoutSitecore()'><b>LogoutSitecore</b><br>Test class: fotf_Testcase.AboutusPage_PageEditor_Article</td>
<td></td>
<td>0</td>
<td>fotf_Testcase.AboutusPage_PageEditor_Article@3567135c</td></tr>
<tr>
<td title='fotf_Testcase.AboutusPage_PageEditor_Showhide.LogoutSitecore()'><b>LogoutSitecore</b><br>Test class: fotf_Testcase.AboutusPage_PageEditor_Showhide</td>
<td></td>
<td>0</td>
<td>fotf_Testcase.AboutusPage_PageEditor_Showhide@327471b5</td></tr>
<tr>
<td title='fotf_Testcase.AboutusPage_PageEditor_Showhide.LogoutSitecore()'><b>LogoutSitecore</b><br>Test class: fotf_Testcase.AboutusPage_PageEditor_Showhide</td>
<td></td>
<td>0</td>
<td>fotf_Testcase.AboutusPage_PageEditor_Showhide@327471b5</td></tr>
<tr>
<td title='fotf_Testcase.AboutusPage_PageEditor_Showhide.LogoutSitecore()'><b>LogoutSitecore</b><br>Test class: fotf_Testcase.AboutusPage_PageEditor_Showhide</td>
<td></td>
<td>0</td>
<td>fotf_Testcase.AboutusPage_PageEditor_Showhide@327471b5</td></tr>
<tr>
<td title='fotf_Testcase.AboutusPage_PageEditor_Timeline.LogoutSitecore()'><b>LogoutSitecore</b><br>Test class: fotf_Testcase.AboutusPage_PageEditor_Timeline</td>
<td></td>
<td>0</td>
<td>fotf_Testcase.AboutusPage_PageEditor_Timeline@4157f54e</td></tr>
<tr>
<td title='fotf_Testcase.AboutusPage_PageEditor_PageComponentHeader.LogoutSitecore()'><b>LogoutSitecore</b><br>Test class: fotf_Testcase.AboutusPage_PageEditor_PageComponentHeader</td>
<td></td>
<td>0</td>
<td>fotf_Testcase.AboutusPage_PageEditor_PageComponentHeader@90f6bfd</td></tr>
<tr>
<td title='fotf_Testcase.AboutusPage_PageEditor_CustomInitiative.LogoutSitecore()'><b>LogoutSitecore</b><br>Test class: fotf_Testcase.AboutusPage_PageEditor_CustomInitiative</td>
<td></td>
<td>0</td>
<td>fotf_Testcase.AboutusPage_PageEditor_CustomInitiative@47f6473</td></tr>
<tr>
<td title='fotf_Testcase.AboutusPage_PageEditor_CustomInitiative.LogoutSitecore()'><b>LogoutSitecore</b><br>Test class: fotf_Testcase.AboutusPage_PageEditor_CustomInitiative</td>
<td></td>
<td>0</td>
<td>fotf_Testcase.AboutusPage_PageEditor_CustomInitiative@47f6473</td></tr>
<tr>
<td title='fotf_Testcase.AboutusPage_PageEditor_CustomInitiative.LogoutSitecore()'><b>LogoutSitecore</b><br>Test class: fotf_Testcase.AboutusPage_PageEditor_CustomInitiative</td>
<td></td>
<td>0</td>
<td>fotf_Testcase.AboutusPage_PageEditor_CustomInitiative@47f6473</td></tr>
<tr>
<td title='fotf_Testcase.AboutusPage_PageEditor_CustomInitiative.LogoutSitecore()'><b>LogoutSitecore</b><br>Test class: fotf_Testcase.AboutusPage_PageEditor_CustomInitiative</td>
<td></td>
<td>0</td>
<td>fotf_Testcase.AboutusPage_PageEditor_CustomInitiative@47f6473</td></tr>
<tr>
<td title='fotf_Testcase.AboutusPage_ContentEditor_OneItem.closeDriver()'><b>closeDriver</b><br>Test class: fotf_Testcase.AboutusPage_ContentEditor_OneItem</td>
<td></td>
<td>0</td>
<td>null</td></tr>
</table><p>
<table width='100%' border='1' class='invocation-skipped'>
<tr><td colspan='4' align='center'><b>SKIPPED TESTS</b></td></tr>
<tr><td><b>Test method</b></td>
<td width="30%"><b>Exception</b></td>
<td width="10%"><b>Time (seconds)</b></td>
<td><b>Instance</b></td>
</tr>
<tr>
<td title='fotf_Testcase.AboutusPage_ContentEditor_Article.AboutUs_Article()'><b>AboutUs_Article</b><br>Test class: fotf_Testcase.AboutusPage_ContentEditor_Article</td>
<td></td>
<td>0</td>
<td>fotf_Testcase.AboutusPage_ContentEditor_Article@2ef9b8bc</td></tr>
<tr>
<td title='fotf_Testcase.AboutusPage_PageEditor_Article.AboutUs_Article()'><b>AboutUs_Article</b><br>Test class: fotf_Testcase.AboutusPage_PageEditor_Article</td>
<td></td>
<td>0</td>
<td>fotf_Testcase.AboutusPage_PageEditor_Article@3567135c</td></tr>
<tr>
<td title='fotf_Testcase.AboutusPage_ContentEditor_Article.AboutUs_ArticleIsFeatured()'><b>AboutUs_ArticleIsFeatured</b><br>Test class: fotf_Testcase.AboutusPage_ContentEditor_Article</td>
<td></td>
<td>0</td>
<td>fotf_Testcase.AboutusPage_ContentEditor_Article@2ef9b8bc</td></tr>
<tr>
<td title='fotf_Testcase.AboutusPage_PageEditor_Article.AboutUs_ArticleIsFeatured()'><b>AboutUs_ArticleIsFeatured</b><br>Test class: fotf_Testcase.AboutusPage_PageEditor_Article</td>
<td></td>
<td>0</td>
<td>fotf_Testcase.AboutusPage_PageEditor_Article@3567135c</td></tr>
<tr>
<td title='fotf_Testcase.AboutusPage_ContentEditor_Article.AboutUs_ArticlePublicationDate()'><b>AboutUs_ArticlePublicationDate</b><br>Test class: fotf_Testcase.AboutusPage_ContentEditor_Article</td>
<td></td>
<td>0</td>
<td>fotf_Testcase.AboutusPage_ContentEditor_Article@2ef9b8bc</td></tr>
<tr>
<td title='fotf_Testcase.AboutusPage_PageEditor_Article.AboutUs_ArticlePublicationDate()'><b>AboutUs_ArticlePublicationDate</b><br>Test class: fotf_Testcase.AboutusPage_PageEditor_Article</td>
<td></td>
<td>0</td>
<td>fotf_Testcase.AboutusPage_PageEditor_Article@3567135c</td></tr>
<tr>
<td title='fotf_Testcase.AboutusPage_ContentEditor_OneItem.AboutUs_ButtonOnBottom()'><b>AboutUs_ButtonOnBottom</b><br>Test class: fotf_Testcase.AboutusPage_ContentEditor_OneItem</td>
<td></td>
<td>0</td>
<td>fotf_Testcase.AboutusPage_ContentEditor_OneItem@79698539</td></tr>
<tr>
<td title='fotf_Testcase.AboutusPage_PageEditor_OneItem.AboutUs_ButtonOnBottom()'><b>AboutUs_ButtonOnBottom</b><br>Test class: fotf_Testcase.AboutusPage_PageEditor_OneItem</td>
<td></td>
<td>0</td>
<td>fotf_Testcase.AboutusPage_PageEditor_OneItem@4cb2c100</td></tr>
<tr>
<td title='fotf_Testcase.AboutusPage_ContentEditor_OneItem.AboutUs_ButtonOnLeft()'><b>AboutUs_ButtonOnLeft</b><br>Test class: fotf_Testcase.AboutusPage_ContentEditor_OneItem</td>
<td></td>
<td>0</td>
<td>fotf_Testcase.AboutusPage_ContentEditor_OneItem@79698539</td></tr>
<tr>
<td title='fotf_Testcase.AboutusPage_PageEditor_OneItem.AboutUs_ButtonOnLeft()'><b>AboutUs_ButtonOnLeft</b><br>Test class: fotf_Testcase.AboutusPage_PageEditor_OneItem</td>
<td></td>
<td>0</td>
<td>fotf_Testcase.AboutusPage_PageEditor_OneItem@4cb2c100</td></tr>
<tr>
<td title='fotf_Testcase.AboutusPage_ContentEditor_OneItem.AboutUs_ButtonOnRight()'><b>AboutUs_ButtonOnRight</b><br>Test class: fotf_Testcase.AboutusPage_ContentEditor_OneItem</td>
<td></td>
<td>0</td>
<td>fotf_Testcase.AboutusPage_ContentEditor_OneItem@79698539</td></tr>
<tr>
<td title='fotf_Testcase.AboutusPage_PageEditor_OneItem.AboutUs_ButtonOnRight()'><b>AboutUs_ButtonOnRight</b><br>Test class: fotf_Testcase.AboutusPage_PageEditor_OneItem</td>
<td></td>
<td>0</td>
<td>fotf_Testcase.AboutusPage_PageEditor_OneItem@4cb2c100</td></tr>
<tr>
<td title='fotf_Testcase.AboutusPage_ContentEditor_FiveItem.AboutUs_FiveItems2x3()'><b>AboutUs_FiveItems2x3</b><br>Test class: fotf_Testcase.AboutusPage_ContentEditor_FiveItem</td>
<td></td>
<td>0</td>
<td>fotf_Testcase.AboutusPage_ContentEditor_FiveItem@246ae04d</td></tr>
<tr>
<td title='fotf_Testcase.AboutusPage_PageEditor_FiveItem.AboutUs_FiveItems2x3()'><b>AboutUs_FiveItems2x3</b><br>Test class: fotf_Testcase.AboutusPage_PageEditor_FiveItem</td>
<td></td>
<td>0</td>
<td>fotf_Testcase.AboutusPage_PageEditor_FiveItem@2d554825</td></tr>
<tr>
<td title='fotf_Testcase.AboutusPage_ContentEditor_FiveItem.AboutUs_FiveItemsFiveColumn()'><b>AboutUs_FiveItemsFiveColumn</b><br>Test class: fotf_Testcase.AboutusPage_ContentEditor_FiveItem</td>
<td></td>
<td>0</td>
<td>fotf_Testcase.AboutusPage_ContentEditor_FiveItem@246ae04d</td></tr>
<tr>
<td title='fotf_Testcase.AboutusPage_PageEditor_FiveItem.AboutUs_FiveItemsFiveColumn()'><b>AboutUs_FiveItemsFiveColumn</b><br>Test class: fotf_Testcase.AboutusPage_PageEditor_FiveItem</td>
<td></td>
<td>0</td>
<td>fotf_Testcase.AboutusPage_PageEditor_FiveItem@2d554825</td></tr>
<tr>
<td title='fotf_Testcase.AboutusPage_ContentEditor_FourItem.AboutUs_FourItemsFourColumnsRectangle()'><b>AboutUs_FourItemsFourColumnsRectangle</b><br>Test class: fotf_Testcase.AboutusPage_ContentEditor_FourItem</td>
<td></td>
<td>0</td>
<td>fotf_Testcase.AboutusPage_ContentEditor_FourItem@2c6a3f77</td></tr>
<tr>
<td title='fotf_Testcase.AboutusPage_PageEditor_FourItem.AboutUs_FourItemsFourColumnsRectangle()'><b>AboutUs_FourItemsFourColumnsRectangle</b><br>Test class: fotf_Testcase.AboutusPage_PageEditor_FourItem</td>
<td></td>
<td>0</td>
<td>fotf_Testcase.AboutusPage_PageEditor_FourItem@77b52d12</td></tr>
<tr>
<td title='fotf_Testcase.AboutusPage_ContentEditor_FourItem.AboutUs_FourItemsFourColumnsSquare()'><b>AboutUs_FourItemsFourColumnsSquare</b><br>Test class: fotf_Testcase.AboutusPage_ContentEditor_FourItem</td>
<td></td>
<td>0</td>
<td>fotf_Testcase.AboutusPage_ContentEditor_FourItem@2c6a3f77</td></tr>
<tr>
<td title='fotf_Testcase.AboutusPage_PageEditor_FourItem.AboutUs_FourItemsFourColumnsSquare()'><b>AboutUs_FourItemsFourColumnsSquare</b><br>Test class: fotf_Testcase.AboutusPage_PageEditor_FourItem</td>
<td></td>
<td>0</td>
<td>fotf_Testcase.AboutusPage_PageEditor_FourItem@77b52d12</td></tr>
<tr>
<td title='fotf_Testcase.AboutusPage_ContentEditor_FourItem.AboutUs_FourItemsTwoColumns()'><b>AboutUs_FourItemsTwoColumns</b><br>Test class: fotf_Testcase.AboutusPage_ContentEditor_FourItem</td>
<td></td>
<td>0</td>
<td>fotf_Testcase.AboutusPage_ContentEditor_FourItem@2c6a3f77</td></tr>
<tr>
<td title='fotf_Testcase.AboutusPage_PageEditor_FourItem.AboutUs_FourItemsTwoColumns()'><b>AboutUs_FourItemsTwoColumns</b><br>Test class: fotf_Testcase.AboutusPage_PageEditor_FourItem</td>
<td></td>
<td>0</td>
<td>fotf_Testcase.AboutusPage_PageEditor_FourItem@77b52d12</td></tr>
<tr>
<td title='fotf_Testcase.AboutusPage_ContentEditor_FourItem.AboutUs_FourItemsWithInset()'><b>AboutUs_FourItemsWithInset</b><br>Test class: fotf_Testcase.AboutusPage_ContentEditor_FourItem</td>
<td></td>
<td>0</td>
<td>fotf_Testcase.AboutusPage_ContentEditor_FourItem@2c6a3f77</td></tr>
<tr>
<td title='fotf_Testcase.AboutusPage_PageEditor_FourItem.AboutUs_FourItemsWithInset()'><b>AboutUs_FourItemsWithInset</b><br>Test class: fotf_Testcase.AboutusPage_PageEditor_FourItem</td>
<td></td>
<td>0</td>
<td>fotf_Testcase.AboutusPage_PageEditor_FourItem@77b52d12</td></tr>
<tr>
<td title='fotf_Testcase.AboutusPage_ContentEditor_Header.AboutUs_HeaderImageCarousel()'><b>AboutUs_HeaderImageCarousel</b><br>Test class: fotf_Testcase.AboutusPage_ContentEditor_Header</td>
<td></td>
<td>0</td>
<td>fotf_Testcase.AboutusPage_ContentEditor_Header@5315b42e</td></tr>
<tr>
<td title='fotf_Testcase.AboutusPage_PageEditor_Header.AboutUs_HeaderImageCarousel()'><b>AboutUs_HeaderImageCarousel</b><br>Test class: fotf_Testcase.AboutusPage_PageEditor_Header</td>
<td></td>
<td>0</td>
<td>fotf_Testcase.AboutusPage_PageEditor_Header@6be46e8f</td></tr>
<tr>
<td title='fotf_Testcase.AboutusPage_ContentEditor_Header.AboutUs_HeaderImageOnLeft()'><b>AboutUs_HeaderImageOnLeft</b><br>Test class: fotf_Testcase.AboutusPage_ContentEditor_Header</td>
<td></td>
<td>0</td>
<td>fotf_Testcase.AboutusPage_ContentEditor_Header@5315b42e</td></tr>
<tr>
<td title='fotf_Testcase.AboutusPage_PageEditor_Header.AboutUs_HeaderImageOnLeft()'><b>AboutUs_HeaderImageOnLeft</b><br>Test class: fotf_Testcase.AboutusPage_PageEditor_Header</td>
<td></td>
<td>0</td>
<td>fotf_Testcase.AboutusPage_PageEditor_Header@6be46e8f</td></tr>
<tr>
<td title='fotf_Testcase.AboutusPage_ContentEditor_Header.AboutUs_HeaderImageOnRight()'><b>AboutUs_HeaderImageOnRight</b><br>Test class: fotf_Testcase.AboutusPage_ContentEditor_Header</td>
<td></td>
<td>0</td>
<td>fotf_Testcase.AboutusPage_ContentEditor_Header@5315b42e</td></tr>
<tr>
<td title='fotf_Testcase.AboutusPage_PageEditor_Header.AboutUs_HeaderImageOnRight()'><b>AboutUs_HeaderImageOnRight</b><br>Test class: fotf_Testcase.AboutusPage_PageEditor_Header</td>
<td></td>
<td>0</td>
<td>fotf_Testcase.AboutusPage_PageEditor_Header@6be46e8f</td></tr>
<tr>
<td title='fotf_Testcase.AboutusPage_ContentEditor_Header.AboutUs_HeaderImageOnTop()'><b>AboutUs_HeaderImageOnTop</b><br>Test class: fotf_Testcase.AboutusPage_ContentEditor_Header</td>
<td></td>
<td>0</td>
<td>fotf_Testcase.AboutusPage_ContentEditor_Header@5315b42e</td></tr>
<tr>
<td title='fotf_Testcase.AboutusPage_PageEditor_Header.AboutUs_HeaderImageOnTop()'><b>AboutUs_HeaderImageOnTop</b><br>Test class: fotf_Testcase.AboutusPage_PageEditor_Header</td>
<td></td>
<td>0</td>
<td>fotf_Testcase.AboutusPage_PageEditor_Header@6be46e8f</td></tr>
<tr>
<td title='fotf_Testcase.AboutusPage_ContentEditor_Header.AboutUs_HeaderVideoOnRight()'><b>AboutUs_HeaderVideoOnRight</b><br>Test class: fotf_Testcase.AboutusPage_ContentEditor_Header</td>
<td></td>
<td>0</td>
<td>fotf_Testcase.AboutusPage_ContentEditor_Header@5315b42e</td></tr>
<tr>
<td title='fotf_Testcase.AboutusPage_PageEditor_Header.AboutUs_HeaderVideoOnRight()'><b>AboutUs_HeaderVideoOnRight</b><br>Test class: fotf_Testcase.AboutusPage_PageEditor_Header</td>
<td></td>
<td>0</td>
<td>fotf_Testcase.AboutusPage_PageEditor_Header@6be46e8f</td></tr>
<tr>
<td title='fotf_Testcase.AboutusPage_ContentEditor_OneItem.AboutUs_IFrameOnRightAlignedImageListItems()'><b>AboutUs_IFrameOnRightAlignedImageListItems</b><br>Test class: fotf_Testcase.AboutusPage_ContentEditor_OneItem</td>
<td></td>
<td>0</td>
<td>fotf_Testcase.AboutusPage_ContentEditor_OneItem@79698539</td></tr>
<tr>
<td title='fotf_Testcase.AboutusPage_PageEditor_OneItem.AboutUs_IFrameOnRightAlignedImageListItems()'><b>AboutUs_IFrameOnRightAlignedImageListItems</b><br>Test class: fotf_Testcase.AboutusPage_PageEditor_OneItem</td>
<td></td>
<td>0</td>
<td>fotf_Testcase.AboutusPage_PageEditor_OneItem@4cb2c100</td></tr>
<tr>
<td title='fotf_Testcase.AboutusPage_ContentEditor_OneItem.AboutUs_ImageOnLeft()'><b>AboutUs_ImageOnLeft</b><br>Test class: fotf_Testcase.AboutusPage_ContentEditor_OneItem</td>
<td></td>
<td>0</td>
<td>fotf_Testcase.AboutusPage_ContentEditor_OneItem@79698539</td></tr>
<tr>
<td title='fotf_Testcase.AboutusPage_PageEditor_OneItem.AboutUs_ImageOnLeft()'><b>AboutUs_ImageOnLeft</b><br>Test class: fotf_Testcase.AboutusPage_PageEditor_OneItem</td>
<td></td>
<td>0</td>
<td>fotf_Testcase.AboutusPage_PageEditor_OneItem@4cb2c100</td></tr>
<tr>
<td title='fotf_Testcase.AboutusPage_ContentEditor_OneItem.AboutUs_ImageOnRight()'><b>AboutUs_ImageOnRight</b><br>Test class: fotf_Testcase.AboutusPage_ContentEditor_OneItem</td>
<td></td>
<td>0</td>
<td>fotf_Testcase.AboutusPage_ContentEditor_OneItem@79698539</td></tr>
<tr>
<td title='fotf_Testcase.AboutusPage_PageEditor_OneItem.AboutUs_ImageOnRight()'><b>AboutUs_ImageOnRight</b><br>Test class: fotf_Testcase.AboutusPage_PageEditor_OneItem</td>
<td></td>
<td>0</td>
<td>fotf_Testcase.AboutusPage_PageEditor_OneItem@4cb2c100</td></tr>
<tr>
<td title='fotf_Testcase.AboutusPage_ContentEditor_OneItem.AboutUs_LeftAlignedImageListItems()'><b>AboutUs_LeftAlignedImageListItems</b><br>Test class: fotf_Testcase.AboutusPage_ContentEditor_OneItem</td>
<td></td>
<td>0</td>
<td>fotf_Testcase.AboutusPage_ContentEditor_OneItem@79698539</td></tr>
<tr>
<td title='fotf_Testcase.AboutusPage_PageEditor_OneItem.AboutUs_LeftAlignedImageListItems()'><b>AboutUs_LeftAlignedImageListItems</b><br>Test class: fotf_Testcase.AboutusPage_PageEditor_OneItem</td>
<td></td>
<td>0</td>
<td>fotf_Testcase.AboutusPage_PageEditor_OneItem@4cb2c100</td></tr>
<tr>
<td title='fotf_Testcase.AboutusPage_PageEditor_Article.AboutUs_MergeArticleAndArticle()'><b>AboutUs_MergeArticleAndArticle</b><br>Test class: fotf_Testcase.AboutusPage_PageEditor_Article</td>
<td></td>
<td>0</td>
<td>fotf_Testcase.AboutusPage_PageEditor_Article@3567135c</td></tr>
<tr>
<td title='fotf_Testcase.AboutusPage_ContentEditor_PageComponentHeader.AboutUs_PageComponentHeader()'><b>AboutUs_PageComponentHeader</b><br>Test class: fotf_Testcase.AboutusPage_ContentEditor_PageComponentHeader</td>
<td></td>
<td>0</td>
<td>fotf_Testcase.AboutusPage_ContentEditor_PageComponentHeader@60addb54</td></tr>
<tr>
<td title='fotf_Testcase.AboutusPage_PageEditor_PageComponentHeader.AboutUs_PageComponentHeader()'><b>AboutUs_PageComponentHeader</b><br>Test class: fotf_Testcase.AboutusPage_PageEditor_PageComponentHeader</td>
<td></td>
<td>0</td>
<td>fotf_Testcase.AboutusPage_PageEditor_PageComponentHeader@90f6bfd</td></tr>
<tr>
<td title='fotf_Testcase.AboutusPage_ContentEditor_OneItem.AboutUs_RightAlignedImageListItems()'><b>AboutUs_RightAlignedImageListItems</b><br>Test class: fotf_Testcase.AboutusPage_ContentEditor_OneItem</td>
<td></td>
<td>0</td>
<td>fotf_Testcase.AboutusPage_ContentEditor_OneItem@79698539</td></tr>
<tr>
<td title='fotf_Testcase.AboutusPage_PageEditor_OneItem.AboutUs_RightAlignedImageListItems()'><b>AboutUs_RightAlignedImageListItems</b><br>Test class: fotf_Testcase.AboutusPage_PageEditor_OneItem</td>
<td></td>
<td>0</td>
<td>fotf_Testcase.AboutusPage_PageEditor_OneItem@4cb2c100</td></tr>
<tr>
<td title='fotf_Testcase.AboutusPage_ContentEditor_Showhide.AboutUs_ShowHideBasic()'><b>AboutUs_ShowHideBasic</b><br>Test class: fotf_Testcase.AboutusPage_ContentEditor_Showhide</td>
<td></td>
<td>0</td>
<td>fotf_Testcase.AboutusPage_ContentEditor_Showhide@5d624da6</td></tr>
<tr>
<td title='fotf_Testcase.AboutusPage_PageEditor_Showhide.AboutUs_ShowHideBasic()'><b>AboutUs_ShowHideBasic</b><br>Test class: fotf_Testcase.AboutusPage_PageEditor_Showhide</td>
<td></td>
<td>0</td>
<td>fotf_Testcase.AboutusPage_PageEditor_Showhide@327471b5</td></tr>
<tr>
<td title='fotf_Testcase.AboutusPage_ContentEditor_Showhide.AboutUs_ShowHideBasicGroupByyear_Article()'><b>AboutUs_ShowHideBasicGroupByyear_Article</b><br>Test class: fotf_Testcase.AboutusPage_ContentEditor_Showhide</td>
<td></td>
<td>0</td>
<td>fotf_Testcase.AboutusPage_ContentEditor_Showhide@5d624da6</td></tr>
<tr>
<td title='fotf_Testcase.AboutusPage_PageEditor_Showhide.AboutUs_ShowHideBasicGroupByyear_Article()'><b>AboutUs_ShowHideBasicGroupByyear_Article</b><br>Test class: fotf_Testcase.AboutusPage_PageEditor_Showhide</td>
<td></td>
<td>0</td>
<td>fotf_Testcase.AboutusPage_PageEditor_Showhide@327471b5</td></tr>
<tr>
<td title='fotf_Testcase.AboutusPage_ContentEditor_Showhide.AboutUs_ShowHideImageLeft()'><b>AboutUs_ShowHideImageLeft</b><br>Test class: fotf_Testcase.AboutusPage_ContentEditor_Showhide</td>
<td></td>
<td>0</td>
<td>fotf_Testcase.AboutusPage_ContentEditor_Showhide@5d624da6</td></tr>
<tr>
<td title='fotf_Testcase.AboutusPage_PageEditor_Showhide.AboutUs_ShowHideImageLeft()'><b>AboutUs_ShowHideImageLeft</b><br>Test class: fotf_Testcase.AboutusPage_PageEditor_Showhide</td>
<td></td>
<td>0</td>
<td>fotf_Testcase.AboutusPage_PageEditor_Showhide@327471b5</td></tr>
<tr>
<td title='fotf_Testcase.AboutusPage_ContentEditor_SixItem.AboutUs_SixItemsSixColumns()'><b>AboutUs_SixItemsSixColumns</b><br>Test class: fotf_Testcase.AboutusPage_ContentEditor_SixItem</td>
<td></td>
<td>0</td>
<td>fotf_Testcase.AboutusPage_ContentEditor_SixItem@62043840</td></tr>
<tr>
<td title='fotf_Testcase.AboutusPage_PageEditor_SixItem.AboutUs_SixItemsSixColumns()'><b>AboutUs_SixItemsSixColumns</b><br>Test class: fotf_Testcase.AboutusPage_PageEditor_SixItem</td>
<td></td>
<td>0</td>
<td>fotf_Testcase.AboutusPage_PageEditor_SixItem@68837a77</td></tr>
<tr>
<td title='fotf_Testcase.AboutusPage_ContentEditor_SixItem.AboutUs_SixItemsSixColumnsWithText()'><b>AboutUs_SixItemsSixColumnsWithText</b><br>Test class: fotf_Testcase.AboutusPage_ContentEditor_SixItem</td>
<td></td>
<td>0</td>
<td>fotf_Testcase.AboutusPage_ContentEditor_SixItem@62043840</td></tr>
<tr>
<td title='fotf_Testcase.AboutusPage_PageEditor_SixItem.AboutUs_SixItemsSixColumnsWithText()'><b>AboutUs_SixItemsSixColumnsWithText</b><br>Test class: fotf_Testcase.AboutusPage_PageEditor_SixItem</td>
<td></td>
<td>0</td>
<td>fotf_Testcase.AboutusPage_PageEditor_SixItem@68837a77</td></tr>
<tr>
<td title='fotf_Testcase.AboutusPage_ContentEditor_SixItem.AboutUs_SixItemsThreeColumns()'><b>AboutUs_SixItemsThreeColumns</b><br>Test class: fotf_Testcase.AboutusPage_ContentEditor_SixItem</td>
<td></td>
<td>0</td>
<td>fotf_Testcase.AboutusPage_ContentEditor_SixItem@62043840</td></tr>
<tr>
<td title='fotf_Testcase.AboutusPage_PageEditor_SixItem.AboutUs_SixItemsThreeColumns()'><b>AboutUs_SixItemsThreeColumns</b><br>Test class: fotf_Testcase.AboutusPage_PageEditor_SixItem</td>
<td></td>
<td>0</td>
<td>fotf_Testcase.AboutusPage_PageEditor_SixItem@68837a77</td></tr>
<tr>
<td title='fotf_Testcase.AboutusPage_ContentEditor_SixItem.AboutUs_SixItemsTwoColumns()'><b>AboutUs_SixItemsTwoColumns</b><br>Test class: fotf_Testcase.AboutusPage_ContentEditor_SixItem</td>
<td></td>
<td>0</td>
<td>fotf_Testcase.AboutusPage_ContentEditor_SixItem@62043840</td></tr>
<tr>
<td title='fotf_Testcase.AboutusPage_PageEditor_SixItem.AboutUs_SixItemsTwoColumns()'><b>AboutUs_SixItemsTwoColumns</b><br>Test class: fotf_Testcase.AboutusPage_PageEditor_SixItem</td>
<td></td>
<td>0</td>
<td>fotf_Testcase.AboutusPage_PageEditor_SixItem@68837a77</td></tr>
<tr>
<td title='fotf_Testcase.AboutusPage_ContentEditor_ThreeItem.AboutUs_ThreeItemsStackedImageLeft()'><b>AboutUs_ThreeItemsStackedImageLeft</b><br>Test class: fotf_Testcase.AboutusPage_ContentEditor_ThreeItem</td>
<td></td>
<td>0</td>
<td>fotf_Testcase.AboutusPage_ContentEditor_ThreeItem@1324409e</td></tr>
<tr>
<td title='fotf_Testcase.AboutusPage_PageEditor_ThreeItem.AboutUs_ThreeItemsStackedImageLeft()'><b>AboutUs_ThreeItemsStackedImageLeft</b><br>Test class: fotf_Testcase.AboutusPage_PageEditor_ThreeItem</td>
<td></td>
<td>0</td>
<td>fotf_Testcase.AboutusPage_PageEditor_ThreeItem@614c5515</td></tr>
<tr>
<td title='fotf_Testcase.AboutusPage_ContentEditor_ThreeItem.AboutUs_ThreeItemsThreeColumns()'><b>AboutUs_ThreeItemsThreeColumns</b><br>Test class: fotf_Testcase.AboutusPage_ContentEditor_ThreeItem</td>
<td></td>
<td>0</td>
<td>fotf_Testcase.AboutusPage_ContentEditor_ThreeItem@1324409e</td></tr>
<tr>
<td title='fotf_Testcase.AboutusPage_PageEditor_ThreeItem.AboutUs_ThreeItemsThreeColumns()'><b>AboutUs_ThreeItemsThreeColumns</b><br>Test class: fotf_Testcase.AboutusPage_PageEditor_ThreeItem</td>
<td></td>
<td>0</td>
<td>fotf_Testcase.AboutusPage_PageEditor_ThreeItem@614c5515</td></tr>
<tr>
<td title='fotf_Testcase.AboutusPage_ContentEditor_ThreeItem.AboutUs_ThreeItemsThreeColumnsLinksOverlaid()'><b>AboutUs_ThreeItemsThreeColumnsLinksOverlaid</b><br>Test class: fotf_Testcase.AboutusPage_ContentEditor_ThreeItem</td>
<td></td>
<td>0</td>
<td>fotf_Testcase.AboutusPage_ContentEditor_ThreeItem@1324409e</td></tr>
<tr>
<td title='fotf_Testcase.AboutusPage_PageEditor_ThreeItem.AboutUs_ThreeItemsThreeColumnsLinksOverlaid()'><b>AboutUs_ThreeItemsThreeColumnsLinksOverlaid</b><br>Test class: fotf_Testcase.AboutusPage_PageEditor_ThreeItem</td>
<td></td>
<td>0</td>
<td>fotf_Testcase.AboutusPage_PageEditor_ThreeItem@614c5515</td></tr>
<tr>
<td title='fotf_Testcase.AboutusPage_ContentEditor_Timeline.AboutUs_TimeLine()'><b>AboutUs_TimeLine</b><br>Test class: fotf_Testcase.AboutusPage_ContentEditor_Timeline</td>
<td></td>
<td>0</td>
<td>fotf_Testcase.AboutusPage_ContentEditor_Timeline@1e67b872</td></tr>
<tr>
<td title='fotf_Testcase.AboutusPage_PageEditor_Timeline.AboutUs_TimeLine()'><b>AboutUs_TimeLine</b><br>Test class: fotf_Testcase.AboutusPage_PageEditor_Timeline</td>
<td></td>
<td>0</td>
<td>fotf_Testcase.AboutusPage_PageEditor_Timeline@4157f54e</td></tr>
<tr>
<td title='fotf_Testcase.AboutusPage_ContentEditor_TwoItem.AboutUs_TwoItemsSideBySide()'><b>AboutUs_TwoItemsSideBySide</b><br>Test class: fotf_Testcase.AboutusPage_ContentEditor_TwoItem</td>
<td></td>
<td>0</td>
<td>fotf_Testcase.AboutusPage_ContentEditor_TwoItem@180bc464</td></tr>
<tr>
<td title='fotf_Testcase.AboutusPage_PageEditor_TwoItem.AboutUs_TwoItemsSideBySide()'><b>AboutUs_TwoItemsSideBySide</b><br>Test class: fotf_Testcase.AboutusPage_PageEditor_TwoItem</td>
<td></td>
<td>0</td>
<td>fotf_Testcase.AboutusPage_PageEditor_TwoItem@6fb554cc</td></tr>
<tr>
<td title='fotf_Testcase.AboutusPage_ContentEditor_TwoItem.AboutUs_TwoItemsSideBySideCentered()'><b>AboutUs_TwoItemsSideBySideCentered</b><br>Test class: fotf_Testcase.AboutusPage_ContentEditor_TwoItem</td>
<td></td>
<td>0</td>
<td>fotf_Testcase.AboutusPage_ContentEditor_TwoItem@180bc464</td></tr>
<tr>
<td title='fotf_Testcase.AboutusPage_PageEditor_TwoItem.AboutUs_TwoItemsSideBySideCentered()'><b>AboutUs_TwoItemsSideBySideCentered</b><br>Test class: fotf_Testcase.AboutusPage_PageEditor_TwoItem</td>
<td></td>
<td>0</td>
<td>fotf_Testcase.AboutusPage_PageEditor_TwoItem@6fb554cc</td></tr>
<tr>
<td title='fotf_Testcase.AboutusPage_ContentEditor_CustomInitiative.Initiative_LeftHeroImage()'><b>Initiative_LeftHeroImage</b><br>Test class: fotf_Testcase.AboutusPage_ContentEditor_CustomInitiative</td>
<td></td>
<td>0</td>
<td>fotf_Testcase.AboutusPage_ContentEditor_CustomInitiative@3f2a3a5</td></tr>
<tr>
<td title='fotf_Testcase.AboutusPage_PageEditor_CustomInitiative.Initiative_LeftHeroImage()'><b>Initiative_LeftHeroImage</b><br>Test class: fotf_Testcase.AboutusPage_PageEditor_CustomInitiative</td>
<td></td>
<td>0</td>
<td>fotf_Testcase.AboutusPage_PageEditor_CustomInitiative@47f6473</td></tr>
<tr>
<td title='fotf_Testcase.AboutusPage_ContentEditor_CustomInitiative.Initiative_LeftHeroVideo()'><b>Initiative_LeftHeroVideo</b><br>Test class: fotf_Testcase.AboutusPage_ContentEditor_CustomInitiative</td>
<td></td>
<td>0</td>
<td>fotf_Testcase.AboutusPage_ContentEditor_CustomInitiative@3f2a3a5</td></tr>
<tr>
<td title='fotf_Testcase.AboutusPage_PageEditor_CustomInitiative.Initiative_LeftHeroVideo()'><b>Initiative_LeftHeroVideo</b><br>Test class: fotf_Testcase.AboutusPage_PageEditor_CustomInitiative</td>
<td></td>
<td>0</td>
<td>fotf_Testcase.AboutusPage_PageEditor_CustomInitiative@47f6473</td></tr>
<tr>
<td title='fotf_Testcase.AboutusPage_ContentEditor_CustomInitiative.Initiative_RightHeroImage()'><b>Initiative_RightHeroImage</b><br>Test class: fotf_Testcase.AboutusPage_ContentEditor_CustomInitiative</td>
<td></td>
<td>0</td>
<td>fotf_Testcase.AboutusPage_ContentEditor_CustomInitiative@3f2a3a5</td></tr>
<tr>
<td title='fotf_Testcase.AboutusPage_PageEditor_CustomInitiative.Initiative_RightHeroImage()'><b>Initiative_RightHeroImage</b><br>Test class: fotf_Testcase.AboutusPage_PageEditor_CustomInitiative</td>
<td></td>
<td>0</td>
<td>fotf_Testcase.AboutusPage_PageEditor_CustomInitiative@47f6473</td></tr>
<tr>
<td title='fotf_Testcase.AboutusPage_ContentEditor_CustomInitiative.Initiative_RightHeroVideo()'><b>Initiative_RightHeroVideo</b><br>Test class: fotf_Testcase.AboutusPage_ContentEditor_CustomInitiative</td>
<td></td>
<td>0</td>
<td>fotf_Testcase.AboutusPage_ContentEditor_CustomInitiative@3f2a3a5</td></tr>
<tr>
<td title='fotf_Testcase.AboutusPage_PageEditor_CustomInitiative.Initiative_RightHeroVideo()'><b>Initiative_RightHeroVideo</b><br>Test class: fotf_Testcase.AboutusPage_PageEditor_CustomInitiative</td>
<td></td>
<td>0</td>
<td>fotf_Testcase.AboutusPage_PageEditor_CustomInitiative@47f6473</td></tr>
</table><p>
</body>
</html>