<?xml version="1.0" encoding="UTF-8"?>
<testng-results skipped="81" failed="0" total="81" passed="0">
  <reporter-output>
  </reporter-output>
  <suite name="SeleniumJavaFramework" duration-ms="39767" started-at="2016-06-14T08:14:31Z" finished-at="2016-06-14T08:15:10Z">
    <groups>
    </groups>
    <test name="Firefox" duration-ms="39767" started-at="2016-06-14T08:14:31Z" finished-at="2016-06-14T08:15:10Z">
      <class name="fotf_Testcase.AboutusPage_ContentEditor_CustomInitiative">
        <test-method status="FAIL" signature="LoginSitecore()[pri:0, instance:fotf_Testcase.AboutusPage_ContentEditor_CustomInitiative@3f2a3a5]" name="LoginSitecore" is-config="true" duration-ms="0" started-at="2016-06-14T13:44:57Z" finished-at="2016-06-14T13:44:57Z">
          <exception class="org.openqa.selenium.remote.UnreachableBrowserException">
            <message>
              <![CDATA[Error communicating with the remote browser. It may have died.
Build info: version: '2.53.0', revision: '35ae25b', time: '2016-03-15 16:57:40'
System info: host: 'Arun-pc', ip: '192.2.200.122', os.name: 'Windows 7', os.arch: 'amd64', os.version: '6.1', java.version: '1.8.0_91'
Driver info: driver.version: RemoteWebDriver
Capabilities [{applicationCacheEnabled=true, rotatable=false, handlesAlerts=true, databaseEnabled=true, version=46.0.1, platform=WINDOWS, nativeEvents=false, acceptSslCerts=true, webStorageEnabled=true, locationContextEnabled=true, browserName=firefox, takesScreenshot=true, javascriptEnabled=true, cssSelectorsEnabled=true}]
Session ID: a92a59a9-3086-4464-baae-962f830c23d1]]>
            </message>
            <full-stacktrace>
              <![CDATA[org.openqa.selenium.remote.UnreachableBrowserException: Error communicating with the remote browser. It may have died.
Build info: version: '2.53.0', revision: '35ae25b', time: '2016-03-15 16:57:40'
System info: host: 'Arun-pc', ip: '192.2.200.122', os.name: 'Windows 7', os.arch: 'amd64', os.version: '6.1', java.version: '1.8.0_91'
Driver info: driver.version: RemoteWebDriver
Capabilities [{applicationCacheEnabled=true, rotatable=false, handlesAlerts=true, databaseEnabled=true, version=46.0.1, platform=WINDOWS, nativeEvents=false, acceptSslCerts=true, webStorageEnabled=true, locationContextEnabled=true, browserName=firefox, takesScreenshot=true, javascriptEnabled=true, cssSelectorsEnabled=true}]
Session ID: a92a59a9-3086-4464-baae-962f830c23d1
	at org.openqa.selenium.remote.RemoteWebDriver.execute(RemoteWebDriver.java:665)
	at org.openqa.selenium.remote.RemoteWebDriver.get(RemoteWebDriver.java:316)
	at fotf_Testcase.AboutusPage_ContentEditor_CustomInitiative.LoginSitecore(AboutusPage_ContentEditor_CustomInitiative.java:27)
	at sun.reflect.NativeMethodAccessorImpl.invoke0(Native Method)
	at sun.reflect.NativeMethodAccessorImpl.invoke(Unknown Source)
	at sun.reflect.DelegatingMethodAccessorImpl.invoke(Unknown Source)
	at java.lang.reflect.Method.invoke(Unknown Source)
	at org.testng.internal.MethodInvocationHelper.invokeMethod(MethodInvocationHelper.java:85)
	at org.testng.internal.Invoker.invokeConfigurationMethod(Invoker.java:510)
	at org.testng.internal.Invoker.invokeConfigurations(Invoker.java:211)
	at org.testng.internal.Invoker.invokeMethod(Invoker.java:585)
	at org.testng.internal.Invoker.invokeTestMethod(Invoker.java:821)
	at org.testng.internal.Invoker.invokeTestMethods(Invoker.java:1131)
	at org.testng.internal.TestMethodWorker.invokeTestMethods(TestMethodWorker.java:124)
	at org.testng.internal.TestMethodWorker.run(TestMethodWorker.java:108)
	at org.testng.TestRunner.privateRun(TestRunner.java:773)
	at org.testng.TestRunner.run(TestRunner.java:623)
	at org.testng.SuiteRunner.runTest(SuiteRunner.java:357)
	at org.testng.SuiteRunner.runSequentially(SuiteRunner.java:352)
	at org.testng.SuiteRunner.privateRun(SuiteRunner.java:310)
	at org.testng.SuiteRunner.run(SuiteRunner.java:259)
	at org.testng.SuiteRunnerWorker.runSuite(SuiteRunnerWorker.java:52)
	at org.testng.SuiteRunnerWorker.run(SuiteRunnerWorker.java:86)
	at org.testng.TestNG.runSuitesSequentially(TestNG.java:1185)
	at org.testng.TestNG.runSuitesLocally(TestNG.java:1110)
	at org.testng.TestNG.run(TestNG.java:1018)
	at org.testng.TestNG.privateMain(TestNG.java:1325)
	at org.testng.TestNG.main(TestNG.java:1294)
Caused by: org.apache.http.conn.HttpHostConnectException: Connect to 127.0.0.1:7055 [/127.0.0.1] failed: Connection refused: connect
	at org.apache.http.impl.conn.DefaultHttpClientConnectionOperator.connect(DefaultHttpClientConnectionOperator.java:151)
	at org.apache.http.impl.conn.PoolingHttpClientConnectionManager.connect(PoolingHttpClientConnectionManager.java:353)
	at org.apache.http.impl.execchain.MainClientExec.establishRoute(MainClientExec.java:380)
	at org.apache.http.impl.execchain.MainClientExec.execute(MainClientExec.java:236)
	at org.apache.http.impl.execchain.ProtocolExec.execute(ProtocolExec.java:184)
	at org.apache.http.impl.execchain.RetryExec.execute(RetryExec.java:88)
	at org.apache.http.impl.execchain.RedirectExec.execute(RedirectExec.java:110)
	at org.apache.http.impl.client.InternalHttpClient.doExecute(InternalHttpClient.java:184)
	at org.apache.http.impl.client.CloseableHttpClient.execute(CloseableHttpClient.java:71)
	at org.apache.http.impl.client.CloseableHttpClient.execute(CloseableHttpClient.java:55)
	at org.openqa.selenium.remote.internal.ApacheHttpClient.fallBackExecute(ApacheHttpClient.java:144)
	at org.openqa.selenium.remote.internal.ApacheHttpClient.execute(ApacheHttpClient.java:90)
	at org.openqa.selenium.remote.HttpCommandExecutor.execute(HttpCommandExecutor.java:142)
	at org.openqa.selenium.firefox.internal.NewProfileExtensionConnection.execute(NewProfileExtensionConnection.java:160)
	at org.openqa.selenium.firefox.FirefoxDriver$LazyCommandExecutor.execute(FirefoxDriver.java:380)
	at org.openqa.selenium.remote.RemoteWebDriver.execute(RemoteWebDriver.java:644)
	... 27 more
Caused by: java.net.ConnectException: Connection refused: connect
	at java.net.DualStackPlainSocketImpl.waitForConnect(Native Method)
	at java.net.DualStackPlainSocketImpl.socketConnect(Unknown Source)
	at java.net.AbstractPlainSocketImpl.doConnect(Unknown Source)
	at java.net.AbstractPlainSocketImpl.connectToAddress(Unknown Source)
	at java.net.AbstractPlainSocketImpl.connect(Unknown Source)
	at java.net.PlainSocketImpl.connect(Unknown Source)
	at java.net.SocksSocketImpl.connect(Unknown Source)
	at java.net.Socket.connect(Unknown Source)
	at org.apache.http.conn.socket.PlainConnectionSocketFactory.connectSocket(PlainConnectionSocketFactory.java:74)
	at org.apache.http.impl.conn.DefaultHttpClientConnectionOperator.connect(DefaultHttpClientConnectionOperator.java:134)
	... 42 more
]]>
            </full-stacktrace>
          </exception> <!-- org.openqa.selenium.remote.UnreachableBrowserException -->
          <reporter-output>
          </reporter-output>
        </test-method> <!-- LoginSitecore -->
        <test-method status="SKIP" signature="LogoutSitecore()[pri:0, instance:fotf_Testcase.AboutusPage_ContentEditor_CustomInitiative@3f2a3a5]" name="LogoutSitecore" is-config="true" duration-ms="0" started-at="2016-06-14T13:44:58Z" finished-at="2016-06-14T13:44:58Z">
          <reporter-output>
          </reporter-output>
        </test-method> <!-- LogoutSitecore -->
        <test-method status="SKIP" signature="LoginSitecore()[pri:0, instance:fotf_Testcase.AboutusPage_ContentEditor_CustomInitiative@3f2a3a5]" name="LoginSitecore" is-config="true" duration-ms="0" started-at="2016-06-14T13:44:58Z" finished-at="2016-06-14T13:44:58Z">
          <reporter-output>
          </reporter-output>
        </test-method> <!-- LoginSitecore -->
        <test-method status="SKIP" signature="Initiative_LeftHeroImage()[pri:0, instance:fotf_Testcase.AboutusPage_ContentEditor_CustomInitiative@3f2a3a5]" name="Initiative_LeftHeroImage" duration-ms="0" started-at="2016-06-14T13:44:58Z" finished-at="2016-06-14T13:44:58Z">
          <reporter-output>
          </reporter-output>
        </test-method> <!-- Initiative_LeftHeroImage -->
        <test-method status="SKIP" signature="Initiative_RightHeroImage()[pri:0, instance:fotf_Testcase.AboutusPage_ContentEditor_CustomInitiative@3f2a3a5]" name="Initiative_RightHeroImage" duration-ms="0" started-at="2016-06-14T13:44:58Z" finished-at="2016-06-14T13:44:58Z">
          <reporter-output>
          </reporter-output>
        </test-method> <!-- Initiative_RightHeroImage -->
        <test-method status="SKIP" signature="LogoutSitecore()[pri:0, instance:fotf_Testcase.AboutusPage_ContentEditor_CustomInitiative@3f2a3a5]" name="LogoutSitecore" is-config="true" duration-ms="0" started-at="2016-06-14T13:44:58Z" finished-at="2016-06-14T13:44:58Z">
          <reporter-output>
          </reporter-output>
        </test-method> <!-- LogoutSitecore -->
        <test-method status="SKIP" signature="Initiative_RightHeroVideo()[pri:0, instance:fotf_Testcase.AboutusPage_ContentEditor_CustomInitiative@3f2a3a5]" name="Initiative_RightHeroVideo" duration-ms="0" started-at="2016-06-14T13:44:58Z" finished-at="2016-06-14T13:44:58Z">
          <reporter-output>
          </reporter-output>
        </test-method> <!-- Initiative_RightHeroVideo -->
        <test-method status="SKIP" signature="LoginSitecore()[pri:0, instance:fotf_Testcase.AboutusPage_ContentEditor_CustomInitiative@3f2a3a5]" name="LoginSitecore" is-config="true" duration-ms="0" started-at="2016-06-14T13:44:58Z" finished-at="2016-06-14T13:44:58Z">
          <reporter-output>
          </reporter-output>
        </test-method> <!-- LoginSitecore -->
        <test-method status="SKIP" signature="Initiative_LeftHeroVideo()[pri:0, instance:fotf_Testcase.AboutusPage_ContentEditor_CustomInitiative@3f2a3a5]" name="Initiative_LeftHeroVideo" duration-ms="0" started-at="2016-06-14T13:44:58Z" finished-at="2016-06-14T13:44:58Z">
          <reporter-output>
          </reporter-output>
        </test-method> <!-- Initiative_LeftHeroVideo -->
        <test-method status="SKIP" signature="LogoutSitecore()[pri:0, instance:fotf_Testcase.AboutusPage_ContentEditor_CustomInitiative@3f2a3a5]" name="LogoutSitecore" is-config="true" duration-ms="0" started-at="2016-06-14T13:44:58Z" finished-at="2016-06-14T13:44:58Z">
          <reporter-output>
          </reporter-output>
        </test-method> <!-- LogoutSitecore -->
        <test-method status="SKIP" signature="LogoutSitecore()[pri:0, instance:fotf_Testcase.AboutusPage_ContentEditor_CustomInitiative@3f2a3a5]" name="LogoutSitecore" is-config="true" duration-ms="0" started-at="2016-06-14T13:44:58Z" finished-at="2016-06-14T13:44:58Z">
          <reporter-output>
          </reporter-output>
        </test-method> <!-- LogoutSitecore -->
        <test-method status="SKIP" signature="LoginSitecore()[pri:0, instance:fotf_Testcase.AboutusPage_ContentEditor_CustomInitiative@3f2a3a5]" name="LoginSitecore" is-config="true" duration-ms="0" started-at="2016-06-14T13:44:58Z" finished-at="2016-06-14T13:44:58Z">
          <reporter-output>
          </reporter-output>
        </test-method> <!-- LoginSitecore -->
      </class> <!-- fotf_Testcase.AboutusPage_ContentEditor_CustomInitiative -->
      <class name="fotf_Testcase.AboutusPage_PageEditor_ThreeItem">
        <test-method status="FAIL" signature="LoginSitecore()[pri:0, instance:fotf_Testcase.AboutusPage_PageEditor_ThreeItem@614c5515]" name="LoginSitecore" is-config="true" duration-ms="0" started-at="2016-06-14T13:45:00Z" finished-at="2016-06-14T13:45:00Z">
          <exception class="org.openqa.selenium.remote.UnreachableBrowserException">
            <message>
              <![CDATA[Error communicating with the remote browser. It may have died.
Build info: version: '2.53.0', revision: '35ae25b', time: '2016-03-15 16:57:40'
System info: host: 'Arun-pc', ip: '192.2.200.122', os.name: 'Windows 7', os.arch: 'amd64', os.version: '6.1', java.version: '1.8.0_91'
Driver info: driver.version: RemoteWebDriver
Capabilities [{applicationCacheEnabled=true, rotatable=false, handlesAlerts=true, databaseEnabled=true, version=46.0.1, platform=WINDOWS, nativeEvents=false, acceptSslCerts=true, webStorageEnabled=true, locationContextEnabled=true, browserName=firefox, takesScreenshot=true, javascriptEnabled=true, cssSelectorsEnabled=true}]
Session ID: a92a59a9-3086-4464-baae-962f830c23d1]]>
            </message>
            <full-stacktrace>
              <![CDATA[org.openqa.selenium.remote.UnreachableBrowserException: Error communicating with the remote browser. It may have died.
Build info: version: '2.53.0', revision: '35ae25b', time: '2016-03-15 16:57:40'
System info: host: 'Arun-pc', ip: '192.2.200.122', os.name: 'Windows 7', os.arch: 'amd64', os.version: '6.1', java.version: '1.8.0_91'
Driver info: driver.version: RemoteWebDriver
Capabilities [{applicationCacheEnabled=true, rotatable=false, handlesAlerts=true, databaseEnabled=true, version=46.0.1, platform=WINDOWS, nativeEvents=false, acceptSslCerts=true, webStorageEnabled=true, locationContextEnabled=true, browserName=firefox, takesScreenshot=true, javascriptEnabled=true, cssSelectorsEnabled=true}]
Session ID: a92a59a9-3086-4464-baae-962f830c23d1
	at org.openqa.selenium.remote.RemoteWebDriver.execute(RemoteWebDriver.java:665)
	at org.openqa.selenium.remote.RemoteWebDriver.get(RemoteWebDriver.java:316)
	at fotf_Testcase.AboutusPage_PageEditor_ThreeItem.LoginSitecore(AboutusPage_PageEditor_ThreeItem.java:21)
	at sun.reflect.NativeMethodAccessorImpl.invoke0(Native Method)
	at sun.reflect.NativeMethodAccessorImpl.invoke(Unknown Source)
	at sun.reflect.DelegatingMethodAccessorImpl.invoke(Unknown Source)
	at java.lang.reflect.Method.invoke(Unknown Source)
	at org.testng.internal.MethodInvocationHelper.invokeMethod(MethodInvocationHelper.java:85)
	at org.testng.internal.Invoker.invokeConfigurationMethod(Invoker.java:510)
	at org.testng.internal.Invoker.invokeConfigurations(Invoker.java:211)
	at org.testng.internal.Invoker.invokeMethod(Invoker.java:585)
	at org.testng.internal.Invoker.invokeTestMethod(Invoker.java:821)
	at org.testng.internal.Invoker.invokeTestMethods(Invoker.java:1131)
	at org.testng.internal.TestMethodWorker.invokeTestMethods(TestMethodWorker.java:124)
	at org.testng.internal.TestMethodWorker.run(TestMethodWorker.java:108)
	at org.testng.TestRunner.privateRun(TestRunner.java:773)
	at org.testng.TestRunner.run(TestRunner.java:623)
	at org.testng.SuiteRunner.runTest(SuiteRunner.java:357)
	at org.testng.SuiteRunner.runSequentially(SuiteRunner.java:352)
	at org.testng.SuiteRunner.privateRun(SuiteRunner.java:310)
	at org.testng.SuiteRunner.run(SuiteRunner.java:259)
	at org.testng.SuiteRunnerWorker.runSuite(SuiteRunnerWorker.java:52)
	at org.testng.SuiteRunnerWorker.run(SuiteRunnerWorker.java:86)
	at org.testng.TestNG.runSuitesSequentially(TestNG.java:1185)
	at org.testng.TestNG.runSuitesLocally(TestNG.java:1110)
	at org.testng.TestNG.run(TestNG.java:1018)
	at org.testng.TestNG.privateMain(TestNG.java:1325)
	at org.testng.TestNG.main(TestNG.java:1294)
Caused by: org.apache.http.conn.HttpHostConnectException: Connect to 127.0.0.1:7055 [/127.0.0.1] failed: Connection refused: connect
	at org.apache.http.impl.conn.DefaultHttpClientConnectionOperator.connect(DefaultHttpClientConnectionOperator.java:151)
	at org.apache.http.impl.conn.PoolingHttpClientConnectionManager.connect(PoolingHttpClientConnectionManager.java:353)
	at org.apache.http.impl.execchain.MainClientExec.establishRoute(MainClientExec.java:380)
	at org.apache.http.impl.execchain.MainClientExec.execute(MainClientExec.java:236)
	at org.apache.http.impl.execchain.ProtocolExec.execute(ProtocolExec.java:184)
	at org.apache.http.impl.execchain.RetryExec.execute(RetryExec.java:88)
	at org.apache.http.impl.execchain.RedirectExec.execute(RedirectExec.java:110)
	at org.apache.http.impl.client.InternalHttpClient.doExecute(InternalHttpClient.java:184)
	at org.apache.http.impl.client.CloseableHttpClient.execute(CloseableHttpClient.java:71)
	at org.apache.http.impl.client.CloseableHttpClient.execute(CloseableHttpClient.java:55)
	at org.openqa.selenium.remote.internal.ApacheHttpClient.fallBackExecute(ApacheHttpClient.java:144)
	at org.openqa.selenium.remote.internal.ApacheHttpClient.execute(ApacheHttpClient.java:90)
	at org.openqa.selenium.remote.HttpCommandExecutor.execute(HttpCommandExecutor.java:142)
	at org.openqa.selenium.firefox.internal.NewProfileExtensionConnection.execute(NewProfileExtensionConnection.java:160)
	at org.openqa.selenium.firefox.FirefoxDriver$LazyCommandExecutor.execute(FirefoxDriver.java:380)
	at org.openqa.selenium.remote.RemoteWebDriver.execute(RemoteWebDriver.java:644)
	... 27 more
Caused by: java.net.ConnectException: Connection refused: connect
	at java.net.DualStackPlainSocketImpl.waitForConnect(Native Method)
	at java.net.DualStackPlainSocketImpl.socketConnect(Unknown Source)
	at java.net.AbstractPlainSocketImpl.doConnect(Unknown Source)
	at java.net.AbstractPlainSocketImpl.connectToAddress(Unknown Source)
	at java.net.AbstractPlainSocketImpl.connect(Unknown Source)
	at java.net.PlainSocketImpl.connect(Unknown Source)
	at java.net.SocksSocketImpl.connect(Unknown Source)
	at java.net.Socket.connect(Unknown Source)
	at org.apache.http.conn.socket.PlainConnectionSocketFactory.connectSocket(PlainConnectionSocketFactory.java:74)
	at org.apache.http.impl.conn.DefaultHttpClientConnectionOperator.connect(DefaultHttpClientConnectionOperator.java:134)
	... 42 more
]]>
            </full-stacktrace>
          </exception> <!-- org.openqa.selenium.remote.UnreachableBrowserException -->
          <reporter-output>
          </reporter-output>
        </test-method> <!-- LoginSitecore -->
        <test-method status="SKIP" signature="AboutUs_ThreeItemsThreeColumns()[pri:0, instance:fotf_Testcase.AboutusPage_PageEditor_ThreeItem@614c5515]" name="AboutUs_ThreeItemsThreeColumns" duration-ms="1" started-at="2016-06-14T13:45:01Z" finished-at="2016-06-14T13:45:01Z">
          <reporter-output>
          </reporter-output>
        </test-method> <!-- AboutUs_ThreeItemsThreeColumns -->
        <test-method status="SKIP" signature="AboutUs_ThreeItemsThreeColumnsLinksOverlaid()[pri:0, instance:fotf_Testcase.AboutusPage_PageEditor_ThreeItem@614c5515]" name="AboutUs_ThreeItemsThreeColumnsLinksOverlaid" duration-ms="0" started-at="2016-06-14T13:45:01Z" finished-at="2016-06-14T13:45:01Z">
          <reporter-output>
          </reporter-output>
        </test-method> <!-- AboutUs_ThreeItemsThreeColumnsLinksOverlaid -->
        <test-method status="SKIP" signature="LogoutSitecore()[pri:0, instance:fotf_Testcase.AboutusPage_PageEditor_ThreeItem@614c5515]" name="LogoutSitecore" is-config="true" duration-ms="0" started-at="2016-06-14T13:45:01Z" finished-at="2016-06-14T13:45:01Z">
          <reporter-output>
          </reporter-output>
        </test-method> <!-- LogoutSitecore -->
        <test-method status="SKIP" signature="AboutUs_ThreeItemsStackedImageLeft()[pri:0, instance:fotf_Testcase.AboutusPage_PageEditor_ThreeItem@614c5515]" name="AboutUs_ThreeItemsStackedImageLeft" duration-ms="0" started-at="2016-06-14T13:45:01Z" finished-at="2016-06-14T13:45:01Z">
          <reporter-output>
          </reporter-output>
        </test-method> <!-- AboutUs_ThreeItemsStackedImageLeft -->
        <test-method status="SKIP" signature="LoginSitecore()[pri:0, instance:fotf_Testcase.AboutusPage_PageEditor_ThreeItem@614c5515]" name="LoginSitecore" is-config="true" duration-ms="0" started-at="2016-06-14T13:45:01Z" finished-at="2016-06-14T13:45:01Z">
          <reporter-output>
          </reporter-output>
        </test-method> <!-- LoginSitecore -->
        <test-method status="SKIP" signature="LoginSitecore()[pri:0, instance:fotf_Testcase.AboutusPage_PageEditor_ThreeItem@614c5515]" name="LoginSitecore" is-config="true" duration-ms="0" started-at="2016-06-14T13:45:01Z" finished-at="2016-06-14T13:45:01Z">
          <reporter-output>
          </reporter-output>
        </test-method> <!-- LoginSitecore -->
        <test-method status="SKIP" signature="LogoutSitecore()[pri:0, instance:fotf_Testcase.AboutusPage_PageEditor_ThreeItem@614c5515]" name="LogoutSitecore" is-config="true" duration-ms="0" started-at="2016-06-14T13:45:01Z" finished-at="2016-06-14T13:45:01Z">
          <reporter-output>
          </reporter-output>
        </test-method> <!-- LogoutSitecore -->
        <test-method status="SKIP" signature="LogoutSitecore()[pri:0, instance:fotf_Testcase.AboutusPage_PageEditor_ThreeItem@614c5515]" name="LogoutSitecore" is-config="true" duration-ms="0" started-at="2016-06-14T13:45:01Z" finished-at="2016-06-14T13:45:01Z">
          <reporter-output>
          </reporter-output>
        </test-method> <!-- LogoutSitecore -->
      </class> <!-- fotf_Testcase.AboutusPage_PageEditor_ThreeItem -->
      <class name="fotf_Testcase.AboutusPage_PageEditor_Showhide">
        <test-method status="FAIL" signature="LoginSitecore()[pri:0, instance:fotf_Testcase.AboutusPage_PageEditor_Showhide@327471b5]" name="LoginSitecore" is-config="true" duration-ms="0" started-at="2016-06-14T13:45:06Z" finished-at="2016-06-14T13:45:06Z">
          <exception class="org.openqa.selenium.remote.UnreachableBrowserException">
            <message>
              <![CDATA[Error communicating with the remote browser. It may have died.
Build info: version: '2.53.0', revision: '35ae25b', time: '2016-03-15 16:57:40'
System info: host: 'Arun-pc', ip: '192.2.200.122', os.name: 'Windows 7', os.arch: 'amd64', os.version: '6.1', java.version: '1.8.0_91'
Driver info: driver.version: RemoteWebDriver
Capabilities [{applicationCacheEnabled=true, rotatable=false, handlesAlerts=true, databaseEnabled=true, version=46.0.1, platform=WINDOWS, nativeEvents=false, acceptSslCerts=true, webStorageEnabled=true, locationContextEnabled=true, browserName=firefox, takesScreenshot=true, javascriptEnabled=true, cssSelectorsEnabled=true}]
Session ID: a92a59a9-3086-4464-baae-962f830c23d1]]>
            </message>
            <full-stacktrace>
              <![CDATA[org.openqa.selenium.remote.UnreachableBrowserException: Error communicating with the remote browser. It may have died.
Build info: version: '2.53.0', revision: '35ae25b', time: '2016-03-15 16:57:40'
System info: host: 'Arun-pc', ip: '192.2.200.122', os.name: 'Windows 7', os.arch: 'amd64', os.version: '6.1', java.version: '1.8.0_91'
Driver info: driver.version: RemoteWebDriver
Capabilities [{applicationCacheEnabled=true, rotatable=false, handlesAlerts=true, databaseEnabled=true, version=46.0.1, platform=WINDOWS, nativeEvents=false, acceptSslCerts=true, webStorageEnabled=true, locationContextEnabled=true, browserName=firefox, takesScreenshot=true, javascriptEnabled=true, cssSelectorsEnabled=true}]
Session ID: a92a59a9-3086-4464-baae-962f830c23d1
	at org.openqa.selenium.remote.RemoteWebDriver.execute(RemoteWebDriver.java:665)
	at org.openqa.selenium.remote.RemoteWebDriver.get(RemoteWebDriver.java:316)
	at fotf_Testcase.AboutusPage_PageEditor_Showhide.LoginSitecore(AboutusPage_PageEditor_Showhide.java:21)
	at sun.reflect.NativeMethodAccessorImpl.invoke0(Native Method)
	at sun.reflect.NativeMethodAccessorImpl.invoke(Unknown Source)
	at sun.reflect.DelegatingMethodAccessorImpl.invoke(Unknown Source)
	at java.lang.reflect.Method.invoke(Unknown Source)
	at org.testng.internal.MethodInvocationHelper.invokeMethod(MethodInvocationHelper.java:85)
	at org.testng.internal.Invoker.invokeConfigurationMethod(Invoker.java:510)
	at org.testng.internal.Invoker.invokeConfigurations(Invoker.java:211)
	at org.testng.internal.Invoker.invokeMethod(Invoker.java:585)
	at org.testng.internal.Invoker.invokeTestMethod(Invoker.java:821)
	at org.testng.internal.Invoker.invokeTestMethods(Invoker.java:1131)
	at org.testng.internal.TestMethodWorker.invokeTestMethods(TestMethodWorker.java:124)
	at org.testng.internal.TestMethodWorker.run(TestMethodWorker.java:108)
	at org.testng.TestRunner.privateRun(TestRunner.java:773)
	at org.testng.TestRunner.run(TestRunner.java:623)
	at org.testng.SuiteRunner.runTest(SuiteRunner.java:357)
	at org.testng.SuiteRunner.runSequentially(SuiteRunner.java:352)
	at org.testng.SuiteRunner.privateRun(SuiteRunner.java:310)
	at org.testng.SuiteRunner.run(SuiteRunner.java:259)
	at org.testng.SuiteRunnerWorker.runSuite(SuiteRunnerWorker.java:52)
	at org.testng.SuiteRunnerWorker.run(SuiteRunnerWorker.java:86)
	at org.testng.TestNG.runSuitesSequentially(TestNG.java:1185)
	at org.testng.TestNG.runSuitesLocally(TestNG.java:1110)
	at org.testng.TestNG.run(TestNG.java:1018)
	at org.testng.TestNG.privateMain(TestNG.java:1325)
	at org.testng.TestNG.main(TestNG.java:1294)
Caused by: org.apache.http.conn.HttpHostConnectException: Connect to 127.0.0.1:7055 [/127.0.0.1] failed: Connection refused: connect
	at org.apache.http.impl.conn.DefaultHttpClientConnectionOperator.connect(DefaultHttpClientConnectionOperator.java:151)
	at org.apache.http.impl.conn.PoolingHttpClientConnectionManager.connect(PoolingHttpClientConnectionManager.java:353)
	at org.apache.http.impl.execchain.MainClientExec.establishRoute(MainClientExec.java:380)
	at org.apache.http.impl.execchain.MainClientExec.execute(MainClientExec.java:236)
	at org.apache.http.impl.execchain.ProtocolExec.execute(ProtocolExec.java:184)
	at org.apache.http.impl.execchain.RetryExec.execute(RetryExec.java:88)
	at org.apache.http.impl.execchain.RedirectExec.execute(RedirectExec.java:110)
	at org.apache.http.impl.client.InternalHttpClient.doExecute(InternalHttpClient.java:184)
	at org.apache.http.impl.client.CloseableHttpClient.execute(CloseableHttpClient.java:71)
	at org.apache.http.impl.client.CloseableHttpClient.execute(CloseableHttpClient.java:55)
	at org.openqa.selenium.remote.internal.ApacheHttpClient.fallBackExecute(ApacheHttpClient.java:144)
	at org.openqa.selenium.remote.internal.ApacheHttpClient.execute(ApacheHttpClient.java:90)
	at org.openqa.selenium.remote.HttpCommandExecutor.execute(HttpCommandExecutor.java:142)
	at org.openqa.selenium.firefox.internal.NewProfileExtensionConnection.execute(NewProfileExtensionConnection.java:160)
	at org.openqa.selenium.firefox.FirefoxDriver$LazyCommandExecutor.execute(FirefoxDriver.java:380)
	at org.openqa.selenium.remote.RemoteWebDriver.execute(RemoteWebDriver.java:644)
	... 27 more
Caused by: java.net.ConnectException: Connection refused: connect
	at java.net.DualStackPlainSocketImpl.waitForConnect(Native Method)
	at java.net.DualStackPlainSocketImpl.socketConnect(Unknown Source)
	at java.net.AbstractPlainSocketImpl.doConnect(Unknown Source)
	at java.net.AbstractPlainSocketImpl.connectToAddress(Unknown Source)
	at java.net.AbstractPlainSocketImpl.connect(Unknown Source)
	at java.net.PlainSocketImpl.connect(Unknown Source)
	at java.net.SocksSocketImpl.connect(Unknown Source)
	at java.net.Socket.connect(Unknown Source)
	at org.apache.http.conn.socket.PlainConnectionSocketFactory.connectSocket(PlainConnectionSocketFactory.java:74)
	at org.apache.http.impl.conn.DefaultHttpClientConnectionOperator.connect(DefaultHttpClientConnectionOperator.java:134)
	... 42 more
]]>
            </full-stacktrace>
          </exception> <!-- org.openqa.selenium.remote.UnreachableBrowserException -->
          <reporter-output>
          </reporter-output>
        </test-method> <!-- LoginSitecore -->
        <test-method status="SKIP" signature="AboutUs_ShowHideImageLeft()[pri:0, instance:fotf_Testcase.AboutusPage_PageEditor_Showhide@327471b5]" name="AboutUs_ShowHideImageLeft" duration-ms="0" started-at="2016-06-14T13:45:07Z" finished-at="2016-06-14T13:45:07Z">
          <reporter-output>
          </reporter-output>
        </test-method> <!-- AboutUs_ShowHideImageLeft -->
        <test-method status="SKIP" signature="LoginSitecore()[pri:0, instance:fotf_Testcase.AboutusPage_PageEditor_Showhide@327471b5]" name="LoginSitecore" is-config="true" duration-ms="0" started-at="2016-06-14T13:45:07Z" finished-at="2016-06-14T13:45:07Z">
          <reporter-output>
          </reporter-output>
        </test-method> <!-- LoginSitecore -->
        <test-method status="SKIP" signature="LogoutSitecore()[pri:0, instance:fotf_Testcase.AboutusPage_PageEditor_Showhide@327471b5]" name="LogoutSitecore" is-config="true" duration-ms="0" started-at="2016-06-14T13:45:07Z" finished-at="2016-06-14T13:45:07Z">
          <reporter-output>
          </reporter-output>
        </test-method> <!-- LogoutSitecore -->
        <test-method status="SKIP" signature="AboutUs_ShowHideBasic()[pri:0, instance:fotf_Testcase.AboutusPage_PageEditor_Showhide@327471b5]" name="AboutUs_ShowHideBasic" duration-ms="0" started-at="2016-06-14T13:45:07Z" finished-at="2016-06-14T13:45:07Z">
          <reporter-output>
          </reporter-output>
        </test-method> <!-- AboutUs_ShowHideBasic -->
        <test-method status="SKIP" signature="LogoutSitecore()[pri:0, instance:fotf_Testcase.AboutusPage_PageEditor_Showhide@327471b5]" name="LogoutSitecore" is-config="true" duration-ms="0" started-at="2016-06-14T13:45:07Z" finished-at="2016-06-14T13:45:07Z">
          <reporter-output>
          </reporter-output>
        </test-method> <!-- LogoutSitecore -->
        <test-method status="SKIP" signature="LogoutSitecore()[pri:0, instance:fotf_Testcase.AboutusPage_PageEditor_Showhide@327471b5]" name="LogoutSitecore" is-config="true" duration-ms="0" started-at="2016-06-14T13:45:07Z" finished-at="2016-06-14T13:45:07Z">
          <reporter-output>
          </reporter-output>
        </test-method> <!-- LogoutSitecore -->
        <test-method status="SKIP" signature="AboutUs_ShowHideBasicGroupByyear_Article()[pri:0, instance:fotf_Testcase.AboutusPage_PageEditor_Showhide@327471b5]" name="AboutUs_ShowHideBasicGroupByyear_Article" duration-ms="0" started-at="2016-06-14T13:45:07Z" finished-at="2016-06-14T13:45:07Z">
          <reporter-output>
          </reporter-output>
        </test-method> <!-- AboutUs_ShowHideBasicGroupByyear_Article -->
        <test-method status="SKIP" signature="LoginSitecore()[pri:0, instance:fotf_Testcase.AboutusPage_PageEditor_Showhide@327471b5]" name="LoginSitecore" is-config="true" duration-ms="0" started-at="2016-06-14T13:45:07Z" finished-at="2016-06-14T13:45:07Z">
          <reporter-output>
          </reporter-output>
        </test-method> <!-- LoginSitecore -->
      </class> <!-- fotf_Testcase.AboutusPage_PageEditor_Showhide -->
      <class name="fotf_Testcase.AboutusPage_ContentEditor_PageComponentHeader">
        <test-method status="FAIL" signature="LoginSitecore()[pri:0, instance:fotf_Testcase.AboutusPage_ContentEditor_PageComponentHeader@60addb54]" name="LoginSitecore" is-config="true" duration-ms="0" started-at="2016-06-14T13:44:56Z" finished-at="2016-06-14T13:44:56Z">
          <exception class="org.openqa.selenium.remote.UnreachableBrowserException">
            <message>
              <![CDATA[Error communicating with the remote browser. It may have died.
Build info: version: '2.53.0', revision: '35ae25b', time: '2016-03-15 16:57:40'
System info: host: 'Arun-pc', ip: '192.2.200.122', os.name: 'Windows 7', os.arch: 'amd64', os.version: '6.1', java.version: '1.8.0_91'
Driver info: driver.version: RemoteWebDriver
Capabilities [{applicationCacheEnabled=true, rotatable=false, handlesAlerts=true, databaseEnabled=true, version=46.0.1, platform=WINDOWS, nativeEvents=false, acceptSslCerts=true, webStorageEnabled=true, locationContextEnabled=true, browserName=firefox, takesScreenshot=true, javascriptEnabled=true, cssSelectorsEnabled=true}]
Session ID: a92a59a9-3086-4464-baae-962f830c23d1]]>
            </message>
            <full-stacktrace>
              <![CDATA[org.openqa.selenium.remote.UnreachableBrowserException: Error communicating with the remote browser. It may have died.
Build info: version: '2.53.0', revision: '35ae25b', time: '2016-03-15 16:57:40'
System info: host: 'Arun-pc', ip: '192.2.200.122', os.name: 'Windows 7', os.arch: 'amd64', os.version: '6.1', java.version: '1.8.0_91'
Driver info: driver.version: RemoteWebDriver
Capabilities [{applicationCacheEnabled=true, rotatable=false, handlesAlerts=true, databaseEnabled=true, version=46.0.1, platform=WINDOWS, nativeEvents=false, acceptSslCerts=true, webStorageEnabled=true, locationContextEnabled=true, browserName=firefox, takesScreenshot=true, javascriptEnabled=true, cssSelectorsEnabled=true}]
Session ID: a92a59a9-3086-4464-baae-962f830c23d1
	at org.openqa.selenium.remote.RemoteWebDriver.execute(RemoteWebDriver.java:665)
	at org.openqa.selenium.remote.RemoteWebDriver.get(RemoteWebDriver.java:316)
	at fotf_Testcase.AboutusPage_ContentEditor_PageComponentHeader.LoginSitecore(AboutusPage_ContentEditor_PageComponentHeader.java:25)
	at sun.reflect.NativeMethodAccessorImpl.invoke0(Native Method)
	at sun.reflect.NativeMethodAccessorImpl.invoke(Unknown Source)
	at sun.reflect.DelegatingMethodAccessorImpl.invoke(Unknown Source)
	at java.lang.reflect.Method.invoke(Unknown Source)
	at org.testng.internal.MethodInvocationHelper.invokeMethod(MethodInvocationHelper.java:85)
	at org.testng.internal.Invoker.invokeConfigurationMethod(Invoker.java:510)
	at org.testng.internal.Invoker.invokeConfigurations(Invoker.java:211)
	at org.testng.internal.Invoker.invokeMethod(Invoker.java:585)
	at org.testng.internal.Invoker.invokeTestMethod(Invoker.java:821)
	at org.testng.internal.Invoker.invokeTestMethods(Invoker.java:1131)
	at org.testng.internal.TestMethodWorker.invokeTestMethods(TestMethodWorker.java:124)
	at org.testng.internal.TestMethodWorker.run(TestMethodWorker.java:108)
	at org.testng.TestRunner.privateRun(TestRunner.java:773)
	at org.testng.TestRunner.run(TestRunner.java:623)
	at org.testng.SuiteRunner.runTest(SuiteRunner.java:357)
	at org.testng.SuiteRunner.runSequentially(SuiteRunner.java:352)
	at org.testng.SuiteRunner.privateRun(SuiteRunner.java:310)
	at org.testng.SuiteRunner.run(SuiteRunner.java:259)
	at org.testng.SuiteRunnerWorker.runSuite(SuiteRunnerWorker.java:52)
	at org.testng.SuiteRunnerWorker.run(SuiteRunnerWorker.java:86)
	at org.testng.TestNG.runSuitesSequentially(TestNG.java:1185)
	at org.testng.TestNG.runSuitesLocally(TestNG.java:1110)
	at org.testng.TestNG.run(TestNG.java:1018)
	at org.testng.TestNG.privateMain(TestNG.java:1325)
	at org.testng.TestNG.main(TestNG.java:1294)
Caused by: org.apache.http.conn.HttpHostConnectException: Connect to 127.0.0.1:7055 [/127.0.0.1] failed: Connection refused: connect
	at org.apache.http.impl.conn.DefaultHttpClientConnectionOperator.connect(DefaultHttpClientConnectionOperator.java:151)
	at org.apache.http.impl.conn.PoolingHttpClientConnectionManager.connect(PoolingHttpClientConnectionManager.java:353)
	at org.apache.http.impl.execchain.MainClientExec.establishRoute(MainClientExec.java:380)
	at org.apache.http.impl.execchain.MainClientExec.execute(MainClientExec.java:236)
	at org.apache.http.impl.execchain.ProtocolExec.execute(ProtocolExec.java:184)
	at org.apache.http.impl.execchain.RetryExec.execute(RetryExec.java:88)
	at org.apache.http.impl.execchain.RedirectExec.execute(RedirectExec.java:110)
	at org.apache.http.impl.client.InternalHttpClient.doExecute(InternalHttpClient.java:184)
	at org.apache.http.impl.client.CloseableHttpClient.execute(CloseableHttpClient.java:71)
	at org.apache.http.impl.client.CloseableHttpClient.execute(CloseableHttpClient.java:55)
	at org.openqa.selenium.remote.internal.ApacheHttpClient.fallBackExecute(ApacheHttpClient.java:144)
	at org.openqa.selenium.remote.internal.ApacheHttpClient.execute(ApacheHttpClient.java:90)
	at org.openqa.selenium.remote.HttpCommandExecutor.execute(HttpCommandExecutor.java:142)
	at org.openqa.selenium.firefox.internal.NewProfileExtensionConnection.execute(NewProfileExtensionConnection.java:160)
	at org.openqa.selenium.firefox.FirefoxDriver$LazyCommandExecutor.execute(FirefoxDriver.java:380)
	at org.openqa.selenium.remote.RemoteWebDriver.execute(RemoteWebDriver.java:644)
	... 27 more
Caused by: java.net.ConnectException: Connection refused: connect
	at java.net.DualStackPlainSocketImpl.waitForConnect(Native Method)
	at java.net.DualStackPlainSocketImpl.socketConnect(Unknown Source)
	at java.net.AbstractPlainSocketImpl.doConnect(Unknown Source)
	at java.net.AbstractPlainSocketImpl.connectToAddress(Unknown Source)
	at java.net.AbstractPlainSocketImpl.connect(Unknown Source)
	at java.net.PlainSocketImpl.connect(Unknown Source)
	at java.net.SocksSocketImpl.connect(Unknown Source)
	at java.net.Socket.connect(Unknown Source)
	at org.apache.http.conn.socket.PlainConnectionSocketFactory.connectSocket(PlainConnectionSocketFactory.java:74)
	at org.apache.http.impl.conn.DefaultHttpClientConnectionOperator.connect(DefaultHttpClientConnectionOperator.java:134)
	... 42 more
]]>
            </full-stacktrace>
          </exception> <!-- org.openqa.selenium.remote.UnreachableBrowserException -->
          <reporter-output>
          </reporter-output>
        </test-method> <!-- LoginSitecore -->
        <test-method status="SKIP" signature="LogoutSitecore()[pri:0, instance:fotf_Testcase.AboutusPage_ContentEditor_PageComponentHeader@60addb54]" name="LogoutSitecore" is-config="true" duration-ms="0" started-at="2016-06-14T13:44:57Z" finished-at="2016-06-14T13:44:57Z">
          <reporter-output>
          </reporter-output>
        </test-method> <!-- LogoutSitecore -->
        <test-method status="SKIP" signature="AboutUs_PageComponentHeader()[pri:0, instance:fotf_Testcase.AboutusPage_ContentEditor_PageComponentHeader@60addb54]" name="AboutUs_PageComponentHeader" duration-ms="0" started-at="2016-06-14T13:44:57Z" finished-at="2016-06-14T13:44:57Z">
          <reporter-output>
          </reporter-output>
        </test-method> <!-- AboutUs_PageComponentHeader -->
      </class> <!-- fotf_Testcase.AboutusPage_ContentEditor_PageComponentHeader -->
      <class name="fotf_Testcase.AboutusPage_ContentEditor_Article">
        <test-method status="FAIL" signature="LoginSitecore()[pri:0, instance:fotf_Testcase.AboutusPage_ContentEditor_Article@2ef9b8bc]" name="LoginSitecore" is-config="true" duration-ms="0" started-at="2016-06-14T13:44:53Z" finished-at="2016-06-14T13:44:53Z">
          <exception class="org.openqa.selenium.remote.UnreachableBrowserException">
            <message>
              <![CDATA[Error communicating with the remote browser. It may have died.
Build info: version: '2.53.0', revision: '35ae25b', time: '2016-03-15 16:57:40'
System info: host: 'Arun-pc', ip: '192.2.200.122', os.name: 'Windows 7', os.arch: 'amd64', os.version: '6.1', java.version: '1.8.0_91'
Driver info: driver.version: RemoteWebDriver
Capabilities [{applicationCacheEnabled=true, rotatable=false, handlesAlerts=true, databaseEnabled=true, version=46.0.1, platform=WINDOWS, nativeEvents=false, acceptSslCerts=true, webStorageEnabled=true, locationContextEnabled=true, browserName=firefox, takesScreenshot=true, javascriptEnabled=true, cssSelectorsEnabled=true}]
Session ID: a92a59a9-3086-4464-baae-962f830c23d1]]>
            </message>
            <full-stacktrace>
              <![CDATA[org.openqa.selenium.remote.UnreachableBrowserException: Error communicating with the remote browser. It may have died.
Build info: version: '2.53.0', revision: '35ae25b', time: '2016-03-15 16:57:40'
System info: host: 'Arun-pc', ip: '192.2.200.122', os.name: 'Windows 7', os.arch: 'amd64', os.version: '6.1', java.version: '1.8.0_91'
Driver info: driver.version: RemoteWebDriver
Capabilities [{applicationCacheEnabled=true, rotatable=false, handlesAlerts=true, databaseEnabled=true, version=46.0.1, platform=WINDOWS, nativeEvents=false, acceptSslCerts=true, webStorageEnabled=true, locationContextEnabled=true, browserName=firefox, takesScreenshot=true, javascriptEnabled=true, cssSelectorsEnabled=true}]
Session ID: a92a59a9-3086-4464-baae-962f830c23d1
	at org.openqa.selenium.remote.RemoteWebDriver.execute(RemoteWebDriver.java:665)
	at org.openqa.selenium.remote.RemoteWebDriver.get(RemoteWebDriver.java:316)
	at fotf_Testcase.AboutusPage_ContentEditor_Article.LoginSitecore(AboutusPage_ContentEditor_Article.java:25)
	at sun.reflect.NativeMethodAccessorImpl.invoke0(Native Method)
	at sun.reflect.NativeMethodAccessorImpl.invoke(Unknown Source)
	at sun.reflect.DelegatingMethodAccessorImpl.invoke(Unknown Source)
	at java.lang.reflect.Method.invoke(Unknown Source)
	at org.testng.internal.MethodInvocationHelper.invokeMethod(MethodInvocationHelper.java:85)
	at org.testng.internal.Invoker.invokeConfigurationMethod(Invoker.java:510)
	at org.testng.internal.Invoker.invokeConfigurations(Invoker.java:211)
	at org.testng.internal.Invoker.invokeMethod(Invoker.java:585)
	at org.testng.internal.Invoker.invokeTestMethod(Invoker.java:821)
	at org.testng.internal.Invoker.invokeTestMethods(Invoker.java:1131)
	at org.testng.internal.TestMethodWorker.invokeTestMethods(TestMethodWorker.java:124)
	at org.testng.internal.TestMethodWorker.run(TestMethodWorker.java:108)
	at org.testng.TestRunner.privateRun(TestRunner.java:773)
	at org.testng.TestRunner.run(TestRunner.java:623)
	at org.testng.SuiteRunner.runTest(SuiteRunner.java:357)
	at org.testng.SuiteRunner.runSequentially(SuiteRunner.java:352)
	at org.testng.SuiteRunner.privateRun(SuiteRunner.java:310)
	at org.testng.SuiteRunner.run(SuiteRunner.java:259)
	at org.testng.SuiteRunnerWorker.runSuite(SuiteRunnerWorker.java:52)
	at org.testng.SuiteRunnerWorker.run(SuiteRunnerWorker.java:86)
	at org.testng.TestNG.runSuitesSequentially(TestNG.java:1185)
	at org.testng.TestNG.runSuitesLocally(TestNG.java:1110)
	at org.testng.TestNG.run(TestNG.java:1018)
	at org.testng.TestNG.privateMain(TestNG.java:1325)
	at org.testng.TestNG.main(TestNG.java:1294)
Caused by: org.apache.http.conn.HttpHostConnectException: Connect to 127.0.0.1:7055 [/127.0.0.1] failed: Connection refused: connect
	at org.apache.http.impl.conn.DefaultHttpClientConnectionOperator.connect(DefaultHttpClientConnectionOperator.java:151)
	at org.apache.http.impl.conn.PoolingHttpClientConnectionManager.connect(PoolingHttpClientConnectionManager.java:353)
	at org.apache.http.impl.execchain.MainClientExec.establishRoute(MainClientExec.java:380)
	at org.apache.http.impl.execchain.MainClientExec.execute(MainClientExec.java:236)
	at org.apache.http.impl.execchain.ProtocolExec.execute(ProtocolExec.java:184)
	at org.apache.http.impl.execchain.RetryExec.execute(RetryExec.java:88)
	at org.apache.http.impl.execchain.RedirectExec.execute(RedirectExec.java:110)
	at org.apache.http.impl.client.InternalHttpClient.doExecute(InternalHttpClient.java:184)
	at org.apache.http.impl.client.CloseableHttpClient.execute(CloseableHttpClient.java:71)
	at org.apache.http.impl.client.CloseableHttpClient.execute(CloseableHttpClient.java:55)
	at org.openqa.selenium.remote.internal.ApacheHttpClient.fallBackExecute(ApacheHttpClient.java:144)
	at org.openqa.selenium.remote.internal.ApacheHttpClient.execute(ApacheHttpClient.java:90)
	at org.openqa.selenium.remote.HttpCommandExecutor.execute(HttpCommandExecutor.java:142)
	at org.openqa.selenium.firefox.internal.NewProfileExtensionConnection.execute(NewProfileExtensionConnection.java:160)
	at org.openqa.selenium.firefox.FirefoxDriver$LazyCommandExecutor.execute(FirefoxDriver.java:380)
	at org.openqa.selenium.remote.RemoteWebDriver.execute(RemoteWebDriver.java:644)
	... 27 more
Caused by: java.net.ConnectException: Connection refused: connect
	at java.net.DualStackPlainSocketImpl.waitForConnect(Native Method)
	at java.net.DualStackPlainSocketImpl.socketConnect(Unknown Source)
	at java.net.AbstractPlainSocketImpl.doConnect(Unknown Source)
	at java.net.AbstractPlainSocketImpl.connectToAddress(Unknown Source)
	at java.net.AbstractPlainSocketImpl.connect(Unknown Source)
	at java.net.PlainSocketImpl.connect(Unknown Source)
	at java.net.SocksSocketImpl.connect(Unknown Source)
	at java.net.Socket.connect(Unknown Source)
	at org.apache.http.conn.socket.PlainConnectionSocketFactory.connectSocket(PlainConnectionSocketFactory.java:74)
	at org.apache.http.impl.conn.DefaultHttpClientConnectionOperator.connect(DefaultHttpClientConnectionOperator.java:134)
	... 42 more
]]>
            </full-stacktrace>
          </exception> <!-- org.openqa.selenium.remote.UnreachableBrowserException -->
          <reporter-output>
          </reporter-output>
        </test-method> <!-- LoginSitecore -->
        <test-method status="SKIP" signature="AboutUs_Article()[pri:0, instance:fotf_Testcase.AboutusPage_ContentEditor_Article@2ef9b8bc]" name="AboutUs_Article" duration-ms="1" started-at="2016-06-14T13:44:54Z" finished-at="2016-06-14T13:44:54Z">
          <reporter-output>
          </reporter-output>
        </test-method> <!-- AboutUs_Article -->
        <test-method status="SKIP" signature="AboutUs_ArticlePublicationDate()[pri:0, instance:fotf_Testcase.AboutusPage_ContentEditor_Article@2ef9b8bc]" name="AboutUs_ArticlePublicationDate" duration-ms="0" started-at="2016-06-14T13:44:54Z" finished-at="2016-06-14T13:44:54Z">
          <reporter-output>
          </reporter-output>
        </test-method> <!-- AboutUs_ArticlePublicationDate -->
        <test-method status="SKIP" signature="LogoutSitecore()[pri:0, instance:fotf_Testcase.AboutusPage_ContentEditor_Article@2ef9b8bc]" name="LogoutSitecore" is-config="true" duration-ms="0" started-at="2016-06-14T13:44:54Z" finished-at="2016-06-14T13:44:54Z">
          <reporter-output>
          </reporter-output>
        </test-method> <!-- LogoutSitecore -->
        <test-method status="SKIP" signature="LoginSitecore()[pri:0, instance:fotf_Testcase.AboutusPage_ContentEditor_Article@2ef9b8bc]" name="LoginSitecore" is-config="true" duration-ms="0" started-at="2016-06-14T13:44:54Z" finished-at="2016-06-14T13:44:54Z">
          <reporter-output>
          </reporter-output>
        </test-method> <!-- LoginSitecore -->
        <test-method status="SKIP" signature="LoginSitecore()[pri:0, instance:fotf_Testcase.AboutusPage_ContentEditor_Article@2ef9b8bc]" name="LoginSitecore" is-config="true" duration-ms="0" started-at="2016-06-14T13:44:54Z" finished-at="2016-06-14T13:44:54Z">
          <reporter-output>
          </reporter-output>
        </test-method> <!-- LoginSitecore -->
        <test-method status="SKIP" signature="LogoutSitecore()[pri:0, instance:fotf_Testcase.AboutusPage_ContentEditor_Article@2ef9b8bc]" name="LogoutSitecore" is-config="true" duration-ms="0" started-at="2016-06-14T13:44:54Z" finished-at="2016-06-14T13:44:54Z">
          <reporter-output>
          </reporter-output>
        </test-method> <!-- LogoutSitecore -->
        <test-method status="SKIP" signature="LogoutSitecore()[pri:0, instance:fotf_Testcase.AboutusPage_ContentEditor_Article@2ef9b8bc]" name="LogoutSitecore" is-config="true" duration-ms="0" started-at="2016-06-14T13:44:54Z" finished-at="2016-06-14T13:44:54Z">
          <reporter-output>
          </reporter-output>
        </test-method> <!-- LogoutSitecore -->
        <test-method status="SKIP" signature="AboutUs_ArticleIsFeatured()[pri:0, instance:fotf_Testcase.AboutusPage_ContentEditor_Article@2ef9b8bc]" name="AboutUs_ArticleIsFeatured" duration-ms="0" started-at="2016-06-14T13:44:54Z" finished-at="2016-06-14T13:44:54Z">
          <reporter-output>
          </reporter-output>
        </test-method> <!-- AboutUs_ArticleIsFeatured -->
      </class> <!-- fotf_Testcase.AboutusPage_ContentEditor_Article -->
      <class name="fotf_Testcase.AboutusPage_ContentEditor_FourItem">
        <test-method status="FAIL" signature="LoginSitecore()[pri:0, instance:fotf_Testcase.AboutusPage_ContentEditor_FourItem@2c6a3f77]" name="LoginSitecore" is-config="true" duration-ms="0" started-at="2016-06-14T13:44:49Z" finished-at="2016-06-14T13:44:49Z">
          <exception class="org.openqa.selenium.remote.UnreachableBrowserException">
            <message>
              <![CDATA[Error communicating with the remote browser. It may have died.
Build info: version: '2.53.0', revision: '35ae25b', time: '2016-03-15 16:57:40'
System info: host: 'Arun-pc', ip: '192.2.200.122', os.name: 'Windows 7', os.arch: 'amd64', os.version: '6.1', java.version: '1.8.0_91'
Driver info: driver.version: RemoteWebDriver
Capabilities [{applicationCacheEnabled=true, rotatable=false, handlesAlerts=true, databaseEnabled=true, version=46.0.1, platform=WINDOWS, nativeEvents=false, acceptSslCerts=true, webStorageEnabled=true, locationContextEnabled=true, browserName=firefox, takesScreenshot=true, javascriptEnabled=true, cssSelectorsEnabled=true}]
Session ID: a92a59a9-3086-4464-baae-962f830c23d1]]>
            </message>
            <full-stacktrace>
              <![CDATA[org.openqa.selenium.remote.UnreachableBrowserException: Error communicating with the remote browser. It may have died.
Build info: version: '2.53.0', revision: '35ae25b', time: '2016-03-15 16:57:40'
System info: host: 'Arun-pc', ip: '192.2.200.122', os.name: 'Windows 7', os.arch: 'amd64', os.version: '6.1', java.version: '1.8.0_91'
Driver info: driver.version: RemoteWebDriver
Capabilities [{applicationCacheEnabled=true, rotatable=false, handlesAlerts=true, databaseEnabled=true, version=46.0.1, platform=WINDOWS, nativeEvents=false, acceptSslCerts=true, webStorageEnabled=true, locationContextEnabled=true, browserName=firefox, takesScreenshot=true, javascriptEnabled=true, cssSelectorsEnabled=true}]
Session ID: a92a59a9-3086-4464-baae-962f830c23d1
	at org.openqa.selenium.remote.RemoteWebDriver.execute(RemoteWebDriver.java:665)
	at org.openqa.selenium.remote.RemoteWebDriver.get(RemoteWebDriver.java:316)
	at fotf_Testcase.AboutusPage_ContentEditor_FourItem.LoginSitecore(AboutusPage_ContentEditor_FourItem.java:25)
	at sun.reflect.NativeMethodAccessorImpl.invoke0(Native Method)
	at sun.reflect.NativeMethodAccessorImpl.invoke(Unknown Source)
	at sun.reflect.DelegatingMethodAccessorImpl.invoke(Unknown Source)
	at java.lang.reflect.Method.invoke(Unknown Source)
	at org.testng.internal.MethodInvocationHelper.invokeMethod(MethodInvocationHelper.java:85)
	at org.testng.internal.Invoker.invokeConfigurationMethod(Invoker.java:510)
	at org.testng.internal.Invoker.invokeConfigurations(Invoker.java:211)
	at org.testng.internal.Invoker.invokeMethod(Invoker.java:585)
	at org.testng.internal.Invoker.invokeTestMethod(Invoker.java:821)
	at org.testng.internal.Invoker.invokeTestMethods(Invoker.java:1131)
	at org.testng.internal.TestMethodWorker.invokeTestMethods(TestMethodWorker.java:124)
	at org.testng.internal.TestMethodWorker.run(TestMethodWorker.java:108)
	at org.testng.TestRunner.privateRun(TestRunner.java:773)
	at org.testng.TestRunner.run(TestRunner.java:623)
	at org.testng.SuiteRunner.runTest(SuiteRunner.java:357)
	at org.testng.SuiteRunner.runSequentially(SuiteRunner.java:352)
	at org.testng.SuiteRunner.privateRun(SuiteRunner.java:310)
	at org.testng.SuiteRunner.run(SuiteRunner.java:259)
	at org.testng.SuiteRunnerWorker.runSuite(SuiteRunnerWorker.java:52)
	at org.testng.SuiteRunnerWorker.run(SuiteRunnerWorker.java:86)
	at org.testng.TestNG.runSuitesSequentially(TestNG.java:1185)
	at org.testng.TestNG.runSuitesLocally(TestNG.java:1110)
	at org.testng.TestNG.run(TestNG.java:1018)
	at org.testng.TestNG.privateMain(TestNG.java:1325)
	at org.testng.TestNG.main(TestNG.java:1294)
Caused by: org.apache.http.conn.HttpHostConnectException: Connect to 127.0.0.1:7055 [/127.0.0.1] failed: Connection refused: connect
	at org.apache.http.impl.conn.DefaultHttpClientConnectionOperator.connect(DefaultHttpClientConnectionOperator.java:151)
	at org.apache.http.impl.conn.PoolingHttpClientConnectionManager.connect(PoolingHttpClientConnectionManager.java:353)
	at org.apache.http.impl.execchain.MainClientExec.establishRoute(MainClientExec.java:380)
	at org.apache.http.impl.execchain.MainClientExec.execute(MainClientExec.java:236)
	at org.apache.http.impl.execchain.ProtocolExec.execute(ProtocolExec.java:184)
	at org.apache.http.impl.execchain.RetryExec.execute(RetryExec.java:88)
	at org.apache.http.impl.execchain.RedirectExec.execute(RedirectExec.java:110)
	at org.apache.http.impl.client.InternalHttpClient.doExecute(InternalHttpClient.java:184)
	at org.apache.http.impl.client.CloseableHttpClient.execute(CloseableHttpClient.java:71)
	at org.apache.http.impl.client.CloseableHttpClient.execute(CloseableHttpClient.java:55)
	at org.openqa.selenium.remote.internal.ApacheHttpClient.fallBackExecute(ApacheHttpClient.java:144)
	at org.openqa.selenium.remote.internal.ApacheHttpClient.execute(ApacheHttpClient.java:90)
	at org.openqa.selenium.remote.HttpCommandExecutor.execute(HttpCommandExecutor.java:142)
	at org.openqa.selenium.firefox.internal.NewProfileExtensionConnection.execute(NewProfileExtensionConnection.java:160)
	at org.openqa.selenium.firefox.FirefoxDriver$LazyCommandExecutor.execute(FirefoxDriver.java:380)
	at org.openqa.selenium.remote.RemoteWebDriver.execute(RemoteWebDriver.java:644)
	... 27 more
Caused by: java.net.ConnectException: Connection refused: connect
	at java.net.DualStackPlainSocketImpl.waitForConnect(Native Method)
	at java.net.DualStackPlainSocketImpl.socketConnect(Unknown Source)
	at java.net.AbstractPlainSocketImpl.doConnect(Unknown Source)
	at java.net.AbstractPlainSocketImpl.connectToAddress(Unknown Source)
	at java.net.AbstractPlainSocketImpl.connect(Unknown Source)
	at java.net.PlainSocketImpl.connect(Unknown Source)
	at java.net.SocksSocketImpl.connect(Unknown Source)
	at java.net.Socket.connect(Unknown Source)
	at org.apache.http.conn.socket.PlainConnectionSocketFactory.connectSocket(PlainConnectionSocketFactory.java:74)
	at org.apache.http.impl.conn.DefaultHttpClientConnectionOperator.connect(DefaultHttpClientConnectionOperator.java:134)
	... 42 more
]]>
            </full-stacktrace>
          </exception> <!-- org.openqa.selenium.remote.UnreachableBrowserException -->
          <reporter-output>
          </reporter-output>
        </test-method> <!-- LoginSitecore -->
        <test-method status="SKIP" signature="LoginSitecore()[pri:0, instance:fotf_Testcase.AboutusPage_ContentEditor_FourItem@2c6a3f77]" name="LoginSitecore" is-config="true" duration-ms="0" started-at="2016-06-14T13:44:50Z" finished-at="2016-06-14T13:44:50Z">
          <reporter-output>
          </reporter-output>
        </test-method> <!-- LoginSitecore -->
        <test-method status="SKIP" signature="LogoutSitecore()[pri:0, instance:fotf_Testcase.AboutusPage_ContentEditor_FourItem@2c6a3f77]" name="LogoutSitecore" is-config="true" duration-ms="0" started-at="2016-06-14T13:44:50Z" finished-at="2016-06-14T13:44:50Z">
          <reporter-output>
          </reporter-output>
        </test-method> <!-- LogoutSitecore -->
        <test-method status="SKIP" signature="LoginSitecore()[pri:0, instance:fotf_Testcase.AboutusPage_ContentEditor_FourItem@2c6a3f77]" name="LoginSitecore" is-config="true" duration-ms="0" started-at="2016-06-14T13:44:50Z" finished-at="2016-06-14T13:44:50Z">
          <reporter-output>
          </reporter-output>
        </test-method> <!-- LoginSitecore -->
        <test-method status="SKIP" signature="AboutUs_FourItemsFourColumnsRectangle()[pri:0, instance:fotf_Testcase.AboutusPage_ContentEditor_FourItem@2c6a3f77]" name="AboutUs_FourItemsFourColumnsRectangle" duration-ms="0" started-at="2016-06-14T13:44:50Z" finished-at="2016-06-14T13:44:50Z">
          <reporter-output>
          </reporter-output>
        </test-method> <!-- AboutUs_FourItemsFourColumnsRectangle -->
        <test-method status="SKIP" signature="AboutUs_FourItemsWithInset()[pri:0, instance:fotf_Testcase.AboutusPage_ContentEditor_FourItem@2c6a3f77]" name="AboutUs_FourItemsWithInset" duration-ms="0" started-at="2016-06-14T13:44:50Z" finished-at="2016-06-14T13:44:50Z">
          <reporter-output>
          </reporter-output>
        </test-method> <!-- AboutUs_FourItemsWithInset -->
        <test-method status="SKIP" signature="LogoutSitecore()[pri:0, instance:fotf_Testcase.AboutusPage_ContentEditor_FourItem@2c6a3f77]" name="LogoutSitecore" is-config="true" duration-ms="0" started-at="2016-06-14T13:44:50Z" finished-at="2016-06-14T13:44:50Z">
          <reporter-output>
          </reporter-output>
        </test-method> <!-- LogoutSitecore -->
        <test-method status="SKIP" signature="AboutUs_FourItemsTwoColumns()[pri:0, instance:fotf_Testcase.AboutusPage_ContentEditor_FourItem@2c6a3f77]" name="AboutUs_FourItemsTwoColumns" duration-ms="0" started-at="2016-06-14T13:44:50Z" finished-at="2016-06-14T13:44:50Z">
          <reporter-output>
          </reporter-output>
        </test-method> <!-- AboutUs_FourItemsTwoColumns -->
        <test-method status="SKIP" signature="LogoutSitecore()[pri:0, instance:fotf_Testcase.AboutusPage_ContentEditor_FourItem@2c6a3f77]" name="LogoutSitecore" is-config="true" duration-ms="0" started-at="2016-06-14T13:44:50Z" finished-at="2016-06-14T13:44:50Z">
          <reporter-output>
          </reporter-output>
        </test-method> <!-- LogoutSitecore -->
        <test-method status="SKIP" signature="LogoutSitecore()[pri:0, instance:fotf_Testcase.AboutusPage_ContentEditor_FourItem@2c6a3f77]" name="LogoutSitecore" is-config="true" duration-ms="0" started-at="2016-06-14T13:44:50Z" finished-at="2016-06-14T13:44:50Z">
          <reporter-output>
          </reporter-output>
        </test-method> <!-- LogoutSitecore -->
        <test-method status="SKIP" signature="AboutUs_FourItemsFourColumnsSquare()[pri:0, instance:fotf_Testcase.AboutusPage_ContentEditor_FourItem@2c6a3f77]" name="AboutUs_FourItemsFourColumnsSquare" duration-ms="0" started-at="2016-06-14T13:44:50Z" finished-at="2016-06-14T13:44:50Z">
          <reporter-output>
          </reporter-output>
        </test-method> <!-- AboutUs_FourItemsFourColumnsSquare -->
        <test-method status="SKIP" signature="LoginSitecore()[pri:0, instance:fotf_Testcase.AboutusPage_ContentEditor_FourItem@2c6a3f77]" name="LoginSitecore" is-config="true" duration-ms="0" started-at="2016-06-14T13:44:50Z" finished-at="2016-06-14T13:44:50Z">
          <reporter-output>
          </reporter-output>
        </test-method> <!-- LoginSitecore -->
      </class> <!-- fotf_Testcase.AboutusPage_ContentEditor_FourItem -->
      <class name="fotf_Testcase.AboutusPage_ContentEditor_OneItem">
        <test-method status="PASS" signature="config(java.lang.String)[pri:0, instance:fotf_Testcase.AboutusPage_ContentEditor_OneItem@79698539]" name="config" is-config="true" duration-ms="8146" started-at="2016-06-14T13:44:31Z" finished-at="2016-06-14T13:44:39Z">
          <params>
            <param index="0">
              <value>
                <![CDATA[Firefox]]>
              </value>
            </param>
          </params>
          <reporter-output>
          </reporter-output>
        </test-method> <!-- config -->
        <test-method status="FAIL" signature="LoginSitecore()[pri:0, instance:fotf_Testcase.AboutusPage_ContentEditor_OneItem@79698539]" name="LoginSitecore" is-config="true" duration-ms="0" started-at="2016-06-14T13:44:39Z" finished-at="2016-06-14T13:44:39Z">
          <exception class="org.openqa.selenium.NoSuchElementException">
            <message>
              <![CDATA[Unable to locate element: {"method":"xpath","selector":".//*[@id='UserName']"}
Command duration or timeout: 3.09 seconds
For documentation on this error, please visit: http://seleniumhq.org/exceptions/no_such_element.html
Build info: version: '2.53.0', revision: '35ae25b', time: '2016-03-15 16:57:40'
System info: host: 'Arun-pc', ip: '192.2.200.122', os.name: 'Windows 7', os.arch: 'amd64', os.version: '6.1', java.version: '1.8.0_91'
Driver info: org.openqa.selenium.firefox.FirefoxDriver
Capabilities [{applicationCacheEnabled=true, rotatable=false, handlesAlerts=true, databaseEnabled=true, version=46.0.1, platform=WINDOWS, nativeEvents=false, acceptSslCerts=true, webStorageEnabled=true, locationContextEnabled=true, browserName=firefox, takesScreenshot=true, javascriptEnabled=true, cssSelectorsEnabled=true}]
Session ID: a92a59a9-3086-4464-baae-962f830c23d1
*** Element info: {Using=xpath, value=.//*[@id='UserName']}]]>
            </message>
            <full-stacktrace>
              <![CDATA[org.openqa.selenium.NoSuchElementException: Unable to locate element: {"method":"xpath","selector":".//*[@id='UserName']"}
Command duration or timeout: 3.09 seconds
For documentation on this error, please visit: http://seleniumhq.org/exceptions/no_such_element.html
Build info: version: '2.53.0', revision: '35ae25b', time: '2016-03-15 16:57:40'
System info: host: 'Arun-pc', ip: '192.2.200.122', os.name: 'Windows 7', os.arch: 'amd64', os.version: '6.1', java.version: '1.8.0_91'
Driver info: org.openqa.selenium.firefox.FirefoxDriver
Capabilities [{applicationCacheEnabled=true, rotatable=false, handlesAlerts=true, databaseEnabled=true, version=46.0.1, platform=WINDOWS, nativeEvents=false, acceptSslCerts=true, webStorageEnabled=true, locationContextEnabled=true, browserName=firefox, takesScreenshot=true, javascriptEnabled=true, cssSelectorsEnabled=true}]
Session ID: a92a59a9-3086-4464-baae-962f830c23d1
*** Element info: {Using=xpath, value=.//*[@id='UserName']}
	at sun.reflect.NativeConstructorAccessorImpl.newInstance0(Native Method)
	at sun.reflect.NativeConstructorAccessorImpl.newInstance(Unknown Source)
	at sun.reflect.DelegatingConstructorAccessorImpl.newInstance(Unknown Source)
	at java.lang.reflect.Constructor.newInstance(Unknown Source)
	at org.openqa.selenium.remote.ErrorHandler.createThrowable(ErrorHandler.java:206)
	at org.openqa.selenium.remote.ErrorHandler.throwIfResponseFailed(ErrorHandler.java:158)
	at org.openqa.selenium.remote.RemoteWebDriver.execute(RemoteWebDriver.java:678)
	at org.openqa.selenium.remote.RemoteWebDriver.findElement(RemoteWebDriver.java:363)
	at org.openqa.selenium.remote.RemoteWebDriver.findElementByXPath(RemoteWebDriver.java:500)
	at org.openqa.selenium.By$ByXPath.findElement(By.java:361)
	at org.openqa.selenium.remote.RemoteWebDriver.findElement(RemoteWebDriver.java:355)
	at org.openqa.selenium.support.pagefactory.DefaultElementLocator.findElement(DefaultElementLocator.java:69)
	at org.openqa.selenium.support.pagefactory.internal.LocatingElementHandler.invoke(LocatingElementHandler.java:38)
	at com.sun.proxy.$Proxy9.clear(Unknown Source)
	at fotf_Operations.Opr_Sitecore_AboutUs.loginSitecore(Opr_Sitecore_AboutUs.java:24)
	at fotf_Testcase.AboutusPage_ContentEditor_OneItem.LoginSitecore(AboutusPage_ContentEditor_OneItem.java:29)
	at sun.reflect.NativeMethodAccessorImpl.invoke0(Native Method)
	at sun.reflect.NativeMethodAccessorImpl.invoke(Unknown Source)
	at sun.reflect.DelegatingMethodAccessorImpl.invoke(Unknown Source)
	at java.lang.reflect.Method.invoke(Unknown Source)
	at org.testng.internal.MethodInvocationHelper.invokeMethod(MethodInvocationHelper.java:85)
	at org.testng.internal.Invoker.invokeConfigurationMethod(Invoker.java:510)
	at org.testng.internal.Invoker.invokeConfigurations(Invoker.java:211)
	at org.testng.internal.Invoker.invokeMethod(Invoker.java:585)
	at org.testng.internal.Invoker.invokeTestMethod(Invoker.java:821)
	at org.testng.internal.Invoker.invokeTestMethods(Invoker.java:1131)
	at org.testng.internal.TestMethodWorker.invokeTestMethods(TestMethodWorker.java:124)
	at org.testng.internal.TestMethodWorker.run(TestMethodWorker.java:108)
	at org.testng.TestRunner.privateRun(TestRunner.java:773)
	at org.testng.TestRunner.run(TestRunner.java:623)
	at org.testng.SuiteRunner.runTest(SuiteRunner.java:357)
	at org.testng.SuiteRunner.runSequentially(SuiteRunner.java:352)
	at org.testng.SuiteRunner.privateRun(SuiteRunner.java:310)
	at org.testng.SuiteRunner.run(SuiteRunner.java:259)
	at org.testng.SuiteRunnerWorker.runSuite(SuiteRunnerWorker.java:52)
	at org.testng.SuiteRunnerWorker.run(SuiteRunnerWorker.java:86)
	at org.testng.TestNG.runSuitesSequentially(TestNG.java:1185)
	at org.testng.TestNG.runSuitesLocally(TestNG.java:1110)
	at org.testng.TestNG.run(TestNG.java:1018)
	at org.testng.TestNG.privateMain(TestNG.java:1325)
	at org.testng.TestNG.main(TestNG.java:1294)
Caused by: org.openqa.selenium.NoSuchElementException: Unable to locate element: {"method":"xpath","selector":".//*[@id='UserName']"}
For documentation on this error, please visit: http://seleniumhq.org/exceptions/no_such_element.html
Build info: version: '2.53.0', revision: '35ae25b', time: '2016-03-15 16:57:40'
System info: host: 'Arun-pc', ip: '192.2.200.122', os.name: 'Windows 7', os.arch: 'amd64', os.version: '6.1', java.version: '1.8.0_91'
Driver info: driver.version: unknown
	at <anonymous class>.FirefoxDriver.prototype.findElementInternal_(file:///C:/Users/Arun/AppData/Local/Temp/anonymous8073290441098898877webdriver-profile/extensions/fxdriver@googlecode.com/components/driver-component.js:10770)
	at <anonymous class>.fxdriver.Timer.prototype.setTimeout/<.notify(file:///C:/Users/Arun/AppData/Local/Temp/anonymous8073290441098898877webdriver-profile/extensions/fxdriver@googlecode.com/components/driver-component.js:625)
]]>
            </full-stacktrace>
          </exception> <!-- org.openqa.selenium.NoSuchElementException -->
          <reporter-output>
          </reporter-output>
        </test-method> <!-- LoginSitecore -->
        <test-method status="SKIP" signature="AboutUs_ImageOnRight()[pri:0, instance:fotf_Testcase.AboutusPage_ContentEditor_OneItem@79698539]" name="AboutUs_ImageOnRight" duration-ms="0" started-at="2016-06-14T13:44:42Z" finished-at="2016-06-14T13:44:42Z">
          <reporter-output>
          </reporter-output>
        </test-method> <!-- AboutUs_ImageOnRight -->
        <test-method status="SKIP" signature="LogoutSitecore()[pri:0, instance:fotf_Testcase.AboutusPage_ContentEditor_OneItem@79698539]" name="LogoutSitecore" is-config="true" duration-ms="0" started-at="2016-06-14T13:44:42Z" finished-at="2016-06-14T13:44:42Z">
          <reporter-output>
          </reporter-output>
        </test-method> <!-- LogoutSitecore -->
        <test-method status="SKIP" signature="LoginSitecore()[pri:0, instance:fotf_Testcase.AboutusPage_ContentEditor_OneItem@79698539]" name="LoginSitecore" is-config="true" duration-ms="0" started-at="2016-06-14T13:44:42Z" finished-at="2016-06-14T13:44:42Z">
          <reporter-output>
          </reporter-output>
        </test-method> <!-- LoginSitecore -->
        <test-method status="SKIP" signature="AboutUs_ImageOnLeft()[pri:0, instance:fotf_Testcase.AboutusPage_ContentEditor_OneItem@79698539]" name="AboutUs_ImageOnLeft" duration-ms="0" started-at="2016-06-14T13:44:42Z" finished-at="2016-06-14T13:44:42Z">
          <reporter-output>
          </reporter-output>
        </test-method> <!-- AboutUs_ImageOnLeft -->
        <test-method status="SKIP" signature="LogoutSitecore()[pri:0, instance:fotf_Testcase.AboutusPage_ContentEditor_OneItem@79698539]" name="LogoutSitecore" is-config="true" duration-ms="0" started-at="2016-06-14T13:44:42Z" finished-at="2016-06-14T13:44:42Z">
          <reporter-output>
          </reporter-output>
        </test-method> <!-- LogoutSitecore -->
        <test-method status="SKIP" signature="AboutUs_ButtonOnLeft()[pri:0, instance:fotf_Testcase.AboutusPage_ContentEditor_OneItem@79698539]" name="AboutUs_ButtonOnLeft" duration-ms="0" started-at="2016-06-14T13:44:42Z" finished-at="2016-06-14T13:44:42Z">
          <reporter-output>
          </reporter-output>
        </test-method> <!-- AboutUs_ButtonOnLeft -->
        <test-method status="SKIP" signature="AboutUs_ButtonOnRight()[pri:0, instance:fotf_Testcase.AboutusPage_ContentEditor_OneItem@79698539]" name="AboutUs_ButtonOnRight" duration-ms="0" started-at="2016-06-14T13:44:42Z" finished-at="2016-06-14T13:44:42Z">
          <reporter-output>
          </reporter-output>
        </test-method> <!-- AboutUs_ButtonOnRight -->
        <test-method status="SKIP" signature="LoginSitecore()[pri:0, instance:fotf_Testcase.AboutusPage_ContentEditor_OneItem@79698539]" name="LoginSitecore" is-config="true" duration-ms="0" started-at="2016-06-14T13:44:42Z" finished-at="2016-06-14T13:44:42Z">
          <reporter-output>
          </reporter-output>
        </test-method> <!-- LoginSitecore -->
        <test-method status="SKIP" signature="LogoutSitecore()[pri:0, instance:fotf_Testcase.AboutusPage_ContentEditor_OneItem@79698539]" name="LogoutSitecore" is-config="true" duration-ms="0" started-at="2016-06-14T13:44:42Z" finished-at="2016-06-14T13:44:42Z">
          <reporter-output>
          </reporter-output>
        </test-method> <!-- LogoutSitecore -->
        <test-method status="SKIP" signature="LoginSitecore()[pri:0, instance:fotf_Testcase.AboutusPage_ContentEditor_OneItem@79698539]" name="LoginSitecore" is-config="true" duration-ms="0" started-at="2016-06-14T13:44:42Z" finished-at="2016-06-14T13:44:42Z">
          <reporter-output>
          </reporter-output>
        </test-method> <!-- LoginSitecore -->
        <test-method status="SKIP" signature="LogoutSitecore()[pri:0, instance:fotf_Testcase.AboutusPage_ContentEditor_OneItem@79698539]" name="LogoutSitecore" is-config="true" duration-ms="0" started-at="2016-06-14T13:44:42Z" finished-at="2016-06-14T13:44:42Z">
          <reporter-output>
          </reporter-output>
        </test-method> <!-- LogoutSitecore -->
        <test-method status="SKIP" signature="LogoutSitecore()[pri:0, instance:fotf_Testcase.AboutusPage_ContentEditor_OneItem@79698539]" name="LogoutSitecore" is-config="true" duration-ms="0" started-at="2016-06-14T13:44:42Z" finished-at="2016-06-14T13:44:42Z">
          <reporter-output>
          </reporter-output>
        </test-method> <!-- LogoutSitecore -->
        <test-method status="SKIP" signature="LoginSitecore()[pri:0, instance:fotf_Testcase.AboutusPage_ContentEditor_OneItem@79698539]" name="LoginSitecore" is-config="true" duration-ms="0" started-at="2016-06-14T13:44:42Z" finished-at="2016-06-14T13:44:42Z">
          <reporter-output>
          </reporter-output>
        </test-method> <!-- LoginSitecore -->
        <test-method status="SKIP" signature="AboutUs_LeftAlignedImageListItems()[pri:0, instance:fotf_Testcase.AboutusPage_ContentEditor_OneItem@79698539]" name="AboutUs_LeftAlignedImageListItems" duration-ms="0" started-at="2016-06-14T13:44:42Z" finished-at="2016-06-14T13:44:42Z">
          <reporter-output>
          </reporter-output>
        </test-method> <!-- AboutUs_LeftAlignedImageListItems -->
        <test-method status="SKIP" signature="AboutUs_RightAlignedImageListItems()[pri:0, instance:fotf_Testcase.AboutusPage_ContentEditor_OneItem@79698539]" name="AboutUs_RightAlignedImageListItems" duration-ms="0" started-at="2016-06-14T13:44:42Z" finished-at="2016-06-14T13:44:42Z">
          <reporter-output>
          </reporter-output>
        </test-method> <!-- AboutUs_RightAlignedImageListItems -->
        <test-method status="SKIP" signature="LogoutSitecore()[pri:0, instance:fotf_Testcase.AboutusPage_ContentEditor_OneItem@79698539]" name="LogoutSitecore" is-config="true" duration-ms="0" started-at="2016-06-14T13:44:42Z" finished-at="2016-06-14T13:44:42Z">
          <reporter-output>
          </reporter-output>
        </test-method> <!-- LogoutSitecore -->
        <test-method status="SKIP" signature="LoginSitecore()[pri:0, instance:fotf_Testcase.AboutusPage_ContentEditor_OneItem@79698539]" name="LoginSitecore" is-config="true" duration-ms="0" started-at="2016-06-14T13:44:42Z" finished-at="2016-06-14T13:44:42Z">
          <reporter-output>
          </reporter-output>
        </test-method> <!-- LoginSitecore -->
        <test-method status="SKIP" signature="LoginSitecore()[pri:0, instance:fotf_Testcase.AboutusPage_ContentEditor_OneItem@79698539]" name="LoginSitecore" is-config="true" duration-ms="0" started-at="2016-06-14T13:44:42Z" finished-at="2016-06-14T13:44:42Z">
          <reporter-output>
          </reporter-output>
        </test-method> <!-- LoginSitecore -->
        <test-method status="SKIP" signature="AboutUs_ButtonOnBottom()[pri:0, instance:fotf_Testcase.AboutusPage_ContentEditor_OneItem@79698539]" name="AboutUs_ButtonOnBottom" duration-ms="0" started-at="2016-06-14T13:44:42Z" finished-at="2016-06-14T13:44:42Z">
          <reporter-output>
          </reporter-output>
        </test-method> <!-- AboutUs_ButtonOnBottom -->
        <test-method status="SKIP" signature="AboutUs_IFrameOnRightAlignedImageListItems()[pri:0, instance:fotf_Testcase.AboutusPage_ContentEditor_OneItem@79698539]" name="AboutUs_IFrameOnRightAlignedImageListItems" duration-ms="0" started-at="2016-06-14T13:44:42Z" finished-at="2016-06-14T13:44:42Z">
          <reporter-output>
          </reporter-output>
        </test-method> <!-- AboutUs_IFrameOnRightAlignedImageListItems -->
        <test-method status="SKIP" signature="LogoutSitecore()[pri:0, instance:fotf_Testcase.AboutusPage_ContentEditor_OneItem@79698539]" name="LogoutSitecore" is-config="true" duration-ms="0" started-at="2016-06-14T13:44:42Z" finished-at="2016-06-14T13:44:42Z">
          <reporter-output>
          </reporter-output>
        </test-method> <!-- LogoutSitecore -->
        <test-method status="SKIP" signature="LoginSitecore()[pri:0, instance:fotf_Testcase.AboutusPage_ContentEditor_OneItem@79698539]" name="LoginSitecore" is-config="true" duration-ms="0" started-at="2016-06-14T13:44:42Z" finished-at="2016-06-14T13:44:42Z">
          <reporter-output>
          </reporter-output>
        </test-method> <!-- LoginSitecore -->
        <test-method status="SKIP" signature="LogoutSitecore()[pri:0, instance:fotf_Testcase.AboutusPage_ContentEditor_OneItem@79698539]" name="LogoutSitecore" is-config="true" duration-ms="0" started-at="2016-06-14T13:44:42Z" finished-at="2016-06-14T13:44:42Z">
          <reporter-output>
          </reporter-output>
        </test-method> <!-- LogoutSitecore -->
        <test-method status="SKIP" signature="closeDriver()[pri:0, instance:fotf_Testcase.AboutusPage_ContentEditor_OneItem@79698539]" name="closeDriver" is-config="true" duration-ms="0" started-at="2016-06-14T13:45:10Z" finished-at="2016-06-14T13:45:10Z">
          <reporter-output>
          </reporter-output>
        </test-method> <!-- closeDriver -->
      </class> <!-- fotf_Testcase.AboutusPage_ContentEditor_OneItem -->
      <class name="fotf_Testcase.AboutusPage_PageEditor_Timeline">
        <test-method status="FAIL" signature="LoginSitecore()[pri:0, instance:fotf_Testcase.AboutusPage_PageEditor_Timeline@4157f54e]" name="LoginSitecore" is-config="true" duration-ms="0" started-at="2016-06-14T13:45:07Z" finished-at="2016-06-14T13:45:07Z">
          <exception class="org.openqa.selenium.remote.UnreachableBrowserException">
            <message>
              <![CDATA[Error communicating with the remote browser. It may have died.
Build info: version: '2.53.0', revision: '35ae25b', time: '2016-03-15 16:57:40'
System info: host: 'Arun-pc', ip: '192.2.200.122', os.name: 'Windows 7', os.arch: 'amd64', os.version: '6.1', java.version: '1.8.0_91'
Driver info: driver.version: RemoteWebDriver
Capabilities [{applicationCacheEnabled=true, rotatable=false, handlesAlerts=true, databaseEnabled=true, version=46.0.1, platform=WINDOWS, nativeEvents=false, acceptSslCerts=true, webStorageEnabled=true, locationContextEnabled=true, browserName=firefox, takesScreenshot=true, javascriptEnabled=true, cssSelectorsEnabled=true}]
Session ID: a92a59a9-3086-4464-baae-962f830c23d1]]>
            </message>
            <full-stacktrace>
              <![CDATA[org.openqa.selenium.remote.UnreachableBrowserException: Error communicating with the remote browser. It may have died.
Build info: version: '2.53.0', revision: '35ae25b', time: '2016-03-15 16:57:40'
System info: host: 'Arun-pc', ip: '192.2.200.122', os.name: 'Windows 7', os.arch: 'amd64', os.version: '6.1', java.version: '1.8.0_91'
Driver info: driver.version: RemoteWebDriver
Capabilities [{applicationCacheEnabled=true, rotatable=false, handlesAlerts=true, databaseEnabled=true, version=46.0.1, platform=WINDOWS, nativeEvents=false, acceptSslCerts=true, webStorageEnabled=true, locationContextEnabled=true, browserName=firefox, takesScreenshot=true, javascriptEnabled=true, cssSelectorsEnabled=true}]
Session ID: a92a59a9-3086-4464-baae-962f830c23d1
	at org.openqa.selenium.remote.RemoteWebDriver.execute(RemoteWebDriver.java:665)
	at org.openqa.selenium.remote.RemoteWebDriver.get(RemoteWebDriver.java:316)
	at fotf_Testcase.AboutusPage_PageEditor_Timeline.LoginSitecore(AboutusPage_PageEditor_Timeline.java:21)
	at sun.reflect.NativeMethodAccessorImpl.invoke0(Native Method)
	at sun.reflect.NativeMethodAccessorImpl.invoke(Unknown Source)
	at sun.reflect.DelegatingMethodAccessorImpl.invoke(Unknown Source)
	at java.lang.reflect.Method.invoke(Unknown Source)
	at org.testng.internal.MethodInvocationHelper.invokeMethod(MethodInvocationHelper.java:85)
	at org.testng.internal.Invoker.invokeConfigurationMethod(Invoker.java:510)
	at org.testng.internal.Invoker.invokeConfigurations(Invoker.java:211)
	at org.testng.internal.Invoker.invokeMethod(Invoker.java:585)
	at org.testng.internal.Invoker.invokeTestMethod(Invoker.java:821)
	at org.testng.internal.Invoker.invokeTestMethods(Invoker.java:1131)
	at org.testng.internal.TestMethodWorker.invokeTestMethods(TestMethodWorker.java:124)
	at org.testng.internal.TestMethodWorker.run(TestMethodWorker.java:108)
	at org.testng.TestRunner.privateRun(TestRunner.java:773)
	at org.testng.TestRunner.run(TestRunner.java:623)
	at org.testng.SuiteRunner.runTest(SuiteRunner.java:357)
	at org.testng.SuiteRunner.runSequentially(SuiteRunner.java:352)
	at org.testng.SuiteRunner.privateRun(SuiteRunner.java:310)
	at org.testng.SuiteRunner.run(SuiteRunner.java:259)
	at org.testng.SuiteRunnerWorker.runSuite(SuiteRunnerWorker.java:52)
	at org.testng.SuiteRunnerWorker.run(SuiteRunnerWorker.java:86)
	at org.testng.TestNG.runSuitesSequentially(TestNG.java:1185)
	at org.testng.TestNG.runSuitesLocally(TestNG.java:1110)
	at org.testng.TestNG.run(TestNG.java:1018)
	at org.testng.TestNG.privateMain(TestNG.java:1325)
	at org.testng.TestNG.main(TestNG.java:1294)
Caused by: org.apache.http.conn.HttpHostConnectException: Connect to 127.0.0.1:7055 [/127.0.0.1] failed: Connection refused: connect
	at org.apache.http.impl.conn.DefaultHttpClientConnectionOperator.connect(DefaultHttpClientConnectionOperator.java:151)
	at org.apache.http.impl.conn.PoolingHttpClientConnectionManager.connect(PoolingHttpClientConnectionManager.java:353)
	at org.apache.http.impl.execchain.MainClientExec.establishRoute(MainClientExec.java:380)
	at org.apache.http.impl.execchain.MainClientExec.execute(MainClientExec.java:236)
	at org.apache.http.impl.execchain.ProtocolExec.execute(ProtocolExec.java:184)
	at org.apache.http.impl.execchain.RetryExec.execute(RetryExec.java:88)
	at org.apache.http.impl.execchain.RedirectExec.execute(RedirectExec.java:110)
	at org.apache.http.impl.client.InternalHttpClient.doExecute(InternalHttpClient.java:184)
	at org.apache.http.impl.client.CloseableHttpClient.execute(CloseableHttpClient.java:71)
	at org.apache.http.impl.client.CloseableHttpClient.execute(CloseableHttpClient.java:55)
	at org.openqa.selenium.remote.internal.ApacheHttpClient.fallBackExecute(ApacheHttpClient.java:144)
	at org.openqa.selenium.remote.internal.ApacheHttpClient.execute(ApacheHttpClient.java:90)
	at org.openqa.selenium.remote.HttpCommandExecutor.execute(HttpCommandExecutor.java:142)
	at org.openqa.selenium.firefox.internal.NewProfileExtensionConnection.execute(NewProfileExtensionConnection.java:160)
	at org.openqa.selenium.firefox.FirefoxDriver$LazyCommandExecutor.execute(FirefoxDriver.java:380)
	at org.openqa.selenium.remote.RemoteWebDriver.execute(RemoteWebDriver.java:644)
	... 27 more
Caused by: java.net.ConnectException: Connection refused: connect
	at java.net.DualStackPlainSocketImpl.waitForConnect(Native Method)
	at java.net.DualStackPlainSocketImpl.socketConnect(Unknown Source)
	at java.net.AbstractPlainSocketImpl.doConnect(Unknown Source)
	at java.net.AbstractPlainSocketImpl.connectToAddress(Unknown Source)
	at java.net.AbstractPlainSocketImpl.connect(Unknown Source)
	at java.net.PlainSocketImpl.connect(Unknown Source)
	at java.net.SocksSocketImpl.connect(Unknown Source)
	at java.net.Socket.connect(Unknown Source)
	at org.apache.http.conn.socket.PlainConnectionSocketFactory.connectSocket(PlainConnectionSocketFactory.java:74)
	at org.apache.http.impl.conn.DefaultHttpClientConnectionOperator.connect(DefaultHttpClientConnectionOperator.java:134)
	... 42 more
]]>
            </full-stacktrace>
          </exception> <!-- org.openqa.selenium.remote.UnreachableBrowserException -->
          <reporter-output>
          </reporter-output>
        </test-method> <!-- LoginSitecore -->
        <test-method status="SKIP" signature="AboutUs_TimeLine()[pri:0, instance:fotf_Testcase.AboutusPage_PageEditor_Timeline@4157f54e]" name="AboutUs_TimeLine" duration-ms="0" started-at="2016-06-14T13:45:08Z" finished-at="2016-06-14T13:45:08Z">
          <reporter-output>
          </reporter-output>
        </test-method> <!-- AboutUs_TimeLine -->
        <test-method status="SKIP" signature="LogoutSitecore()[pri:0, instance:fotf_Testcase.AboutusPage_PageEditor_Timeline@4157f54e]" name="LogoutSitecore" is-config="true" duration-ms="0" started-at="2016-06-14T13:45:08Z" finished-at="2016-06-14T13:45:08Z">
          <reporter-output>
          </reporter-output>
        </test-method> <!-- LogoutSitecore -->
      </class> <!-- fotf_Testcase.AboutusPage_PageEditor_Timeline -->
      <class name="fotf_Testcase.AboutusPage_PageEditor_FiveItem">
        <test-method status="FAIL" signature="LoginSitecore()[pri:0, instance:fotf_Testcase.AboutusPage_PageEditor_FiveItem@2d554825]" name="LoginSitecore" is-config="true" duration-ms="0" started-at="2016-06-14T13:45:02Z" finished-at="2016-06-14T13:45:02Z">
          <exception class="org.openqa.selenium.remote.UnreachableBrowserException">
            <message>
              <![CDATA[Error communicating with the remote browser. It may have died.
Build info: version: '2.53.0', revision: '35ae25b', time: '2016-03-15 16:57:40'
System info: host: 'Arun-pc', ip: '192.2.200.122', os.name: 'Windows 7', os.arch: 'amd64', os.version: '6.1', java.version: '1.8.0_91'
Driver info: driver.version: RemoteWebDriver
Capabilities [{applicationCacheEnabled=true, rotatable=false, handlesAlerts=true, databaseEnabled=true, version=46.0.1, platform=WINDOWS, nativeEvents=false, acceptSslCerts=true, webStorageEnabled=true, locationContextEnabled=true, browserName=firefox, takesScreenshot=true, javascriptEnabled=true, cssSelectorsEnabled=true}]
Session ID: a92a59a9-3086-4464-baae-962f830c23d1]]>
            </message>
            <full-stacktrace>
              <![CDATA[org.openqa.selenium.remote.UnreachableBrowserException: Error communicating with the remote browser. It may have died.
Build info: version: '2.53.0', revision: '35ae25b', time: '2016-03-15 16:57:40'
System info: host: 'Arun-pc', ip: '192.2.200.122', os.name: 'Windows 7', os.arch: 'amd64', os.version: '6.1', java.version: '1.8.0_91'
Driver info: driver.version: RemoteWebDriver
Capabilities [{applicationCacheEnabled=true, rotatable=false, handlesAlerts=true, databaseEnabled=true, version=46.0.1, platform=WINDOWS, nativeEvents=false, acceptSslCerts=true, webStorageEnabled=true, locationContextEnabled=true, browserName=firefox, takesScreenshot=true, javascriptEnabled=true, cssSelectorsEnabled=true}]
Session ID: a92a59a9-3086-4464-baae-962f830c23d1
	at org.openqa.selenium.remote.RemoteWebDriver.execute(RemoteWebDriver.java:665)
	at org.openqa.selenium.remote.RemoteWebDriver.get(RemoteWebDriver.java:316)
	at fotf_Testcase.AboutusPage_PageEditor_FiveItem.LoginSitecore(AboutusPage_PageEditor_FiveItem.java:21)
	at sun.reflect.NativeMethodAccessorImpl.invoke0(Native Method)
	at sun.reflect.NativeMethodAccessorImpl.invoke(Unknown Source)
	at sun.reflect.DelegatingMethodAccessorImpl.invoke(Unknown Source)
	at java.lang.reflect.Method.invoke(Unknown Source)
	at org.testng.internal.MethodInvocationHelper.invokeMethod(MethodInvocationHelper.java:85)
	at org.testng.internal.Invoker.invokeConfigurationMethod(Invoker.java:510)
	at org.testng.internal.Invoker.invokeConfigurations(Invoker.java:211)
	at org.testng.internal.Invoker.invokeMethod(Invoker.java:585)
	at org.testng.internal.Invoker.invokeTestMethod(Invoker.java:821)
	at org.testng.internal.Invoker.invokeTestMethods(Invoker.java:1131)
	at org.testng.internal.TestMethodWorker.invokeTestMethods(TestMethodWorker.java:124)
	at org.testng.internal.TestMethodWorker.run(TestMethodWorker.java:108)
	at org.testng.TestRunner.privateRun(TestRunner.java:773)
	at org.testng.TestRunner.run(TestRunner.java:623)
	at org.testng.SuiteRunner.runTest(SuiteRunner.java:357)
	at org.testng.SuiteRunner.runSequentially(SuiteRunner.java:352)
	at org.testng.SuiteRunner.privateRun(SuiteRunner.java:310)
	at org.testng.SuiteRunner.run(SuiteRunner.java:259)
	at org.testng.SuiteRunnerWorker.runSuite(SuiteRunnerWorker.java:52)
	at org.testng.SuiteRunnerWorker.run(SuiteRunnerWorker.java:86)
	at org.testng.TestNG.runSuitesSequentially(TestNG.java:1185)
	at org.testng.TestNG.runSuitesLocally(TestNG.java:1110)
	at org.testng.TestNG.run(TestNG.java:1018)
	at org.testng.TestNG.privateMain(TestNG.java:1325)
	at org.testng.TestNG.main(TestNG.java:1294)
Caused by: org.apache.http.conn.HttpHostConnectException: Connect to 127.0.0.1:7055 [/127.0.0.1] failed: Connection refused: connect
	at org.apache.http.impl.conn.DefaultHttpClientConnectionOperator.connect(DefaultHttpClientConnectionOperator.java:151)
	at org.apache.http.impl.conn.PoolingHttpClientConnectionManager.connect(PoolingHttpClientConnectionManager.java:353)
	at org.apache.http.impl.execchain.MainClientExec.establishRoute(MainClientExec.java:380)
	at org.apache.http.impl.execchain.MainClientExec.execute(MainClientExec.java:236)
	at org.apache.http.impl.execchain.ProtocolExec.execute(ProtocolExec.java:184)
	at org.apache.http.impl.execchain.RetryExec.execute(RetryExec.java:88)
	at org.apache.http.impl.execchain.RedirectExec.execute(RedirectExec.java:110)
	at org.apache.http.impl.client.InternalHttpClient.doExecute(InternalHttpClient.java:184)
	at org.apache.http.impl.client.CloseableHttpClient.execute(CloseableHttpClient.java:71)
	at org.apache.http.impl.client.CloseableHttpClient.execute(CloseableHttpClient.java:55)
	at org.openqa.selenium.remote.internal.ApacheHttpClient.fallBackExecute(ApacheHttpClient.java:144)
	at org.openqa.selenium.remote.internal.ApacheHttpClient.execute(ApacheHttpClient.java:90)
	at org.openqa.selenium.remote.HttpCommandExecutor.execute(HttpCommandExecutor.java:142)
	at org.openqa.selenium.firefox.internal.NewProfileExtensionConnection.execute(NewProfileExtensionConnection.java:160)
	at org.openqa.selenium.firefox.FirefoxDriver$LazyCommandExecutor.execute(FirefoxDriver.java:380)
	at org.openqa.selenium.remote.RemoteWebDriver.execute(RemoteWebDriver.java:644)
	... 27 more
Caused by: java.net.ConnectException: Connection refused: connect
	at java.net.DualStackPlainSocketImpl.waitForConnect(Native Method)
	at java.net.DualStackPlainSocketImpl.socketConnect(Unknown Source)
	at java.net.AbstractPlainSocketImpl.doConnect(Unknown Source)
	at java.net.AbstractPlainSocketImpl.connectToAddress(Unknown Source)
	at java.net.AbstractPlainSocketImpl.connect(Unknown Source)
	at java.net.PlainSocketImpl.connect(Unknown Source)
	at java.net.SocksSocketImpl.connect(Unknown Source)
	at java.net.Socket.connect(Unknown Source)
	at org.apache.http.conn.socket.PlainConnectionSocketFactory.connectSocket(PlainConnectionSocketFactory.java:74)
	at org.apache.http.impl.conn.DefaultHttpClientConnectionOperator.connect(DefaultHttpClientConnectionOperator.java:134)
	... 42 more
]]>
            </full-stacktrace>
          </exception> <!-- org.openqa.selenium.remote.UnreachableBrowserException -->
          <reporter-output>
          </reporter-output>
        </test-method> <!-- LoginSitecore -->
        <test-method status="SKIP" signature="AboutUs_FiveItemsFiveColumn()[pri:0, instance:fotf_Testcase.AboutusPage_PageEditor_FiveItem@2d554825]" name="AboutUs_FiveItemsFiveColumn" duration-ms="0" started-at="2016-06-14T13:45:03Z" finished-at="2016-06-14T13:45:03Z">
          <reporter-output>
          </reporter-output>
        </test-method> <!-- AboutUs_FiveItemsFiveColumn -->
        <test-method status="SKIP" signature="LogoutSitecore()[pri:0, instance:fotf_Testcase.AboutusPage_PageEditor_FiveItem@2d554825]" name="LogoutSitecore" is-config="true" duration-ms="0" started-at="2016-06-14T13:45:03Z" finished-at="2016-06-14T13:45:03Z">
          <reporter-output>
          </reporter-output>
        </test-method> <!-- LogoutSitecore -->
        <test-method status="SKIP" signature="LoginSitecore()[pri:0, instance:fotf_Testcase.AboutusPage_PageEditor_FiveItem@2d554825]" name="LoginSitecore" is-config="true" duration-ms="0" started-at="2016-06-14T13:45:03Z" finished-at="2016-06-14T13:45:03Z">
          <reporter-output>
          </reporter-output>
        </test-method> <!-- LoginSitecore -->
        <test-method status="SKIP" signature="AboutUs_FiveItems2x3()[pri:0, instance:fotf_Testcase.AboutusPage_PageEditor_FiveItem@2d554825]" name="AboutUs_FiveItems2x3" duration-ms="0" started-at="2016-06-14T13:45:03Z" finished-at="2016-06-14T13:45:03Z">
          <reporter-output>
          </reporter-output>
        </test-method> <!-- AboutUs_FiveItems2x3 -->
        <test-method status="SKIP" signature="LogoutSitecore()[pri:0, instance:fotf_Testcase.AboutusPage_PageEditor_FiveItem@2d554825]" name="LogoutSitecore" is-config="true" duration-ms="0" started-at="2016-06-14T13:45:03Z" finished-at="2016-06-14T13:45:03Z">
          <reporter-output>
          </reporter-output>
        </test-method> <!-- LogoutSitecore -->
      </class> <!-- fotf_Testcase.AboutusPage_PageEditor_FiveItem -->
      <class name="fotf_Testcase.AboutusPage_PageEditor_Article">
        <test-method status="FAIL" signature="LoginSitecore()[pri:0, instance:fotf_Testcase.AboutusPage_PageEditor_Article@3567135c]" name="LoginSitecore" is-config="true" duration-ms="0" started-at="2016-06-14T13:45:05Z" finished-at="2016-06-14T13:45:05Z">
          <exception class="org.openqa.selenium.remote.UnreachableBrowserException">
            <message>
              <![CDATA[Error communicating with the remote browser. It may have died.
Build info: version: '2.53.0', revision: '35ae25b', time: '2016-03-15 16:57:40'
System info: host: 'Arun-pc', ip: '192.2.200.122', os.name: 'Windows 7', os.arch: 'amd64', os.version: '6.1', java.version: '1.8.0_91'
Driver info: driver.version: RemoteWebDriver
Capabilities [{applicationCacheEnabled=true, rotatable=false, handlesAlerts=true, databaseEnabled=true, version=46.0.1, platform=WINDOWS, nativeEvents=false, acceptSslCerts=true, webStorageEnabled=true, locationContextEnabled=true, browserName=firefox, takesScreenshot=true, javascriptEnabled=true, cssSelectorsEnabled=true}]
Session ID: a92a59a9-3086-4464-baae-962f830c23d1]]>
            </message>
            <full-stacktrace>
              <![CDATA[org.openqa.selenium.remote.UnreachableBrowserException: Error communicating with the remote browser. It may have died.
Build info: version: '2.53.0', revision: '35ae25b', time: '2016-03-15 16:57:40'
System info: host: 'Arun-pc', ip: '192.2.200.122', os.name: 'Windows 7', os.arch: 'amd64', os.version: '6.1', java.version: '1.8.0_91'
Driver info: driver.version: RemoteWebDriver
Capabilities [{applicationCacheEnabled=true, rotatable=false, handlesAlerts=true, databaseEnabled=true, version=46.0.1, platform=WINDOWS, nativeEvents=false, acceptSslCerts=true, webStorageEnabled=true, locationContextEnabled=true, browserName=firefox, takesScreenshot=true, javascriptEnabled=true, cssSelectorsEnabled=true}]
Session ID: a92a59a9-3086-4464-baae-962f830c23d1
	at org.openqa.selenium.remote.RemoteWebDriver.execute(RemoteWebDriver.java:665)
	at org.openqa.selenium.remote.RemoteWebDriver.get(RemoteWebDriver.java:316)
	at fotf_Testcase.AboutusPage_PageEditor_Article.LoginSitecore(AboutusPage_PageEditor_Article.java:21)
	at sun.reflect.NativeMethodAccessorImpl.invoke0(Native Method)
	at sun.reflect.NativeMethodAccessorImpl.invoke(Unknown Source)
	at sun.reflect.DelegatingMethodAccessorImpl.invoke(Unknown Source)
	at java.lang.reflect.Method.invoke(Unknown Source)
	at org.testng.internal.MethodInvocationHelper.invokeMethod(MethodInvocationHelper.java:85)
	at org.testng.internal.Invoker.invokeConfigurationMethod(Invoker.java:510)
	at org.testng.internal.Invoker.invokeConfigurations(Invoker.java:211)
	at org.testng.internal.Invoker.invokeMethod(Invoker.java:585)
	at org.testng.internal.Invoker.invokeTestMethod(Invoker.java:821)
	at org.testng.internal.Invoker.invokeTestMethods(Invoker.java:1131)
	at org.testng.internal.TestMethodWorker.invokeTestMethods(TestMethodWorker.java:124)
	at org.testng.internal.TestMethodWorker.run(TestMethodWorker.java:108)
	at org.testng.TestRunner.privateRun(TestRunner.java:773)
	at org.testng.TestRunner.run(TestRunner.java:623)
	at org.testng.SuiteRunner.runTest(SuiteRunner.java:357)
	at org.testng.SuiteRunner.runSequentially(SuiteRunner.java:352)
	at org.testng.SuiteRunner.privateRun(SuiteRunner.java:310)
	at org.testng.SuiteRunner.run(SuiteRunner.java:259)
	at org.testng.SuiteRunnerWorker.runSuite(SuiteRunnerWorker.java:52)
	at org.testng.SuiteRunnerWorker.run(SuiteRunnerWorker.java:86)
	at org.testng.TestNG.runSuitesSequentially(TestNG.java:1185)
	at org.testng.TestNG.runSuitesLocally(TestNG.java:1110)
	at org.testng.TestNG.run(TestNG.java:1018)
	at org.testng.TestNG.privateMain(TestNG.java:1325)
	at org.testng.TestNG.main(TestNG.java:1294)
Caused by: org.apache.http.conn.HttpHostConnectException: Connect to 127.0.0.1:7055 [/127.0.0.1] failed: Connection refused: connect
	at org.apache.http.impl.conn.DefaultHttpClientConnectionOperator.connect(DefaultHttpClientConnectionOperator.java:151)
	at org.apache.http.impl.conn.PoolingHttpClientConnectionManager.connect(PoolingHttpClientConnectionManager.java:353)
	at org.apache.http.impl.execchain.MainClientExec.establishRoute(MainClientExec.java:380)
	at org.apache.http.impl.execchain.MainClientExec.execute(MainClientExec.java:236)
	at org.apache.http.impl.execchain.ProtocolExec.execute(ProtocolExec.java:184)
	at org.apache.http.impl.execchain.RetryExec.execute(RetryExec.java:88)
	at org.apache.http.impl.execchain.RedirectExec.execute(RedirectExec.java:110)
	at org.apache.http.impl.client.InternalHttpClient.doExecute(InternalHttpClient.java:184)
	at org.apache.http.impl.client.CloseableHttpClient.execute(CloseableHttpClient.java:71)
	at org.apache.http.impl.client.CloseableHttpClient.execute(CloseableHttpClient.java:55)
	at org.openqa.selenium.remote.internal.ApacheHttpClient.fallBackExecute(ApacheHttpClient.java:144)
	at org.openqa.selenium.remote.internal.ApacheHttpClient.execute(ApacheHttpClient.java:90)
	at org.openqa.selenium.remote.HttpCommandExecutor.execute(HttpCommandExecutor.java:142)
	at org.openqa.selenium.firefox.internal.NewProfileExtensionConnection.execute(NewProfileExtensionConnection.java:160)
	at org.openqa.selenium.firefox.FirefoxDriver$LazyCommandExecutor.execute(FirefoxDriver.java:380)
	at org.openqa.selenium.remote.RemoteWebDriver.execute(RemoteWebDriver.java:644)
	... 27 more
Caused by: java.net.ConnectException: Connection refused: connect
	at java.net.DualStackPlainSocketImpl.waitForConnect(Native Method)
	at java.net.DualStackPlainSocketImpl.socketConnect(Unknown Source)
	at java.net.AbstractPlainSocketImpl.doConnect(Unknown Source)
	at java.net.AbstractPlainSocketImpl.connectToAddress(Unknown Source)
	at java.net.AbstractPlainSocketImpl.connect(Unknown Source)
	at java.net.PlainSocketImpl.connect(Unknown Source)
	at java.net.SocksSocketImpl.connect(Unknown Source)
	at java.net.Socket.connect(Unknown Source)
	at org.apache.http.conn.socket.PlainConnectionSocketFactory.connectSocket(PlainConnectionSocketFactory.java:74)
	at org.apache.http.impl.conn.DefaultHttpClientConnectionOperator.connect(DefaultHttpClientConnectionOperator.java:134)
	... 42 more
]]>
            </full-stacktrace>
          </exception> <!-- org.openqa.selenium.remote.UnreachableBrowserException -->
          <reporter-output>
          </reporter-output>
        </test-method> <!-- LoginSitecore -->
        <test-method status="SKIP" signature="AboutUs_Article()[pri:0, instance:fotf_Testcase.AboutusPage_PageEditor_Article@3567135c]" name="AboutUs_Article" duration-ms="1" started-at="2016-06-14T13:45:06Z" finished-at="2016-06-14T13:45:06Z">
          <reporter-output>
          </reporter-output>
        </test-method> <!-- AboutUs_Article -->
        <test-method status="SKIP" signature="LoginSitecore()[pri:0, instance:fotf_Testcase.AboutusPage_PageEditor_Article@3567135c]" name="LoginSitecore" is-config="true" duration-ms="0" started-at="2016-06-14T13:45:06Z" finished-at="2016-06-14T13:45:06Z">
          <reporter-output>
          </reporter-output>
        </test-method> <!-- LoginSitecore -->
        <test-method status="SKIP" signature="LogoutSitecore()[pri:0, instance:fotf_Testcase.AboutusPage_PageEditor_Article@3567135c]" name="LogoutSitecore" is-config="true" duration-ms="0" started-at="2016-06-14T13:45:06Z" finished-at="2016-06-14T13:45:06Z">
          <reporter-output>
          </reporter-output>
        </test-method> <!-- LogoutSitecore -->
        <test-method status="SKIP" signature="LogoutSitecore()[pri:0, instance:fotf_Testcase.AboutusPage_PageEditor_Article@3567135c]" name="LogoutSitecore" is-config="true" duration-ms="0" started-at="2016-06-14T13:45:06Z" finished-at="2016-06-14T13:45:06Z">
          <reporter-output>
          </reporter-output>
        </test-method> <!-- LogoutSitecore -->
        <test-method status="SKIP" signature="AboutUs_ArticlePublicationDate()[pri:0, instance:fotf_Testcase.AboutusPage_PageEditor_Article@3567135c]" name="AboutUs_ArticlePublicationDate" duration-ms="0" started-at="2016-06-14T13:45:06Z" finished-at="2016-06-14T13:45:06Z">
          <reporter-output>
          </reporter-output>
        </test-method> <!-- AboutUs_ArticlePublicationDate -->
        <test-method status="SKIP" signature="LoginSitecore()[pri:0, instance:fotf_Testcase.AboutusPage_PageEditor_Article@3567135c]" name="LoginSitecore" is-config="true" duration-ms="0" started-at="2016-06-14T13:45:06Z" finished-at="2016-06-14T13:45:06Z">
          <reporter-output>
          </reporter-output>
        </test-method> <!-- LoginSitecore -->
        <test-method status="SKIP" signature="LogoutSitecore()[pri:0, instance:fotf_Testcase.AboutusPage_PageEditor_Article@3567135c]" name="LogoutSitecore" is-config="true" duration-ms="0" started-at="2016-06-14T13:45:06Z" finished-at="2016-06-14T13:45:06Z">
          <reporter-output>
          </reporter-output>
        </test-method> <!-- LogoutSitecore -->
        <test-method status="SKIP" signature="AboutUs_MergeArticleAndArticle()[pri:0, instance:fotf_Testcase.AboutusPage_PageEditor_Article@3567135c]" name="AboutUs_MergeArticleAndArticle" duration-ms="0" started-at="2016-06-14T13:45:06Z" finished-at="2016-06-14T13:45:06Z">
          <reporter-output>
          </reporter-output>
        </test-method> <!-- AboutUs_MergeArticleAndArticle -->
        <test-method status="SKIP" signature="LogoutSitecore()[pri:0, instance:fotf_Testcase.AboutusPage_PageEditor_Article@3567135c]" name="LogoutSitecore" is-config="true" duration-ms="0" started-at="2016-06-14T13:45:06Z" finished-at="2016-06-14T13:45:06Z">
          <reporter-output>
          </reporter-output>
        </test-method> <!-- LogoutSitecore -->
        <test-method status="SKIP" signature="AboutUs_ArticleIsFeatured()[pri:0, instance:fotf_Testcase.AboutusPage_PageEditor_Article@3567135c]" name="AboutUs_ArticleIsFeatured" duration-ms="0" started-at="2016-06-14T13:45:06Z" finished-at="2016-06-14T13:45:06Z">
          <reporter-output>
          </reporter-output>
        </test-method> <!-- AboutUs_ArticleIsFeatured -->
        <test-method status="SKIP" signature="LoginSitecore()[pri:0, instance:fotf_Testcase.AboutusPage_PageEditor_Article@3567135c]" name="LoginSitecore" is-config="true" duration-ms="0" started-at="2016-06-14T13:45:06Z" finished-at="2016-06-14T13:45:06Z">
          <reporter-output>
          </reporter-output>
        </test-method> <!-- LoginSitecore -->
      </class> <!-- fotf_Testcase.AboutusPage_PageEditor_Article -->
      <class name="fotf_Testcase.AboutusPage_PageEditor_SixItem">
        <test-method status="FAIL" signature="LoginSitecore()[pri:0, instance:fotf_Testcase.AboutusPage_PageEditor_SixItem@68837a77]" name="LoginSitecore" is-config="true" duration-ms="0" started-at="2016-06-14T13:45:03Z" finished-at="2016-06-14T13:45:03Z">
          <exception class="org.openqa.selenium.remote.UnreachableBrowserException">
            <message>
              <![CDATA[Error communicating with the remote browser. It may have died.
Build info: version: '2.53.0', revision: '35ae25b', time: '2016-03-15 16:57:40'
System info: host: 'Arun-pc', ip: '192.2.200.122', os.name: 'Windows 7', os.arch: 'amd64', os.version: '6.1', java.version: '1.8.0_91'
Driver info: driver.version: RemoteWebDriver
Capabilities [{applicationCacheEnabled=true, rotatable=false, handlesAlerts=true, databaseEnabled=true, version=46.0.1, platform=WINDOWS, nativeEvents=false, acceptSslCerts=true, webStorageEnabled=true, locationContextEnabled=true, browserName=firefox, takesScreenshot=true, javascriptEnabled=true, cssSelectorsEnabled=true}]
Session ID: a92a59a9-3086-4464-baae-962f830c23d1]]>
            </message>
            <full-stacktrace>
              <![CDATA[org.openqa.selenium.remote.UnreachableBrowserException: Error communicating with the remote browser. It may have died.
Build info: version: '2.53.0', revision: '35ae25b', time: '2016-03-15 16:57:40'
System info: host: 'Arun-pc', ip: '192.2.200.122', os.name: 'Windows 7', os.arch: 'amd64', os.version: '6.1', java.version: '1.8.0_91'
Driver info: driver.version: RemoteWebDriver
Capabilities [{applicationCacheEnabled=true, rotatable=false, handlesAlerts=true, databaseEnabled=true, version=46.0.1, platform=WINDOWS, nativeEvents=false, acceptSslCerts=true, webStorageEnabled=true, locationContextEnabled=true, browserName=firefox, takesScreenshot=true, javascriptEnabled=true, cssSelectorsEnabled=true}]
Session ID: a92a59a9-3086-4464-baae-962f830c23d1
	at org.openqa.selenium.remote.RemoteWebDriver.execute(RemoteWebDriver.java:665)
	at org.openqa.selenium.remote.RemoteWebDriver.get(RemoteWebDriver.java:316)
	at fotf_Testcase.AboutusPage_PageEditor_SixItem.LoginSitecore(AboutusPage_PageEditor_SixItem.java:21)
	at sun.reflect.NativeMethodAccessorImpl.invoke0(Native Method)
	at sun.reflect.NativeMethodAccessorImpl.invoke(Unknown Source)
	at sun.reflect.DelegatingMethodAccessorImpl.invoke(Unknown Source)
	at java.lang.reflect.Method.invoke(Unknown Source)
	at org.testng.internal.MethodInvocationHelper.invokeMethod(MethodInvocationHelper.java:85)
	at org.testng.internal.Invoker.invokeConfigurationMethod(Invoker.java:510)
	at org.testng.internal.Invoker.invokeConfigurations(Invoker.java:211)
	at org.testng.internal.Invoker.invokeMethod(Invoker.java:585)
	at org.testng.internal.Invoker.invokeTestMethod(Invoker.java:821)
	at org.testng.internal.Invoker.invokeTestMethods(Invoker.java:1131)
	at org.testng.internal.TestMethodWorker.invokeTestMethods(TestMethodWorker.java:124)
	at org.testng.internal.TestMethodWorker.run(TestMethodWorker.java:108)
	at org.testng.TestRunner.privateRun(TestRunner.java:773)
	at org.testng.TestRunner.run(TestRunner.java:623)
	at org.testng.SuiteRunner.runTest(SuiteRunner.java:357)
	at org.testng.SuiteRunner.runSequentially(SuiteRunner.java:352)
	at org.testng.SuiteRunner.privateRun(SuiteRunner.java:310)
	at org.testng.SuiteRunner.run(SuiteRunner.java:259)
	at org.testng.SuiteRunnerWorker.runSuite(SuiteRunnerWorker.java:52)
	at org.testng.SuiteRunnerWorker.run(SuiteRunnerWorker.java:86)
	at org.testng.TestNG.runSuitesSequentially(TestNG.java:1185)
	at org.testng.TestNG.runSuitesLocally(TestNG.java:1110)
	at org.testng.TestNG.run(TestNG.java:1018)
	at org.testng.TestNG.privateMain(TestNG.java:1325)
	at org.testng.TestNG.main(TestNG.java:1294)
Caused by: org.apache.http.conn.HttpHostConnectException: Connect to 127.0.0.1:7055 [/127.0.0.1] failed: Connection refused: connect
	at org.apache.http.impl.conn.DefaultHttpClientConnectionOperator.connect(DefaultHttpClientConnectionOperator.java:151)
	at org.apache.http.impl.conn.PoolingHttpClientConnectionManager.connect(PoolingHttpClientConnectionManager.java:353)
	at org.apache.http.impl.execchain.MainClientExec.establishRoute(MainClientExec.java:380)
	at org.apache.http.impl.execchain.MainClientExec.execute(MainClientExec.java:236)
	at org.apache.http.impl.execchain.ProtocolExec.execute(ProtocolExec.java:184)
	at org.apache.http.impl.execchain.RetryExec.execute(RetryExec.java:88)
	at org.apache.http.impl.execchain.RedirectExec.execute(RedirectExec.java:110)
	at org.apache.http.impl.client.InternalHttpClient.doExecute(InternalHttpClient.java:184)
	at org.apache.http.impl.client.CloseableHttpClient.execute(CloseableHttpClient.java:71)
	at org.apache.http.impl.client.CloseableHttpClient.execute(CloseableHttpClient.java:55)
	at org.openqa.selenium.remote.internal.ApacheHttpClient.fallBackExecute(ApacheHttpClient.java:144)
	at org.openqa.selenium.remote.internal.ApacheHttpClient.execute(ApacheHttpClient.java:90)
	at org.openqa.selenium.remote.HttpCommandExecutor.execute(HttpCommandExecutor.java:142)
	at org.openqa.selenium.firefox.internal.NewProfileExtensionConnection.execute(NewProfileExtensionConnection.java:160)
	at org.openqa.selenium.firefox.FirefoxDriver$LazyCommandExecutor.execute(FirefoxDriver.java:380)
	at org.openqa.selenium.remote.RemoteWebDriver.execute(RemoteWebDriver.java:644)
	... 27 more
Caused by: java.net.ConnectException: Connection refused: connect
	at java.net.DualStackPlainSocketImpl.waitForConnect(Native Method)
	at java.net.DualStackPlainSocketImpl.socketConnect(Unknown Source)
	at java.net.AbstractPlainSocketImpl.doConnect(Unknown Source)
	at java.net.AbstractPlainSocketImpl.connectToAddress(Unknown Source)
	at java.net.AbstractPlainSocketImpl.connect(Unknown Source)
	at java.net.PlainSocketImpl.connect(Unknown Source)
	at java.net.SocksSocketImpl.connect(Unknown Source)
	at java.net.Socket.connect(Unknown Source)
	at org.apache.http.conn.socket.PlainConnectionSocketFactory.connectSocket(PlainConnectionSocketFactory.java:74)
	at org.apache.http.impl.conn.DefaultHttpClientConnectionOperator.connect(DefaultHttpClientConnectionOperator.java:134)
	... 42 more
]]>
            </full-stacktrace>
          </exception> <!-- org.openqa.selenium.remote.UnreachableBrowserException -->
          <reporter-output>
          </reporter-output>
        </test-method> <!-- LoginSitecore -->
        <test-method status="SKIP" signature="AboutUs_SixItemsThreeColumns()[pri:0, instance:fotf_Testcase.AboutusPage_PageEditor_SixItem@68837a77]" name="AboutUs_SixItemsThreeColumns" duration-ms="0" started-at="2016-06-14T13:45:04Z" finished-at="2016-06-14T13:45:04Z">
          <reporter-output>
          </reporter-output>
        </test-method> <!-- AboutUs_SixItemsThreeColumns -->
        <test-method status="SKIP" signature="LoginSitecore()[pri:0, instance:fotf_Testcase.AboutusPage_PageEditor_SixItem@68837a77]" name="LoginSitecore" is-config="true" duration-ms="0" started-at="2016-06-14T13:45:04Z" finished-at="2016-06-14T13:45:04Z">
          <reporter-output>
          </reporter-output>
        </test-method> <!-- LoginSitecore -->
        <test-method status="SKIP" signature="AboutUs_SixItemsSixColumns()[pri:0, instance:fotf_Testcase.AboutusPage_PageEditor_SixItem@68837a77]" name="AboutUs_SixItemsSixColumns" duration-ms="0" started-at="2016-06-14T13:45:04Z" finished-at="2016-06-14T13:45:04Z">
          <reporter-output>
          </reporter-output>
        </test-method> <!-- AboutUs_SixItemsSixColumns -->
        <test-method status="SKIP" signature="LoginSitecore()[pri:0, instance:fotf_Testcase.AboutusPage_PageEditor_SixItem@68837a77]" name="LoginSitecore" is-config="true" duration-ms="0" started-at="2016-06-14T13:45:04Z" finished-at="2016-06-14T13:45:04Z">
          <reporter-output>
          </reporter-output>
        </test-method> <!-- LoginSitecore -->
        <test-method status="SKIP" signature="LoginSitecore()[pri:0, instance:fotf_Testcase.AboutusPage_PageEditor_SixItem@68837a77]" name="LoginSitecore" is-config="true" duration-ms="0" started-at="2016-06-14T13:45:04Z" finished-at="2016-06-14T13:45:04Z">
          <reporter-output>
          </reporter-output>
        </test-method> <!-- LoginSitecore -->
        <test-method status="SKIP" signature="AboutUs_SixItemsSixColumnsWithText()[pri:0, instance:fotf_Testcase.AboutusPage_PageEditor_SixItem@68837a77]" name="AboutUs_SixItemsSixColumnsWithText" duration-ms="0" started-at="2016-06-14T13:45:04Z" finished-at="2016-06-14T13:45:04Z">
          <reporter-output>
          </reporter-output>
        </test-method> <!-- AboutUs_SixItemsSixColumnsWithText -->
        <test-method status="SKIP" signature="LogoutSitecore()[pri:0, instance:fotf_Testcase.AboutusPage_PageEditor_SixItem@68837a77]" name="LogoutSitecore" is-config="true" duration-ms="0" started-at="2016-06-14T13:45:04Z" finished-at="2016-06-14T13:45:04Z">
          <reporter-output>
          </reporter-output>
        </test-method> <!-- LogoutSitecore -->
        <test-method status="SKIP" signature="LogoutSitecore()[pri:0, instance:fotf_Testcase.AboutusPage_PageEditor_SixItem@68837a77]" name="LogoutSitecore" is-config="true" duration-ms="0" started-at="2016-06-14T13:45:04Z" finished-at="2016-06-14T13:45:04Z">
          <reporter-output>
          </reporter-output>
        </test-method> <!-- LogoutSitecore -->
        <test-method status="SKIP" signature="LogoutSitecore()[pri:0, instance:fotf_Testcase.AboutusPage_PageEditor_SixItem@68837a77]" name="LogoutSitecore" is-config="true" duration-ms="0" started-at="2016-06-14T13:45:04Z" finished-at="2016-06-14T13:45:04Z">
          <reporter-output>
          </reporter-output>
        </test-method> <!-- LogoutSitecore -->
        <test-method status="SKIP" signature="AboutUs_SixItemsTwoColumns()[pri:0, instance:fotf_Testcase.AboutusPage_PageEditor_SixItem@68837a77]" name="AboutUs_SixItemsTwoColumns" duration-ms="0" started-at="2016-06-14T13:45:04Z" finished-at="2016-06-14T13:45:04Z">
          <reporter-output>
          </reporter-output>
        </test-method> <!-- AboutUs_SixItemsTwoColumns -->
        <test-method status="SKIP" signature="LogoutSitecore()[pri:0, instance:fotf_Testcase.AboutusPage_PageEditor_SixItem@68837a77]" name="LogoutSitecore" is-config="true" duration-ms="0" started-at="2016-06-14T13:45:04Z" finished-at="2016-06-14T13:45:04Z">
          <reporter-output>
          </reporter-output>
        </test-method> <!-- LogoutSitecore -->
      </class> <!-- fotf_Testcase.AboutusPage_PageEditor_SixItem -->
      <class name="fotf_Testcase.AboutusPage_PageEditor_OneItem">
        <test-method status="FAIL" signature="LoginSitecore()[pri:0, instance:fotf_Testcase.AboutusPage_PageEditor_OneItem@4cb2c100]" name="LoginSitecore" is-config="true" duration-ms="0" started-at="2016-06-14T13:44:58Z" finished-at="2016-06-14T13:44:58Z">
          <exception class="org.openqa.selenium.remote.UnreachableBrowserException">
            <message>
              <![CDATA[Error communicating with the remote browser. It may have died.
Build info: version: '2.53.0', revision: '35ae25b', time: '2016-03-15 16:57:40'
System info: host: 'Arun-pc', ip: '192.2.200.122', os.name: 'Windows 7', os.arch: 'amd64', os.version: '6.1', java.version: '1.8.0_91'
Driver info: driver.version: RemoteWebDriver
Capabilities [{applicationCacheEnabled=true, rotatable=false, handlesAlerts=true, databaseEnabled=true, version=46.0.1, platform=WINDOWS, nativeEvents=false, acceptSslCerts=true, webStorageEnabled=true, locationContextEnabled=true, browserName=firefox, takesScreenshot=true, javascriptEnabled=true, cssSelectorsEnabled=true}]
Session ID: a92a59a9-3086-4464-baae-962f830c23d1]]>
            </message>
            <full-stacktrace>
              <![CDATA[org.openqa.selenium.remote.UnreachableBrowserException: Error communicating with the remote browser. It may have died.
Build info: version: '2.53.0', revision: '35ae25b', time: '2016-03-15 16:57:40'
System info: host: 'Arun-pc', ip: '192.2.200.122', os.name: 'Windows 7', os.arch: 'amd64', os.version: '6.1', java.version: '1.8.0_91'
Driver info: driver.version: RemoteWebDriver
Capabilities [{applicationCacheEnabled=true, rotatable=false, handlesAlerts=true, databaseEnabled=true, version=46.0.1, platform=WINDOWS, nativeEvents=false, acceptSslCerts=true, webStorageEnabled=true, locationContextEnabled=true, browserName=firefox, takesScreenshot=true, javascriptEnabled=true, cssSelectorsEnabled=true}]
Session ID: a92a59a9-3086-4464-baae-962f830c23d1
	at org.openqa.selenium.remote.RemoteWebDriver.execute(RemoteWebDriver.java:665)
	at org.openqa.selenium.remote.RemoteWebDriver.get(RemoteWebDriver.java:316)
	at fotf_Testcase.AboutusPage_PageEditor_OneItem.LoginSitecore(AboutusPage_PageEditor_OneItem.java:21)
	at sun.reflect.NativeMethodAccessorImpl.invoke0(Native Method)
	at sun.reflect.NativeMethodAccessorImpl.invoke(Unknown Source)
	at sun.reflect.DelegatingMethodAccessorImpl.invoke(Unknown Source)
	at java.lang.reflect.Method.invoke(Unknown Source)
	at org.testng.internal.MethodInvocationHelper.invokeMethod(MethodInvocationHelper.java:85)
	at org.testng.internal.Invoker.invokeConfigurationMethod(Invoker.java:510)
	at org.testng.internal.Invoker.invokeConfigurations(Invoker.java:211)
	at org.testng.internal.Invoker.invokeMethod(Invoker.java:585)
	at org.testng.internal.Invoker.invokeTestMethod(Invoker.java:821)
	at org.testng.internal.Invoker.invokeTestMethods(Invoker.java:1131)
	at org.testng.internal.TestMethodWorker.invokeTestMethods(TestMethodWorker.java:124)
	at org.testng.internal.TestMethodWorker.run(TestMethodWorker.java:108)
	at org.testng.TestRunner.privateRun(TestRunner.java:773)
	at org.testng.TestRunner.run(TestRunner.java:623)
	at org.testng.SuiteRunner.runTest(SuiteRunner.java:357)
	at org.testng.SuiteRunner.runSequentially(SuiteRunner.java:352)
	at org.testng.SuiteRunner.privateRun(SuiteRunner.java:310)
	at org.testng.SuiteRunner.run(SuiteRunner.java:259)
	at org.testng.SuiteRunnerWorker.runSuite(SuiteRunnerWorker.java:52)
	at org.testng.SuiteRunnerWorker.run(SuiteRunnerWorker.java:86)
	at org.testng.TestNG.runSuitesSequentially(TestNG.java:1185)
	at org.testng.TestNG.runSuitesLocally(TestNG.java:1110)
	at org.testng.TestNG.run(TestNG.java:1018)
	at org.testng.TestNG.privateMain(TestNG.java:1325)
	at org.testng.TestNG.main(TestNG.java:1294)
Caused by: org.apache.http.conn.HttpHostConnectException: Connect to 127.0.0.1:7055 [/127.0.0.1] failed: Connection refused: connect
	at org.apache.http.impl.conn.DefaultHttpClientConnectionOperator.connect(DefaultHttpClientConnectionOperator.java:151)
	at org.apache.http.impl.conn.PoolingHttpClientConnectionManager.connect(PoolingHttpClientConnectionManager.java:353)
	at org.apache.http.impl.execchain.MainClientExec.establishRoute(MainClientExec.java:380)
	at org.apache.http.impl.execchain.MainClientExec.execute(MainClientExec.java:236)
	at org.apache.http.impl.execchain.ProtocolExec.execute(ProtocolExec.java:184)
	at org.apache.http.impl.execchain.RetryExec.execute(RetryExec.java:88)
	at org.apache.http.impl.execchain.RedirectExec.execute(RedirectExec.java:110)
	at org.apache.http.impl.client.InternalHttpClient.doExecute(InternalHttpClient.java:184)
	at org.apache.http.impl.client.CloseableHttpClient.execute(CloseableHttpClient.java:71)
	at org.apache.http.impl.client.CloseableHttpClient.execute(CloseableHttpClient.java:55)
	at org.openqa.selenium.remote.internal.ApacheHttpClient.fallBackExecute(ApacheHttpClient.java:144)
	at org.openqa.selenium.remote.internal.ApacheHttpClient.execute(ApacheHttpClient.java:90)
	at org.openqa.selenium.remote.HttpCommandExecutor.execute(HttpCommandExecutor.java:142)
	at org.openqa.selenium.firefox.internal.NewProfileExtensionConnection.execute(NewProfileExtensionConnection.java:160)
	at org.openqa.selenium.firefox.FirefoxDriver$LazyCommandExecutor.execute(FirefoxDriver.java:380)
	at org.openqa.selenium.remote.RemoteWebDriver.execute(RemoteWebDriver.java:644)
	... 27 more
Caused by: java.net.ConnectException: Connection refused: connect
	at java.net.DualStackPlainSocketImpl.waitForConnect(Native Method)
	at java.net.DualStackPlainSocketImpl.socketConnect(Unknown Source)
	at java.net.AbstractPlainSocketImpl.doConnect(Unknown Source)
	at java.net.AbstractPlainSocketImpl.connectToAddress(Unknown Source)
	at java.net.AbstractPlainSocketImpl.connect(Unknown Source)
	at java.net.PlainSocketImpl.connect(Unknown Source)
	at java.net.SocksSocketImpl.connect(Unknown Source)
	at java.net.Socket.connect(Unknown Source)
	at org.apache.http.conn.socket.PlainConnectionSocketFactory.connectSocket(PlainConnectionSocketFactory.java:74)
	at org.apache.http.impl.conn.DefaultHttpClientConnectionOperator.connect(DefaultHttpClientConnectionOperator.java:134)
	... 42 more
]]>
            </full-stacktrace>
          </exception> <!-- org.openqa.selenium.remote.UnreachableBrowserException -->
          <reporter-output>
          </reporter-output>
        </test-method> <!-- LoginSitecore -->
        <test-method status="SKIP" signature="LogoutSitecore()[pri:0, instance:fotf_Testcase.AboutusPage_PageEditor_OneItem@4cb2c100]" name="LogoutSitecore" is-config="true" duration-ms="0" started-at="2016-06-14T13:44:59Z" finished-at="2016-06-14T13:44:59Z">
          <reporter-output>
          </reporter-output>
        </test-method> <!-- LogoutSitecore -->
        <test-method status="SKIP" signature="AboutUs_ImageOnRight()[pri:0, instance:fotf_Testcase.AboutusPage_PageEditor_OneItem@4cb2c100]" name="AboutUs_ImageOnRight" duration-ms="0" started-at="2016-06-14T13:44:59Z" finished-at="2016-06-14T13:44:59Z">
          <reporter-output>
          </reporter-output>
        </test-method> <!-- AboutUs_ImageOnRight -->
        <test-method status="SKIP" signature="AboutUs_ButtonOnRight()[pri:0, instance:fotf_Testcase.AboutusPage_PageEditor_OneItem@4cb2c100]" name="AboutUs_ButtonOnRight" duration-ms="0" started-at="2016-06-14T13:44:59Z" finished-at="2016-06-14T13:44:59Z">
          <reporter-output>
          </reporter-output>
        </test-method> <!-- AboutUs_ButtonOnRight -->
        <test-method status="SKIP" signature="LogoutSitecore()[pri:0, instance:fotf_Testcase.AboutusPage_PageEditor_OneItem@4cb2c100]" name="LogoutSitecore" is-config="true" duration-ms="0" started-at="2016-06-14T13:44:59Z" finished-at="2016-06-14T13:44:59Z">
          <reporter-output>
          </reporter-output>
        </test-method> <!-- LogoutSitecore -->
        <test-method status="SKIP" signature="LogoutSitecore()[pri:0, instance:fotf_Testcase.AboutusPage_PageEditor_OneItem@4cb2c100]" name="LogoutSitecore" is-config="true" duration-ms="0" started-at="2016-06-14T13:44:59Z" finished-at="2016-06-14T13:44:59Z">
          <reporter-output>
          </reporter-output>
        </test-method> <!-- LogoutSitecore -->
        <test-method status="SKIP" signature="LoginSitecore()[pri:0, instance:fotf_Testcase.AboutusPage_PageEditor_OneItem@4cb2c100]" name="LoginSitecore" is-config="true" duration-ms="0" started-at="2016-06-14T13:44:59Z" finished-at="2016-06-14T13:44:59Z">
          <reporter-output>
          </reporter-output>
        </test-method> <!-- LoginSitecore -->
        <test-method status="SKIP" signature="LoginSitecore()[pri:0, instance:fotf_Testcase.AboutusPage_PageEditor_OneItem@4cb2c100]" name="LoginSitecore" is-config="true" duration-ms="0" started-at="2016-06-14T13:44:59Z" finished-at="2016-06-14T13:44:59Z">
          <reporter-output>
          </reporter-output>
        </test-method> <!-- LoginSitecore -->
        <test-method status="SKIP" signature="AboutUs_ImageOnLeft()[pri:0, instance:fotf_Testcase.AboutusPage_PageEditor_OneItem@4cb2c100]" name="AboutUs_ImageOnLeft" duration-ms="0" started-at="2016-06-14T13:44:59Z" finished-at="2016-06-14T13:44:59Z">
          <reporter-output>
          </reporter-output>
        </test-method> <!-- AboutUs_ImageOnLeft -->
        <test-method status="SKIP" signature="AboutUs_LeftAlignedImageListItems()[pri:0, instance:fotf_Testcase.AboutusPage_PageEditor_OneItem@4cb2c100]" name="AboutUs_LeftAlignedImageListItems" duration-ms="0" started-at="2016-06-14T13:44:59Z" finished-at="2016-06-14T13:44:59Z">
          <reporter-output>
          </reporter-output>
        </test-method> <!-- AboutUs_LeftAlignedImageListItems -->
        <test-method status="SKIP" signature="AboutUs_RightAlignedImageListItems()[pri:0, instance:fotf_Testcase.AboutusPage_PageEditor_OneItem@4cb2c100]" name="AboutUs_RightAlignedImageListItems" duration-ms="0" started-at="2016-06-14T13:44:59Z" finished-at="2016-06-14T13:44:59Z">
          <reporter-output>
          </reporter-output>
        </test-method> <!-- AboutUs_RightAlignedImageListItems -->
        <test-method status="SKIP" signature="LogoutSitecore()[pri:0, instance:fotf_Testcase.AboutusPage_PageEditor_OneItem@4cb2c100]" name="LogoutSitecore" is-config="true" duration-ms="0" started-at="2016-06-14T13:44:59Z" finished-at="2016-06-14T13:44:59Z">
          <reporter-output>
          </reporter-output>
        </test-method> <!-- LogoutSitecore -->
        <test-method status="SKIP" signature="LogoutSitecore()[pri:0, instance:fotf_Testcase.AboutusPage_PageEditor_OneItem@4cb2c100]" name="LogoutSitecore" is-config="true" duration-ms="0" started-at="2016-06-14T13:44:59Z" finished-at="2016-06-14T13:44:59Z">
          <reporter-output>
          </reporter-output>
        </test-method> <!-- LogoutSitecore -->
        <test-method status="SKIP" signature="LoginSitecore()[pri:0, instance:fotf_Testcase.AboutusPage_PageEditor_OneItem@4cb2c100]" name="LoginSitecore" is-config="true" duration-ms="0" started-at="2016-06-14T13:44:59Z" finished-at="2016-06-14T13:44:59Z">
          <reporter-output>
          </reporter-output>
        </test-method> <!-- LoginSitecore -->
        <test-method status="SKIP" signature="LoginSitecore()[pri:0, instance:fotf_Testcase.AboutusPage_PageEditor_OneItem@4cb2c100]" name="LoginSitecore" is-config="true" duration-ms="0" started-at="2016-06-14T13:44:59Z" finished-at="2016-06-14T13:44:59Z">
          <reporter-output>
          </reporter-output>
        </test-method> <!-- LoginSitecore -->
        <test-method status="SKIP" signature="LoginSitecore()[pri:0, instance:fotf_Testcase.AboutusPage_PageEditor_OneItem@4cb2c100]" name="LoginSitecore" is-config="true" duration-ms="0" started-at="2016-06-14T13:44:59Z" finished-at="2016-06-14T13:44:59Z">
          <reporter-output>
          </reporter-output>
        </test-method> <!-- LoginSitecore -->
        <test-method status="SKIP" signature="AboutUs_ButtonOnLeft()[pri:0, instance:fotf_Testcase.AboutusPage_PageEditor_OneItem@4cb2c100]" name="AboutUs_ButtonOnLeft" duration-ms="0" started-at="2016-06-14T13:44:59Z" finished-at="2016-06-14T13:44:59Z">
          <reporter-output>
          </reporter-output>
        </test-method> <!-- AboutUs_ButtonOnLeft -->
        <test-method status="SKIP" signature="LoginSitecore()[pri:0, instance:fotf_Testcase.AboutusPage_PageEditor_OneItem@4cb2c100]" name="LoginSitecore" is-config="true" duration-ms="0" started-at="2016-06-14T13:44:59Z" finished-at="2016-06-14T13:44:59Z">
          <reporter-output>
          </reporter-output>
        </test-method> <!-- LoginSitecore -->
        <test-method status="SKIP" signature="LogoutSitecore()[pri:0, instance:fotf_Testcase.AboutusPage_PageEditor_OneItem@4cb2c100]" name="LogoutSitecore" is-config="true" duration-ms="0" started-at="2016-06-14T13:44:59Z" finished-at="2016-06-14T13:44:59Z">
          <reporter-output>
          </reporter-output>
        </test-method> <!-- LogoutSitecore -->
        <test-method status="SKIP" signature="LogoutSitecore()[pri:0, instance:fotf_Testcase.AboutusPage_PageEditor_OneItem@4cb2c100]" name="LogoutSitecore" is-config="true" duration-ms="0" started-at="2016-06-14T13:44:59Z" finished-at="2016-06-14T13:44:59Z">
          <reporter-output>
          </reporter-output>
        </test-method> <!-- LogoutSitecore -->
        <test-method status="SKIP" signature="AboutUs_ButtonOnBottom()[pri:0, instance:fotf_Testcase.AboutusPage_PageEditor_OneItem@4cb2c100]" name="AboutUs_ButtonOnBottom" duration-ms="0" started-at="2016-06-14T13:44:59Z" finished-at="2016-06-14T13:44:59Z">
          <reporter-output>
          </reporter-output>
        </test-method> <!-- AboutUs_ButtonOnBottom -->
        <test-method status="SKIP" signature="AboutUs_IFrameOnRightAlignedImageListItems()[pri:0, instance:fotf_Testcase.AboutusPage_PageEditor_OneItem@4cb2c100]" name="AboutUs_IFrameOnRightAlignedImageListItems" duration-ms="0" started-at="2016-06-14T13:44:59Z" finished-at="2016-06-14T13:44:59Z">
          <reporter-output>
          </reporter-output>
        </test-method> <!-- AboutUs_IFrameOnRightAlignedImageListItems -->
        <test-method status="SKIP" signature="LogoutSitecore()[pri:0, instance:fotf_Testcase.AboutusPage_PageEditor_OneItem@4cb2c100]" name="LogoutSitecore" is-config="true" duration-ms="0" started-at="2016-06-14T13:44:59Z" finished-at="2016-06-14T13:44:59Z">
          <reporter-output>
          </reporter-output>
        </test-method> <!-- LogoutSitecore -->
        <test-method status="SKIP" signature="LoginSitecore()[pri:0, instance:fotf_Testcase.AboutusPage_PageEditor_OneItem@4cb2c100]" name="LoginSitecore" is-config="true" duration-ms="0" started-at="2016-06-14T13:44:59Z" finished-at="2016-06-14T13:44:59Z">
          <reporter-output>
          </reporter-output>
        </test-method> <!-- LoginSitecore -->
      </class> <!-- fotf_Testcase.AboutusPage_PageEditor_OneItem -->
      <class name="fotf_Testcase.AboutusPage_ContentEditor_Header">
        <test-method status="FAIL" signature="LoginSitecore()[pri:0, instance:fotf_Testcase.AboutusPage_ContentEditor_Header@5315b42e]" name="LoginSitecore" is-config="true" duration-ms="0" started-at="2016-06-14T13:44:52Z" finished-at="2016-06-14T13:44:52Z">
          <exception class="org.openqa.selenium.remote.UnreachableBrowserException">
            <message>
              <![CDATA[Error communicating with the remote browser. It may have died.
Build info: version: '2.53.0', revision: '35ae25b', time: '2016-03-15 16:57:40'
System info: host: 'Arun-pc', ip: '192.2.200.122', os.name: 'Windows 7', os.arch: 'amd64', os.version: '6.1', java.version: '1.8.0_91'
Driver info: driver.version: RemoteWebDriver
Capabilities [{applicationCacheEnabled=true, rotatable=false, handlesAlerts=true, databaseEnabled=true, version=46.0.1, platform=WINDOWS, nativeEvents=false, acceptSslCerts=true, webStorageEnabled=true, locationContextEnabled=true, browserName=firefox, takesScreenshot=true, javascriptEnabled=true, cssSelectorsEnabled=true}]
Session ID: a92a59a9-3086-4464-baae-962f830c23d1]]>
            </message>
            <full-stacktrace>
              <![CDATA[org.openqa.selenium.remote.UnreachableBrowserException: Error communicating with the remote browser. It may have died.
Build info: version: '2.53.0', revision: '35ae25b', time: '2016-03-15 16:57:40'
System info: host: 'Arun-pc', ip: '192.2.200.122', os.name: 'Windows 7', os.arch: 'amd64', os.version: '6.1', java.version: '1.8.0_91'
Driver info: driver.version: RemoteWebDriver
Capabilities [{applicationCacheEnabled=true, rotatable=false, handlesAlerts=true, databaseEnabled=true, version=46.0.1, platform=WINDOWS, nativeEvents=false, acceptSslCerts=true, webStorageEnabled=true, locationContextEnabled=true, browserName=firefox, takesScreenshot=true, javascriptEnabled=true, cssSelectorsEnabled=true}]
Session ID: a92a59a9-3086-4464-baae-962f830c23d1
	at org.openqa.selenium.remote.RemoteWebDriver.execute(RemoteWebDriver.java:665)
	at org.openqa.selenium.remote.RemoteWebDriver.get(RemoteWebDriver.java:316)
	at fotf_Testcase.AboutusPage_ContentEditor_Header.LoginSitecore(AboutusPage_ContentEditor_Header.java:23)
	at sun.reflect.NativeMethodAccessorImpl.invoke0(Native Method)
	at sun.reflect.NativeMethodAccessorImpl.invoke(Unknown Source)
	at sun.reflect.DelegatingMethodAccessorImpl.invoke(Unknown Source)
	at java.lang.reflect.Method.invoke(Unknown Source)
	at org.testng.internal.MethodInvocationHelper.invokeMethod(MethodInvocationHelper.java:85)
	at org.testng.internal.Invoker.invokeConfigurationMethod(Invoker.java:510)
	at org.testng.internal.Invoker.invokeConfigurations(Invoker.java:211)
	at org.testng.internal.Invoker.invokeMethod(Invoker.java:585)
	at org.testng.internal.Invoker.invokeTestMethod(Invoker.java:821)
	at org.testng.internal.Invoker.invokeTestMethods(Invoker.java:1131)
	at org.testng.internal.TestMethodWorker.invokeTestMethods(TestMethodWorker.java:124)
	at org.testng.internal.TestMethodWorker.run(TestMethodWorker.java:108)
	at org.testng.TestRunner.privateRun(TestRunner.java:773)
	at org.testng.TestRunner.run(TestRunner.java:623)
	at org.testng.SuiteRunner.runTest(SuiteRunner.java:357)
	at org.testng.SuiteRunner.runSequentially(SuiteRunner.java:352)
	at org.testng.SuiteRunner.privateRun(SuiteRunner.java:310)
	at org.testng.SuiteRunner.run(SuiteRunner.java:259)
	at org.testng.SuiteRunnerWorker.runSuite(SuiteRunnerWorker.java:52)
	at org.testng.SuiteRunnerWorker.run(SuiteRunnerWorker.java:86)
	at org.testng.TestNG.runSuitesSequentially(TestNG.java:1185)
	at org.testng.TestNG.runSuitesLocally(TestNG.java:1110)
	at org.testng.TestNG.run(TestNG.java:1018)
	at org.testng.TestNG.privateMain(TestNG.java:1325)
	at org.testng.TestNG.main(TestNG.java:1294)
Caused by: org.apache.http.conn.HttpHostConnectException: Connect to 127.0.0.1:7055 [/127.0.0.1] failed: Connection refused: connect
	at org.apache.http.impl.conn.DefaultHttpClientConnectionOperator.connect(DefaultHttpClientConnectionOperator.java:151)
	at org.apache.http.impl.conn.PoolingHttpClientConnectionManager.connect(PoolingHttpClientConnectionManager.java:353)
	at org.apache.http.impl.execchain.MainClientExec.establishRoute(MainClientExec.java:380)
	at org.apache.http.impl.execchain.MainClientExec.execute(MainClientExec.java:236)
	at org.apache.http.impl.execchain.ProtocolExec.execute(ProtocolExec.java:184)
	at org.apache.http.impl.execchain.RetryExec.execute(RetryExec.java:88)
	at org.apache.http.impl.execchain.RedirectExec.execute(RedirectExec.java:110)
	at org.apache.http.impl.client.InternalHttpClient.doExecute(InternalHttpClient.java:184)
	at org.apache.http.impl.client.CloseableHttpClient.execute(CloseableHttpClient.java:71)
	at org.apache.http.impl.client.CloseableHttpClient.execute(CloseableHttpClient.java:55)
	at org.openqa.selenium.remote.internal.ApacheHttpClient.fallBackExecute(ApacheHttpClient.java:144)
	at org.openqa.selenium.remote.internal.ApacheHttpClient.execute(ApacheHttpClient.java:90)
	at org.openqa.selenium.remote.HttpCommandExecutor.execute(HttpCommandExecutor.java:142)
	at org.openqa.selenium.firefox.internal.NewProfileExtensionConnection.execute(NewProfileExtensionConnection.java:160)
	at org.openqa.selenium.firefox.FirefoxDriver$LazyCommandExecutor.execute(FirefoxDriver.java:380)
	at org.openqa.selenium.remote.RemoteWebDriver.execute(RemoteWebDriver.java:644)
	... 27 more
Caused by: java.net.ConnectException: Connection refused: connect
	at java.net.DualStackPlainSocketImpl.waitForConnect(Native Method)
	at java.net.DualStackPlainSocketImpl.socketConnect(Unknown Source)
	at java.net.AbstractPlainSocketImpl.doConnect(Unknown Source)
	at java.net.AbstractPlainSocketImpl.connectToAddress(Unknown Source)
	at java.net.AbstractPlainSocketImpl.connect(Unknown Source)
	at java.net.PlainSocketImpl.connect(Unknown Source)
	at java.net.SocksSocketImpl.connect(Unknown Source)
	at java.net.Socket.connect(Unknown Source)
	at org.apache.http.conn.socket.PlainConnectionSocketFactory.connectSocket(PlainConnectionSocketFactory.java:74)
	at org.apache.http.impl.conn.DefaultHttpClientConnectionOperator.connect(DefaultHttpClientConnectionOperator.java:134)
	... 42 more
]]>
            </full-stacktrace>
          </exception> <!-- org.openqa.selenium.remote.UnreachableBrowserException -->
          <reporter-output>
          </reporter-output>
        </test-method> <!-- LoginSitecore -->
        <test-method status="SKIP" signature="AboutUs_HeaderImageOnLeft()[pri:0, instance:fotf_Testcase.AboutusPage_ContentEditor_Header@5315b42e]" name="AboutUs_HeaderImageOnLeft" duration-ms="0" started-at="2016-06-14T13:44:53Z" finished-at="2016-06-14T13:44:53Z">
          <reporter-output>
          </reporter-output>
        </test-method> <!-- AboutUs_HeaderImageOnLeft -->
        <test-method status="SKIP" signature="LogoutSitecore()[pri:0, instance:fotf_Testcase.AboutusPage_ContentEditor_Header@5315b42e]" name="LogoutSitecore" is-config="true" duration-ms="0" started-at="2016-06-14T13:44:53Z" finished-at="2016-06-14T13:44:53Z">
          <reporter-output>
          </reporter-output>
        </test-method> <!-- LogoutSitecore -->
        <test-method status="SKIP" signature="AboutUs_HeaderImageOnRight()[pri:0, instance:fotf_Testcase.AboutusPage_ContentEditor_Header@5315b42e]" name="AboutUs_HeaderImageOnRight" duration-ms="0" started-at="2016-06-14T13:44:53Z" finished-at="2016-06-14T13:44:53Z">
          <reporter-output>
          </reporter-output>
        </test-method> <!-- AboutUs_HeaderImageOnRight -->
        <test-method status="SKIP" signature="LoginSitecore()[pri:0, instance:fotf_Testcase.AboutusPage_ContentEditor_Header@5315b42e]" name="LoginSitecore" is-config="true" duration-ms="0" started-at="2016-06-14T13:44:53Z" finished-at="2016-06-14T13:44:53Z">
          <reporter-output>
          </reporter-output>
        </test-method> <!-- LoginSitecore -->
        <test-method status="SKIP" signature="AboutUs_HeaderImageOnTop()[pri:0, instance:fotf_Testcase.AboutusPage_ContentEditor_Header@5315b42e]" name="AboutUs_HeaderImageOnTop" duration-ms="0" started-at="2016-06-14T13:44:53Z" finished-at="2016-06-14T13:44:53Z">
          <reporter-output>
          </reporter-output>
        </test-method> <!-- AboutUs_HeaderImageOnTop -->
        <test-method status="SKIP" signature="AboutUs_HeaderVideoOnRight()[pri:0, instance:fotf_Testcase.AboutusPage_ContentEditor_Header@5315b42e]" name="AboutUs_HeaderVideoOnRight" duration-ms="0" started-at="2016-06-14T13:44:53Z" finished-at="2016-06-14T13:44:53Z">
          <reporter-output>
          </reporter-output>
        </test-method> <!-- AboutUs_HeaderVideoOnRight -->
        <test-method status="SKIP" signature="LogoutSitecore()[pri:0, instance:fotf_Testcase.AboutusPage_ContentEditor_Header@5315b42e]" name="LogoutSitecore" is-config="true" duration-ms="0" started-at="2016-06-14T13:44:53Z" finished-at="2016-06-14T13:44:53Z">
          <reporter-output>
          </reporter-output>
        </test-method> <!-- LogoutSitecore -->
        <test-method status="SKIP" signature="LogoutSitecore()[pri:0, instance:fotf_Testcase.AboutusPage_ContentEditor_Header@5315b42e]" name="LogoutSitecore" is-config="true" duration-ms="0" started-at="2016-06-14T13:44:53Z" finished-at="2016-06-14T13:44:53Z">
          <reporter-output>
          </reporter-output>
        </test-method> <!-- LogoutSitecore -->
        <test-method status="SKIP" signature="LoginSitecore()[pri:0, instance:fotf_Testcase.AboutusPage_ContentEditor_Header@5315b42e]" name="LoginSitecore" is-config="true" duration-ms="0" started-at="2016-06-14T13:44:53Z" finished-at="2016-06-14T13:44:53Z">
          <reporter-output>
          </reporter-output>
        </test-method> <!-- LoginSitecore -->
        <test-method status="SKIP" signature="LogoutSitecore()[pri:0, instance:fotf_Testcase.AboutusPage_ContentEditor_Header@5315b42e]" name="LogoutSitecore" is-config="true" duration-ms="0" started-at="2016-06-14T13:44:53Z" finished-at="2016-06-14T13:44:53Z">
          <reporter-output>
          </reporter-output>
        </test-method> <!-- LogoutSitecore -->
        <test-method status="SKIP" signature="LoginSitecore()[pri:0, instance:fotf_Testcase.AboutusPage_ContentEditor_Header@5315b42e]" name="LoginSitecore" is-config="true" duration-ms="0" started-at="2016-06-14T13:44:53Z" finished-at="2016-06-14T13:44:53Z">
          <reporter-output>
          </reporter-output>
        </test-method> <!-- LoginSitecore -->
        <test-method status="SKIP" signature="AboutUs_HeaderImageCarousel()[pri:0, instance:fotf_Testcase.AboutusPage_ContentEditor_Header@5315b42e]" name="AboutUs_HeaderImageCarousel" duration-ms="0" started-at="2016-06-14T13:44:53Z" finished-at="2016-06-14T13:44:53Z">
          <reporter-output>
          </reporter-output>
        </test-method> <!-- AboutUs_HeaderImageCarousel -->
        <test-method status="SKIP" signature="LogoutSitecore()[pri:0, instance:fotf_Testcase.AboutusPage_ContentEditor_Header@5315b42e]" name="LogoutSitecore" is-config="true" duration-ms="0" started-at="2016-06-14T13:44:53Z" finished-at="2016-06-14T13:44:53Z">
          <reporter-output>
          </reporter-output>
        </test-method> <!-- LogoutSitecore -->
        <test-method status="SKIP" signature="LoginSitecore()[pri:0, instance:fotf_Testcase.AboutusPage_ContentEditor_Header@5315b42e]" name="LoginSitecore" is-config="true" duration-ms="0" started-at="2016-06-14T13:44:53Z" finished-at="2016-06-14T13:44:53Z">
          <reporter-output>
          </reporter-output>
        </test-method> <!-- LoginSitecore -->
      </class> <!-- fotf_Testcase.AboutusPage_ContentEditor_Header -->
      <class name="fotf_Testcase.AboutusPage_PageEditor_FourItem">
        <test-method status="FAIL" signature="LoginSitecore()[pri:0, instance:fotf_Testcase.AboutusPage_PageEditor_FourItem@77b52d12]" name="LoginSitecore" is-config="true" duration-ms="0" started-at="2016-06-14T13:45:01Z" finished-at="2016-06-14T13:45:01Z">
          <exception class="org.openqa.selenium.remote.UnreachableBrowserException">
            <message>
              <![CDATA[Error communicating with the remote browser. It may have died.
Build info: version: '2.53.0', revision: '35ae25b', time: '2016-03-15 16:57:40'
System info: host: 'Arun-pc', ip: '192.2.200.122', os.name: 'Windows 7', os.arch: 'amd64', os.version: '6.1', java.version: '1.8.0_91'
Driver info: driver.version: RemoteWebDriver
Capabilities [{applicationCacheEnabled=true, rotatable=false, handlesAlerts=true, databaseEnabled=true, version=46.0.1, platform=WINDOWS, nativeEvents=false, acceptSslCerts=true, webStorageEnabled=true, locationContextEnabled=true, browserName=firefox, takesScreenshot=true, javascriptEnabled=true, cssSelectorsEnabled=true}]
Session ID: a92a59a9-3086-4464-baae-962f830c23d1]]>
            </message>
            <full-stacktrace>
              <![CDATA[org.openqa.selenium.remote.UnreachableBrowserException: Error communicating with the remote browser. It may have died.
Build info: version: '2.53.0', revision: '35ae25b', time: '2016-03-15 16:57:40'
System info: host: 'Arun-pc', ip: '192.2.200.122', os.name: 'Windows 7', os.arch: 'amd64', os.version: '6.1', java.version: '1.8.0_91'
Driver info: driver.version: RemoteWebDriver
Capabilities [{applicationCacheEnabled=true, rotatable=false, handlesAlerts=true, databaseEnabled=true, version=46.0.1, platform=WINDOWS, nativeEvents=false, acceptSslCerts=true, webStorageEnabled=true, locationContextEnabled=true, browserName=firefox, takesScreenshot=true, javascriptEnabled=true, cssSelectorsEnabled=true}]
Session ID: a92a59a9-3086-4464-baae-962f830c23d1
	at org.openqa.selenium.remote.RemoteWebDriver.execute(RemoteWebDriver.java:665)
	at org.openqa.selenium.remote.RemoteWebDriver.get(RemoteWebDriver.java:316)
	at fotf_Testcase.AboutusPage_PageEditor_FourItem.LoginSitecore(AboutusPage_PageEditor_FourItem.java:21)
	at sun.reflect.NativeMethodAccessorImpl.invoke0(Native Method)
	at sun.reflect.NativeMethodAccessorImpl.invoke(Unknown Source)
	at sun.reflect.DelegatingMethodAccessorImpl.invoke(Unknown Source)
	at java.lang.reflect.Method.invoke(Unknown Source)
	at org.testng.internal.MethodInvocationHelper.invokeMethod(MethodInvocationHelper.java:85)
	at org.testng.internal.Invoker.invokeConfigurationMethod(Invoker.java:510)
	at org.testng.internal.Invoker.invokeConfigurations(Invoker.java:211)
	at org.testng.internal.Invoker.invokeMethod(Invoker.java:585)
	at org.testng.internal.Invoker.invokeTestMethod(Invoker.java:821)
	at org.testng.internal.Invoker.invokeTestMethods(Invoker.java:1131)
	at org.testng.internal.TestMethodWorker.invokeTestMethods(TestMethodWorker.java:124)
	at org.testng.internal.TestMethodWorker.run(TestMethodWorker.java:108)
	at org.testng.TestRunner.privateRun(TestRunner.java:773)
	at org.testng.TestRunner.run(TestRunner.java:623)
	at org.testng.SuiteRunner.runTest(SuiteRunner.java:357)
	at org.testng.SuiteRunner.runSequentially(SuiteRunner.java:352)
	at org.testng.SuiteRunner.privateRun(SuiteRunner.java:310)
	at org.testng.SuiteRunner.run(SuiteRunner.java:259)
	at org.testng.SuiteRunnerWorker.runSuite(SuiteRunnerWorker.java:52)
	at org.testng.SuiteRunnerWorker.run(SuiteRunnerWorker.java:86)
	at org.testng.TestNG.runSuitesSequentially(TestNG.java:1185)
	at org.testng.TestNG.runSuitesLocally(TestNG.java:1110)
	at org.testng.TestNG.run(TestNG.java:1018)
	at org.testng.TestNG.privateMain(TestNG.java:1325)
	at org.testng.TestNG.main(TestNG.java:1294)
Caused by: org.apache.http.conn.HttpHostConnectException: Connect to 127.0.0.1:7055 [/127.0.0.1] failed: Connection refused: connect
	at org.apache.http.impl.conn.DefaultHttpClientConnectionOperator.connect(DefaultHttpClientConnectionOperator.java:151)
	at org.apache.http.impl.conn.PoolingHttpClientConnectionManager.connect(PoolingHttpClientConnectionManager.java:353)
	at org.apache.http.impl.execchain.MainClientExec.establishRoute(MainClientExec.java:380)
	at org.apache.http.impl.execchain.MainClientExec.execute(MainClientExec.java:236)
	at org.apache.http.impl.execchain.ProtocolExec.execute(ProtocolExec.java:184)
	at org.apache.http.impl.execchain.RetryExec.execute(RetryExec.java:88)
	at org.apache.http.impl.execchain.RedirectExec.execute(RedirectExec.java:110)
	at org.apache.http.impl.client.InternalHttpClient.doExecute(InternalHttpClient.java:184)
	at org.apache.http.impl.client.CloseableHttpClient.execute(CloseableHttpClient.java:71)
	at org.apache.http.impl.client.CloseableHttpClient.execute(CloseableHttpClient.java:55)
	at org.openqa.selenium.remote.internal.ApacheHttpClient.fallBackExecute(ApacheHttpClient.java:144)
	at org.openqa.selenium.remote.internal.ApacheHttpClient.execute(ApacheHttpClient.java:90)
	at org.openqa.selenium.remote.HttpCommandExecutor.execute(HttpCommandExecutor.java:142)
	at org.openqa.selenium.firefox.internal.NewProfileExtensionConnection.execute(NewProfileExtensionConnection.java:160)
	at org.openqa.selenium.firefox.FirefoxDriver$LazyCommandExecutor.execute(FirefoxDriver.java:380)
	at org.openqa.selenium.remote.RemoteWebDriver.execute(RemoteWebDriver.java:644)
	... 27 more
Caused by: java.net.ConnectException: Connection refused: connect
	at java.net.DualStackPlainSocketImpl.waitForConnect(Native Method)
	at java.net.DualStackPlainSocketImpl.socketConnect(Unknown Source)
	at java.net.AbstractPlainSocketImpl.doConnect(Unknown Source)
	at java.net.AbstractPlainSocketImpl.connectToAddress(Unknown Source)
	at java.net.AbstractPlainSocketImpl.connect(Unknown Source)
	at java.net.PlainSocketImpl.connect(Unknown Source)
	at java.net.SocksSocketImpl.connect(Unknown Source)
	at java.net.Socket.connect(Unknown Source)
	at org.apache.http.conn.socket.PlainConnectionSocketFactory.connectSocket(PlainConnectionSocketFactory.java:74)
	at org.apache.http.impl.conn.DefaultHttpClientConnectionOperator.connect(DefaultHttpClientConnectionOperator.java:134)
	... 42 more
]]>
            </full-stacktrace>
          </exception> <!-- org.openqa.selenium.remote.UnreachableBrowserException -->
          <reporter-output>
          </reporter-output>
        </test-method> <!-- LoginSitecore -->
        <test-method status="SKIP" signature="AboutUs_FourItemsFourColumnsRectangle()[pri:0, instance:fotf_Testcase.AboutusPage_PageEditor_FourItem@77b52d12]" name="AboutUs_FourItemsFourColumnsRectangle" duration-ms="0" started-at="2016-06-14T13:45:02Z" finished-at="2016-06-14T13:45:02Z">
          <reporter-output>
          </reporter-output>
        </test-method> <!-- AboutUs_FourItemsFourColumnsRectangle -->
        <test-method status="SKIP" signature="LogoutSitecore()[pri:0, instance:fotf_Testcase.AboutusPage_PageEditor_FourItem@77b52d12]" name="LogoutSitecore" is-config="true" duration-ms="0" started-at="2016-06-14T13:45:02Z" finished-at="2016-06-14T13:45:02Z">
          <reporter-output>
          </reporter-output>
        </test-method> <!-- LogoutSitecore -->
        <test-method status="SKIP" signature="LogoutSitecore()[pri:0, instance:fotf_Testcase.AboutusPage_PageEditor_FourItem@77b52d12]" name="LogoutSitecore" is-config="true" duration-ms="0" started-at="2016-06-14T13:45:02Z" finished-at="2016-06-14T13:45:02Z">
          <reporter-output>
          </reporter-output>
        </test-method> <!-- LogoutSitecore -->
        <test-method status="SKIP" signature="LogoutSitecore()[pri:0, instance:fotf_Testcase.AboutusPage_PageEditor_FourItem@77b52d12]" name="LogoutSitecore" is-config="true" duration-ms="0" started-at="2016-06-14T13:45:02Z" finished-at="2016-06-14T13:45:02Z">
          <reporter-output>
          </reporter-output>
        </test-method> <!-- LogoutSitecore -->
        <test-method status="SKIP" signature="AboutUs_FourItemsWithInset()[pri:0, instance:fotf_Testcase.AboutusPage_PageEditor_FourItem@77b52d12]" name="AboutUs_FourItemsWithInset" duration-ms="0" started-at="2016-06-14T13:45:02Z" finished-at="2016-06-14T13:45:02Z">
          <reporter-output>
          </reporter-output>
        </test-method> <!-- AboutUs_FourItemsWithInset -->
        <test-method status="SKIP" signature="LoginSitecore()[pri:0, instance:fotf_Testcase.AboutusPage_PageEditor_FourItem@77b52d12]" name="LoginSitecore" is-config="true" duration-ms="0" started-at="2016-06-14T13:45:02Z" finished-at="2016-06-14T13:45:02Z">
          <reporter-output>
          </reporter-output>
        </test-method> <!-- LoginSitecore -->
        <test-method status="SKIP" signature="AboutUs_FourItemsTwoColumns()[pri:0, instance:fotf_Testcase.AboutusPage_PageEditor_FourItem@77b52d12]" name="AboutUs_FourItemsTwoColumns" duration-ms="0" started-at="2016-06-14T13:45:02Z" finished-at="2016-06-14T13:45:02Z">
          <reporter-output>
          </reporter-output>
        </test-method> <!-- AboutUs_FourItemsTwoColumns -->
        <test-method status="SKIP" signature="LoginSitecore()[pri:0, instance:fotf_Testcase.AboutusPage_PageEditor_FourItem@77b52d12]" name="LoginSitecore" is-config="true" duration-ms="0" started-at="2016-06-14T13:45:02Z" finished-at="2016-06-14T13:45:02Z">
          <reporter-output>
          </reporter-output>
        </test-method> <!-- LoginSitecore -->
        <test-method status="SKIP" signature="LoginSitecore()[pri:0, instance:fotf_Testcase.AboutusPage_PageEditor_FourItem@77b52d12]" name="LoginSitecore" is-config="true" duration-ms="0" started-at="2016-06-14T13:45:02Z" finished-at="2016-06-14T13:45:02Z">
          <reporter-output>
          </reporter-output>
        </test-method> <!-- LoginSitecore -->
        <test-method status="SKIP" signature="LogoutSitecore()[pri:0, instance:fotf_Testcase.AboutusPage_PageEditor_FourItem@77b52d12]" name="LogoutSitecore" is-config="true" duration-ms="0" started-at="2016-06-14T13:45:02Z" finished-at="2016-06-14T13:45:02Z">
          <reporter-output>
          </reporter-output>
        </test-method> <!-- LogoutSitecore -->
        <test-method status="SKIP" signature="AboutUs_FourItemsFourColumnsSquare()[pri:0, instance:fotf_Testcase.AboutusPage_PageEditor_FourItem@77b52d12]" name="AboutUs_FourItemsFourColumnsSquare" duration-ms="0" started-at="2016-06-14T13:45:02Z" finished-at="2016-06-14T13:45:02Z">
          <reporter-output>
          </reporter-output>
        </test-method> <!-- AboutUs_FourItemsFourColumnsSquare -->
      </class> <!-- fotf_Testcase.AboutusPage_PageEditor_FourItem -->
      <class name="fotf_Testcase.AboutusPage_PageEditor_TwoItem">
        <test-method status="FAIL" signature="LoginSitecore()[pri:0, instance:fotf_Testcase.AboutusPage_PageEditor_TwoItem@6fb554cc]" name="LoginSitecore" is-config="true" duration-ms="0" started-at="2016-06-14T13:44:59Z" finished-at="2016-06-14T13:44:59Z">
          <exception class="org.openqa.selenium.remote.UnreachableBrowserException">
            <message>
              <![CDATA[Error communicating with the remote browser. It may have died.
Build info: version: '2.53.0', revision: '35ae25b', time: '2016-03-15 16:57:40'
System info: host: 'Arun-pc', ip: '192.2.200.122', os.name: 'Windows 7', os.arch: 'amd64', os.version: '6.1', java.version: '1.8.0_91'
Driver info: driver.version: RemoteWebDriver
Capabilities [{applicationCacheEnabled=true, rotatable=false, handlesAlerts=true, databaseEnabled=true, version=46.0.1, platform=WINDOWS, nativeEvents=false, acceptSslCerts=true, webStorageEnabled=true, locationContextEnabled=true, browserName=firefox, takesScreenshot=true, javascriptEnabled=true, cssSelectorsEnabled=true}]
Session ID: a92a59a9-3086-4464-baae-962f830c23d1]]>
            </message>
            <full-stacktrace>
              <![CDATA[org.openqa.selenium.remote.UnreachableBrowserException: Error communicating with the remote browser. It may have died.
Build info: version: '2.53.0', revision: '35ae25b', time: '2016-03-15 16:57:40'
System info: host: 'Arun-pc', ip: '192.2.200.122', os.name: 'Windows 7', os.arch: 'amd64', os.version: '6.1', java.version: '1.8.0_91'
Driver info: driver.version: RemoteWebDriver
Capabilities [{applicationCacheEnabled=true, rotatable=false, handlesAlerts=true, databaseEnabled=true, version=46.0.1, platform=WINDOWS, nativeEvents=false, acceptSslCerts=true, webStorageEnabled=true, locationContextEnabled=true, browserName=firefox, takesScreenshot=true, javascriptEnabled=true, cssSelectorsEnabled=true}]
Session ID: a92a59a9-3086-4464-baae-962f830c23d1
	at org.openqa.selenium.remote.RemoteWebDriver.execute(RemoteWebDriver.java:665)
	at org.openqa.selenium.remote.RemoteWebDriver.get(RemoteWebDriver.java:316)
	at fotf_Testcase.AboutusPage_PageEditor_TwoItem.LoginSitecore(AboutusPage_PageEditor_TwoItem.java:21)
	at sun.reflect.NativeMethodAccessorImpl.invoke0(Native Method)
	at sun.reflect.NativeMethodAccessorImpl.invoke(Unknown Source)
	at sun.reflect.DelegatingMethodAccessorImpl.invoke(Unknown Source)
	at java.lang.reflect.Method.invoke(Unknown Source)
	at org.testng.internal.MethodInvocationHelper.invokeMethod(MethodInvocationHelper.java:85)
	at org.testng.internal.Invoker.invokeConfigurationMethod(Invoker.java:510)
	at org.testng.internal.Invoker.invokeConfigurations(Invoker.java:211)
	at org.testng.internal.Invoker.invokeMethod(Invoker.java:585)
	at org.testng.internal.Invoker.invokeTestMethod(Invoker.java:821)
	at org.testng.internal.Invoker.invokeTestMethods(Invoker.java:1131)
	at org.testng.internal.TestMethodWorker.invokeTestMethods(TestMethodWorker.java:124)
	at org.testng.internal.TestMethodWorker.run(TestMethodWorker.java:108)
	at org.testng.TestRunner.privateRun(TestRunner.java:773)
	at org.testng.TestRunner.run(TestRunner.java:623)
	at org.testng.SuiteRunner.runTest(SuiteRunner.java:357)
	at org.testng.SuiteRunner.runSequentially(SuiteRunner.java:352)
	at org.testng.SuiteRunner.privateRun(SuiteRunner.java:310)
	at org.testng.SuiteRunner.run(SuiteRunner.java:259)
	at org.testng.SuiteRunnerWorker.runSuite(SuiteRunnerWorker.java:52)
	at org.testng.SuiteRunnerWorker.run(SuiteRunnerWorker.java:86)
	at org.testng.TestNG.runSuitesSequentially(TestNG.java:1185)
	at org.testng.TestNG.runSuitesLocally(TestNG.java:1110)
	at org.testng.TestNG.run(TestNG.java:1018)
	at org.testng.TestNG.privateMain(TestNG.java:1325)
	at org.testng.TestNG.main(TestNG.java:1294)
Caused by: org.apache.http.conn.HttpHostConnectException: Connect to 127.0.0.1:7055 [/127.0.0.1] failed: Connection refused: connect
	at org.apache.http.impl.conn.DefaultHttpClientConnectionOperator.connect(DefaultHttpClientConnectionOperator.java:151)
	at org.apache.http.impl.conn.PoolingHttpClientConnectionManager.connect(PoolingHttpClientConnectionManager.java:353)
	at org.apache.http.impl.execchain.MainClientExec.establishRoute(MainClientExec.java:380)
	at org.apache.http.impl.execchain.MainClientExec.execute(MainClientExec.java:236)
	at org.apache.http.impl.execchain.ProtocolExec.execute(ProtocolExec.java:184)
	at org.apache.http.impl.execchain.RetryExec.execute(RetryExec.java:88)
	at org.apache.http.impl.execchain.RedirectExec.execute(RedirectExec.java:110)
	at org.apache.http.impl.client.InternalHttpClient.doExecute(InternalHttpClient.java:184)
	at org.apache.http.impl.client.CloseableHttpClient.execute(CloseableHttpClient.java:71)
	at org.apache.http.impl.client.CloseableHttpClient.execute(CloseableHttpClient.java:55)
	at org.openqa.selenium.remote.internal.ApacheHttpClient.fallBackExecute(ApacheHttpClient.java:144)
	at org.openqa.selenium.remote.internal.ApacheHttpClient.execute(ApacheHttpClient.java:90)
	at org.openqa.selenium.remote.HttpCommandExecutor.execute(HttpCommandExecutor.java:142)
	at org.openqa.selenium.firefox.internal.NewProfileExtensionConnection.execute(NewProfileExtensionConnection.java:160)
	at org.openqa.selenium.firefox.FirefoxDriver$LazyCommandExecutor.execute(FirefoxDriver.java:380)
	at org.openqa.selenium.remote.RemoteWebDriver.execute(RemoteWebDriver.java:644)
	... 27 more
Caused by: java.net.ConnectException: Connection refused: connect
	at java.net.DualStackPlainSocketImpl.waitForConnect(Native Method)
	at java.net.DualStackPlainSocketImpl.socketConnect(Unknown Source)
	at java.net.AbstractPlainSocketImpl.doConnect(Unknown Source)
	at java.net.AbstractPlainSocketImpl.connectToAddress(Unknown Source)
	at java.net.AbstractPlainSocketImpl.connect(Unknown Source)
	at java.net.PlainSocketImpl.connect(Unknown Source)
	at java.net.SocksSocketImpl.connect(Unknown Source)
	at java.net.Socket.connect(Unknown Source)
	at org.apache.http.conn.socket.PlainConnectionSocketFactory.connectSocket(PlainConnectionSocketFactory.java:74)
	at org.apache.http.impl.conn.DefaultHttpClientConnectionOperator.connect(DefaultHttpClientConnectionOperator.java:134)
	... 42 more
]]>
            </full-stacktrace>
          </exception> <!-- org.openqa.selenium.remote.UnreachableBrowserException -->
          <reporter-output>
          </reporter-output>
        </test-method> <!-- LoginSitecore -->
        <test-method status="SKIP" signature="LogoutSitecore()[pri:0, instance:fotf_Testcase.AboutusPage_PageEditor_TwoItem@6fb554cc]" name="LogoutSitecore" is-config="true" duration-ms="0" started-at="2016-06-14T13:45:00Z" finished-at="2016-06-14T13:45:00Z">
          <reporter-output>
          </reporter-output>
        </test-method> <!-- LogoutSitecore -->
        <test-method status="SKIP" signature="LogoutSitecore()[pri:0, instance:fotf_Testcase.AboutusPage_PageEditor_TwoItem@6fb554cc]" name="LogoutSitecore" is-config="true" duration-ms="0" started-at="2016-06-14T13:45:00Z" finished-at="2016-06-14T13:45:00Z">
          <reporter-output>
          </reporter-output>
        </test-method> <!-- LogoutSitecore -->
        <test-method status="SKIP" signature="LoginSitecore()[pri:0, instance:fotf_Testcase.AboutusPage_PageEditor_TwoItem@6fb554cc]" name="LoginSitecore" is-config="true" duration-ms="0" started-at="2016-06-14T13:45:00Z" finished-at="2016-06-14T13:45:00Z">
          <reporter-output>
          </reporter-output>
        </test-method> <!-- LoginSitecore -->
        <test-method status="SKIP" signature="AboutUs_TwoItemsSideBySide()[pri:0, instance:fotf_Testcase.AboutusPage_PageEditor_TwoItem@6fb554cc]" name="AboutUs_TwoItemsSideBySide" duration-ms="0" started-at="2016-06-14T13:45:00Z" finished-at="2016-06-14T13:45:00Z">
          <reporter-output>
          </reporter-output>
        </test-method> <!-- AboutUs_TwoItemsSideBySide -->
        <test-method status="SKIP" signature="AboutUs_TwoItemsSideBySideCentered()[pri:0, instance:fotf_Testcase.AboutusPage_PageEditor_TwoItem@6fb554cc]" name="AboutUs_TwoItemsSideBySideCentered" duration-ms="0" started-at="2016-06-14T13:45:00Z" finished-at="2016-06-14T13:45:00Z">
          <reporter-output>
          </reporter-output>
        </test-method> <!-- AboutUs_TwoItemsSideBySideCentered -->
      </class> <!-- fotf_Testcase.AboutusPage_PageEditor_TwoItem -->
      <class name="fotf_Testcase.AboutusPage_ContentEditor_Timeline">
        <test-method status="FAIL" signature="LoginSitecore()[pri:0, instance:fotf_Testcase.AboutusPage_ContentEditor_Timeline@1e67b872]" name="LoginSitecore" is-config="true" duration-ms="0" started-at="2016-06-14T13:44:55Z" finished-at="2016-06-14T13:44:55Z">
          <exception class="org.openqa.selenium.remote.UnreachableBrowserException">
            <message>
              <![CDATA[Error communicating with the remote browser. It may have died.
Build info: version: '2.53.0', revision: '35ae25b', time: '2016-03-15 16:57:40'
System info: host: 'Arun-pc', ip: '192.2.200.122', os.name: 'Windows 7', os.arch: 'amd64', os.version: '6.1', java.version: '1.8.0_91'
Driver info: driver.version: RemoteWebDriver
Capabilities [{applicationCacheEnabled=true, rotatable=false, handlesAlerts=true, databaseEnabled=true, version=46.0.1, platform=WINDOWS, nativeEvents=false, acceptSslCerts=true, webStorageEnabled=true, locationContextEnabled=true, browserName=firefox, takesScreenshot=true, javascriptEnabled=true, cssSelectorsEnabled=true}]
Session ID: a92a59a9-3086-4464-baae-962f830c23d1]]>
            </message>
            <full-stacktrace>
              <![CDATA[org.openqa.selenium.remote.UnreachableBrowserException: Error communicating with the remote browser. It may have died.
Build info: version: '2.53.0', revision: '35ae25b', time: '2016-03-15 16:57:40'
System info: host: 'Arun-pc', ip: '192.2.200.122', os.name: 'Windows 7', os.arch: 'amd64', os.version: '6.1', java.version: '1.8.0_91'
Driver info: driver.version: RemoteWebDriver
Capabilities [{applicationCacheEnabled=true, rotatable=false, handlesAlerts=true, databaseEnabled=true, version=46.0.1, platform=WINDOWS, nativeEvents=false, acceptSslCerts=true, webStorageEnabled=true, locationContextEnabled=true, browserName=firefox, takesScreenshot=true, javascriptEnabled=true, cssSelectorsEnabled=true}]
Session ID: a92a59a9-3086-4464-baae-962f830c23d1
	at org.openqa.selenium.remote.RemoteWebDriver.execute(RemoteWebDriver.java:665)
	at org.openqa.selenium.remote.RemoteWebDriver.get(RemoteWebDriver.java:316)
	at fotf_Testcase.AboutusPage_ContentEditor_Timeline.LoginSitecore(AboutusPage_ContentEditor_Timeline.java:23)
	at sun.reflect.NativeMethodAccessorImpl.invoke0(Native Method)
	at sun.reflect.NativeMethodAccessorImpl.invoke(Unknown Source)
	at sun.reflect.DelegatingMethodAccessorImpl.invoke(Unknown Source)
	at java.lang.reflect.Method.invoke(Unknown Source)
	at org.testng.internal.MethodInvocationHelper.invokeMethod(MethodInvocationHelper.java:85)
	at org.testng.internal.Invoker.invokeConfigurationMethod(Invoker.java:510)
	at org.testng.internal.Invoker.invokeConfigurations(Invoker.java:211)
	at org.testng.internal.Invoker.invokeMethod(Invoker.java:585)
	at org.testng.internal.Invoker.invokeTestMethod(Invoker.java:821)
	at org.testng.internal.Invoker.invokeTestMethods(Invoker.java:1131)
	at org.testng.internal.TestMethodWorker.invokeTestMethods(TestMethodWorker.java:124)
	at org.testng.internal.TestMethodWorker.run(TestMethodWorker.java:108)
	at org.testng.TestRunner.privateRun(TestRunner.java:773)
	at org.testng.TestRunner.run(TestRunner.java:623)
	at org.testng.SuiteRunner.runTest(SuiteRunner.java:357)
	at org.testng.SuiteRunner.runSequentially(SuiteRunner.java:352)
	at org.testng.SuiteRunner.privateRun(SuiteRunner.java:310)
	at org.testng.SuiteRunner.run(SuiteRunner.java:259)
	at org.testng.SuiteRunnerWorker.runSuite(SuiteRunnerWorker.java:52)
	at org.testng.SuiteRunnerWorker.run(SuiteRunnerWorker.java:86)
	at org.testng.TestNG.runSuitesSequentially(TestNG.java:1185)
	at org.testng.TestNG.runSuitesLocally(TestNG.java:1110)
	at org.testng.TestNG.run(TestNG.java:1018)
	at org.testng.TestNG.privateMain(TestNG.java:1325)
	at org.testng.TestNG.main(TestNG.java:1294)
Caused by: org.apache.http.conn.HttpHostConnectException: Connect to 127.0.0.1:7055 [/127.0.0.1] failed: Connection refused: connect
	at org.apache.http.impl.conn.DefaultHttpClientConnectionOperator.connect(DefaultHttpClientConnectionOperator.java:151)
	at org.apache.http.impl.conn.PoolingHttpClientConnectionManager.connect(PoolingHttpClientConnectionManager.java:353)
	at org.apache.http.impl.execchain.MainClientExec.establishRoute(MainClientExec.java:380)
	at org.apache.http.impl.execchain.MainClientExec.execute(MainClientExec.java:236)
	at org.apache.http.impl.execchain.ProtocolExec.execute(ProtocolExec.java:184)
	at org.apache.http.impl.execchain.RetryExec.execute(RetryExec.java:88)
	at org.apache.http.impl.execchain.RedirectExec.execute(RedirectExec.java:110)
	at org.apache.http.impl.client.InternalHttpClient.doExecute(InternalHttpClient.java:184)
	at org.apache.http.impl.client.CloseableHttpClient.execute(CloseableHttpClient.java:71)
	at org.apache.http.impl.client.CloseableHttpClient.execute(CloseableHttpClient.java:55)
	at org.openqa.selenium.remote.internal.ApacheHttpClient.fallBackExecute(ApacheHttpClient.java:144)
	at org.openqa.selenium.remote.internal.ApacheHttpClient.execute(ApacheHttpClient.java:90)
	at org.openqa.selenium.remote.HttpCommandExecutor.execute(HttpCommandExecutor.java:142)
	at org.openqa.selenium.firefox.internal.NewProfileExtensionConnection.execute(NewProfileExtensionConnection.java:160)
	at org.openqa.selenium.firefox.FirefoxDriver$LazyCommandExecutor.execute(FirefoxDriver.java:380)
	at org.openqa.selenium.remote.RemoteWebDriver.execute(RemoteWebDriver.java:644)
	... 27 more
Caused by: java.net.ConnectException: Connection refused: connect
	at java.net.DualStackPlainSocketImpl.waitForConnect(Native Method)
	at java.net.DualStackPlainSocketImpl.socketConnect(Unknown Source)
	at java.net.AbstractPlainSocketImpl.doConnect(Unknown Source)
	at java.net.AbstractPlainSocketImpl.connectToAddress(Unknown Source)
	at java.net.AbstractPlainSocketImpl.connect(Unknown Source)
	at java.net.PlainSocketImpl.connect(Unknown Source)
	at java.net.SocksSocketImpl.connect(Unknown Source)
	at java.net.Socket.connect(Unknown Source)
	at org.apache.http.conn.socket.PlainConnectionSocketFactory.connectSocket(PlainConnectionSocketFactory.java:74)
	at org.apache.http.impl.conn.DefaultHttpClientConnectionOperator.connect(DefaultHttpClientConnectionOperator.java:134)
	... 42 more
]]>
            </full-stacktrace>
          </exception> <!-- org.openqa.selenium.remote.UnreachableBrowserException -->
          <reporter-output>
          </reporter-output>
        </test-method> <!-- LoginSitecore -->
        <test-method status="SKIP" signature="AboutUs_TimeLine()[pri:0, instance:fotf_Testcase.AboutusPage_ContentEditor_Timeline@1e67b872]" name="AboutUs_TimeLine" duration-ms="1" started-at="2016-06-14T13:44:56Z" finished-at="2016-06-14T13:44:56Z">
          <reporter-output>
          </reporter-output>
        </test-method> <!-- AboutUs_TimeLine -->
        <test-method status="SKIP" signature="LogoutSitecore()[pri:0, instance:fotf_Testcase.AboutusPage_ContentEditor_Timeline@1e67b872]" name="LogoutSitecore" is-config="true" duration-ms="0" started-at="2016-06-14T13:44:56Z" finished-at="2016-06-14T13:44:56Z">
          <reporter-output>
          </reporter-output>
        </test-method> <!-- LogoutSitecore -->
      </class> <!-- fotf_Testcase.AboutusPage_ContentEditor_Timeline -->
      <class name="fotf_Testcase.AboutusPage_PageEditor_PageComponentHeader">
        <test-method status="FAIL" signature="LoginSitecore()[pri:0, instance:fotf_Testcase.AboutusPage_PageEditor_PageComponentHeader@90f6bfd]" name="LoginSitecore" is-config="true" duration-ms="0" started-at="2016-06-14T13:45:08Z" finished-at="2016-06-14T13:45:08Z">
          <exception class="org.openqa.selenium.remote.UnreachableBrowserException">
            <message>
              <![CDATA[Error communicating with the remote browser. It may have died.
Build info: version: '2.53.0', revision: '35ae25b', time: '2016-03-15 16:57:40'
System info: host: 'Arun-pc', ip: '192.2.200.122', os.name: 'Windows 7', os.arch: 'amd64', os.version: '6.1', java.version: '1.8.0_91'
Driver info: driver.version: RemoteWebDriver
Capabilities [{applicationCacheEnabled=true, rotatable=false, handlesAlerts=true, databaseEnabled=true, version=46.0.1, platform=WINDOWS, nativeEvents=false, acceptSslCerts=true, webStorageEnabled=true, locationContextEnabled=true, browserName=firefox, takesScreenshot=true, javascriptEnabled=true, cssSelectorsEnabled=true}]
Session ID: a92a59a9-3086-4464-baae-962f830c23d1]]>
            </message>
            <full-stacktrace>
              <![CDATA[org.openqa.selenium.remote.UnreachableBrowserException: Error communicating with the remote browser. It may have died.
Build info: version: '2.53.0', revision: '35ae25b', time: '2016-03-15 16:57:40'
System info: host: 'Arun-pc', ip: '192.2.200.122', os.name: 'Windows 7', os.arch: 'amd64', os.version: '6.1', java.version: '1.8.0_91'
Driver info: driver.version: RemoteWebDriver
Capabilities [{applicationCacheEnabled=true, rotatable=false, handlesAlerts=true, databaseEnabled=true, version=46.0.1, platform=WINDOWS, nativeEvents=false, acceptSslCerts=true, webStorageEnabled=true, locationContextEnabled=true, browserName=firefox, takesScreenshot=true, javascriptEnabled=true, cssSelectorsEnabled=true}]
Session ID: a92a59a9-3086-4464-baae-962f830c23d1
	at org.openqa.selenium.remote.RemoteWebDriver.execute(RemoteWebDriver.java:665)
	at org.openqa.selenium.remote.RemoteWebDriver.get(RemoteWebDriver.java:316)
	at fotf_Testcase.AboutusPage_PageEditor_PageComponentHeader.LoginSitecore(AboutusPage_PageEditor_PageComponentHeader.java:25)
	at sun.reflect.NativeMethodAccessorImpl.invoke0(Native Method)
	at sun.reflect.NativeMethodAccessorImpl.invoke(Unknown Source)
	at sun.reflect.DelegatingMethodAccessorImpl.invoke(Unknown Source)
	at java.lang.reflect.Method.invoke(Unknown Source)
	at org.testng.internal.MethodInvocationHelper.invokeMethod(MethodInvocationHelper.java:85)
	at org.testng.internal.Invoker.invokeConfigurationMethod(Invoker.java:510)
	at org.testng.internal.Invoker.invokeConfigurations(Invoker.java:211)
	at org.testng.internal.Invoker.invokeMethod(Invoker.java:585)
	at org.testng.internal.Invoker.invokeTestMethod(Invoker.java:821)
	at org.testng.internal.Invoker.invokeTestMethods(Invoker.java:1131)
	at org.testng.internal.TestMethodWorker.invokeTestMethods(TestMethodWorker.java:124)
	at org.testng.internal.TestMethodWorker.run(TestMethodWorker.java:108)
	at org.testng.TestRunner.privateRun(TestRunner.java:773)
	at org.testng.TestRunner.run(TestRunner.java:623)
	at org.testng.SuiteRunner.runTest(SuiteRunner.java:357)
	at org.testng.SuiteRunner.runSequentially(SuiteRunner.java:352)
	at org.testng.SuiteRunner.privateRun(SuiteRunner.java:310)
	at org.testng.SuiteRunner.run(SuiteRunner.java:259)
	at org.testng.SuiteRunnerWorker.runSuite(SuiteRunnerWorker.java:52)
	at org.testng.SuiteRunnerWorker.run(SuiteRunnerWorker.java:86)
	at org.testng.TestNG.runSuitesSequentially(TestNG.java:1185)
	at org.testng.TestNG.runSuitesLocally(TestNG.java:1110)
	at org.testng.TestNG.run(TestNG.java:1018)
	at org.testng.TestNG.privateMain(TestNG.java:1325)
	at org.testng.TestNG.main(TestNG.java:1294)
Caused by: org.apache.http.conn.HttpHostConnectException: Connect to 127.0.0.1:7055 [/127.0.0.1] failed: Connection refused: connect
	at org.apache.http.impl.conn.DefaultHttpClientConnectionOperator.connect(DefaultHttpClientConnectionOperator.java:151)
	at org.apache.http.impl.conn.PoolingHttpClientConnectionManager.connect(PoolingHttpClientConnectionManager.java:353)
	at org.apache.http.impl.execchain.MainClientExec.establishRoute(MainClientExec.java:380)
	at org.apache.http.impl.execchain.MainClientExec.execute(MainClientExec.java:236)
	at org.apache.http.impl.execchain.ProtocolExec.execute(ProtocolExec.java:184)
	at org.apache.http.impl.execchain.RetryExec.execute(RetryExec.java:88)
	at org.apache.http.impl.execchain.RedirectExec.execute(RedirectExec.java:110)
	at org.apache.http.impl.client.InternalHttpClient.doExecute(InternalHttpClient.java:184)
	at org.apache.http.impl.client.CloseableHttpClient.execute(CloseableHttpClient.java:71)
	at org.apache.http.impl.client.CloseableHttpClient.execute(CloseableHttpClient.java:55)
	at org.openqa.selenium.remote.internal.ApacheHttpClient.fallBackExecute(ApacheHttpClient.java:144)
	at org.openqa.selenium.remote.internal.ApacheHttpClient.execute(ApacheHttpClient.java:90)
	at org.openqa.selenium.remote.HttpCommandExecutor.execute(HttpCommandExecutor.java:142)
	at org.openqa.selenium.firefox.internal.NewProfileExtensionConnection.execute(NewProfileExtensionConnection.java:160)
	at org.openqa.selenium.firefox.FirefoxDriver$LazyCommandExecutor.execute(FirefoxDriver.java:380)
	at org.openqa.selenium.remote.RemoteWebDriver.execute(RemoteWebDriver.java:644)
	... 27 more
Caused by: java.net.ConnectException: Connection refused: connect
	at java.net.DualStackPlainSocketImpl.waitForConnect(Native Method)
	at java.net.DualStackPlainSocketImpl.socketConnect(Unknown Source)
	at java.net.AbstractPlainSocketImpl.doConnect(Unknown Source)
	at java.net.AbstractPlainSocketImpl.connectToAddress(Unknown Source)
	at java.net.AbstractPlainSocketImpl.connect(Unknown Source)
	at java.net.PlainSocketImpl.connect(Unknown Source)
	at java.net.SocksSocketImpl.connect(Unknown Source)
	at java.net.Socket.connect(Unknown Source)
	at org.apache.http.conn.socket.PlainConnectionSocketFactory.connectSocket(PlainConnectionSocketFactory.java:74)
	at org.apache.http.impl.conn.DefaultHttpClientConnectionOperator.connect(DefaultHttpClientConnectionOperator.java:134)
	... 42 more
]]>
            </full-stacktrace>
          </exception> <!-- org.openqa.selenium.remote.UnreachableBrowserException -->
          <reporter-output>
          </reporter-output>
        </test-method> <!-- LoginSitecore -->
        <test-method status="SKIP" signature="AboutUs_PageComponentHeader()[pri:0, instance:fotf_Testcase.AboutusPage_PageEditor_PageComponentHeader@90f6bfd]" name="AboutUs_PageComponentHeader" duration-ms="0" started-at="2016-06-14T13:45:09Z" finished-at="2016-06-14T13:45:09Z">
          <reporter-output>
          </reporter-output>
        </test-method> <!-- AboutUs_PageComponentHeader -->
        <test-method status="SKIP" signature="LogoutSitecore()[pri:0, instance:fotf_Testcase.AboutusPage_PageEditor_PageComponentHeader@90f6bfd]" name="LogoutSitecore" is-config="true" duration-ms="0" started-at="2016-06-14T13:45:09Z" finished-at="2016-06-14T13:45:09Z">
          <reporter-output>
          </reporter-output>
        </test-method> <!-- LogoutSitecore -->
      </class> <!-- fotf_Testcase.AboutusPage_PageEditor_PageComponentHeader -->
      <class name="fotf_Testcase.AboutusPage_PageEditor_CustomInitiative">
        <test-method status="FAIL" signature="LoginSitecore()[pri:0, instance:fotf_Testcase.AboutusPage_PageEditor_CustomInitiative@47f6473]" name="LoginSitecore" is-config="true" duration-ms="0" started-at="2016-06-14T13:45:09Z" finished-at="2016-06-14T13:45:09Z">
          <exception class="org.openqa.selenium.remote.UnreachableBrowserException">
            <message>
              <![CDATA[Error communicating with the remote browser. It may have died.
Build info: version: '2.53.0', revision: '35ae25b', time: '2016-03-15 16:57:40'
System info: host: 'Arun-pc', ip: '192.2.200.122', os.name: 'Windows 7', os.arch: 'amd64', os.version: '6.1', java.version: '1.8.0_91'
Driver info: driver.version: RemoteWebDriver
Capabilities [{applicationCacheEnabled=true, rotatable=false, handlesAlerts=true, databaseEnabled=true, version=46.0.1, platform=WINDOWS, nativeEvents=false, acceptSslCerts=true, webStorageEnabled=true, locationContextEnabled=true, browserName=firefox, takesScreenshot=true, javascriptEnabled=true, cssSelectorsEnabled=true}]
Session ID: a92a59a9-3086-4464-baae-962f830c23d1]]>
            </message>
            <full-stacktrace>
              <![CDATA[org.openqa.selenium.remote.UnreachableBrowserException: Error communicating with the remote browser. It may have died.
Build info: version: '2.53.0', revision: '35ae25b', time: '2016-03-15 16:57:40'
System info: host: 'Arun-pc', ip: '192.2.200.122', os.name: 'Windows 7', os.arch: 'amd64', os.version: '6.1', java.version: '1.8.0_91'
Driver info: driver.version: RemoteWebDriver
Capabilities [{applicationCacheEnabled=true, rotatable=false, handlesAlerts=true, databaseEnabled=true, version=46.0.1, platform=WINDOWS, nativeEvents=false, acceptSslCerts=true, webStorageEnabled=true, locationContextEnabled=true, browserName=firefox, takesScreenshot=true, javascriptEnabled=true, cssSelectorsEnabled=true}]
Session ID: a92a59a9-3086-4464-baae-962f830c23d1
	at org.openqa.selenium.remote.RemoteWebDriver.execute(RemoteWebDriver.java:665)
	at org.openqa.selenium.remote.RemoteWebDriver.get(RemoteWebDriver.java:316)
	at fotf_Testcase.AboutusPage_PageEditor_CustomInitiative.LoginSitecore(AboutusPage_PageEditor_CustomInitiative.java:27)
	at sun.reflect.NativeMethodAccessorImpl.invoke0(Native Method)
	at sun.reflect.NativeMethodAccessorImpl.invoke(Unknown Source)
	at sun.reflect.DelegatingMethodAccessorImpl.invoke(Unknown Source)
	at java.lang.reflect.Method.invoke(Unknown Source)
	at org.testng.internal.MethodInvocationHelper.invokeMethod(MethodInvocationHelper.java:85)
	at org.testng.internal.Invoker.invokeConfigurationMethod(Invoker.java:510)
	at org.testng.internal.Invoker.invokeConfigurations(Invoker.java:211)
	at org.testng.internal.Invoker.invokeMethod(Invoker.java:585)
	at org.testng.internal.Invoker.invokeTestMethod(Invoker.java:821)
	at org.testng.internal.Invoker.invokeTestMethods(Invoker.java:1131)
	at org.testng.internal.TestMethodWorker.invokeTestMethods(TestMethodWorker.java:124)
	at org.testng.internal.TestMethodWorker.run(TestMethodWorker.java:108)
	at org.testng.TestRunner.privateRun(TestRunner.java:773)
	at org.testng.TestRunner.run(TestRunner.java:623)
	at org.testng.SuiteRunner.runTest(SuiteRunner.java:357)
	at org.testng.SuiteRunner.runSequentially(SuiteRunner.java:352)
	at org.testng.SuiteRunner.privateRun(SuiteRunner.java:310)
	at org.testng.SuiteRunner.run(SuiteRunner.java:259)
	at org.testng.SuiteRunnerWorker.runSuite(SuiteRunnerWorker.java:52)
	at org.testng.SuiteRunnerWorker.run(SuiteRunnerWorker.java:86)
	at org.testng.TestNG.runSuitesSequentially(TestNG.java:1185)
	at org.testng.TestNG.runSuitesLocally(TestNG.java:1110)
	at org.testng.TestNG.run(TestNG.java:1018)
	at org.testng.TestNG.privateMain(TestNG.java:1325)
	at org.testng.TestNG.main(TestNG.java:1294)
Caused by: org.apache.http.conn.HttpHostConnectException: Connect to 127.0.0.1:7055 [/127.0.0.1] failed: Connection refused: connect
	at org.apache.http.impl.conn.DefaultHttpClientConnectionOperator.connect(DefaultHttpClientConnectionOperator.java:151)
	at org.apache.http.impl.conn.PoolingHttpClientConnectionManager.connect(PoolingHttpClientConnectionManager.java:353)
	at org.apache.http.impl.execchain.MainClientExec.establishRoute(MainClientExec.java:380)
	at org.apache.http.impl.execchain.MainClientExec.execute(MainClientExec.java:236)
	at org.apache.http.impl.execchain.ProtocolExec.execute(ProtocolExec.java:184)
	at org.apache.http.impl.execchain.RetryExec.execute(RetryExec.java:88)
	at org.apache.http.impl.execchain.RedirectExec.execute(RedirectExec.java:110)
	at org.apache.http.impl.client.InternalHttpClient.doExecute(InternalHttpClient.java:184)
	at org.apache.http.impl.client.CloseableHttpClient.execute(CloseableHttpClient.java:71)
	at org.apache.http.impl.client.CloseableHttpClient.execute(CloseableHttpClient.java:55)
	at org.openqa.selenium.remote.internal.ApacheHttpClient.fallBackExecute(ApacheHttpClient.java:144)
	at org.openqa.selenium.remote.internal.ApacheHttpClient.execute(ApacheHttpClient.java:90)
	at org.openqa.selenium.remote.HttpCommandExecutor.execute(HttpCommandExecutor.java:142)
	at org.openqa.selenium.firefox.internal.NewProfileExtensionConnection.execute(NewProfileExtensionConnection.java:160)
	at org.openqa.selenium.firefox.FirefoxDriver$LazyCommandExecutor.execute(FirefoxDriver.java:380)
	at org.openqa.selenium.remote.RemoteWebDriver.execute(RemoteWebDriver.java:644)
	... 27 more
Caused by: java.net.ConnectException: Connection refused: connect
	at java.net.DualStackPlainSocketImpl.waitForConnect(Native Method)
	at java.net.DualStackPlainSocketImpl.socketConnect(Unknown Source)
	at java.net.AbstractPlainSocketImpl.doConnect(Unknown Source)
	at java.net.AbstractPlainSocketImpl.connectToAddress(Unknown Source)
	at java.net.AbstractPlainSocketImpl.connect(Unknown Source)
	at java.net.PlainSocketImpl.connect(Unknown Source)
	at java.net.SocksSocketImpl.connect(Unknown Source)
	at java.net.Socket.connect(Unknown Source)
	at org.apache.http.conn.socket.PlainConnectionSocketFactory.connectSocket(PlainConnectionSocketFactory.java:74)
	at org.apache.http.impl.conn.DefaultHttpClientConnectionOperator.connect(DefaultHttpClientConnectionOperator.java:134)
	... 42 more
]]>
            </full-stacktrace>
          </exception> <!-- org.openqa.selenium.remote.UnreachableBrowserException -->
          <reporter-output>
          </reporter-output>
        </test-method> <!-- LoginSitecore -->
        <test-method status="SKIP" signature="Initiative_LeftHeroImage()[pri:0, instance:fotf_Testcase.AboutusPage_PageEditor_CustomInitiative@47f6473]" name="Initiative_LeftHeroImage" duration-ms="0" started-at="2016-06-14T13:45:10Z" finished-at="2016-06-14T13:45:10Z">
          <reporter-output>
          </reporter-output>
        </test-method> <!-- Initiative_LeftHeroImage -->
        <test-method status="SKIP" signature="LogoutSitecore()[pri:0, instance:fotf_Testcase.AboutusPage_PageEditor_CustomInitiative@47f6473]" name="LogoutSitecore" is-config="true" duration-ms="0" started-at="2016-06-14T13:45:10Z" finished-at="2016-06-14T13:45:10Z">
          <reporter-output>
          </reporter-output>
        </test-method> <!-- LogoutSitecore -->
        <test-method status="SKIP" signature="LogoutSitecore()[pri:0, instance:fotf_Testcase.AboutusPage_PageEditor_CustomInitiative@47f6473]" name="LogoutSitecore" is-config="true" duration-ms="0" started-at="2016-06-14T13:45:10Z" finished-at="2016-06-14T13:45:10Z">
          <reporter-output>
          </reporter-output>
        </test-method> <!-- LogoutSitecore -->
        <test-method status="SKIP" signature="LogoutSitecore()[pri:0, instance:fotf_Testcase.AboutusPage_PageEditor_CustomInitiative@47f6473]" name="LogoutSitecore" is-config="true" duration-ms="0" started-at="2016-06-14T13:45:10Z" finished-at="2016-06-14T13:45:10Z">
          <reporter-output>
          </reporter-output>
        </test-method> <!-- LogoutSitecore -->
        <test-method status="SKIP" signature="LoginSitecore()[pri:0, instance:fotf_Testcase.AboutusPage_PageEditor_CustomInitiative@47f6473]" name="LoginSitecore" is-config="true" duration-ms="0" started-at="2016-06-14T13:45:10Z" finished-at="2016-06-14T13:45:10Z">
          <reporter-output>
          </reporter-output>
        </test-method> <!-- LoginSitecore -->
        <test-method status="SKIP" signature="Initiative_LeftHeroVideo()[pri:0, instance:fotf_Testcase.AboutusPage_PageEditor_CustomInitiative@47f6473]" name="Initiative_LeftHeroVideo" duration-ms="0" started-at="2016-06-14T13:45:10Z" finished-at="2016-06-14T13:45:10Z">
          <reporter-output>
          </reporter-output>
        </test-method> <!-- Initiative_LeftHeroVideo -->
        <test-method status="SKIP" signature="LoginSitecore()[pri:0, instance:fotf_Testcase.AboutusPage_PageEditor_CustomInitiative@47f6473]" name="LoginSitecore" is-config="true" duration-ms="0" started-at="2016-06-14T13:45:10Z" finished-at="2016-06-14T13:45:10Z">
          <reporter-output>
          </reporter-output>
        </test-method> <!-- LoginSitecore -->
        <test-method status="SKIP" signature="Initiative_RightHeroImage()[pri:0, instance:fotf_Testcase.AboutusPage_PageEditor_CustomInitiative@47f6473]" name="Initiative_RightHeroImage" duration-ms="0" started-at="2016-06-14T13:45:10Z" finished-at="2016-06-14T13:45:10Z">
          <reporter-output>
          </reporter-output>
        </test-method> <!-- Initiative_RightHeroImage -->
        <test-method status="SKIP" signature="LoginSitecore()[pri:0, instance:fotf_Testcase.AboutusPage_PageEditor_CustomInitiative@47f6473]" name="LoginSitecore" is-config="true" duration-ms="0" started-at="2016-06-14T13:45:10Z" finished-at="2016-06-14T13:45:10Z">
          <reporter-output>
          </reporter-output>
        </test-method> <!-- LoginSitecore -->
        <test-method status="SKIP" signature="Initiative_RightHeroVideo()[pri:0, instance:fotf_Testcase.AboutusPage_PageEditor_CustomInitiative@47f6473]" name="Initiative_RightHeroVideo" duration-ms="0" started-at="2016-06-14T13:45:10Z" finished-at="2016-06-14T13:45:10Z">
          <reporter-output>
          </reporter-output>
        </test-method> <!-- Initiative_RightHeroVideo -->
        <test-method status="SKIP" signature="LogoutSitecore()[pri:0, instance:fotf_Testcase.AboutusPage_PageEditor_CustomInitiative@47f6473]" name="LogoutSitecore" is-config="true" duration-ms="0" started-at="2016-06-14T13:45:10Z" finished-at="2016-06-14T13:45:10Z">
          <reporter-output>
          </reporter-output>
        </test-method> <!-- LogoutSitecore -->
      </class> <!-- fotf_Testcase.AboutusPage_PageEditor_CustomInitiative -->
      <class name="fotf_Testcase.AboutusPage_ContentEditor_Showhide">
        <test-method status="FAIL" signature="LoginSitecore()[pri:0, instance:fotf_Testcase.AboutusPage_ContentEditor_Showhide@5d624da6]" name="LoginSitecore" is-config="true" duration-ms="0" started-at="2016-06-14T13:44:54Z" finished-at="2016-06-14T13:44:54Z">
          <exception class="org.openqa.selenium.remote.UnreachableBrowserException">
            <message>
              <![CDATA[Error communicating with the remote browser. It may have died.
Build info: version: '2.53.0', revision: '35ae25b', time: '2016-03-15 16:57:40'
System info: host: 'Arun-pc', ip: '192.2.200.122', os.name: 'Windows 7', os.arch: 'amd64', os.version: '6.1', java.version: '1.8.0_91'
Driver info: driver.version: RemoteWebDriver
Capabilities [{applicationCacheEnabled=true, rotatable=false, handlesAlerts=true, databaseEnabled=true, version=46.0.1, platform=WINDOWS, nativeEvents=false, acceptSslCerts=true, webStorageEnabled=true, locationContextEnabled=true, browserName=firefox, takesScreenshot=true, javascriptEnabled=true, cssSelectorsEnabled=true}]
Session ID: a92a59a9-3086-4464-baae-962f830c23d1]]>
            </message>
            <full-stacktrace>
              <![CDATA[org.openqa.selenium.remote.UnreachableBrowserException: Error communicating with the remote browser. It may have died.
Build info: version: '2.53.0', revision: '35ae25b', time: '2016-03-15 16:57:40'
System info: host: 'Arun-pc', ip: '192.2.200.122', os.name: 'Windows 7', os.arch: 'amd64', os.version: '6.1', java.version: '1.8.0_91'
Driver info: driver.version: RemoteWebDriver
Capabilities [{applicationCacheEnabled=true, rotatable=false, handlesAlerts=true, databaseEnabled=true, version=46.0.1, platform=WINDOWS, nativeEvents=false, acceptSslCerts=true, webStorageEnabled=true, locationContextEnabled=true, browserName=firefox, takesScreenshot=true, javascriptEnabled=true, cssSelectorsEnabled=true}]
Session ID: a92a59a9-3086-4464-baae-962f830c23d1
	at org.openqa.selenium.remote.RemoteWebDriver.execute(RemoteWebDriver.java:665)
	at org.openqa.selenium.remote.RemoteWebDriver.get(RemoteWebDriver.java:316)
	at fotf_Testcase.AboutusPage_ContentEditor_Showhide.LoginSitecore(AboutusPage_ContentEditor_Showhide.java:23)
	at sun.reflect.NativeMethodAccessorImpl.invoke0(Native Method)
	at sun.reflect.NativeMethodAccessorImpl.invoke(Unknown Source)
	at sun.reflect.DelegatingMethodAccessorImpl.invoke(Unknown Source)
	at java.lang.reflect.Method.invoke(Unknown Source)
	at org.testng.internal.MethodInvocationHelper.invokeMethod(MethodInvocationHelper.java:85)
	at org.testng.internal.Invoker.invokeConfigurationMethod(Invoker.java:510)
	at org.testng.internal.Invoker.invokeConfigurations(Invoker.java:211)
	at org.testng.internal.Invoker.invokeMethod(Invoker.java:585)
	at org.testng.internal.Invoker.invokeTestMethod(Invoker.java:821)
	at org.testng.internal.Invoker.invokeTestMethods(Invoker.java:1131)
	at org.testng.internal.TestMethodWorker.invokeTestMethods(TestMethodWorker.java:124)
	at org.testng.internal.TestMethodWorker.run(TestMethodWorker.java:108)
	at org.testng.TestRunner.privateRun(TestRunner.java:773)
	at org.testng.TestRunner.run(TestRunner.java:623)
	at org.testng.SuiteRunner.runTest(SuiteRunner.java:357)
	at org.testng.SuiteRunner.runSequentially(SuiteRunner.java:352)
	at org.testng.SuiteRunner.privateRun(SuiteRunner.java:310)
	at org.testng.SuiteRunner.run(SuiteRunner.java:259)
	at org.testng.SuiteRunnerWorker.runSuite(SuiteRunnerWorker.java:52)
	at org.testng.SuiteRunnerWorker.run(SuiteRunnerWorker.java:86)
	at org.testng.TestNG.runSuitesSequentially(TestNG.java:1185)
	at org.testng.TestNG.runSuitesLocally(TestNG.java:1110)
	at org.testng.TestNG.run(TestNG.java:1018)
	at org.testng.TestNG.privateMain(TestNG.java:1325)
	at org.testng.TestNG.main(TestNG.java:1294)
Caused by: org.apache.http.conn.HttpHostConnectException: Connect to 127.0.0.1:7055 [/127.0.0.1] failed: Connection refused: connect
	at org.apache.http.impl.conn.DefaultHttpClientConnectionOperator.connect(DefaultHttpClientConnectionOperator.java:151)
	at org.apache.http.impl.conn.PoolingHttpClientConnectionManager.connect(PoolingHttpClientConnectionManager.java:353)
	at org.apache.http.impl.execchain.MainClientExec.establishRoute(MainClientExec.java:380)
	at org.apache.http.impl.execchain.MainClientExec.execute(MainClientExec.java:236)
	at org.apache.http.impl.execchain.ProtocolExec.execute(ProtocolExec.java:184)
	at org.apache.http.impl.execchain.RetryExec.execute(RetryExec.java:88)
	at org.apache.http.impl.execchain.RedirectExec.execute(RedirectExec.java:110)
	at org.apache.http.impl.client.InternalHttpClient.doExecute(InternalHttpClient.java:184)
	at org.apache.http.impl.client.CloseableHttpClient.execute(CloseableHttpClient.java:71)
	at org.apache.http.impl.client.CloseableHttpClient.execute(CloseableHttpClient.java:55)
	at org.openqa.selenium.remote.internal.ApacheHttpClient.fallBackExecute(ApacheHttpClient.java:144)
	at org.openqa.selenium.remote.internal.ApacheHttpClient.execute(ApacheHttpClient.java:90)
	at org.openqa.selenium.remote.HttpCommandExecutor.execute(HttpCommandExecutor.java:142)
	at org.openqa.selenium.firefox.internal.NewProfileExtensionConnection.execute(NewProfileExtensionConnection.java:160)
	at org.openqa.selenium.firefox.FirefoxDriver$LazyCommandExecutor.execute(FirefoxDriver.java:380)
	at org.openqa.selenium.remote.RemoteWebDriver.execute(RemoteWebDriver.java:644)
	... 27 more
Caused by: java.net.ConnectException: Connection refused: connect
	at java.net.DualStackPlainSocketImpl.waitForConnect(Native Method)
	at java.net.DualStackPlainSocketImpl.socketConnect(Unknown Source)
	at java.net.AbstractPlainSocketImpl.doConnect(Unknown Source)
	at java.net.AbstractPlainSocketImpl.connectToAddress(Unknown Source)
	at java.net.AbstractPlainSocketImpl.connect(Unknown Source)
	at java.net.PlainSocketImpl.connect(Unknown Source)
	at java.net.SocksSocketImpl.connect(Unknown Source)
	at java.net.Socket.connect(Unknown Source)
	at org.apache.http.conn.socket.PlainConnectionSocketFactory.connectSocket(PlainConnectionSocketFactory.java:74)
	at org.apache.http.impl.conn.DefaultHttpClientConnectionOperator.connect(DefaultHttpClientConnectionOperator.java:134)
	... 42 more
]]>
            </full-stacktrace>
          </exception> <!-- org.openqa.selenium.remote.UnreachableBrowserException -->
          <reporter-output>
          </reporter-output>
        </test-method> <!-- LoginSitecore -->
        <test-method status="SKIP" signature="AboutUs_ShowHideImageLeft()[pri:0, instance:fotf_Testcase.AboutusPage_ContentEditor_Showhide@5d624da6]" name="AboutUs_ShowHideImageLeft" duration-ms="0" started-at="2016-06-14T13:44:55Z" finished-at="2016-06-14T13:44:55Z">
          <reporter-output>
          </reporter-output>
        </test-method> <!-- AboutUs_ShowHideImageLeft -->
        <test-method status="SKIP" signature="LoginSitecore()[pri:0, instance:fotf_Testcase.AboutusPage_ContentEditor_Showhide@5d624da6]" name="LoginSitecore" is-config="true" duration-ms="0" started-at="2016-06-14T13:44:55Z" finished-at="2016-06-14T13:44:55Z">
          <reporter-output>
          </reporter-output>
        </test-method> <!-- LoginSitecore -->
        <test-method status="SKIP" signature="LogoutSitecore()[pri:0, instance:fotf_Testcase.AboutusPage_ContentEditor_Showhide@5d624da6]" name="LogoutSitecore" is-config="true" duration-ms="0" started-at="2016-06-14T13:44:55Z" finished-at="2016-06-14T13:44:55Z">
          <reporter-output>
          </reporter-output>
        </test-method> <!-- LogoutSitecore -->
        <test-method status="SKIP" signature="AboutUs_ShowHideBasicGroupByyear_Article()[pri:0, instance:fotf_Testcase.AboutusPage_ContentEditor_Showhide@5d624da6]" name="AboutUs_ShowHideBasicGroupByyear_Article" duration-ms="0" started-at="2016-06-14T13:44:55Z" finished-at="2016-06-14T13:44:55Z">
          <reporter-output>
          </reporter-output>
        </test-method> <!-- AboutUs_ShowHideBasicGroupByyear_Article -->
        <test-method status="SKIP" signature="LogoutSitecore()[pri:0, instance:fotf_Testcase.AboutusPage_ContentEditor_Showhide@5d624da6]" name="LogoutSitecore" is-config="true" duration-ms="0" started-at="2016-06-14T13:44:55Z" finished-at="2016-06-14T13:44:55Z">
          <reporter-output>
          </reporter-output>
        </test-method> <!-- LogoutSitecore -->
        <test-method status="SKIP" signature="LoginSitecore()[pri:0, instance:fotf_Testcase.AboutusPage_ContentEditor_Showhide@5d624da6]" name="LoginSitecore" is-config="true" duration-ms="0" started-at="2016-06-14T13:44:55Z" finished-at="2016-06-14T13:44:55Z">
          <reporter-output>
          </reporter-output>
        </test-method> <!-- LoginSitecore -->
        <test-method status="SKIP" signature="LogoutSitecore()[pri:0, instance:fotf_Testcase.AboutusPage_ContentEditor_Showhide@5d624da6]" name="LogoutSitecore" is-config="true" duration-ms="0" started-at="2016-06-14T13:44:55Z" finished-at="2016-06-14T13:44:55Z">
          <reporter-output>
          </reporter-output>
        </test-method> <!-- LogoutSitecore -->
        <test-method status="SKIP" signature="AboutUs_ShowHideBasic()[pri:0, instance:fotf_Testcase.AboutusPage_ContentEditor_Showhide@5d624da6]" name="AboutUs_ShowHideBasic" duration-ms="0" started-at="2016-06-14T13:44:55Z" finished-at="2016-06-14T13:44:55Z">
          <reporter-output>
          </reporter-output>
        </test-method> <!-- AboutUs_ShowHideBasic -->
      </class> <!-- fotf_Testcase.AboutusPage_ContentEditor_Showhide -->
      <class name="fotf_Testcase.AboutusPage_ContentEditor_TwoItem">
        <test-method status="FAIL" signature="LoginSitecore()[pri:0, instance:fotf_Testcase.AboutusPage_ContentEditor_TwoItem@180bc464]" name="LoginSitecore" is-config="true" duration-ms="0" started-at="2016-06-14T13:44:42Z" finished-at="2016-06-14T13:44:42Z">
          <exception class="org.openqa.selenium.remote.UnreachableBrowserException">
            <message>
              <![CDATA[Error communicating with the remote browser. It may have died.
Build info: version: '2.53.0', revision: '35ae25b', time: '2016-03-15 16:57:40'
System info: host: 'Arun-pc', ip: '192.2.200.122', os.name: 'Windows 7', os.arch: 'amd64', os.version: '6.1', java.version: '1.8.0_91'
Driver info: driver.version: RemoteWebDriver
Capabilities [{applicationCacheEnabled=true, rotatable=false, handlesAlerts=true, databaseEnabled=true, version=46.0.1, platform=WINDOWS, nativeEvents=false, acceptSslCerts=true, webStorageEnabled=true, locationContextEnabled=true, browserName=firefox, takesScreenshot=true, javascriptEnabled=true, cssSelectorsEnabled=true}]
Session ID: a92a59a9-3086-4464-baae-962f830c23d1]]>
            </message>
            <full-stacktrace>
              <![CDATA[org.openqa.selenium.remote.UnreachableBrowserException: Error communicating with the remote browser. It may have died.
Build info: version: '2.53.0', revision: '35ae25b', time: '2016-03-15 16:57:40'
System info: host: 'Arun-pc', ip: '192.2.200.122', os.name: 'Windows 7', os.arch: 'amd64', os.version: '6.1', java.version: '1.8.0_91'
Driver info: driver.version: RemoteWebDriver
Capabilities [{applicationCacheEnabled=true, rotatable=false, handlesAlerts=true, databaseEnabled=true, version=46.0.1, platform=WINDOWS, nativeEvents=false, acceptSslCerts=true, webStorageEnabled=true, locationContextEnabled=true, browserName=firefox, takesScreenshot=true, javascriptEnabled=true, cssSelectorsEnabled=true}]
Session ID: a92a59a9-3086-4464-baae-962f830c23d1
	at org.openqa.selenium.remote.RemoteWebDriver.execute(RemoteWebDriver.java:665)
	at org.openqa.selenium.remote.RemoteWebDriver.get(RemoteWebDriver.java:316)
	at fotf_Testcase.AboutusPage_ContentEditor_TwoItem.LoginSitecore(AboutusPage_ContentEditor_TwoItem.java:26)
	at sun.reflect.NativeMethodAccessorImpl.invoke0(Native Method)
	at sun.reflect.NativeMethodAccessorImpl.invoke(Unknown Source)
	at sun.reflect.DelegatingMethodAccessorImpl.invoke(Unknown Source)
	at java.lang.reflect.Method.invoke(Unknown Source)
	at org.testng.internal.MethodInvocationHelper.invokeMethod(MethodInvocationHelper.java:85)
	at org.testng.internal.Invoker.invokeConfigurationMethod(Invoker.java:510)
	at org.testng.internal.Invoker.invokeConfigurations(Invoker.java:211)
	at org.testng.internal.Invoker.invokeMethod(Invoker.java:585)
	at org.testng.internal.Invoker.invokeTestMethod(Invoker.java:821)
	at org.testng.internal.Invoker.invokeTestMethods(Invoker.java:1131)
	at org.testng.internal.TestMethodWorker.invokeTestMethods(TestMethodWorker.java:124)
	at org.testng.internal.TestMethodWorker.run(TestMethodWorker.java:108)
	at org.testng.TestRunner.privateRun(TestRunner.java:773)
	at org.testng.TestRunner.run(TestRunner.java:623)
	at org.testng.SuiteRunner.runTest(SuiteRunner.java:357)
	at org.testng.SuiteRunner.runSequentially(SuiteRunner.java:352)
	at org.testng.SuiteRunner.privateRun(SuiteRunner.java:310)
	at org.testng.SuiteRunner.run(SuiteRunner.java:259)
	at org.testng.SuiteRunnerWorker.runSuite(SuiteRunnerWorker.java:52)
	at org.testng.SuiteRunnerWorker.run(SuiteRunnerWorker.java:86)
	at org.testng.TestNG.runSuitesSequentially(TestNG.java:1185)
	at org.testng.TestNG.runSuitesLocally(TestNG.java:1110)
	at org.testng.TestNG.run(TestNG.java:1018)
	at org.testng.TestNG.privateMain(TestNG.java:1325)
	at org.testng.TestNG.main(TestNG.java:1294)
Caused by: org.apache.http.conn.HttpHostConnectException: Connect to 127.0.0.1:7055 [/127.0.0.1] failed: Connection refused: connect
	at org.apache.http.impl.conn.DefaultHttpClientConnectionOperator.connect(DefaultHttpClientConnectionOperator.java:151)
	at org.apache.http.impl.conn.PoolingHttpClientConnectionManager.connect(PoolingHttpClientConnectionManager.java:353)
	at org.apache.http.impl.execchain.MainClientExec.establishRoute(MainClientExec.java:380)
	at org.apache.http.impl.execchain.MainClientExec.execute(MainClientExec.java:236)
	at org.apache.http.impl.execchain.ProtocolExec.execute(ProtocolExec.java:184)
	at org.apache.http.impl.execchain.RetryExec.execute(RetryExec.java:88)
	at org.apache.http.impl.execchain.RedirectExec.execute(RedirectExec.java:110)
	at org.apache.http.impl.client.InternalHttpClient.doExecute(InternalHttpClient.java:184)
	at org.apache.http.impl.client.CloseableHttpClient.execute(CloseableHttpClient.java:71)
	at org.apache.http.impl.client.CloseableHttpClient.execute(CloseableHttpClient.java:55)
	at org.openqa.selenium.remote.internal.ApacheHttpClient.fallBackExecute(ApacheHttpClient.java:162)
	at org.openqa.selenium.remote.internal.ApacheHttpClient.execute(ApacheHttpClient.java:90)
	at org.openqa.selenium.remote.HttpCommandExecutor.execute(HttpCommandExecutor.java:142)
	at org.openqa.selenium.firefox.internal.NewProfileExtensionConnection.execute(NewProfileExtensionConnection.java:160)
	at org.openqa.selenium.firefox.FirefoxDriver$LazyCommandExecutor.execute(FirefoxDriver.java:380)
	at org.openqa.selenium.remote.RemoteWebDriver.execute(RemoteWebDriver.java:644)
	... 27 more
Caused by: java.net.ConnectException: Connection refused: connect
	at java.net.DualStackPlainSocketImpl.waitForConnect(Native Method)
	at java.net.DualStackPlainSocketImpl.socketConnect(Unknown Source)
	at java.net.AbstractPlainSocketImpl.doConnect(Unknown Source)
	at java.net.AbstractPlainSocketImpl.connectToAddress(Unknown Source)
	at java.net.AbstractPlainSocketImpl.connect(Unknown Source)
	at java.net.PlainSocketImpl.connect(Unknown Source)
	at java.net.SocksSocketImpl.connect(Unknown Source)
	at java.net.Socket.connect(Unknown Source)
	at org.apache.http.conn.socket.PlainConnectionSocketFactory.connectSocket(PlainConnectionSocketFactory.java:74)
	at org.apache.http.impl.conn.DefaultHttpClientConnectionOperator.connect(DefaultHttpClientConnectionOperator.java:134)
	... 42 more
]]>
            </full-stacktrace>
          </exception> <!-- org.openqa.selenium.remote.UnreachableBrowserException -->
          <reporter-output>
          </reporter-output>
        </test-method> <!-- LoginSitecore -->
        <test-method status="SKIP" signature="LogoutSitecore()[pri:0, instance:fotf_Testcase.AboutusPage_ContentEditor_TwoItem@180bc464]" name="LogoutSitecore" is-config="true" duration-ms="0" started-at="2016-06-14T13:44:48Z" finished-at="2016-06-14T13:44:48Z">
          <reporter-output>
          </reporter-output>
        </test-method> <!-- LogoutSitecore -->
        <test-method status="SKIP" signature="AboutUs_TwoItemsSideBySide()[pri:0, instance:fotf_Testcase.AboutusPage_ContentEditor_TwoItem@180bc464]" name="AboutUs_TwoItemsSideBySide" duration-ms="0" started-at="2016-06-14T13:44:48Z" finished-at="2016-06-14T13:44:48Z">
          <reporter-output>
          </reporter-output>
        </test-method> <!-- AboutUs_TwoItemsSideBySide -->
        <test-method status="SKIP" signature="AboutUs_TwoItemsSideBySideCentered()[pri:0, instance:fotf_Testcase.AboutusPage_ContentEditor_TwoItem@180bc464]" name="AboutUs_TwoItemsSideBySideCentered" duration-ms="0" started-at="2016-06-14T13:44:48Z" finished-at="2016-06-14T13:44:48Z">
          <reporter-output>
          </reporter-output>
        </test-method> <!-- AboutUs_TwoItemsSideBySideCentered -->
        <test-method status="SKIP" signature="LoginSitecore()[pri:0, instance:fotf_Testcase.AboutusPage_ContentEditor_TwoItem@180bc464]" name="LoginSitecore" is-config="true" duration-ms="0" started-at="2016-06-14T13:44:48Z" finished-at="2016-06-14T13:44:48Z">
          <reporter-output>
          </reporter-output>
        </test-method> <!-- LoginSitecore -->
        <test-method status="SKIP" signature="LogoutSitecore()[pri:0, instance:fotf_Testcase.AboutusPage_ContentEditor_TwoItem@180bc464]" name="LogoutSitecore" is-config="true" duration-ms="0" started-at="2016-06-14T13:44:48Z" finished-at="2016-06-14T13:44:48Z">
          <reporter-output>
          </reporter-output>
        </test-method> <!-- LogoutSitecore -->
      </class> <!-- fotf_Testcase.AboutusPage_ContentEditor_TwoItem -->
      <class name="fotf_Testcase.AboutusPage_ContentEditor_ThreeItem">
        <test-method status="FAIL" signature="LoginSitecore()[pri:0, instance:fotf_Testcase.AboutusPage_ContentEditor_ThreeItem@1324409e]" name="LoginSitecore" is-config="true" duration-ms="0" started-at="2016-06-14T13:44:48Z" finished-at="2016-06-14T13:44:48Z">
          <exception class="org.openqa.selenium.remote.UnreachableBrowserException">
            <message>
              <![CDATA[Error communicating with the remote browser. It may have died.
Build info: version: '2.53.0', revision: '35ae25b', time: '2016-03-15 16:57:40'
System info: host: 'Arun-pc', ip: '192.2.200.122', os.name: 'Windows 7', os.arch: 'amd64', os.version: '6.1', java.version: '1.8.0_91'
Driver info: driver.version: RemoteWebDriver
Capabilities [{applicationCacheEnabled=true, rotatable=false, handlesAlerts=true, databaseEnabled=true, version=46.0.1, platform=WINDOWS, nativeEvents=false, acceptSslCerts=true, webStorageEnabled=true, locationContextEnabled=true, browserName=firefox, takesScreenshot=true, javascriptEnabled=true, cssSelectorsEnabled=true}]
Session ID: a92a59a9-3086-4464-baae-962f830c23d1]]>
            </message>
            <full-stacktrace>
              <![CDATA[org.openqa.selenium.remote.UnreachableBrowserException: Error communicating with the remote browser. It may have died.
Build info: version: '2.53.0', revision: '35ae25b', time: '2016-03-15 16:57:40'
System info: host: 'Arun-pc', ip: '192.2.200.122', os.name: 'Windows 7', os.arch: 'amd64', os.version: '6.1', java.version: '1.8.0_91'
Driver info: driver.version: RemoteWebDriver
Capabilities [{applicationCacheEnabled=true, rotatable=false, handlesAlerts=true, databaseEnabled=true, version=46.0.1, platform=WINDOWS, nativeEvents=false, acceptSslCerts=true, webStorageEnabled=true, locationContextEnabled=true, browserName=firefox, takesScreenshot=true, javascriptEnabled=true, cssSelectorsEnabled=true}]
Session ID: a92a59a9-3086-4464-baae-962f830c23d1
	at org.openqa.selenium.remote.RemoteWebDriver.execute(RemoteWebDriver.java:665)
	at org.openqa.selenium.remote.RemoteWebDriver.get(RemoteWebDriver.java:316)
	at fotf_Testcase.AboutusPage_ContentEditor_ThreeItem.LoginSitecore(AboutusPage_ContentEditor_ThreeItem.java:23)
	at sun.reflect.NativeMethodAccessorImpl.invoke0(Native Method)
	at sun.reflect.NativeMethodAccessorImpl.invoke(Unknown Source)
	at sun.reflect.DelegatingMethodAccessorImpl.invoke(Unknown Source)
	at java.lang.reflect.Method.invoke(Unknown Source)
	at org.testng.internal.MethodInvocationHelper.invokeMethod(MethodInvocationHelper.java:85)
	at org.testng.internal.Invoker.invokeConfigurationMethod(Invoker.java:510)
	at org.testng.internal.Invoker.invokeConfigurations(Invoker.java:211)
	at org.testng.internal.Invoker.invokeMethod(Invoker.java:585)
	at org.testng.internal.Invoker.invokeTestMethod(Invoker.java:821)
	at org.testng.internal.Invoker.invokeTestMethods(Invoker.java:1131)
	at org.testng.internal.TestMethodWorker.invokeTestMethods(TestMethodWorker.java:124)
	at org.testng.internal.TestMethodWorker.run(TestMethodWorker.java:108)
	at org.testng.TestRunner.privateRun(TestRunner.java:773)
	at org.testng.TestRunner.run(TestRunner.java:623)
	at org.testng.SuiteRunner.runTest(SuiteRunner.java:357)
	at org.testng.SuiteRunner.runSequentially(SuiteRunner.java:352)
	at org.testng.SuiteRunner.privateRun(SuiteRunner.java:310)
	at org.testng.SuiteRunner.run(SuiteRunner.java:259)
	at org.testng.SuiteRunnerWorker.runSuite(SuiteRunnerWorker.java:52)
	at org.testng.SuiteRunnerWorker.run(SuiteRunnerWorker.java:86)
	at org.testng.TestNG.runSuitesSequentially(TestNG.java:1185)
	at org.testng.TestNG.runSuitesLocally(TestNG.java:1110)
	at org.testng.TestNG.run(TestNG.java:1018)
	at org.testng.TestNG.privateMain(TestNG.java:1325)
	at org.testng.TestNG.main(TestNG.java:1294)
Caused by: org.apache.http.conn.HttpHostConnectException: Connect to 127.0.0.1:7055 [/127.0.0.1] failed: Connection refused: connect
	at org.apache.http.impl.conn.DefaultHttpClientConnectionOperator.connect(DefaultHttpClientConnectionOperator.java:151)
	at org.apache.http.impl.conn.PoolingHttpClientConnectionManager.connect(PoolingHttpClientConnectionManager.java:353)
	at org.apache.http.impl.execchain.MainClientExec.establishRoute(MainClientExec.java:380)
	at org.apache.http.impl.execchain.MainClientExec.execute(MainClientExec.java:236)
	at org.apache.http.impl.execchain.ProtocolExec.execute(ProtocolExec.java:184)
	at org.apache.http.impl.execchain.RetryExec.execute(RetryExec.java:88)
	at org.apache.http.impl.execchain.RedirectExec.execute(RedirectExec.java:110)
	at org.apache.http.impl.client.InternalHttpClient.doExecute(InternalHttpClient.java:184)
	at org.apache.http.impl.client.CloseableHttpClient.execute(CloseableHttpClient.java:71)
	at org.apache.http.impl.client.CloseableHttpClient.execute(CloseableHttpClient.java:55)
	at org.openqa.selenium.remote.internal.ApacheHttpClient.fallBackExecute(ApacheHttpClient.java:144)
	at org.openqa.selenium.remote.internal.ApacheHttpClient.execute(ApacheHttpClient.java:90)
	at org.openqa.selenium.remote.HttpCommandExecutor.execute(HttpCommandExecutor.java:142)
	at org.openqa.selenium.firefox.internal.NewProfileExtensionConnection.execute(NewProfileExtensionConnection.java:160)
	at org.openqa.selenium.firefox.FirefoxDriver$LazyCommandExecutor.execute(FirefoxDriver.java:380)
	at org.openqa.selenium.remote.RemoteWebDriver.execute(RemoteWebDriver.java:644)
	... 27 more
Caused by: java.net.ConnectException: Connection refused: connect
	at java.net.DualStackPlainSocketImpl.waitForConnect(Native Method)
	at java.net.DualStackPlainSocketImpl.socketConnect(Unknown Source)
	at java.net.AbstractPlainSocketImpl.doConnect(Unknown Source)
	at java.net.AbstractPlainSocketImpl.connectToAddress(Unknown Source)
	at java.net.AbstractPlainSocketImpl.connect(Unknown Source)
	at java.net.PlainSocketImpl.connect(Unknown Source)
	at java.net.SocksSocketImpl.connect(Unknown Source)
	at java.net.Socket.connect(Unknown Source)
	at org.apache.http.conn.socket.PlainConnectionSocketFactory.connectSocket(PlainConnectionSocketFactory.java:74)
	at org.apache.http.impl.conn.DefaultHttpClientConnectionOperator.connect(DefaultHttpClientConnectionOperator.java:134)
	... 42 more
]]>
            </full-stacktrace>
          </exception> <!-- org.openqa.selenium.remote.UnreachableBrowserException -->
          <reporter-output>
          </reporter-output>
        </test-method> <!-- LoginSitecore -->
        <test-method status="SKIP" signature="LogoutSitecore()[pri:0, instance:fotf_Testcase.AboutusPage_ContentEditor_ThreeItem@1324409e]" name="LogoutSitecore" is-config="true" duration-ms="0" started-at="2016-06-14T13:44:49Z" finished-at="2016-06-14T13:44:49Z">
          <reporter-output>
          </reporter-output>
        </test-method> <!-- LogoutSitecore -->
        <test-method status="SKIP" signature="AboutUs_ThreeItemsThreeColumns()[pri:0, instance:fotf_Testcase.AboutusPage_ContentEditor_ThreeItem@1324409e]" name="AboutUs_ThreeItemsThreeColumns" duration-ms="0" started-at="2016-06-14T13:44:49Z" finished-at="2016-06-14T13:44:49Z">
          <reporter-output>
          </reporter-output>
        </test-method> <!-- AboutUs_ThreeItemsThreeColumns -->
        <test-method status="SKIP" signature="LoginSitecore()[pri:0, instance:fotf_Testcase.AboutusPage_ContentEditor_ThreeItem@1324409e]" name="LoginSitecore" is-config="true" duration-ms="0" started-at="2016-06-14T13:44:49Z" finished-at="2016-06-14T13:44:49Z">
          <reporter-output>
          </reporter-output>
        </test-method> <!-- LoginSitecore -->
        <test-method status="SKIP" signature="LogoutSitecore()[pri:0, instance:fotf_Testcase.AboutusPage_ContentEditor_ThreeItem@1324409e]" name="LogoutSitecore" is-config="true" duration-ms="0" started-at="2016-06-14T13:44:49Z" finished-at="2016-06-14T13:44:49Z">
          <reporter-output>
          </reporter-output>
        </test-method> <!-- LogoutSitecore -->
        <test-method status="SKIP" signature="AboutUs_ThreeItemsStackedImageLeft()[pri:0, instance:fotf_Testcase.AboutusPage_ContentEditor_ThreeItem@1324409e]" name="AboutUs_ThreeItemsStackedImageLeft" duration-ms="0" started-at="2016-06-14T13:44:49Z" finished-at="2016-06-14T13:44:49Z">
          <reporter-output>
          </reporter-output>
        </test-method> <!-- AboutUs_ThreeItemsStackedImageLeft -->
        <test-method status="SKIP" signature="LogoutSitecore()[pri:0, instance:fotf_Testcase.AboutusPage_ContentEditor_ThreeItem@1324409e]" name="LogoutSitecore" is-config="true" duration-ms="0" started-at="2016-06-14T13:44:49Z" finished-at="2016-06-14T13:44:49Z">
          <reporter-output>
          </reporter-output>
        </test-method> <!-- LogoutSitecore -->
        <test-method status="SKIP" signature="AboutUs_ThreeItemsThreeColumnsLinksOverlaid()[pri:0, instance:fotf_Testcase.AboutusPage_ContentEditor_ThreeItem@1324409e]" name="AboutUs_ThreeItemsThreeColumnsLinksOverlaid" duration-ms="0" started-at="2016-06-14T13:44:49Z" finished-at="2016-06-14T13:44:49Z">
          <reporter-output>
          </reporter-output>
        </test-method> <!-- AboutUs_ThreeItemsThreeColumnsLinksOverlaid -->
        <test-method status="SKIP" signature="LoginSitecore()[pri:0, instance:fotf_Testcase.AboutusPage_ContentEditor_ThreeItem@1324409e]" name="LoginSitecore" is-config="true" duration-ms="0" started-at="2016-06-14T13:44:49Z" finished-at="2016-06-14T13:44:49Z">
          <reporter-output>
          </reporter-output>
        </test-method> <!-- LoginSitecore -->
      </class> <!-- fotf_Testcase.AboutusPage_ContentEditor_ThreeItem -->
      <class name="fotf_Testcase.AboutusPage_PageEditor_Header">
        <test-method status="FAIL" signature="LoginSitecore()[pri:0, instance:fotf_Testcase.AboutusPage_PageEditor_Header@6be46e8f]" name="LoginSitecore" is-config="true" duration-ms="0" started-at="2016-06-14T13:45:04Z" finished-at="2016-06-14T13:45:04Z">
          <exception class="org.openqa.selenium.remote.UnreachableBrowserException">
            <message>
              <![CDATA[Error communicating with the remote browser. It may have died.
Build info: version: '2.53.0', revision: '35ae25b', time: '2016-03-15 16:57:40'
System info: host: 'Arun-pc', ip: '192.2.200.122', os.name: 'Windows 7', os.arch: 'amd64', os.version: '6.1', java.version: '1.8.0_91'
Driver info: driver.version: RemoteWebDriver
Capabilities [{applicationCacheEnabled=true, rotatable=false, handlesAlerts=true, databaseEnabled=true, version=46.0.1, platform=WINDOWS, nativeEvents=false, acceptSslCerts=true, webStorageEnabled=true, locationContextEnabled=true, browserName=firefox, takesScreenshot=true, javascriptEnabled=true, cssSelectorsEnabled=true}]
Session ID: a92a59a9-3086-4464-baae-962f830c23d1]]>
            </message>
            <full-stacktrace>
              <![CDATA[org.openqa.selenium.remote.UnreachableBrowserException: Error communicating with the remote browser. It may have died.
Build info: version: '2.53.0', revision: '35ae25b', time: '2016-03-15 16:57:40'
System info: host: 'Arun-pc', ip: '192.2.200.122', os.name: 'Windows 7', os.arch: 'amd64', os.version: '6.1', java.version: '1.8.0_91'
Driver info: driver.version: RemoteWebDriver
Capabilities [{applicationCacheEnabled=true, rotatable=false, handlesAlerts=true, databaseEnabled=true, version=46.0.1, platform=WINDOWS, nativeEvents=false, acceptSslCerts=true, webStorageEnabled=true, locationContextEnabled=true, browserName=firefox, takesScreenshot=true, javascriptEnabled=true, cssSelectorsEnabled=true}]
Session ID: a92a59a9-3086-4464-baae-962f830c23d1
	at org.openqa.selenium.remote.RemoteWebDriver.execute(RemoteWebDriver.java:665)
	at org.openqa.selenium.remote.RemoteWebDriver.get(RemoteWebDriver.java:316)
	at fotf_Testcase.AboutusPage_PageEditor_Header.LoginSitecore(AboutusPage_PageEditor_Header.java:21)
	at sun.reflect.NativeMethodAccessorImpl.invoke0(Native Method)
	at sun.reflect.NativeMethodAccessorImpl.invoke(Unknown Source)
	at sun.reflect.DelegatingMethodAccessorImpl.invoke(Unknown Source)
	at java.lang.reflect.Method.invoke(Unknown Source)
	at org.testng.internal.MethodInvocationHelper.invokeMethod(MethodInvocationHelper.java:85)
	at org.testng.internal.Invoker.invokeConfigurationMethod(Invoker.java:510)
	at org.testng.internal.Invoker.invokeConfigurations(Invoker.java:211)
	at org.testng.internal.Invoker.invokeMethod(Invoker.java:585)
	at org.testng.internal.Invoker.invokeTestMethod(Invoker.java:821)
	at org.testng.internal.Invoker.invokeTestMethods(Invoker.java:1131)
	at org.testng.internal.TestMethodWorker.invokeTestMethods(TestMethodWorker.java:124)
	at org.testng.internal.TestMethodWorker.run(TestMethodWorker.java:108)
	at org.testng.TestRunner.privateRun(TestRunner.java:773)
	at org.testng.TestRunner.run(TestRunner.java:623)
	at org.testng.SuiteRunner.runTest(SuiteRunner.java:357)
	at org.testng.SuiteRunner.runSequentially(SuiteRunner.java:352)
	at org.testng.SuiteRunner.privateRun(SuiteRunner.java:310)
	at org.testng.SuiteRunner.run(SuiteRunner.java:259)
	at org.testng.SuiteRunnerWorker.runSuite(SuiteRunnerWorker.java:52)
	at org.testng.SuiteRunnerWorker.run(SuiteRunnerWorker.java:86)
	at org.testng.TestNG.runSuitesSequentially(TestNG.java:1185)
	at org.testng.TestNG.runSuitesLocally(TestNG.java:1110)
	at org.testng.TestNG.run(TestNG.java:1018)
	at org.testng.TestNG.privateMain(TestNG.java:1325)
	at org.testng.TestNG.main(TestNG.java:1294)
Caused by: org.apache.http.conn.HttpHostConnectException: Connect to 127.0.0.1:7055 [/127.0.0.1] failed: Connection refused: connect
	at org.apache.http.impl.conn.DefaultHttpClientConnectionOperator.connect(DefaultHttpClientConnectionOperator.java:151)
	at org.apache.http.impl.conn.PoolingHttpClientConnectionManager.connect(PoolingHttpClientConnectionManager.java:353)
	at org.apache.http.impl.execchain.MainClientExec.establishRoute(MainClientExec.java:380)
	at org.apache.http.impl.execchain.MainClientExec.execute(MainClientExec.java:236)
	at org.apache.http.impl.execchain.ProtocolExec.execute(ProtocolExec.java:184)
	at org.apache.http.impl.execchain.RetryExec.execute(RetryExec.java:88)
	at org.apache.http.impl.execchain.RedirectExec.execute(RedirectExec.java:110)
	at org.apache.http.impl.client.InternalHttpClient.doExecute(InternalHttpClient.java:184)
	at org.apache.http.impl.client.CloseableHttpClient.execute(CloseableHttpClient.java:71)
	at org.apache.http.impl.client.CloseableHttpClient.execute(CloseableHttpClient.java:55)
	at org.openqa.selenium.remote.internal.ApacheHttpClient.fallBackExecute(ApacheHttpClient.java:144)
	at org.openqa.selenium.remote.internal.ApacheHttpClient.execute(ApacheHttpClient.java:90)
	at org.openqa.selenium.remote.HttpCommandExecutor.execute(HttpCommandExecutor.java:142)
	at org.openqa.selenium.firefox.internal.NewProfileExtensionConnection.execute(NewProfileExtensionConnection.java:160)
	at org.openqa.selenium.firefox.FirefoxDriver$LazyCommandExecutor.execute(FirefoxDriver.java:380)
	at org.openqa.selenium.remote.RemoteWebDriver.execute(RemoteWebDriver.java:644)
	... 27 more
Caused by: java.net.ConnectException: Connection refused: connect
	at java.net.DualStackPlainSocketImpl.waitForConnect(Native Method)
	at java.net.DualStackPlainSocketImpl.socketConnect(Unknown Source)
	at java.net.AbstractPlainSocketImpl.doConnect(Unknown Source)
	at java.net.AbstractPlainSocketImpl.connectToAddress(Unknown Source)
	at java.net.AbstractPlainSocketImpl.connect(Unknown Source)
	at java.net.PlainSocketImpl.connect(Unknown Source)
	at java.net.SocksSocketImpl.connect(Unknown Source)
	at java.net.Socket.connect(Unknown Source)
	at org.apache.http.conn.socket.PlainConnectionSocketFactory.connectSocket(PlainConnectionSocketFactory.java:74)
	at org.apache.http.impl.conn.DefaultHttpClientConnectionOperator.connect(DefaultHttpClientConnectionOperator.java:134)
	... 42 more
]]>
            </full-stacktrace>
          </exception> <!-- org.openqa.selenium.remote.UnreachableBrowserException -->
          <reporter-output>
          </reporter-output>
        </test-method> <!-- LoginSitecore -->
        <test-method status="SKIP" signature="AboutUs_HeaderImageOnLeft()[pri:0, instance:fotf_Testcase.AboutusPage_PageEditor_Header@6be46e8f]" name="AboutUs_HeaderImageOnLeft" duration-ms="0" started-at="2016-06-14T13:45:05Z" finished-at="2016-06-14T13:45:05Z">
          <reporter-output>
          </reporter-output>
        </test-method> <!-- AboutUs_HeaderImageOnLeft -->
        <test-method status="SKIP" signature="LoginSitecore()[pri:0, instance:fotf_Testcase.AboutusPage_PageEditor_Header@6be46e8f]" name="LoginSitecore" is-config="true" duration-ms="0" started-at="2016-06-14T13:45:05Z" finished-at="2016-06-14T13:45:05Z">
          <reporter-output>
          </reporter-output>
        </test-method> <!-- LoginSitecore -->
        <test-method status="SKIP" signature="LogoutSitecore()[pri:0, instance:fotf_Testcase.AboutusPage_PageEditor_Header@6be46e8f]" name="LogoutSitecore" is-config="true" duration-ms="0" started-at="2016-06-14T13:45:05Z" finished-at="2016-06-14T13:45:05Z">
          <reporter-output>
          </reporter-output>
        </test-method> <!-- LogoutSitecore -->
        <test-method status="SKIP" signature="AboutUs_HeaderImageOnRight()[pri:0, instance:fotf_Testcase.AboutusPage_PageEditor_Header@6be46e8f]" name="AboutUs_HeaderImageOnRight" duration-ms="0" started-at="2016-06-14T13:45:05Z" finished-at="2016-06-14T13:45:05Z">
          <reporter-output>
          </reporter-output>
        </test-method> <!-- AboutUs_HeaderImageOnRight -->
        <test-method status="SKIP" signature="LoginSitecore()[pri:0, instance:fotf_Testcase.AboutusPage_PageEditor_Header@6be46e8f]" name="LoginSitecore" is-config="true" duration-ms="0" started-at="2016-06-14T13:45:05Z" finished-at="2016-06-14T13:45:05Z">
          <reporter-output>
          </reporter-output>
        </test-method> <!-- LoginSitecore -->
        <test-method status="SKIP" signature="LogoutSitecore()[pri:0, instance:fotf_Testcase.AboutusPage_PageEditor_Header@6be46e8f]" name="LogoutSitecore" is-config="true" duration-ms="0" started-at="2016-06-14T13:45:05Z" finished-at="2016-06-14T13:45:05Z">
          <reporter-output>
          </reporter-output>
        </test-method> <!-- LogoutSitecore -->
        <test-method status="SKIP" signature="LoginSitecore()[pri:0, instance:fotf_Testcase.AboutusPage_PageEditor_Header@6be46e8f]" name="LoginSitecore" is-config="true" duration-ms="0" started-at="2016-06-14T13:45:05Z" finished-at="2016-06-14T13:45:05Z">
          <reporter-output>
          </reporter-output>
        </test-method> <!-- LoginSitecore -->
        <test-method status="SKIP" signature="AboutUs_HeaderImageOnTop()[pri:0, instance:fotf_Testcase.AboutusPage_PageEditor_Header@6be46e8f]" name="AboutUs_HeaderImageOnTop" duration-ms="0" started-at="2016-06-14T13:45:05Z" finished-at="2016-06-14T13:45:05Z">
          <reporter-output>
          </reporter-output>
        </test-method> <!-- AboutUs_HeaderImageOnTop -->
        <test-method status="SKIP" signature="LoginSitecore()[pri:0, instance:fotf_Testcase.AboutusPage_PageEditor_Header@6be46e8f]" name="LoginSitecore" is-config="true" duration-ms="0" started-at="2016-06-14T13:45:05Z" finished-at="2016-06-14T13:45:05Z">
          <reporter-output>
          </reporter-output>
        </test-method> <!-- LoginSitecore -->
        <test-method status="SKIP" signature="LogoutSitecore()[pri:0, instance:fotf_Testcase.AboutusPage_PageEditor_Header@6be46e8f]" name="LogoutSitecore" is-config="true" duration-ms="0" started-at="2016-06-14T13:45:05Z" finished-at="2016-06-14T13:45:05Z">
          <reporter-output>
          </reporter-output>
        </test-method> <!-- LogoutSitecore -->
        <test-method status="SKIP" signature="LogoutSitecore()[pri:0, instance:fotf_Testcase.AboutusPage_PageEditor_Header@6be46e8f]" name="LogoutSitecore" is-config="true" duration-ms="0" started-at="2016-06-14T13:45:05Z" finished-at="2016-06-14T13:45:05Z">
          <reporter-output>
          </reporter-output>
        </test-method> <!-- LogoutSitecore -->
        <test-method status="SKIP" signature="AboutUs_HeaderImageCarousel()[pri:0, instance:fotf_Testcase.AboutusPage_PageEditor_Header@6be46e8f]" name="AboutUs_HeaderImageCarousel" duration-ms="0" started-at="2016-06-14T13:45:05Z" finished-at="2016-06-14T13:45:05Z">
          <reporter-output>
          </reporter-output>
        </test-method> <!-- AboutUs_HeaderImageCarousel -->
        <test-method status="SKIP" signature="LogoutSitecore()[pri:0, instance:fotf_Testcase.AboutusPage_PageEditor_Header@6be46e8f]" name="LogoutSitecore" is-config="true" duration-ms="0" started-at="2016-06-14T13:45:05Z" finished-at="2016-06-14T13:45:05Z">
          <reporter-output>
          </reporter-output>
        </test-method> <!-- LogoutSitecore -->
        <test-method status="SKIP" signature="AboutUs_HeaderVideoOnRight()[pri:0, instance:fotf_Testcase.AboutusPage_PageEditor_Header@6be46e8f]" name="AboutUs_HeaderVideoOnRight" duration-ms="0" started-at="2016-06-14T13:45:05Z" finished-at="2016-06-14T13:45:05Z">
          <reporter-output>
          </reporter-output>
        </test-method> <!-- AboutUs_HeaderVideoOnRight -->
      </class> <!-- fotf_Testcase.AboutusPage_PageEditor_Header -->
      <class name="fotf_Testcase.AboutusPage_ContentEditor_SixItem">
        <test-method status="FAIL" signature="LoginSitecore()[pri:0, instance:fotf_Testcase.AboutusPage_ContentEditor_SixItem@62043840]" name="LoginSitecore" is-config="true" duration-ms="0" started-at="2016-06-14T13:44:51Z" finished-at="2016-06-14T13:44:51Z">
          <exception class="org.openqa.selenium.remote.UnreachableBrowserException">
            <message>
              <![CDATA[Error communicating with the remote browser. It may have died.
Build info: version: '2.53.0', revision: '35ae25b', time: '2016-03-15 16:57:40'
System info: host: 'Arun-pc', ip: '192.2.200.122', os.name: 'Windows 7', os.arch: 'amd64', os.version: '6.1', java.version: '1.8.0_91'
Driver info: driver.version: RemoteWebDriver
Capabilities [{applicationCacheEnabled=true, rotatable=false, handlesAlerts=true, databaseEnabled=true, version=46.0.1, platform=WINDOWS, nativeEvents=false, acceptSslCerts=true, webStorageEnabled=true, locationContextEnabled=true, browserName=firefox, takesScreenshot=true, javascriptEnabled=true, cssSelectorsEnabled=true}]
Session ID: a92a59a9-3086-4464-baae-962f830c23d1]]>
            </message>
            <full-stacktrace>
              <![CDATA[org.openqa.selenium.remote.UnreachableBrowserException: Error communicating with the remote browser. It may have died.
Build info: version: '2.53.0', revision: '35ae25b', time: '2016-03-15 16:57:40'
System info: host: 'Arun-pc', ip: '192.2.200.122', os.name: 'Windows 7', os.arch: 'amd64', os.version: '6.1', java.version: '1.8.0_91'
Driver info: driver.version: RemoteWebDriver
Capabilities [{applicationCacheEnabled=true, rotatable=false, handlesAlerts=true, databaseEnabled=true, version=46.0.1, platform=WINDOWS, nativeEvents=false, acceptSslCerts=true, webStorageEnabled=true, locationContextEnabled=true, browserName=firefox, takesScreenshot=true, javascriptEnabled=true, cssSelectorsEnabled=true}]
Session ID: a92a59a9-3086-4464-baae-962f830c23d1
	at org.openqa.selenium.remote.RemoteWebDriver.execute(RemoteWebDriver.java:665)
	at org.openqa.selenium.remote.RemoteWebDriver.get(RemoteWebDriver.java:316)
	at fotf_Testcase.AboutusPage_ContentEditor_SixItem.LoginSitecore(AboutusPage_ContentEditor_SixItem.java:23)
	at sun.reflect.NativeMethodAccessorImpl.invoke0(Native Method)
	at sun.reflect.NativeMethodAccessorImpl.invoke(Unknown Source)
	at sun.reflect.DelegatingMethodAccessorImpl.invoke(Unknown Source)
	at java.lang.reflect.Method.invoke(Unknown Source)
	at org.testng.internal.MethodInvocationHelper.invokeMethod(MethodInvocationHelper.java:85)
	at org.testng.internal.Invoker.invokeConfigurationMethod(Invoker.java:510)
	at org.testng.internal.Invoker.invokeConfigurations(Invoker.java:211)
	at org.testng.internal.Invoker.invokeMethod(Invoker.java:585)
	at org.testng.internal.Invoker.invokeTestMethod(Invoker.java:821)
	at org.testng.internal.Invoker.invokeTestMethods(Invoker.java:1131)
	at org.testng.internal.TestMethodWorker.invokeTestMethods(TestMethodWorker.java:124)
	at org.testng.internal.TestMethodWorker.run(TestMethodWorker.java:108)
	at org.testng.TestRunner.privateRun(TestRunner.java:773)
	at org.testng.TestRunner.run(TestRunner.java:623)
	at org.testng.SuiteRunner.runTest(SuiteRunner.java:357)
	at org.testng.SuiteRunner.runSequentially(SuiteRunner.java:352)
	at org.testng.SuiteRunner.privateRun(SuiteRunner.java:310)
	at org.testng.SuiteRunner.run(SuiteRunner.java:259)
	at org.testng.SuiteRunnerWorker.runSuite(SuiteRunnerWorker.java:52)
	at org.testng.SuiteRunnerWorker.run(SuiteRunnerWorker.java:86)
	at org.testng.TestNG.runSuitesSequentially(TestNG.java:1185)
	at org.testng.TestNG.runSuitesLocally(TestNG.java:1110)
	at org.testng.TestNG.run(TestNG.java:1018)
	at org.testng.TestNG.privateMain(TestNG.java:1325)
	at org.testng.TestNG.main(TestNG.java:1294)
Caused by: org.apache.http.conn.HttpHostConnectException: Connect to 127.0.0.1:7055 [/127.0.0.1] failed: Connection refused: connect
	at org.apache.http.impl.conn.DefaultHttpClientConnectionOperator.connect(DefaultHttpClientConnectionOperator.java:151)
	at org.apache.http.impl.conn.PoolingHttpClientConnectionManager.connect(PoolingHttpClientConnectionManager.java:353)
	at org.apache.http.impl.execchain.MainClientExec.establishRoute(MainClientExec.java:380)
	at org.apache.http.impl.execchain.MainClientExec.execute(MainClientExec.java:236)
	at org.apache.http.impl.execchain.ProtocolExec.execute(ProtocolExec.java:184)
	at org.apache.http.impl.execchain.RetryExec.execute(RetryExec.java:88)
	at org.apache.http.impl.execchain.RedirectExec.execute(RedirectExec.java:110)
	at org.apache.http.impl.client.InternalHttpClient.doExecute(InternalHttpClient.java:184)
	at org.apache.http.impl.client.CloseableHttpClient.execute(CloseableHttpClient.java:71)
	at org.apache.http.impl.client.CloseableHttpClient.execute(CloseableHttpClient.java:55)
	at org.openqa.selenium.remote.internal.ApacheHttpClient.fallBackExecute(ApacheHttpClient.java:144)
	at org.openqa.selenium.remote.internal.ApacheHttpClient.execute(ApacheHttpClient.java:90)
	at org.openqa.selenium.remote.HttpCommandExecutor.execute(HttpCommandExecutor.java:142)
	at org.openqa.selenium.firefox.internal.NewProfileExtensionConnection.execute(NewProfileExtensionConnection.java:160)
	at org.openqa.selenium.firefox.FirefoxDriver$LazyCommandExecutor.execute(FirefoxDriver.java:380)
	at org.openqa.selenium.remote.RemoteWebDriver.execute(RemoteWebDriver.java:644)
	... 27 more
Caused by: java.net.ConnectException: Connection refused: connect
	at java.net.DualStackPlainSocketImpl.waitForConnect(Native Method)
	at java.net.DualStackPlainSocketImpl.socketConnect(Unknown Source)
	at java.net.AbstractPlainSocketImpl.doConnect(Unknown Source)
	at java.net.AbstractPlainSocketImpl.connectToAddress(Unknown Source)
	at java.net.AbstractPlainSocketImpl.connect(Unknown Source)
	at java.net.PlainSocketImpl.connect(Unknown Source)
	at java.net.SocksSocketImpl.connect(Unknown Source)
	at java.net.Socket.connect(Unknown Source)
	at org.apache.http.conn.socket.PlainConnectionSocketFactory.connectSocket(PlainConnectionSocketFactory.java:74)
	at org.apache.http.impl.conn.DefaultHttpClientConnectionOperator.connect(DefaultHttpClientConnectionOperator.java:134)
	... 42 more
]]>
            </full-stacktrace>
          </exception> <!-- org.openqa.selenium.remote.UnreachableBrowserException -->
          <reporter-output>
          </reporter-output>
        </test-method> <!-- LoginSitecore -->
        <test-method status="SKIP" signature="AboutUs_SixItemsThreeColumns()[pri:0, instance:fotf_Testcase.AboutusPage_ContentEditor_SixItem@62043840]" name="AboutUs_SixItemsThreeColumns" duration-ms="1" started-at="2016-06-14T13:44:52Z" finished-at="2016-06-14T13:44:52Z">
          <reporter-output>
          </reporter-output>
        </test-method> <!-- AboutUs_SixItemsThreeColumns -->
        <test-method status="SKIP" signature="LoginSitecore()[pri:0, instance:fotf_Testcase.AboutusPage_ContentEditor_SixItem@62043840]" name="LoginSitecore" is-config="true" duration-ms="0" started-at="2016-06-14T13:44:52Z" finished-at="2016-06-14T13:44:52Z">
          <reporter-output>
          </reporter-output>
        </test-method> <!-- LoginSitecore -->
        <test-method status="SKIP" signature="AboutUs_SixItemsSixColumnsWithText()[pri:0, instance:fotf_Testcase.AboutusPage_ContentEditor_SixItem@62043840]" name="AboutUs_SixItemsSixColumnsWithText" duration-ms="0" started-at="2016-06-14T13:44:52Z" finished-at="2016-06-14T13:44:52Z">
          <reporter-output>
          </reporter-output>
        </test-method> <!-- AboutUs_SixItemsSixColumnsWithText -->
        <test-method status="SKIP" signature="LoginSitecore()[pri:0, instance:fotf_Testcase.AboutusPage_ContentEditor_SixItem@62043840]" name="LoginSitecore" is-config="true" duration-ms="0" started-at="2016-06-14T13:44:52Z" finished-at="2016-06-14T13:44:52Z">
          <reporter-output>
          </reporter-output>
        </test-method> <!-- LoginSitecore -->
        <test-method status="SKIP" signature="LogoutSitecore()[pri:0, instance:fotf_Testcase.AboutusPage_ContentEditor_SixItem@62043840]" name="LogoutSitecore" is-config="true" duration-ms="0" started-at="2016-06-14T13:44:52Z" finished-at="2016-06-14T13:44:52Z">
          <reporter-output>
          </reporter-output>
        </test-method> <!-- LogoutSitecore -->
        <test-method status="SKIP" signature="AboutUs_SixItemsSixColumns()[pri:0, instance:fotf_Testcase.AboutusPage_ContentEditor_SixItem@62043840]" name="AboutUs_SixItemsSixColumns" duration-ms="0" started-at="2016-06-14T13:44:52Z" finished-at="2016-06-14T13:44:52Z">
          <reporter-output>
          </reporter-output>
        </test-method> <!-- AboutUs_SixItemsSixColumns -->
        <test-method status="SKIP" signature="LogoutSitecore()[pri:0, instance:fotf_Testcase.AboutusPage_ContentEditor_SixItem@62043840]" name="LogoutSitecore" is-config="true" duration-ms="0" started-at="2016-06-14T13:44:52Z" finished-at="2016-06-14T13:44:52Z">
          <reporter-output>
          </reporter-output>
        </test-method> <!-- LogoutSitecore -->
        <test-method status="SKIP" signature="LogoutSitecore()[pri:0, instance:fotf_Testcase.AboutusPage_ContentEditor_SixItem@62043840]" name="LogoutSitecore" is-config="true" duration-ms="0" started-at="2016-06-14T13:44:52Z" finished-at="2016-06-14T13:44:52Z">
          <reporter-output>
          </reporter-output>
        </test-method> <!-- LogoutSitecore -->
        <test-method status="SKIP" signature="LogoutSitecore()[pri:0, instance:fotf_Testcase.AboutusPage_ContentEditor_SixItem@62043840]" name="LogoutSitecore" is-config="true" duration-ms="0" started-at="2016-06-14T13:44:52Z" finished-at="2016-06-14T13:44:52Z">
          <reporter-output>
          </reporter-output>
        </test-method> <!-- LogoutSitecore -->
        <test-method status="SKIP" signature="AboutUs_SixItemsTwoColumns()[pri:0, instance:fotf_Testcase.AboutusPage_ContentEditor_SixItem@62043840]" name="AboutUs_SixItemsTwoColumns" duration-ms="0" started-at="2016-06-14T13:44:52Z" finished-at="2016-06-14T13:44:52Z">
          <reporter-output>
          </reporter-output>
        </test-method> <!-- AboutUs_SixItemsTwoColumns -->
        <test-method status="SKIP" signature="LoginSitecore()[pri:0, instance:fotf_Testcase.AboutusPage_ContentEditor_SixItem@62043840]" name="LoginSitecore" is-config="true" duration-ms="0" started-at="2016-06-14T13:44:52Z" finished-at="2016-06-14T13:44:52Z">
          <reporter-output>
          </reporter-output>
        </test-method> <!-- LoginSitecore -->
      </class> <!-- fotf_Testcase.AboutusPage_ContentEditor_SixItem -->
      <class name="fotf_Testcase.AboutusPage_ContentEditor_FiveItem">
        <test-method status="FAIL" signature="LoginSitecore()[pri:0, instance:fotf_Testcase.AboutusPage_ContentEditor_FiveItem@246ae04d]" name="LoginSitecore" is-config="true" duration-ms="0" started-at="2016-06-14T13:44:50Z" finished-at="2016-06-14T13:44:50Z">
          <exception class="org.openqa.selenium.remote.UnreachableBrowserException">
            <message>
              <![CDATA[Error communicating with the remote browser. It may have died.
Build info: version: '2.53.0', revision: '35ae25b', time: '2016-03-15 16:57:40'
System info: host: 'Arun-pc', ip: '192.2.200.122', os.name: 'Windows 7', os.arch: 'amd64', os.version: '6.1', java.version: '1.8.0_91'
Driver info: driver.version: RemoteWebDriver
Capabilities [{applicationCacheEnabled=true, rotatable=false, handlesAlerts=true, databaseEnabled=true, version=46.0.1, platform=WINDOWS, nativeEvents=false, acceptSslCerts=true, webStorageEnabled=true, locationContextEnabled=true, browserName=firefox, takesScreenshot=true, javascriptEnabled=true, cssSelectorsEnabled=true}]
Session ID: a92a59a9-3086-4464-baae-962f830c23d1]]>
            </message>
            <full-stacktrace>
              <![CDATA[org.openqa.selenium.remote.UnreachableBrowserException: Error communicating with the remote browser. It may have died.
Build info: version: '2.53.0', revision: '35ae25b', time: '2016-03-15 16:57:40'
System info: host: 'Arun-pc', ip: '192.2.200.122', os.name: 'Windows 7', os.arch: 'amd64', os.version: '6.1', java.version: '1.8.0_91'
Driver info: driver.version: RemoteWebDriver
Capabilities [{applicationCacheEnabled=true, rotatable=false, handlesAlerts=true, databaseEnabled=true, version=46.0.1, platform=WINDOWS, nativeEvents=false, acceptSslCerts=true, webStorageEnabled=true, locationContextEnabled=true, browserName=firefox, takesScreenshot=true, javascriptEnabled=true, cssSelectorsEnabled=true}]
Session ID: a92a59a9-3086-4464-baae-962f830c23d1
	at org.openqa.selenium.remote.RemoteWebDriver.execute(RemoteWebDriver.java:665)
	at org.openqa.selenium.remote.RemoteWebDriver.get(RemoteWebDriver.java:316)
	at fotf_Testcase.AboutusPage_ContentEditor_FiveItem.LoginSitecore(AboutusPage_ContentEditor_FiveItem.java:23)
	at sun.reflect.NativeMethodAccessorImpl.invoke0(Native Method)
	at sun.reflect.NativeMethodAccessorImpl.invoke(Unknown Source)
	at sun.reflect.DelegatingMethodAccessorImpl.invoke(Unknown Source)
	at java.lang.reflect.Method.invoke(Unknown Source)
	at org.testng.internal.MethodInvocationHelper.invokeMethod(MethodInvocationHelper.java:85)
	at org.testng.internal.Invoker.invokeConfigurationMethod(Invoker.java:510)
	at org.testng.internal.Invoker.invokeConfigurations(Invoker.java:211)
	at org.testng.internal.Invoker.invokeMethod(Invoker.java:585)
	at org.testng.internal.Invoker.invokeTestMethod(Invoker.java:821)
	at org.testng.internal.Invoker.invokeTestMethods(Invoker.java:1131)
	at org.testng.internal.TestMethodWorker.invokeTestMethods(TestMethodWorker.java:124)
	at org.testng.internal.TestMethodWorker.run(TestMethodWorker.java:108)
	at org.testng.TestRunner.privateRun(TestRunner.java:773)
	at org.testng.TestRunner.run(TestRunner.java:623)
	at org.testng.SuiteRunner.runTest(SuiteRunner.java:357)
	at org.testng.SuiteRunner.runSequentially(SuiteRunner.java:352)
	at org.testng.SuiteRunner.privateRun(SuiteRunner.java:310)
	at org.testng.SuiteRunner.run(SuiteRunner.java:259)
	at org.testng.SuiteRunnerWorker.runSuite(SuiteRunnerWorker.java:52)
	at org.testng.SuiteRunnerWorker.run(SuiteRunnerWorker.java:86)
	at org.testng.TestNG.runSuitesSequentially(TestNG.java:1185)
	at org.testng.TestNG.runSuitesLocally(TestNG.java:1110)
	at org.testng.TestNG.run(TestNG.java:1018)
	at org.testng.TestNG.privateMain(TestNG.java:1325)
	at org.testng.TestNG.main(TestNG.java:1294)
Caused by: org.apache.http.conn.HttpHostConnectException: Connect to 127.0.0.1:7055 [/127.0.0.1] failed: Connection refused: connect
	at org.apache.http.impl.conn.DefaultHttpClientConnectionOperator.connect(DefaultHttpClientConnectionOperator.java:151)
	at org.apache.http.impl.conn.PoolingHttpClientConnectionManager.connect(PoolingHttpClientConnectionManager.java:353)
	at org.apache.http.impl.execchain.MainClientExec.establishRoute(MainClientExec.java:380)
	at org.apache.http.impl.execchain.MainClientExec.execute(MainClientExec.java:236)
	at org.apache.http.impl.execchain.ProtocolExec.execute(ProtocolExec.java:184)
	at org.apache.http.impl.execchain.RetryExec.execute(RetryExec.java:88)
	at org.apache.http.impl.execchain.RedirectExec.execute(RedirectExec.java:110)
	at org.apache.http.impl.client.InternalHttpClient.doExecute(InternalHttpClient.java:184)
	at org.apache.http.impl.client.CloseableHttpClient.execute(CloseableHttpClient.java:71)
	at org.apache.http.impl.client.CloseableHttpClient.execute(CloseableHttpClient.java:55)
	at org.openqa.selenium.remote.internal.ApacheHttpClient.fallBackExecute(ApacheHttpClient.java:144)
	at org.openqa.selenium.remote.internal.ApacheHttpClient.execute(ApacheHttpClient.java:90)
	at org.openqa.selenium.remote.HttpCommandExecutor.execute(HttpCommandExecutor.java:142)
	at org.openqa.selenium.firefox.internal.NewProfileExtensionConnection.execute(NewProfileExtensionConnection.java:160)
	at org.openqa.selenium.firefox.FirefoxDriver$LazyCommandExecutor.execute(FirefoxDriver.java:380)
	at org.openqa.selenium.remote.RemoteWebDriver.execute(RemoteWebDriver.java:644)
	... 27 more
Caused by: java.net.ConnectException: Connection refused: connect
	at java.net.DualStackPlainSocketImpl.waitForConnect(Native Method)
	at java.net.DualStackPlainSocketImpl.socketConnect(Unknown Source)
	at java.net.AbstractPlainSocketImpl.doConnect(Unknown Source)
	at java.net.AbstractPlainSocketImpl.connectToAddress(Unknown Source)
	at java.net.AbstractPlainSocketImpl.connect(Unknown Source)
	at java.net.PlainSocketImpl.connect(Unknown Source)
	at java.net.SocksSocketImpl.connect(Unknown Source)
	at java.net.Socket.connect(Unknown Source)
	at org.apache.http.conn.socket.PlainConnectionSocketFactory.connectSocket(PlainConnectionSocketFactory.java:74)
	at org.apache.http.impl.conn.DefaultHttpClientConnectionOperator.connect(DefaultHttpClientConnectionOperator.java:134)
	... 42 more
]]>
            </full-stacktrace>
          </exception> <!-- org.openqa.selenium.remote.UnreachableBrowserException -->
          <reporter-output>
          </reporter-output>
        </test-method> <!-- LoginSitecore -->
        <test-method status="SKIP" signature="AboutUs_FiveItemsFiveColumn()[pri:0, instance:fotf_Testcase.AboutusPage_ContentEditor_FiveItem@246ae04d]" name="AboutUs_FiveItemsFiveColumn" duration-ms="0" started-at="2016-06-14T13:44:51Z" finished-at="2016-06-14T13:44:51Z">
          <reporter-output>
          </reporter-output>
        </test-method> <!-- AboutUs_FiveItemsFiveColumn -->
        <test-method status="SKIP" signature="LogoutSitecore()[pri:0, instance:fotf_Testcase.AboutusPage_ContentEditor_FiveItem@246ae04d]" name="LogoutSitecore" is-config="true" duration-ms="0" started-at="2016-06-14T13:44:51Z" finished-at="2016-06-14T13:44:51Z">
          <reporter-output>
          </reporter-output>
        </test-method> <!-- LogoutSitecore -->
        <test-method status="SKIP" signature="LoginSitecore()[pri:0, instance:fotf_Testcase.AboutusPage_ContentEditor_FiveItem@246ae04d]" name="LoginSitecore" is-config="true" duration-ms="0" started-at="2016-06-14T13:44:51Z" finished-at="2016-06-14T13:44:51Z">
          <reporter-output>
          </reporter-output>
        </test-method> <!-- LoginSitecore -->
        <test-method status="SKIP" signature="LogoutSitecore()[pri:0, instance:fotf_Testcase.AboutusPage_ContentEditor_FiveItem@246ae04d]" name="LogoutSitecore" is-config="true" duration-ms="0" started-at="2016-06-14T13:44:51Z" finished-at="2016-06-14T13:44:51Z">
          <reporter-output>
          </reporter-output>
        </test-method> <!-- LogoutSitecore -->
        <test-method status="SKIP" signature="AboutUs_FiveItems2x3()[pri:0, instance:fotf_Testcase.AboutusPage_ContentEditor_FiveItem@246ae04d]" name="AboutUs_FiveItems2x3" duration-ms="0" started-at="2016-06-14T13:44:51Z" finished-at="2016-06-14T13:44:51Z">
          <reporter-output>
          </reporter-output>
        </test-method> <!-- AboutUs_FiveItems2x3 -->
      </class> <!-- fotf_Testcase.AboutusPage_ContentEditor_FiveItem -->
    </test> <!-- Firefox -->
  </suite> <!-- SeleniumJavaFramework -->
</testng-results>
